[2023-09-01T10:30:23.524+0000] {processor.py:154} INFO - Started process (PID=85) to work on /home/airflow/.local/lib/python3.7/site-packages/airflow/example_dags/example_kubernetes_executor.py
[2023-09-01T10:30:23.541+0000] {processor.py:756} INFO - Processing file /home/airflow/.local/lib/python3.7/site-packages/airflow/example_dags/example_kubernetes_executor.py for tasks to queue
[2023-09-01T10:30:23.554+0000] {logging_mixin.py:120} INFO - [2023-09-01T10:30:23.553+0000] {dagbag.py:537} INFO - Filling up the DagBag from /home/airflow/.local/lib/python3.7/site-packages/airflow/example_dags/example_kubernetes_executor.py
[2023-09-01T10:30:24.026+0000] {processor.py:766} INFO - DAG(s) dict_keys(['example_kubernetes_executor']) retrieved from /home/airflow/.local/lib/python3.7/site-packages/airflow/example_dags/example_kubernetes_executor.py
[2023-09-01T10:30:25.263+0000] {logging_mixin.py:120} INFO - [2023-09-01T10:30:25.263+0000] {manager.py:507} INFO - Created Permission View: can delete on DAG:example_kubernetes_executor
[2023-09-01T10:30:25.328+0000] {logging_mixin.py:120} INFO - [2023-09-01T10:30:25.328+0000] {manager.py:507} INFO - Created Permission View: can read on DAG:example_kubernetes_executor
[2023-09-01T10:30:25.364+0000] {logging_mixin.py:120} INFO - [2023-09-01T10:30:25.363+0000] {manager.py:507} INFO - Created Permission View: can edit on DAG:example_kubernetes_executor
[2023-09-01T10:30:25.365+0000] {logging_mixin.py:120} INFO - [2023-09-01T10:30:25.365+0000] {dag.py:2585} INFO - Sync 1 DAGs
[2023-09-01T10:30:25.473+0000] {logging_mixin.py:120} INFO - [2023-09-01T10:30:25.473+0000] {dag.py:2606} INFO - Creating ORM DAG for example_kubernetes_executor
[2023-09-01T10:30:25.585+0000] {logging_mixin.py:120} INFO - [2023-09-01T10:30:25.584+0000] {dag.py:3340} INFO - Setting next_dagrun for example_kubernetes_executor to None, run_after=None
[2023-09-01T10:30:25.744+0000] {processor.py:176} INFO - Processing /home/airflow/.local/lib/python3.7/site-packages/airflow/example_dags/example_kubernetes_executor.py took 2.238 seconds
[2023-09-01T10:31:13.465+0000] {processor.py:154} INFO - Started process (PID=140) to work on /home/airflow/.local/lib/python3.7/site-packages/airflow/example_dags/example_kubernetes_executor.py
[2023-09-01T10:31:13.614+0000] {processor.py:756} INFO - Processing file /home/airflow/.local/lib/python3.7/site-packages/airflow/example_dags/example_kubernetes_executor.py for tasks to queue
[2023-09-01T10:31:13.713+0000] {logging_mixin.py:120} INFO - [2023-09-01T10:31:13.712+0000] {dagbag.py:537} INFO - Filling up the DagBag from /home/airflow/.local/lib/python3.7/site-packages/airflow/example_dags/example_kubernetes_executor.py
[2023-09-01T10:31:16.764+0000] {processor.py:766} INFO - DAG(s) dict_keys(['example_kubernetes_executor']) retrieved from /home/airflow/.local/lib/python3.7/site-packages/airflow/example_dags/example_kubernetes_executor.py
[2023-09-01T10:31:22.112+0000] {logging_mixin.py:120} INFO - [2023-09-01T10:31:22.112+0000] {dag.py:2585} INFO - Sync 1 DAGs
[2023-09-01T10:31:23.479+0000] {logging_mixin.py:120} INFO - [2023-09-01T10:31:23.479+0000] {dag.py:3340} INFO - Setting next_dagrun for example_kubernetes_executor to None, run_after=None
[2023-09-01T10:31:24.191+0000] {processor.py:176} INFO - Processing /home/airflow/.local/lib/python3.7/site-packages/airflow/example_dags/example_kubernetes_executor.py took 10.880 seconds
[2023-09-01T10:33:04.676+0000] {processor.py:154} INFO - Started process (PID=235) to work on /home/airflow/.local/lib/python3.7/site-packages/airflow/example_dags/example_kubernetes_executor.py
[2023-09-01T10:33:04.680+0000] {processor.py:756} INFO - Processing file /home/airflow/.local/lib/python3.7/site-packages/airflow/example_dags/example_kubernetes_executor.py for tasks to queue
[2023-09-01T10:33:04.685+0000] {logging_mixin.py:120} INFO - [2023-09-01T10:33:04.684+0000] {dagbag.py:537} INFO - Filling up the DagBag from /home/airflow/.local/lib/python3.7/site-packages/airflow/example_dags/example_kubernetes_executor.py
[2023-09-01T10:33:04.806+0000] {processor.py:766} INFO - DAG(s) dict_keys(['example_kubernetes_executor']) retrieved from /home/airflow/.local/lib/python3.7/site-packages/airflow/example_dags/example_kubernetes_executor.py
[2023-09-01T10:33:04.999+0000] {logging_mixin.py:120} INFO - [2023-09-01T10:33:04.999+0000] {dag.py:2585} INFO - Sync 1 DAGs
[2023-09-01T10:33:05.110+0000] {logging_mixin.py:120} INFO - [2023-09-01T10:33:05.109+0000] {dag.py:3340} INFO - Setting next_dagrun for example_kubernetes_executor to None, run_after=None
[2023-09-01T10:33:05.158+0000] {processor.py:176} INFO - Processing /home/airflow/.local/lib/python3.7/site-packages/airflow/example_dags/example_kubernetes_executor.py took 0.493 seconds
[2023-09-01T10:33:37.032+0000] {processor.py:154} INFO - Started process (PID=289) to work on /home/airflow/.local/lib/python3.7/site-packages/airflow/example_dags/example_kubernetes_executor.py
[2023-09-01T10:33:37.052+0000] {processor.py:756} INFO - Processing file /home/airflow/.local/lib/python3.7/site-packages/airflow/example_dags/example_kubernetes_executor.py for tasks to queue
[2023-09-01T10:33:37.056+0000] {logging_mixin.py:120} INFO - [2023-09-01T10:33:37.056+0000] {dagbag.py:537} INFO - Filling up the DagBag from /home/airflow/.local/lib/python3.7/site-packages/airflow/example_dags/example_kubernetes_executor.py
[2023-09-01T10:33:37.285+0000] {processor.py:766} INFO - DAG(s) dict_keys(['example_kubernetes_executor']) retrieved from /home/airflow/.local/lib/python3.7/site-packages/airflow/example_dags/example_kubernetes_executor.py
[2023-09-01T10:33:37.486+0000] {logging_mixin.py:120} INFO - [2023-09-01T10:33:37.485+0000] {dag.py:2585} INFO - Sync 1 DAGs
[2023-09-01T10:33:37.585+0000] {logging_mixin.py:120} INFO - [2023-09-01T10:33:37.584+0000] {dag.py:3340} INFO - Setting next_dagrun for example_kubernetes_executor to None, run_after=None
[2023-09-01T10:33:37.659+0000] {processor.py:176} INFO - Processing /home/airflow/.local/lib/python3.7/site-packages/airflow/example_dags/example_kubernetes_executor.py took 0.653 seconds
[2023-09-01T10:34:19.234+0000] {processor.py:154} INFO - Started process (PID=352) to work on /home/airflow/.local/lib/python3.7/site-packages/airflow/example_dags/example_kubernetes_executor.py
[2023-09-01T10:34:19.243+0000] {processor.py:756} INFO - Processing file /home/airflow/.local/lib/python3.7/site-packages/airflow/example_dags/example_kubernetes_executor.py for tasks to queue
[2023-09-01T10:34:19.251+0000] {logging_mixin.py:120} INFO - [2023-09-01T10:34:19.250+0000] {dagbag.py:537} INFO - Filling up the DagBag from /home/airflow/.local/lib/python3.7/site-packages/airflow/example_dags/example_kubernetes_executor.py
[2023-09-01T10:34:19.465+0000] {processor.py:766} INFO - DAG(s) dict_keys(['example_kubernetes_executor']) retrieved from /home/airflow/.local/lib/python3.7/site-packages/airflow/example_dags/example_kubernetes_executor.py
[2023-09-01T10:34:19.792+0000] {logging_mixin.py:120} INFO - [2023-09-01T10:34:19.788+0000] {dag.py:2585} INFO - Sync 1 DAGs
[2023-09-01T10:34:19.991+0000] {logging_mixin.py:120} INFO - [2023-09-01T10:34:19.972+0000] {dag.py:3340} INFO - Setting next_dagrun for example_kubernetes_executor to None, run_after=None
[2023-09-01T10:34:20.260+0000] {processor.py:176} INFO - Processing /home/airflow/.local/lib/python3.7/site-packages/airflow/example_dags/example_kubernetes_executor.py took 1.062 seconds
[2023-09-01T10:34:50.753+0000] {processor.py:154} INFO - Started process (PID=405) to work on /home/airflow/.local/lib/python3.7/site-packages/airflow/example_dags/example_kubernetes_executor.py
[2023-09-01T10:34:50.771+0000] {processor.py:756} INFO - Processing file /home/airflow/.local/lib/python3.7/site-packages/airflow/example_dags/example_kubernetes_executor.py for tasks to queue
[2023-09-01T10:34:50.776+0000] {logging_mixin.py:120} INFO - [2023-09-01T10:34:50.776+0000] {dagbag.py:537} INFO - Filling up the DagBag from /home/airflow/.local/lib/python3.7/site-packages/airflow/example_dags/example_kubernetes_executor.py
[2023-09-01T10:34:51.147+0000] {processor.py:766} INFO - DAG(s) dict_keys(['example_kubernetes_executor']) retrieved from /home/airflow/.local/lib/python3.7/site-packages/airflow/example_dags/example_kubernetes_executor.py
[2023-09-01T10:34:51.363+0000] {logging_mixin.py:120} INFO - [2023-09-01T10:34:51.362+0000] {dag.py:2585} INFO - Sync 1 DAGs
[2023-09-01T10:34:51.464+0000] {logging_mixin.py:120} INFO - [2023-09-01T10:34:51.464+0000] {dag.py:3340} INFO - Setting next_dagrun for example_kubernetes_executor to None, run_after=None
[2023-09-01T10:34:51.499+0000] {processor.py:176} INFO - Processing /home/airflow/.local/lib/python3.7/site-packages/airflow/example_dags/example_kubernetes_executor.py took 0.763 seconds
[2023-09-01T10:35:21.793+0000] {processor.py:154} INFO - Started process (PID=468) to work on /home/airflow/.local/lib/python3.7/site-packages/airflow/example_dags/example_kubernetes_executor.py
[2023-09-01T10:35:21.796+0000] {processor.py:756} INFO - Processing file /home/airflow/.local/lib/python3.7/site-packages/airflow/example_dags/example_kubernetes_executor.py for tasks to queue
[2023-09-01T10:35:21.800+0000] {logging_mixin.py:120} INFO - [2023-09-01T10:35:21.799+0000] {dagbag.py:537} INFO - Filling up the DagBag from /home/airflow/.local/lib/python3.7/site-packages/airflow/example_dags/example_kubernetes_executor.py
[2023-09-01T10:35:21.902+0000] {processor.py:766} INFO - DAG(s) dict_keys(['example_kubernetes_executor']) retrieved from /home/airflow/.local/lib/python3.7/site-packages/airflow/example_dags/example_kubernetes_executor.py
[2023-09-01T10:35:22.001+0000] {logging_mixin.py:120} INFO - [2023-09-01T10:35:22.001+0000] {dag.py:2585} INFO - Sync 1 DAGs
[2023-09-01T10:35:22.043+0000] {logging_mixin.py:120} INFO - [2023-09-01T10:35:22.042+0000] {dag.py:3340} INFO - Setting next_dagrun for example_kubernetes_executor to None, run_after=None
[2023-09-01T10:35:22.084+0000] {processor.py:176} INFO - Processing /home/airflow/.local/lib/python3.7/site-packages/airflow/example_dags/example_kubernetes_executor.py took 0.306 seconds
[2023-09-01T10:35:53.987+0000] {processor.py:154} INFO - Started process (PID=521) to work on /home/airflow/.local/lib/python3.7/site-packages/airflow/example_dags/example_kubernetes_executor.py
[2023-09-01T10:35:53.993+0000] {processor.py:756} INFO - Processing file /home/airflow/.local/lib/python3.7/site-packages/airflow/example_dags/example_kubernetes_executor.py for tasks to queue
[2023-09-01T10:35:54.004+0000] {logging_mixin.py:120} INFO - [2023-09-01T10:35:54.001+0000] {dagbag.py:537} INFO - Filling up the DagBag from /home/airflow/.local/lib/python3.7/site-packages/airflow/example_dags/example_kubernetes_executor.py
[2023-09-01T10:35:54.259+0000] {processor.py:766} INFO - DAG(s) dict_keys(['example_kubernetes_executor']) retrieved from /home/airflow/.local/lib/python3.7/site-packages/airflow/example_dags/example_kubernetes_executor.py
[2023-09-01T10:35:54.519+0000] {logging_mixin.py:120} INFO - [2023-09-01T10:35:54.519+0000] {dag.py:2585} INFO - Sync 1 DAGs
[2023-09-01T10:35:54.650+0000] {logging_mixin.py:120} INFO - [2023-09-01T10:35:54.650+0000] {dag.py:3340} INFO - Setting next_dagrun for example_kubernetes_executor to None, run_after=None
[2023-09-01T10:35:54.767+0000] {processor.py:176} INFO - Processing /home/airflow/.local/lib/python3.7/site-packages/airflow/example_dags/example_kubernetes_executor.py took 0.822 seconds
[2023-09-01T10:36:25.083+0000] {processor.py:154} INFO - Started process (PID=576) to work on /home/airflow/.local/lib/python3.7/site-packages/airflow/example_dags/example_kubernetes_executor.py
[2023-09-01T10:36:25.087+0000] {processor.py:756} INFO - Processing file /home/airflow/.local/lib/python3.7/site-packages/airflow/example_dags/example_kubernetes_executor.py for tasks to queue
[2023-09-01T10:36:25.092+0000] {logging_mixin.py:120} INFO - [2023-09-01T10:36:25.092+0000] {dagbag.py:537} INFO - Filling up the DagBag from /home/airflow/.local/lib/python3.7/site-packages/airflow/example_dags/example_kubernetes_executor.py
[2023-09-01T10:36:25.181+0000] {processor.py:766} INFO - DAG(s) dict_keys(['example_kubernetes_executor']) retrieved from /home/airflow/.local/lib/python3.7/site-packages/airflow/example_dags/example_kubernetes_executor.py
[2023-09-01T10:36:25.284+0000] {logging_mixin.py:120} INFO - [2023-09-01T10:36:25.283+0000] {dag.py:2585} INFO - Sync 1 DAGs
[2023-09-01T10:36:25.340+0000] {logging_mixin.py:120} INFO - [2023-09-01T10:36:25.339+0000] {dag.py:3340} INFO - Setting next_dagrun for example_kubernetes_executor to None, run_after=None
[2023-09-01T10:36:25.379+0000] {processor.py:176} INFO - Processing /home/airflow/.local/lib/python3.7/site-packages/airflow/example_dags/example_kubernetes_executor.py took 0.312 seconds
[2023-09-01T10:36:56.946+0000] {processor.py:154} INFO - Started process (PID=632) to work on /home/airflow/.local/lib/python3.7/site-packages/airflow/example_dags/example_kubernetes_executor.py
[2023-09-01T10:36:56.951+0000] {processor.py:756} INFO - Processing file /home/airflow/.local/lib/python3.7/site-packages/airflow/example_dags/example_kubernetes_executor.py for tasks to queue
[2023-09-01T10:36:56.956+0000] {logging_mixin.py:120} INFO - [2023-09-01T10:36:56.955+0000] {dagbag.py:537} INFO - Filling up the DagBag from /home/airflow/.local/lib/python3.7/site-packages/airflow/example_dags/example_kubernetes_executor.py
[2023-09-01T10:36:57.195+0000] {processor.py:766} INFO - DAG(s) dict_keys(['example_kubernetes_executor']) retrieved from /home/airflow/.local/lib/python3.7/site-packages/airflow/example_dags/example_kubernetes_executor.py
[2023-09-01T10:36:57.454+0000] {logging_mixin.py:120} INFO - [2023-09-01T10:36:57.454+0000] {dag.py:2585} INFO - Sync 1 DAGs
[2023-09-01T10:36:57.638+0000] {logging_mixin.py:120} INFO - [2023-09-01T10:36:57.637+0000] {dag.py:3340} INFO - Setting next_dagrun for example_kubernetes_executor to None, run_after=None
[2023-09-01T10:36:57.718+0000] {processor.py:176} INFO - Processing /home/airflow/.local/lib/python3.7/site-packages/airflow/example_dags/example_kubernetes_executor.py took 0.789 seconds
[2023-09-01T10:37:29.973+0000] {processor.py:154} INFO - Started process (PID=687) to work on /home/airflow/.local/lib/python3.7/site-packages/airflow/example_dags/example_kubernetes_executor.py
[2023-09-01T10:37:29.981+0000] {processor.py:756} INFO - Processing file /home/airflow/.local/lib/python3.7/site-packages/airflow/example_dags/example_kubernetes_executor.py for tasks to queue
[2023-09-01T10:37:29.986+0000] {logging_mixin.py:120} INFO - [2023-09-01T10:37:29.986+0000] {dagbag.py:537} INFO - Filling up the DagBag from /home/airflow/.local/lib/python3.7/site-packages/airflow/example_dags/example_kubernetes_executor.py
[2023-09-01T10:37:30.502+0000] {processor.py:766} INFO - DAG(s) dict_keys(['example_kubernetes_executor']) retrieved from /home/airflow/.local/lib/python3.7/site-packages/airflow/example_dags/example_kubernetes_executor.py
[2023-09-01T10:37:30.743+0000] {logging_mixin.py:120} INFO - [2023-09-01T10:37:30.742+0000] {dag.py:2585} INFO - Sync 1 DAGs
[2023-09-01T10:37:30.864+0000] {logging_mixin.py:120} INFO - [2023-09-01T10:37:30.863+0000] {dag.py:3340} INFO - Setting next_dagrun for example_kubernetes_executor to None, run_after=None
[2023-09-01T10:37:30.921+0000] {processor.py:176} INFO - Processing /home/airflow/.local/lib/python3.7/site-packages/airflow/example_dags/example_kubernetes_executor.py took 0.963 seconds
[2023-09-01T10:38:08.726+0000] {processor.py:154} INFO - Started process (PID=749) to work on /home/airflow/.local/lib/python3.7/site-packages/airflow/example_dags/example_kubernetes_executor.py
[2023-09-01T10:38:08.733+0000] {processor.py:756} INFO - Processing file /home/airflow/.local/lib/python3.7/site-packages/airflow/example_dags/example_kubernetes_executor.py for tasks to queue
[2023-09-01T10:38:08.738+0000] {logging_mixin.py:120} INFO - [2023-09-01T10:38:08.736+0000] {dagbag.py:537} INFO - Filling up the DagBag from /home/airflow/.local/lib/python3.7/site-packages/airflow/example_dags/example_kubernetes_executor.py
[2023-09-01T10:38:08.986+0000] {processor.py:766} INFO - DAG(s) dict_keys(['example_kubernetes_executor']) retrieved from /home/airflow/.local/lib/python3.7/site-packages/airflow/example_dags/example_kubernetes_executor.py
[2023-09-01T10:38:09.210+0000] {logging_mixin.py:120} INFO - [2023-09-01T10:38:09.210+0000] {dag.py:2585} INFO - Sync 1 DAGs
[2023-09-01T10:38:09.365+0000] {logging_mixin.py:120} INFO - [2023-09-01T10:38:09.365+0000] {dag.py:3340} INFO - Setting next_dagrun for example_kubernetes_executor to None, run_after=None
[2023-09-01T10:38:09.461+0000] {processor.py:176} INFO - Processing /home/airflow/.local/lib/python3.7/site-packages/airflow/example_dags/example_kubernetes_executor.py took 0.777 seconds
