[2023-09-01T10:29:49.104+0000] {processor.py:154} INFO - Started process (PID=49) to work on /home/airflow/.local/lib/python3.7/site-packages/airflow/example_dags/example_short_circuit_decorator.py
[2023-09-01T10:29:49.111+0000] {processor.py:756} INFO - Processing file /home/airflow/.local/lib/python3.7/site-packages/airflow/example_dags/example_short_circuit_decorator.py for tasks to queue
[2023-09-01T10:29:49.123+0000] {logging_mixin.py:120} INFO - [2023-09-01T10:29:49.122+0000] {dagbag.py:537} INFO - Filling up the DagBag from /home/airflow/.local/lib/python3.7/site-packages/airflow/example_dags/example_short_circuit_decorator.py
[2023-09-01T10:29:49.547+0000] {processor.py:766} INFO - DAG(s) dict_keys(['example_short_circuit_decorator']) retrieved from /home/airflow/.local/lib/python3.7/site-packages/airflow/example_dags/example_short_circuit_decorator.py
[2023-09-01T10:29:50.795+0000] {logging_mixin.py:120} INFO - [2023-09-01T10:29:50.795+0000] {manager.py:507} INFO - Created Permission View: can delete on DAG:example_short_circuit_decorator
[2023-09-01T10:29:50.927+0000] {logging_mixin.py:120} INFO - [2023-09-01T10:29:50.927+0000] {manager.py:507} INFO - Created Permission View: can read on DAG:example_short_circuit_decorator
[2023-09-01T10:29:50.998+0000] {logging_mixin.py:120} INFO - [2023-09-01T10:29:50.998+0000] {manager.py:507} INFO - Created Permission View: can edit on DAG:example_short_circuit_decorator
[2023-09-01T10:29:51.003+0000] {logging_mixin.py:120} INFO - [2023-09-01T10:29:51.000+0000] {dag.py:2585} INFO - Sync 1 DAGs
[2023-09-01T10:29:51.104+0000] {logging_mixin.py:120} INFO - [2023-09-01T10:29:51.104+0000] {dag.py:2606} INFO - Creating ORM DAG for example_short_circuit_decorator
[2023-09-01T10:29:51.196+0000] {logging_mixin.py:120} INFO - [2023-09-01T10:29:51.196+0000] {dag.py:3340} INFO - Setting next_dagrun for example_short_circuit_decorator to 2023-08-31T10:29:51.196106+00:00, run_after=2023-09-01T10:29:51.196106+00:00
[2023-09-01T10:29:51.304+0000] {processor.py:176} INFO - Processing /home/airflow/.local/lib/python3.7/site-packages/airflow/example_dags/example_short_circuit_decorator.py took 2.237 seconds
[2023-09-01T10:30:48.460+0000] {processor.py:154} INFO - Started process (PID=111) to work on /home/airflow/.local/lib/python3.7/site-packages/airflow/example_dags/example_short_circuit_decorator.py
[2023-09-01T10:30:48.467+0000] {processor.py:756} INFO - Processing file /home/airflow/.local/lib/python3.7/site-packages/airflow/example_dags/example_short_circuit_decorator.py for tasks to queue
[2023-09-01T10:30:48.476+0000] {logging_mixin.py:120} INFO - [2023-09-01T10:30:48.473+0000] {dagbag.py:537} INFO - Filling up the DagBag from /home/airflow/.local/lib/python3.7/site-packages/airflow/example_dags/example_short_circuit_decorator.py
[2023-09-01T10:30:48.717+0000] {processor.py:766} INFO - DAG(s) dict_keys(['example_short_circuit_decorator']) retrieved from /home/airflow/.local/lib/python3.7/site-packages/airflow/example_dags/example_short_circuit_decorator.py
[2023-09-01T10:30:49.611+0000] {logging_mixin.py:120} INFO - [2023-09-01T10:30:49.611+0000] {dag.py:2585} INFO - Sync 1 DAGs
[2023-09-01T10:30:49.804+0000] {logging_mixin.py:120} INFO - [2023-09-01T10:30:49.804+0000] {dag.py:3340} INFO - Setting next_dagrun for example_short_circuit_decorator to 2023-08-31T10:30:49.803566+00:00, run_after=2023-09-01T10:30:49.803566+00:00
[2023-09-01T10:30:49.969+0000] {processor.py:176} INFO - Processing /home/airflow/.local/lib/python3.7/site-packages/airflow/example_dags/example_short_circuit_decorator.py took 1.543 seconds
[2023-09-01T10:31:32.397+0000] {processor.py:154} INFO - Started process (PID=153) to work on /home/airflow/.local/lib/python3.7/site-packages/airflow/example_dags/example_short_circuit_decorator.py
[2023-09-01T10:31:32.402+0000] {processor.py:756} INFO - Processing file /home/airflow/.local/lib/python3.7/site-packages/airflow/example_dags/example_short_circuit_decorator.py for tasks to queue
[2023-09-01T10:31:32.418+0000] {logging_mixin.py:120} INFO - [2023-09-01T10:31:32.413+0000] {dagbag.py:537} INFO - Filling up the DagBag from /home/airflow/.local/lib/python3.7/site-packages/airflow/example_dags/example_short_circuit_decorator.py
[2023-09-01T10:31:36.715+0000] {processor.py:766} INFO - DAG(s) dict_keys(['example_short_circuit_decorator']) retrieved from /home/airflow/.local/lib/python3.7/site-packages/airflow/example_dags/example_short_circuit_decorator.py
[2023-09-01T10:31:41.807+0000] {logging_mixin.py:120} INFO - [2023-09-01T10:31:41.794+0000] {dag.py:2585} INFO - Sync 1 DAGs
[2023-09-01T10:31:46.171+0000] {logging_mixin.py:120} INFO - [2023-09-01T10:31:46.122+0000] {dag.py:3340} INFO - Setting next_dagrun for example_short_circuit_decorator to 2023-08-31T10:31:46.121801+00:00, run_after=2023-09-01T10:31:46.121801+00:00
[2023-09-01T10:31:47.647+0000] {processor.py:176} INFO - Processing /home/airflow/.local/lib/python3.7/site-packages/airflow/example_dags/example_short_circuit_decorator.py took 15.540 seconds
[2023-09-01T10:32:56.156+0000] {processor.py:154} INFO - Started process (PID=214) to work on /home/airflow/.local/lib/python3.7/site-packages/airflow/example_dags/example_short_circuit_decorator.py
[2023-09-01T10:32:56.160+0000] {processor.py:756} INFO - Processing file /home/airflow/.local/lib/python3.7/site-packages/airflow/example_dags/example_short_circuit_decorator.py for tasks to queue
[2023-09-01T10:32:56.186+0000] {logging_mixin.py:120} INFO - [2023-09-01T10:32:56.182+0000] {dagbag.py:537} INFO - Filling up the DagBag from /home/airflow/.local/lib/python3.7/site-packages/airflow/example_dags/example_short_circuit_decorator.py
[2023-09-01T10:32:56.745+0000] {processor.py:766} INFO - DAG(s) dict_keys(['example_short_circuit_decorator']) retrieved from /home/airflow/.local/lib/python3.7/site-packages/airflow/example_dags/example_short_circuit_decorator.py
[2023-09-01T10:32:57.060+0000] {logging_mixin.py:120} INFO - [2023-09-01T10:32:57.060+0000] {dag.py:2585} INFO - Sync 1 DAGs
[2023-09-01T10:32:57.240+0000] {logging_mixin.py:120} INFO - [2023-09-01T10:32:57.240+0000] {dag.py:3340} INFO - Setting next_dagrun for example_short_circuit_decorator to 2023-08-31T10:32:57.240024+00:00, run_after=2023-09-01T10:32:57.240024+00:00
[2023-09-01T10:32:57.427+0000] {processor.py:176} INFO - Processing /home/airflow/.local/lib/python3.7/site-packages/airflow/example_dags/example_short_circuit_decorator.py took 1.364 seconds
[2023-09-01T10:33:27.534+0000] {processor.py:154} INFO - Started process (PID=269) to work on /home/airflow/.local/lib/python3.7/site-packages/airflow/example_dags/example_short_circuit_decorator.py
[2023-09-01T10:33:27.539+0000] {processor.py:756} INFO - Processing file /home/airflow/.local/lib/python3.7/site-packages/airflow/example_dags/example_short_circuit_decorator.py for tasks to queue
[2023-09-01T10:33:27.541+0000] {logging_mixin.py:120} INFO - [2023-09-01T10:33:27.541+0000] {dagbag.py:537} INFO - Filling up the DagBag from /home/airflow/.local/lib/python3.7/site-packages/airflow/example_dags/example_short_circuit_decorator.py
[2023-09-01T10:33:27.590+0000] {processor.py:766} INFO - DAG(s) dict_keys(['example_short_circuit_decorator']) retrieved from /home/airflow/.local/lib/python3.7/site-packages/airflow/example_dags/example_short_circuit_decorator.py
[2023-09-01T10:33:27.679+0000] {logging_mixin.py:120} INFO - [2023-09-01T10:33:27.678+0000] {dag.py:2585} INFO - Sync 1 DAGs
[2023-09-01T10:33:27.717+0000] {logging_mixin.py:120} INFO - [2023-09-01T10:33:27.717+0000] {dag.py:3340} INFO - Setting next_dagrun for example_short_circuit_decorator to 2023-08-31T10:33:27.716895+00:00, run_after=2023-09-01T10:33:27.716895+00:00
[2023-09-01T10:33:27.751+0000] {processor.py:176} INFO - Processing /home/airflow/.local/lib/python3.7/site-packages/airflow/example_dags/example_short_circuit_decorator.py took 0.225 seconds
[2023-09-01T10:33:58.019+0000] {processor.py:154} INFO - Started process (PID=323) to work on /home/airflow/.local/lib/python3.7/site-packages/airflow/example_dags/example_short_circuit_decorator.py
[2023-09-01T10:33:58.022+0000] {processor.py:756} INFO - Processing file /home/airflow/.local/lib/python3.7/site-packages/airflow/example_dags/example_short_circuit_decorator.py for tasks to queue
[2023-09-01T10:33:58.025+0000] {logging_mixin.py:120} INFO - [2023-09-01T10:33:58.025+0000] {dagbag.py:537} INFO - Filling up the DagBag from /home/airflow/.local/lib/python3.7/site-packages/airflow/example_dags/example_short_circuit_decorator.py
[2023-09-01T10:33:58.078+0000] {processor.py:766} INFO - DAG(s) dict_keys(['example_short_circuit_decorator']) retrieved from /home/airflow/.local/lib/python3.7/site-packages/airflow/example_dags/example_short_circuit_decorator.py
[2023-09-01T10:33:58.165+0000] {logging_mixin.py:120} INFO - [2023-09-01T10:33:58.164+0000] {dag.py:2585} INFO - Sync 1 DAGs
[2023-09-01T10:33:58.219+0000] {logging_mixin.py:120} INFO - [2023-09-01T10:33:58.219+0000] {dag.py:3340} INFO - Setting next_dagrun for example_short_circuit_decorator to 2023-08-31T10:33:58.218681+00:00, run_after=2023-09-01T10:33:58.218681+00:00
[2023-09-01T10:33:58.254+0000] {processor.py:176} INFO - Processing /home/airflow/.local/lib/python3.7/site-packages/airflow/example_dags/example_short_circuit_decorator.py took 0.240 seconds
[2023-09-01T10:34:29.775+0000] {processor.py:154} INFO - Started process (PID=372) to work on /home/airflow/.local/lib/python3.7/site-packages/airflow/example_dags/example_short_circuit_decorator.py
[2023-09-01T10:34:29.781+0000] {processor.py:756} INFO - Processing file /home/airflow/.local/lib/python3.7/site-packages/airflow/example_dags/example_short_circuit_decorator.py for tasks to queue
[2023-09-01T10:34:29.793+0000] {logging_mixin.py:120} INFO - [2023-09-01T10:34:29.791+0000] {dagbag.py:537} INFO - Filling up the DagBag from /home/airflow/.local/lib/python3.7/site-packages/airflow/example_dags/example_short_circuit_decorator.py
[2023-09-01T10:34:29.917+0000] {processor.py:766} INFO - DAG(s) dict_keys(['example_short_circuit_decorator']) retrieved from /home/airflow/.local/lib/python3.7/site-packages/airflow/example_dags/example_short_circuit_decorator.py
[2023-09-01T10:34:30.110+0000] {logging_mixin.py:120} INFO - [2023-09-01T10:34:30.110+0000] {dag.py:2585} INFO - Sync 1 DAGs
[2023-09-01T10:34:30.201+0000] {logging_mixin.py:120} INFO - [2023-09-01T10:34:30.201+0000] {dag.py:3340} INFO - Setting next_dagrun for example_short_circuit_decorator to 2023-08-31T10:34:30.200792+00:00, run_after=2023-09-01T10:34:30.200792+00:00
[2023-09-01T10:34:30.244+0000] {processor.py:176} INFO - Processing /home/airflow/.local/lib/python3.7/site-packages/airflow/example_dags/example_short_circuit_decorator.py took 0.480 seconds
[2023-09-01T10:35:00.376+0000] {processor.py:154} INFO - Started process (PID=425) to work on /home/airflow/.local/lib/python3.7/site-packages/airflow/example_dags/example_short_circuit_decorator.py
[2023-09-01T10:35:00.381+0000] {processor.py:756} INFO - Processing file /home/airflow/.local/lib/python3.7/site-packages/airflow/example_dags/example_short_circuit_decorator.py for tasks to queue
[2023-09-01T10:35:00.385+0000] {logging_mixin.py:120} INFO - [2023-09-01T10:35:00.384+0000] {dagbag.py:537} INFO - Filling up the DagBag from /home/airflow/.local/lib/python3.7/site-packages/airflow/example_dags/example_short_circuit_decorator.py
[2023-09-01T10:35:00.426+0000] {processor.py:766} INFO - DAG(s) dict_keys(['example_short_circuit_decorator']) retrieved from /home/airflow/.local/lib/python3.7/site-packages/airflow/example_dags/example_short_circuit_decorator.py
[2023-09-01T10:35:00.657+0000] {logging_mixin.py:120} INFO - [2023-09-01T10:35:00.651+0000] {dag.py:2585} INFO - Sync 1 DAGs
[2023-09-01T10:35:00.808+0000] {logging_mixin.py:120} INFO - [2023-09-01T10:35:00.808+0000] {dag.py:3340} INFO - Setting next_dagrun for example_short_circuit_decorator to 2023-08-31T10:35:00.806980+00:00, run_after=2023-09-01T10:35:00.806980+00:00
[2023-09-01T10:35:00.856+0000] {processor.py:176} INFO - Processing /home/airflow/.local/lib/python3.7/site-packages/airflow/example_dags/example_short_circuit_decorator.py took 0.491 seconds
[2023-09-01T10:35:31.258+0000] {processor.py:154} INFO - Started process (PID=480) to work on /home/airflow/.local/lib/python3.7/site-packages/airflow/example_dags/example_short_circuit_decorator.py
[2023-09-01T10:35:31.264+0000] {processor.py:756} INFO - Processing file /home/airflow/.local/lib/python3.7/site-packages/airflow/example_dags/example_short_circuit_decorator.py for tasks to queue
[2023-09-01T10:35:31.267+0000] {logging_mixin.py:120} INFO - [2023-09-01T10:35:31.266+0000] {dagbag.py:537} INFO - Filling up the DagBag from /home/airflow/.local/lib/python3.7/site-packages/airflow/example_dags/example_short_circuit_decorator.py
[2023-09-01T10:35:31.423+0000] {processor.py:766} INFO - DAG(s) dict_keys(['example_short_circuit_decorator']) retrieved from /home/airflow/.local/lib/python3.7/site-packages/airflow/example_dags/example_short_circuit_decorator.py
[2023-09-01T10:35:31.567+0000] {logging_mixin.py:120} INFO - [2023-09-01T10:35:31.566+0000] {dag.py:2585} INFO - Sync 1 DAGs
[2023-09-01T10:35:31.654+0000] {logging_mixin.py:120} INFO - [2023-09-01T10:35:31.653+0000] {dag.py:3340} INFO - Setting next_dagrun for example_short_circuit_decorator to 2023-08-31T10:35:31.653145+00:00, run_after=2023-09-01T10:35:31.653145+00:00
[2023-09-01T10:35:31.727+0000] {processor.py:176} INFO - Processing /home/airflow/.local/lib/python3.7/site-packages/airflow/example_dags/example_short_circuit_decorator.py took 0.506 seconds
[2023-09-01T10:36:02.861+0000] {processor.py:154} INFO - Started process (PID=533) to work on /home/airflow/.local/lib/python3.7/site-packages/airflow/example_dags/example_short_circuit_decorator.py
[2023-09-01T10:36:02.875+0000] {processor.py:756} INFO - Processing file /home/airflow/.local/lib/python3.7/site-packages/airflow/example_dags/example_short_circuit_decorator.py for tasks to queue
[2023-09-01T10:36:02.878+0000] {logging_mixin.py:120} INFO - [2023-09-01T10:36:02.877+0000] {dagbag.py:537} INFO - Filling up the DagBag from /home/airflow/.local/lib/python3.7/site-packages/airflow/example_dags/example_short_circuit_decorator.py
[2023-09-01T10:36:03.179+0000] {processor.py:766} INFO - DAG(s) dict_keys(['example_short_circuit_decorator']) retrieved from /home/airflow/.local/lib/python3.7/site-packages/airflow/example_dags/example_short_circuit_decorator.py
[2023-09-01T10:36:03.428+0000] {logging_mixin.py:120} INFO - [2023-09-01T10:36:03.428+0000] {dag.py:2585} INFO - Sync 1 DAGs
[2023-09-01T10:36:03.523+0000] {logging_mixin.py:120} INFO - [2023-09-01T10:36:03.515+0000] {dag.py:3340} INFO - Setting next_dagrun for example_short_circuit_decorator to 2023-08-31T10:36:03.515315+00:00, run_after=2023-09-01T10:36:03.515315+00:00
[2023-09-01T10:36:03.949+0000] {processor.py:176} INFO - Processing /home/airflow/.local/lib/python3.7/site-packages/airflow/example_dags/example_short_circuit_decorator.py took 1.105 seconds
[2023-09-01T10:36:34.169+0000] {processor.py:154} INFO - Started process (PID=588) to work on /home/airflow/.local/lib/python3.7/site-packages/airflow/example_dags/example_short_circuit_decorator.py
[2023-09-01T10:36:34.172+0000] {processor.py:756} INFO - Processing file /home/airflow/.local/lib/python3.7/site-packages/airflow/example_dags/example_short_circuit_decorator.py for tasks to queue
[2023-09-01T10:36:34.176+0000] {logging_mixin.py:120} INFO - [2023-09-01T10:36:34.175+0000] {dagbag.py:537} INFO - Filling up the DagBag from /home/airflow/.local/lib/python3.7/site-packages/airflow/example_dags/example_short_circuit_decorator.py
[2023-09-01T10:36:34.223+0000] {processor.py:766} INFO - DAG(s) dict_keys(['example_short_circuit_decorator']) retrieved from /home/airflow/.local/lib/python3.7/site-packages/airflow/example_dags/example_short_circuit_decorator.py
[2023-09-01T10:36:34.340+0000] {logging_mixin.py:120} INFO - [2023-09-01T10:36:34.340+0000] {dag.py:2585} INFO - Sync 1 DAGs
[2023-09-01T10:36:34.382+0000] {logging_mixin.py:120} INFO - [2023-09-01T10:36:34.382+0000] {dag.py:3340} INFO - Setting next_dagrun for example_short_circuit_decorator to 2023-08-31T10:36:34.382207+00:00, run_after=2023-09-01T10:36:34.382207+00:00
[2023-09-01T10:36:34.414+0000] {processor.py:176} INFO - Processing /home/airflow/.local/lib/python3.7/site-packages/airflow/example_dags/example_short_circuit_decorator.py took 0.255 seconds
[2023-09-01T10:37:05.009+0000] {processor.py:154} INFO - Started process (PID=653) to work on /home/airflow/.local/lib/python3.7/site-packages/airflow/example_dags/example_short_circuit_decorator.py
[2023-09-01T10:37:05.013+0000] {processor.py:756} INFO - Processing file /home/airflow/.local/lib/python3.7/site-packages/airflow/example_dags/example_short_circuit_decorator.py for tasks to queue
[2023-09-01T10:37:05.018+0000] {logging_mixin.py:120} INFO - [2023-09-01T10:37:05.017+0000] {dagbag.py:537} INFO - Filling up the DagBag from /home/airflow/.local/lib/python3.7/site-packages/airflow/example_dags/example_short_circuit_decorator.py
[2023-09-01T10:37:05.227+0000] {processor.py:766} INFO - DAG(s) dict_keys(['example_short_circuit_decorator']) retrieved from /home/airflow/.local/lib/python3.7/site-packages/airflow/example_dags/example_short_circuit_decorator.py
[2023-09-01T10:37:05.364+0000] {logging_mixin.py:120} INFO - [2023-09-01T10:37:05.363+0000] {dag.py:2585} INFO - Sync 1 DAGs
[2023-09-01T10:37:05.495+0000] {logging_mixin.py:120} INFO - [2023-09-01T10:37:05.495+0000] {dag.py:3340} INFO - Setting next_dagrun for example_short_circuit_decorator to 2023-08-31T10:37:05.494603+00:00, run_after=2023-09-01T10:37:05.494603+00:00
[2023-09-01T10:37:05.614+0000] {processor.py:176} INFO - Processing /home/airflow/.local/lib/python3.7/site-packages/airflow/example_dags/example_short_circuit_decorator.py took 0.619 seconds
[2023-09-01T10:37:36.025+0000] {processor.py:154} INFO - Started process (PID=707) to work on /home/airflow/.local/lib/python3.7/site-packages/airflow/example_dags/example_short_circuit_decorator.py
[2023-09-01T10:37:36.044+0000] {processor.py:756} INFO - Processing file /home/airflow/.local/lib/python3.7/site-packages/airflow/example_dags/example_short_circuit_decorator.py for tasks to queue
[2023-09-01T10:37:36.054+0000] {logging_mixin.py:120} INFO - [2023-09-01T10:37:36.053+0000] {dagbag.py:537} INFO - Filling up the DagBag from /home/airflow/.local/lib/python3.7/site-packages/airflow/example_dags/example_short_circuit_decorator.py
[2023-09-01T10:37:36.232+0000] {processor.py:766} INFO - DAG(s) dict_keys(['example_short_circuit_decorator']) retrieved from /home/airflow/.local/lib/python3.7/site-packages/airflow/example_dags/example_short_circuit_decorator.py
[2023-09-01T10:37:36.433+0000] {logging_mixin.py:120} INFO - [2023-09-01T10:37:36.433+0000] {dag.py:2585} INFO - Sync 1 DAGs
[2023-09-01T10:37:36.563+0000] {logging_mixin.py:120} INFO - [2023-09-01T10:37:36.562+0000] {dag.py:3340} INFO - Setting next_dagrun for example_short_circuit_decorator to 2023-08-31T10:37:36.562336+00:00, run_after=2023-09-01T10:37:36.562336+00:00
[2023-09-01T10:37:36.632+0000] {processor.py:176} INFO - Processing /home/airflow/.local/lib/python3.7/site-packages/airflow/example_dags/example_short_circuit_decorator.py took 0.627 seconds
[2023-09-01T10:38:11.557+0000] {processor.py:154} INFO - Started process (PID=755) to work on /home/airflow/.local/lib/python3.7/site-packages/airflow/example_dags/example_short_circuit_decorator.py
[2023-09-01T10:38:11.564+0000] {processor.py:756} INFO - Processing file /home/airflow/.local/lib/python3.7/site-packages/airflow/example_dags/example_short_circuit_decorator.py for tasks to queue
[2023-09-01T10:38:11.569+0000] {logging_mixin.py:120} INFO - [2023-09-01T10:38:11.568+0000] {dagbag.py:537} INFO - Filling up the DagBag from /home/airflow/.local/lib/python3.7/site-packages/airflow/example_dags/example_short_circuit_decorator.py
[2023-09-01T10:38:11.729+0000] {processor.py:766} INFO - DAG(s) dict_keys(['example_short_circuit_decorator']) retrieved from /home/airflow/.local/lib/python3.7/site-packages/airflow/example_dags/example_short_circuit_decorator.py
[2023-09-01T10:38:11.908+0000] {logging_mixin.py:120} INFO - [2023-09-01T10:38:11.908+0000] {dag.py:2585} INFO - Sync 1 DAGs
[2023-09-01T10:38:12.009+0000] {logging_mixin.py:120} INFO - [2023-09-01T10:38:12.009+0000] {dag.py:3340} INFO - Setting next_dagrun for example_short_circuit_decorator to 2023-08-31T10:38:12.008860+00:00, run_after=2023-09-01T10:38:12.008860+00:00
[2023-09-01T10:38:12.071+0000] {processor.py:176} INFO - Processing /home/airflow/.local/lib/python3.7/site-packages/airflow/example_dags/example_short_circuit_decorator.py took 0.540 seconds
