[2023-09-01T10:29:54.692+0000] {processor.py:154} INFO - Started process (PID=54) to work on /home/airflow/.local/lib/python3.7/site-packages/airflow/example_dags/example_bash_operator.py
[2023-09-01T10:29:54.707+0000] {processor.py:756} INFO - Processing file /home/airflow/.local/lib/python3.7/site-packages/airflow/example_dags/example_bash_operator.py for tasks to queue
[2023-09-01T10:29:54.712+0000] {logging_mixin.py:120} INFO - [2023-09-01T10:29:54.712+0000] {dagbag.py:537} INFO - Filling up the DagBag from /home/airflow/.local/lib/python3.7/site-packages/airflow/example_dags/example_bash_operator.py
[2023-09-01T10:29:54.971+0000] {processor.py:766} INFO - DAG(s) dict_keys(['example_bash_operator']) retrieved from /home/airflow/.local/lib/python3.7/site-packages/airflow/example_dags/example_bash_operator.py
[2023-09-01T10:29:56.473+0000] {logging_mixin.py:120} INFO - [2023-09-01T10:29:56.473+0000] {manager.py:507} INFO - Created Permission View: can delete on DAG:example_bash_operator
[2023-09-01T10:29:56.584+0000] {logging_mixin.py:120} INFO - [2023-09-01T10:29:56.584+0000] {manager.py:507} INFO - Created Permission View: can read on DAG:example_bash_operator
[2023-09-01T10:29:56.675+0000] {logging_mixin.py:120} INFO - [2023-09-01T10:29:56.675+0000] {manager.py:507} INFO - Created Permission View: can edit on DAG:example_bash_operator
[2023-09-01T10:29:56.676+0000] {logging_mixin.py:120} INFO - [2023-09-01T10:29:56.676+0000] {dag.py:2585} INFO - Sync 1 DAGs
[2023-09-01T10:29:56.836+0000] {logging_mixin.py:120} INFO - [2023-09-01T10:29:56.836+0000] {dag.py:2606} INFO - Creating ORM DAG for example_bash_operator
[2023-09-01T10:29:56.983+0000] {logging_mixin.py:120} INFO - [2023-09-01T10:29:56.983+0000] {dag.py:3340} INFO - Setting next_dagrun for example_bash_operator to 2023-08-31T00:00:00+00:00, run_after=2023-09-01T00:00:00+00:00
[2023-09-01T10:29:57.350+0000] {processor.py:176} INFO - Processing /home/airflow/.local/lib/python3.7/site-packages/airflow/example_dags/example_bash_operator.py took 2.684 seconds
[2023-09-01T10:30:54.228+0000] {processor.py:154} INFO - Started process (PID=116) to work on /home/airflow/.local/lib/python3.7/site-packages/airflow/example_dags/example_bash_operator.py
[2023-09-01T10:30:54.235+0000] {processor.py:756} INFO - Processing file /home/airflow/.local/lib/python3.7/site-packages/airflow/example_dags/example_bash_operator.py for tasks to queue
[2023-09-01T10:30:54.249+0000] {logging_mixin.py:120} INFO - [2023-09-01T10:30:54.248+0000] {dagbag.py:537} INFO - Filling up the DagBag from /home/airflow/.local/lib/python3.7/site-packages/airflow/example_dags/example_bash_operator.py
[2023-09-01T10:30:54.562+0000] {processor.py:766} INFO - DAG(s) dict_keys(['example_bash_operator']) retrieved from /home/airflow/.local/lib/python3.7/site-packages/airflow/example_dags/example_bash_operator.py
[2023-09-01T10:30:55.462+0000] {logging_mixin.py:120} INFO - [2023-09-01T10:30:55.462+0000] {dag.py:2585} INFO - Sync 1 DAGs
[2023-09-01T10:30:55.781+0000] {logging_mixin.py:120} INFO - [2023-09-01T10:30:55.780+0000] {dag.py:3340} INFO - Setting next_dagrun for example_bash_operator to 2023-08-31T00:00:00+00:00, run_after=2023-09-01T00:00:00+00:00
[2023-09-01T10:30:56.017+0000] {processor.py:176} INFO - Processing /home/airflow/.local/lib/python3.7/site-packages/airflow/example_dags/example_bash_operator.py took 1.822 seconds
[2023-09-01T10:32:59.378+0000] {processor.py:154} INFO - Started process (PID=221) to work on /home/airflow/.local/lib/python3.7/site-packages/airflow/example_dags/example_bash_operator.py
[2023-09-01T10:32:59.383+0000] {processor.py:756} INFO - Processing file /home/airflow/.local/lib/python3.7/site-packages/airflow/example_dags/example_bash_operator.py for tasks to queue
[2023-09-01T10:32:59.385+0000] {logging_mixin.py:120} INFO - [2023-09-01T10:32:59.384+0000] {dagbag.py:537} INFO - Filling up the DagBag from /home/airflow/.local/lib/python3.7/site-packages/airflow/example_dags/example_bash_operator.py
[2023-09-01T10:32:59.598+0000] {processor.py:766} INFO - DAG(s) dict_keys(['example_bash_operator']) retrieved from /home/airflow/.local/lib/python3.7/site-packages/airflow/example_dags/example_bash_operator.py
[2023-09-01T10:32:59.840+0000] {logging_mixin.py:120} INFO - [2023-09-01T10:32:59.840+0000] {dag.py:2585} INFO - Sync 1 DAGs
[2023-09-01T10:32:59.946+0000] {logging_mixin.py:120} INFO - [2023-09-01T10:32:59.945+0000] {dag.py:3340} INFO - Setting next_dagrun for example_bash_operator to 2023-08-31T00:00:00+00:00, run_after=2023-09-01T00:00:00+00:00
[2023-09-01T10:33:00.019+0000] {processor.py:176} INFO - Processing /home/airflow/.local/lib/python3.7/site-packages/airflow/example_dags/example_bash_operator.py took 0.667 seconds
[2023-09-01T10:33:30.349+0000] {processor.py:154} INFO - Started process (PID=275) to work on /home/airflow/.local/lib/python3.7/site-packages/airflow/example_dags/example_bash_operator.py
[2023-09-01T10:33:30.355+0000] {processor.py:756} INFO - Processing file /home/airflow/.local/lib/python3.7/site-packages/airflow/example_dags/example_bash_operator.py for tasks to queue
[2023-09-01T10:33:30.359+0000] {logging_mixin.py:120} INFO - [2023-09-01T10:33:30.359+0000] {dagbag.py:537} INFO - Filling up the DagBag from /home/airflow/.local/lib/python3.7/site-packages/airflow/example_dags/example_bash_operator.py
[2023-09-01T10:33:30.403+0000] {processor.py:766} INFO - DAG(s) dict_keys(['example_bash_operator']) retrieved from /home/airflow/.local/lib/python3.7/site-packages/airflow/example_dags/example_bash_operator.py
[2023-09-01T10:33:30.474+0000] {logging_mixin.py:120} INFO - [2023-09-01T10:33:30.474+0000] {dag.py:2585} INFO - Sync 1 DAGs
[2023-09-01T10:33:30.525+0000] {logging_mixin.py:120} INFO - [2023-09-01T10:33:30.525+0000] {dag.py:3340} INFO - Setting next_dagrun for example_bash_operator to 2023-08-31T00:00:00+00:00, run_after=2023-09-01T00:00:00+00:00
[2023-09-01T10:33:30.564+0000] {processor.py:176} INFO - Processing /home/airflow/.local/lib/python3.7/site-packages/airflow/example_dags/example_bash_operator.py took 0.222 seconds
[2023-09-01T10:34:11.599+0000] {processor.py:154} INFO - Started process (PID=336) to work on /home/airflow/.local/lib/python3.7/site-packages/airflow/example_dags/example_bash_operator.py
[2023-09-01T10:34:11.611+0000] {processor.py:756} INFO - Processing file /home/airflow/.local/lib/python3.7/site-packages/airflow/example_dags/example_bash_operator.py for tasks to queue
[2023-09-01T10:34:11.628+0000] {logging_mixin.py:120} INFO - [2023-09-01T10:34:11.627+0000] {dagbag.py:537} INFO - Filling up the DagBag from /home/airflow/.local/lib/python3.7/site-packages/airflow/example_dags/example_bash_operator.py
[2023-09-01T10:34:11.988+0000] {processor.py:766} INFO - DAG(s) dict_keys(['example_bash_operator']) retrieved from /home/airflow/.local/lib/python3.7/site-packages/airflow/example_dags/example_bash_operator.py
[2023-09-01T10:34:12.742+0000] {logging_mixin.py:120} INFO - [2023-09-01T10:34:12.741+0000] {dag.py:2585} INFO - Sync 1 DAGs
[2023-09-01T10:34:13.211+0000] {logging_mixin.py:120} INFO - [2023-09-01T10:34:13.211+0000] {dag.py:3340} INFO - Setting next_dagrun for example_bash_operator to 2023-08-31T00:00:00+00:00, run_after=2023-09-01T00:00:00+00:00
[2023-09-01T10:34:13.335+0000] {processor.py:176} INFO - Processing /home/airflow/.local/lib/python3.7/site-packages/airflow/example_dags/example_bash_operator.py took 1.775 seconds
[2023-09-01T10:34:43.441+0000] {processor.py:154} INFO - Started process (PID=391) to work on /home/airflow/.local/lib/python3.7/site-packages/airflow/example_dags/example_bash_operator.py
[2023-09-01T10:34:43.444+0000] {processor.py:756} INFO - Processing file /home/airflow/.local/lib/python3.7/site-packages/airflow/example_dags/example_bash_operator.py for tasks to queue
[2023-09-01T10:34:43.447+0000] {logging_mixin.py:120} INFO - [2023-09-01T10:34:43.446+0000] {dagbag.py:537} INFO - Filling up the DagBag from /home/airflow/.local/lib/python3.7/site-packages/airflow/example_dags/example_bash_operator.py
[2023-09-01T10:34:43.482+0000] {processor.py:766} INFO - DAG(s) dict_keys(['example_bash_operator']) retrieved from /home/airflow/.local/lib/python3.7/site-packages/airflow/example_dags/example_bash_operator.py
[2023-09-01T10:34:43.640+0000] {logging_mixin.py:120} INFO - [2023-09-01T10:34:43.640+0000] {dag.py:2585} INFO - Sync 1 DAGs
[2023-09-01T10:34:43.692+0000] {logging_mixin.py:120} INFO - [2023-09-01T10:34:43.692+0000] {dag.py:3340} INFO - Setting next_dagrun for example_bash_operator to 2023-08-31T00:00:00+00:00, run_after=2023-09-01T00:00:00+00:00
[2023-09-01T10:34:43.726+0000] {processor.py:176} INFO - Processing /home/airflow/.local/lib/python3.7/site-packages/airflow/example_dags/example_bash_operator.py took 0.294 seconds
[2023-09-01T10:35:13.920+0000] {processor.py:154} INFO - Started process (PID=444) to work on /home/airflow/.local/lib/python3.7/site-packages/airflow/example_dags/example_bash_operator.py
[2023-09-01T10:35:13.923+0000] {processor.py:756} INFO - Processing file /home/airflow/.local/lib/python3.7/site-packages/airflow/example_dags/example_bash_operator.py for tasks to queue
[2023-09-01T10:35:13.925+0000] {logging_mixin.py:120} INFO - [2023-09-01T10:35:13.925+0000] {dagbag.py:537} INFO - Filling up the DagBag from /home/airflow/.local/lib/python3.7/site-packages/airflow/example_dags/example_bash_operator.py
[2023-09-01T10:35:13.992+0000] {processor.py:766} INFO - DAG(s) dict_keys(['example_bash_operator']) retrieved from /home/airflow/.local/lib/python3.7/site-packages/airflow/example_dags/example_bash_operator.py
[2023-09-01T10:35:14.063+0000] {logging_mixin.py:120} INFO - [2023-09-01T10:35:14.063+0000] {dag.py:2585} INFO - Sync 1 DAGs
[2023-09-01T10:35:14.114+0000] {logging_mixin.py:120} INFO - [2023-09-01T10:35:14.114+0000] {dag.py:3340} INFO - Setting next_dagrun for example_bash_operator to 2023-08-31T00:00:00+00:00, run_after=2023-09-01T00:00:00+00:00
[2023-09-01T10:35:14.148+0000] {processor.py:176} INFO - Processing /home/airflow/.local/lib/python3.7/site-packages/airflow/example_dags/example_bash_operator.py took 0.236 seconds
[2023-09-01T10:35:44.742+0000] {processor.py:154} INFO - Started process (PID=499) to work on /home/airflow/.local/lib/python3.7/site-packages/airflow/example_dags/example_bash_operator.py
[2023-09-01T10:35:44.747+0000] {processor.py:756} INFO - Processing file /home/airflow/.local/lib/python3.7/site-packages/airflow/example_dags/example_bash_operator.py for tasks to queue
[2023-09-01T10:35:44.752+0000] {logging_mixin.py:120} INFO - [2023-09-01T10:35:44.752+0000] {dagbag.py:537} INFO - Filling up the DagBag from /home/airflow/.local/lib/python3.7/site-packages/airflow/example_dags/example_bash_operator.py
[2023-09-01T10:35:44.892+0000] {processor.py:766} INFO - DAG(s) dict_keys(['example_bash_operator']) retrieved from /home/airflow/.local/lib/python3.7/site-packages/airflow/example_dags/example_bash_operator.py
[2023-09-01T10:35:47.327+0000] {logging_mixin.py:120} INFO - [2023-09-01T10:35:47.327+0000] {dag.py:2585} INFO - Sync 1 DAGs
[2023-09-01T10:35:47.763+0000] {logging_mixin.py:120} INFO - [2023-09-01T10:35:47.762+0000] {dag.py:3340} INFO - Setting next_dagrun for example_bash_operator to 2023-08-31T00:00:00+00:00, run_after=2023-09-01T00:00:00+00:00
[2023-09-01T10:35:48.289+0000] {processor.py:176} INFO - Processing /home/airflow/.local/lib/python3.7/site-packages/airflow/example_dags/example_bash_operator.py took 3.567 seconds
[2023-09-01T10:36:18.784+0000] {processor.py:154} INFO - Started process (PID=553) to work on /home/airflow/.local/lib/python3.7/site-packages/airflow/example_dags/example_bash_operator.py
[2023-09-01T10:36:18.792+0000] {processor.py:756} INFO - Processing file /home/airflow/.local/lib/python3.7/site-packages/airflow/example_dags/example_bash_operator.py for tasks to queue
[2023-09-01T10:36:18.805+0000] {logging_mixin.py:120} INFO - [2023-09-01T10:36:18.805+0000] {dagbag.py:537} INFO - Filling up the DagBag from /home/airflow/.local/lib/python3.7/site-packages/airflow/example_dags/example_bash_operator.py
[2023-09-01T10:36:18.884+0000] {processor.py:766} INFO - DAG(s) dict_keys(['example_bash_operator']) retrieved from /home/airflow/.local/lib/python3.7/site-packages/airflow/example_dags/example_bash_operator.py
[2023-09-01T10:36:18.969+0000] {logging_mixin.py:120} INFO - [2023-09-01T10:36:18.969+0000] {dag.py:2585} INFO - Sync 1 DAGs
[2023-09-01T10:36:19.019+0000] {logging_mixin.py:120} INFO - [2023-09-01T10:36:19.019+0000] {dag.py:3340} INFO - Setting next_dagrun for example_bash_operator to 2023-08-31T00:00:00+00:00, run_after=2023-09-01T00:00:00+00:00
[2023-09-01T10:36:19.068+0000] {processor.py:176} INFO - Processing /home/airflow/.local/lib/python3.7/site-packages/airflow/example_dags/example_bash_operator.py took 0.303 seconds
[2023-09-01T10:36:49.508+0000] {processor.py:154} INFO - Started process (PID=609) to work on /home/airflow/.local/lib/python3.7/site-packages/airflow/example_dags/example_bash_operator.py
[2023-09-01T10:36:49.514+0000] {processor.py:756} INFO - Processing file /home/airflow/.local/lib/python3.7/site-packages/airflow/example_dags/example_bash_operator.py for tasks to queue
[2023-09-01T10:36:49.516+0000] {logging_mixin.py:120} INFO - [2023-09-01T10:36:49.515+0000] {dagbag.py:537} INFO - Filling up the DagBag from /home/airflow/.local/lib/python3.7/site-packages/airflow/example_dags/example_bash_operator.py
[2023-09-01T10:36:49.552+0000] {processor.py:766} INFO - DAG(s) dict_keys(['example_bash_operator']) retrieved from /home/airflow/.local/lib/python3.7/site-packages/airflow/example_dags/example_bash_operator.py
[2023-09-01T10:36:49.636+0000] {logging_mixin.py:120} INFO - [2023-09-01T10:36:49.635+0000] {dag.py:2585} INFO - Sync 1 DAGs
[2023-09-01T10:36:49.704+0000] {logging_mixin.py:120} INFO - [2023-09-01T10:36:49.703+0000] {dag.py:3340} INFO - Setting next_dagrun for example_bash_operator to 2023-08-31T00:00:00+00:00, run_after=2023-09-01T00:00:00+00:00
[2023-09-01T10:36:49.738+0000] {processor.py:176} INFO - Processing /home/airflow/.local/lib/python3.7/site-packages/airflow/example_dags/example_bash_operator.py took 0.238 seconds
[2023-09-01T10:37:19.862+0000] {processor.py:154} INFO - Started process (PID=674) to work on /home/airflow/.local/lib/python3.7/site-packages/airflow/example_dags/example_bash_operator.py
[2023-09-01T10:37:19.872+0000] {processor.py:756} INFO - Processing file /home/airflow/.local/lib/python3.7/site-packages/airflow/example_dags/example_bash_operator.py for tasks to queue
[2023-09-01T10:37:19.881+0000] {logging_mixin.py:120} INFO - [2023-09-01T10:37:19.881+0000] {dagbag.py:537} INFO - Filling up the DagBag from /home/airflow/.local/lib/python3.7/site-packages/airflow/example_dags/example_bash_operator.py
[2023-09-01T10:37:20.036+0000] {processor.py:766} INFO - DAG(s) dict_keys(['example_bash_operator']) retrieved from /home/airflow/.local/lib/python3.7/site-packages/airflow/example_dags/example_bash_operator.py
[2023-09-01T10:37:20.181+0000] {logging_mixin.py:120} INFO - [2023-09-01T10:37:20.180+0000] {dag.py:2585} INFO - Sync 1 DAGs
[2023-09-01T10:37:20.253+0000] {logging_mixin.py:120} INFO - [2023-09-01T10:37:20.253+0000] {dag.py:3340} INFO - Setting next_dagrun for example_bash_operator to 2023-08-31T00:00:00+00:00, run_after=2023-09-01T00:00:00+00:00
[2023-09-01T10:37:20.293+0000] {processor.py:176} INFO - Processing /home/airflow/.local/lib/python3.7/site-packages/airflow/example_dags/example_bash_operator.py took 0.443 seconds
[2023-09-01T10:37:51.349+0000] {processor.py:154} INFO - Started process (PID=726) to work on /home/airflow/.local/lib/python3.7/site-packages/airflow/example_dags/example_bash_operator.py
[2023-09-01T10:37:51.357+0000] {processor.py:756} INFO - Processing file /home/airflow/.local/lib/python3.7/site-packages/airflow/example_dags/example_bash_operator.py for tasks to queue
[2023-09-01T10:37:51.370+0000] {logging_mixin.py:120} INFO - [2023-09-01T10:37:51.370+0000] {dagbag.py:537} INFO - Filling up the DagBag from /home/airflow/.local/lib/python3.7/site-packages/airflow/example_dags/example_bash_operator.py
[2023-09-01T10:37:52.715+0000] {processor.py:766} INFO - DAG(s) dict_keys(['example_bash_operator']) retrieved from /home/airflow/.local/lib/python3.7/site-packages/airflow/example_dags/example_bash_operator.py
[2023-09-01T10:37:54.486+0000] {logging_mixin.py:120} INFO - [2023-09-01T10:37:54.486+0000] {dag.py:2585} INFO - Sync 1 DAGs
[2023-09-01T10:37:55.360+0000] {logging_mixin.py:120} INFO - [2023-09-01T10:37:55.360+0000] {dag.py:3340} INFO - Setting next_dagrun for example_bash_operator to 2023-08-31T00:00:00+00:00, run_after=2023-09-01T00:00:00+00:00
[2023-09-01T10:37:55.679+0000] {processor.py:176} INFO - Processing /home/airflow/.local/lib/python3.7/site-packages/airflow/example_dags/example_bash_operator.py took 4.423 seconds
