[2023-09-01T10:29:49.034+0000] {processor.py:154} INFO - Started process (PID=48) to work on /home/airflow/.local/lib/python3.7/site-packages/airflow/example_dags/example_task_group_decorator.py
[2023-09-01T10:29:49.054+0000] {processor.py:756} INFO - Processing file /home/airflow/.local/lib/python3.7/site-packages/airflow/example_dags/example_task_group_decorator.py for tasks to queue
[2023-09-01T10:29:49.076+0000] {logging_mixin.py:120} INFO - [2023-09-01T10:29:49.070+0000] {dagbag.py:537} INFO - Filling up the DagBag from /home/airflow/.local/lib/python3.7/site-packages/airflow/example_dags/example_task_group_decorator.py
[2023-09-01T10:29:49.550+0000] {processor.py:766} INFO - DAG(s) dict_keys(['example_task_group_decorator']) retrieved from /home/airflow/.local/lib/python3.7/site-packages/airflow/example_dags/example_task_group_decorator.py
[2023-09-01T10:29:50.756+0000] {logging_mixin.py:120} INFO - [2023-09-01T10:29:50.756+0000] {manager.py:507} INFO - Created Permission View: can delete on DAG:example_task_group_decorator
[2023-09-01T10:29:50.836+0000] {logging_mixin.py:120} INFO - [2023-09-01T10:29:50.836+0000] {manager.py:507} INFO - Created Permission View: can read on DAG:example_task_group_decorator
[2023-09-01T10:29:50.932+0000] {logging_mixin.py:120} INFO - [2023-09-01T10:29:50.932+0000] {manager.py:507} INFO - Created Permission View: can edit on DAG:example_task_group_decorator
[2023-09-01T10:29:50.939+0000] {logging_mixin.py:120} INFO - [2023-09-01T10:29:50.935+0000] {dag.py:2585} INFO - Sync 1 DAGs
[2023-09-01T10:29:51.065+0000] {logging_mixin.py:120} INFO - [2023-09-01T10:29:51.065+0000] {dag.py:2606} INFO - Creating ORM DAG for example_task_group_decorator
[2023-09-01T10:29:51.140+0000] {logging_mixin.py:120} INFO - [2023-09-01T10:29:51.139+0000] {dag.py:3340} INFO - Setting next_dagrun for example_task_group_decorator to 2023-08-31T10:29:51.139343+00:00, run_after=2023-09-01T10:29:51.139343+00:00
[2023-09-01T10:29:51.261+0000] {processor.py:176} INFO - Processing /home/airflow/.local/lib/python3.7/site-packages/airflow/example_dags/example_task_group_decorator.py took 2.254 seconds
[2023-09-01T10:30:48.374+0000] {processor.py:154} INFO - Started process (PID=110) to work on /home/airflow/.local/lib/python3.7/site-packages/airflow/example_dags/example_task_group_decorator.py
[2023-09-01T10:30:48.379+0000] {processor.py:756} INFO - Processing file /home/airflow/.local/lib/python3.7/site-packages/airflow/example_dags/example_task_group_decorator.py for tasks to queue
[2023-09-01T10:30:48.387+0000] {logging_mixin.py:120} INFO - [2023-09-01T10:30:48.385+0000] {dagbag.py:537} INFO - Filling up the DagBag from /home/airflow/.local/lib/python3.7/site-packages/airflow/example_dags/example_task_group_decorator.py
[2023-09-01T10:30:48.660+0000] {processor.py:766} INFO - DAG(s) dict_keys(['example_task_group_decorator']) retrieved from /home/airflow/.local/lib/python3.7/site-packages/airflow/example_dags/example_task_group_decorator.py
[2023-09-01T10:30:49.666+0000] {logging_mixin.py:120} INFO - [2023-09-01T10:30:49.666+0000] {dag.py:2585} INFO - Sync 1 DAGs
[2023-09-01T10:30:49.859+0000] {logging_mixin.py:120} INFO - [2023-09-01T10:30:49.859+0000] {dag.py:3340} INFO - Setting next_dagrun for example_task_group_decorator to 2023-08-31T10:30:49.858591+00:00, run_after=2023-09-01T10:30:49.858591+00:00
[2023-09-01T10:30:50.006+0000] {processor.py:176} INFO - Processing /home/airflow/.local/lib/python3.7/site-packages/airflow/example_dags/example_task_group_decorator.py took 1.651 seconds
[2023-09-01T10:31:28.626+0000] {processor.py:154} INFO - Started process (PID=150) to work on /home/airflow/.local/lib/python3.7/site-packages/airflow/example_dags/example_task_group_decorator.py
[2023-09-01T10:31:28.647+0000] {processor.py:756} INFO - Processing file /home/airflow/.local/lib/python3.7/site-packages/airflow/example_dags/example_task_group_decorator.py for tasks to queue
[2023-09-01T10:31:28.650+0000] {logging_mixin.py:120} INFO - [2023-09-01T10:31:28.650+0000] {dagbag.py:537} INFO - Filling up the DagBag from /home/airflow/.local/lib/python3.7/site-packages/airflow/example_dags/example_task_group_decorator.py
[2023-09-01T10:31:29.702+0000] {processor.py:766} INFO - DAG(s) dict_keys(['example_task_group_decorator']) retrieved from /home/airflow/.local/lib/python3.7/site-packages/airflow/example_dags/example_task_group_decorator.py
[2023-09-01T10:31:31.124+0000] {logging_mixin.py:120} INFO - [2023-09-01T10:31:31.124+0000] {dag.py:2585} INFO - Sync 1 DAGs
[2023-09-01T10:31:35.171+0000] {logging_mixin.py:120} INFO - [2023-09-01T10:31:35.170+0000] {dag.py:3340} INFO - Setting next_dagrun for example_task_group_decorator to 2023-08-31T10:31:35.156895+00:00, run_after=2023-09-01T10:31:35.156895+00:00
[2023-09-01T10:31:36.633+0000] {processor.py:176} INFO - Processing /home/airflow/.local/lib/python3.7/site-packages/airflow/example_dags/example_task_group_decorator.py took 8.065 seconds
[2023-09-01T10:32:55.640+0000] {processor.py:154} INFO - Started process (PID=212) to work on /home/airflow/.local/lib/python3.7/site-packages/airflow/example_dags/example_task_group_decorator.py
[2023-09-01T10:32:55.677+0000] {processor.py:756} INFO - Processing file /home/airflow/.local/lib/python3.7/site-packages/airflow/example_dags/example_task_group_decorator.py for tasks to queue
[2023-09-01T10:32:55.736+0000] {logging_mixin.py:120} INFO - [2023-09-01T10:32:55.710+0000] {dagbag.py:537} INFO - Filling up the DagBag from /home/airflow/.local/lib/python3.7/site-packages/airflow/example_dags/example_task_group_decorator.py
[2023-09-01T10:32:56.616+0000] {processor.py:766} INFO - DAG(s) dict_keys(['example_task_group_decorator']) retrieved from /home/airflow/.local/lib/python3.7/site-packages/airflow/example_dags/example_task_group_decorator.py
[2023-09-01T10:32:57.060+0000] {logging_mixin.py:120} INFO - [2023-09-01T10:32:57.060+0000] {dag.py:2585} INFO - Sync 1 DAGs
[2023-09-01T10:32:57.297+0000] {logging_mixin.py:120} INFO - [2023-09-01T10:32:57.297+0000] {dag.py:3340} INFO - Setting next_dagrun for example_task_group_decorator to 2023-08-31T10:32:57.296682+00:00, run_after=2023-09-01T10:32:57.296682+00:00
[2023-09-01T10:32:57.481+0000] {processor.py:176} INFO - Processing /home/airflow/.local/lib/python3.7/site-packages/airflow/example_dags/example_task_group_decorator.py took 1.943 seconds
[2023-09-01T10:33:27.801+0000] {processor.py:154} INFO - Started process (PID=270) to work on /home/airflow/.local/lib/python3.7/site-packages/airflow/example_dags/example_task_group_decorator.py
[2023-09-01T10:33:27.805+0000] {processor.py:756} INFO - Processing file /home/airflow/.local/lib/python3.7/site-packages/airflow/example_dags/example_task_group_decorator.py for tasks to queue
[2023-09-01T10:33:27.807+0000] {logging_mixin.py:120} INFO - [2023-09-01T10:33:27.806+0000] {dagbag.py:537} INFO - Filling up the DagBag from /home/airflow/.local/lib/python3.7/site-packages/airflow/example_dags/example_task_group_decorator.py
[2023-09-01T10:33:27.857+0000] {processor.py:766} INFO - DAG(s) dict_keys(['example_task_group_decorator']) retrieved from /home/airflow/.local/lib/python3.7/site-packages/airflow/example_dags/example_task_group_decorator.py
[2023-09-01T10:33:27.932+0000] {logging_mixin.py:120} INFO - [2023-09-01T10:33:27.931+0000] {dag.py:2585} INFO - Sync 1 DAGs
[2023-09-01T10:33:27.973+0000] {logging_mixin.py:120} INFO - [2023-09-01T10:33:27.972+0000] {dag.py:3340} INFO - Setting next_dagrun for example_task_group_decorator to 2023-08-31T10:33:27.972489+00:00, run_after=2023-09-01T10:33:27.972489+00:00
[2023-09-01T10:33:28.015+0000] {processor.py:176} INFO - Processing /home/airflow/.local/lib/python3.7/site-packages/airflow/example_dags/example_task_group_decorator.py took 0.222 seconds
[2023-09-01T10:33:58.317+0000] {processor.py:154} INFO - Started process (PID=324) to work on /home/airflow/.local/lib/python3.7/site-packages/airflow/example_dags/example_task_group_decorator.py
[2023-09-01T10:33:58.320+0000] {processor.py:756} INFO - Processing file /home/airflow/.local/lib/python3.7/site-packages/airflow/example_dags/example_task_group_decorator.py for tasks to queue
[2023-09-01T10:33:58.327+0000] {logging_mixin.py:120} INFO - [2023-09-01T10:33:58.327+0000] {dagbag.py:537} INFO - Filling up the DagBag from /home/airflow/.local/lib/python3.7/site-packages/airflow/example_dags/example_task_group_decorator.py
[2023-09-01T10:33:58.389+0000] {processor.py:766} INFO - DAG(s) dict_keys(['example_task_group_decorator']) retrieved from /home/airflow/.local/lib/python3.7/site-packages/airflow/example_dags/example_task_group_decorator.py
[2023-09-01T10:33:58.465+0000] {logging_mixin.py:120} INFO - [2023-09-01T10:33:58.465+0000] {dag.py:2585} INFO - Sync 1 DAGs
[2023-09-01T10:33:58.526+0000] {logging_mixin.py:120} INFO - [2023-09-01T10:33:58.526+0000] {dag.py:3340} INFO - Setting next_dagrun for example_task_group_decorator to 2023-08-31T10:33:58.525752+00:00, run_after=2023-09-01T10:33:58.525752+00:00
[2023-09-01T10:33:58.587+0000] {processor.py:176} INFO - Processing /home/airflow/.local/lib/python3.7/site-packages/airflow/example_dags/example_task_group_decorator.py took 0.283 seconds
[2023-09-01T10:34:29.383+0000] {processor.py:154} INFO - Started process (PID=371) to work on /home/airflow/.local/lib/python3.7/site-packages/airflow/example_dags/example_task_group_decorator.py
[2023-09-01T10:34:29.392+0000] {processor.py:756} INFO - Processing file /home/airflow/.local/lib/python3.7/site-packages/airflow/example_dags/example_task_group_decorator.py for tasks to queue
[2023-09-01T10:34:29.394+0000] {logging_mixin.py:120} INFO - [2023-09-01T10:34:29.394+0000] {dagbag.py:537} INFO - Filling up the DagBag from /home/airflow/.local/lib/python3.7/site-packages/airflow/example_dags/example_task_group_decorator.py
[2023-09-01T10:34:29.517+0000] {processor.py:766} INFO - DAG(s) dict_keys(['example_task_group_decorator']) retrieved from /home/airflow/.local/lib/python3.7/site-packages/airflow/example_dags/example_task_group_decorator.py
[2023-09-01T10:34:29.610+0000] {logging_mixin.py:120} INFO - [2023-09-01T10:34:29.610+0000] {dag.py:2585} INFO - Sync 1 DAGs
[2023-09-01T10:34:29.681+0000] {logging_mixin.py:120} INFO - [2023-09-01T10:34:29.681+0000] {dag.py:3340} INFO - Setting next_dagrun for example_task_group_decorator to 2023-08-31T10:34:29.680341+00:00, run_after=2023-09-01T10:34:29.680341+00:00
[2023-09-01T10:34:29.756+0000] {processor.py:176} INFO - Processing /home/airflow/.local/lib/python3.7/site-packages/airflow/example_dags/example_task_group_decorator.py took 0.385 seconds
[2023-09-01T10:35:00.047+0000] {processor.py:154} INFO - Started process (PID=423) to work on /home/airflow/.local/lib/python3.7/site-packages/airflow/example_dags/example_task_group_decorator.py
[2023-09-01T10:35:00.049+0000] {processor.py:756} INFO - Processing file /home/airflow/.local/lib/python3.7/site-packages/airflow/example_dags/example_task_group_decorator.py for tasks to queue
[2023-09-01T10:35:00.051+0000] {logging_mixin.py:120} INFO - [2023-09-01T10:35:00.051+0000] {dagbag.py:537} INFO - Filling up the DagBag from /home/airflow/.local/lib/python3.7/site-packages/airflow/example_dags/example_task_group_decorator.py
[2023-09-01T10:35:00.109+0000] {processor.py:766} INFO - DAG(s) dict_keys(['example_task_group_decorator']) retrieved from /home/airflow/.local/lib/python3.7/site-packages/airflow/example_dags/example_task_group_decorator.py
[2023-09-01T10:35:00.194+0000] {logging_mixin.py:120} INFO - [2023-09-01T10:35:00.194+0000] {dag.py:2585} INFO - Sync 1 DAGs
[2023-09-01T10:35:00.246+0000] {logging_mixin.py:120} INFO - [2023-09-01T10:35:00.246+0000] {dag.py:3340} INFO - Setting next_dagrun for example_task_group_decorator to 2023-08-31T10:35:00.245774+00:00, run_after=2023-09-01T10:35:00.245774+00:00
[2023-09-01T10:35:00.311+0000] {processor.py:176} INFO - Processing /home/airflow/.local/lib/python3.7/site-packages/airflow/example_dags/example_task_group_decorator.py took 0.275 seconds
[2023-09-01T10:35:30.657+0000] {processor.py:154} INFO - Started process (PID=478) to work on /home/airflow/.local/lib/python3.7/site-packages/airflow/example_dags/example_task_group_decorator.py
[2023-09-01T10:35:30.665+0000] {processor.py:756} INFO - Processing file /home/airflow/.local/lib/python3.7/site-packages/airflow/example_dags/example_task_group_decorator.py for tasks to queue
[2023-09-01T10:35:30.671+0000] {logging_mixin.py:120} INFO - [2023-09-01T10:35:30.671+0000] {dagbag.py:537} INFO - Filling up the DagBag from /home/airflow/.local/lib/python3.7/site-packages/airflow/example_dags/example_task_group_decorator.py
[2023-09-01T10:35:30.791+0000] {processor.py:766} INFO - DAG(s) dict_keys(['example_task_group_decorator']) retrieved from /home/airflow/.local/lib/python3.7/site-packages/airflow/example_dags/example_task_group_decorator.py
[2023-09-01T10:35:30.929+0000] {logging_mixin.py:120} INFO - [2023-09-01T10:35:30.929+0000] {dag.py:2585} INFO - Sync 1 DAGs
[2023-09-01T10:35:31.051+0000] {logging_mixin.py:120} INFO - [2023-09-01T10:35:31.051+0000] {dag.py:3340} INFO - Setting next_dagrun for example_task_group_decorator to 2023-08-31T10:35:31.050999+00:00, run_after=2023-09-01T10:35:31.050999+00:00
[2023-09-01T10:35:31.112+0000] {processor.py:176} INFO - Processing /home/airflow/.local/lib/python3.7/site-packages/airflow/example_dags/example_task_group_decorator.py took 0.466 seconds
[2023-09-01T10:36:01.433+0000] {processor.py:154} INFO - Started process (PID=530) to work on /home/airflow/.local/lib/python3.7/site-packages/airflow/example_dags/example_task_group_decorator.py
[2023-09-01T10:36:01.445+0000] {processor.py:756} INFO - Processing file /home/airflow/.local/lib/python3.7/site-packages/airflow/example_dags/example_task_group_decorator.py for tasks to queue
[2023-09-01T10:36:01.449+0000] {logging_mixin.py:120} INFO - [2023-09-01T10:36:01.449+0000] {dagbag.py:537} INFO - Filling up the DagBag from /home/airflow/.local/lib/python3.7/site-packages/airflow/example_dags/example_task_group_decorator.py
[2023-09-01T10:36:01.579+0000] {processor.py:766} INFO - DAG(s) dict_keys(['example_task_group_decorator']) retrieved from /home/airflow/.local/lib/python3.7/site-packages/airflow/example_dags/example_task_group_decorator.py
[2023-09-01T10:36:01.785+0000] {logging_mixin.py:120} INFO - [2023-09-01T10:36:01.785+0000] {dag.py:2585} INFO - Sync 1 DAGs
[2023-09-01T10:36:01.966+0000] {logging_mixin.py:120} INFO - [2023-09-01T10:36:01.966+0000] {dag.py:3340} INFO - Setting next_dagrun for example_task_group_decorator to 2023-08-31T10:36:01.965662+00:00, run_after=2023-09-01T10:36:01.965662+00:00
[2023-09-01T10:36:02.042+0000] {processor.py:176} INFO - Processing /home/airflow/.local/lib/python3.7/site-packages/airflow/example_dags/example_task_group_decorator.py took 0.646 seconds
[2023-09-01T10:36:32.864+0000] {processor.py:154} INFO - Started process (PID=584) to work on /home/airflow/.local/lib/python3.7/site-packages/airflow/example_dags/example_task_group_decorator.py
[2023-09-01T10:36:32.871+0000] {processor.py:756} INFO - Processing file /home/airflow/.local/lib/python3.7/site-packages/airflow/example_dags/example_task_group_decorator.py for tasks to queue
[2023-09-01T10:36:32.875+0000] {logging_mixin.py:120} INFO - [2023-09-01T10:36:32.875+0000] {dagbag.py:537} INFO - Filling up the DagBag from /home/airflow/.local/lib/python3.7/site-packages/airflow/example_dags/example_task_group_decorator.py
[2023-09-01T10:36:33.002+0000] {processor.py:766} INFO - DAG(s) dict_keys(['example_task_group_decorator']) retrieved from /home/airflow/.local/lib/python3.7/site-packages/airflow/example_dags/example_task_group_decorator.py
[2023-09-01T10:36:33.115+0000] {logging_mixin.py:120} INFO - [2023-09-01T10:36:33.114+0000] {dag.py:2585} INFO - Sync 1 DAGs
[2023-09-01T10:36:33.189+0000] {logging_mixin.py:120} INFO - [2023-09-01T10:36:33.189+0000] {dag.py:3340} INFO - Setting next_dagrun for example_task_group_decorator to 2023-08-31T10:36:33.188944+00:00, run_after=2023-09-01T10:36:33.188944+00:00
[2023-09-01T10:36:33.246+0000] {processor.py:176} INFO - Processing /home/airflow/.local/lib/python3.7/site-packages/airflow/example_dags/example_task_group_decorator.py took 0.399 seconds
[2023-09-01T10:37:03.359+0000] {processor.py:154} INFO - Started process (PID=647) to work on /home/airflow/.local/lib/python3.7/site-packages/airflow/example_dags/example_task_group_decorator.py
[2023-09-01T10:37:03.372+0000] {processor.py:756} INFO - Processing file /home/airflow/.local/lib/python3.7/site-packages/airflow/example_dags/example_task_group_decorator.py for tasks to queue
[2023-09-01T10:37:03.377+0000] {logging_mixin.py:120} INFO - [2023-09-01T10:37:03.376+0000] {dagbag.py:537} INFO - Filling up the DagBag from /home/airflow/.local/lib/python3.7/site-packages/airflow/example_dags/example_task_group_decorator.py
[2023-09-01T10:37:03.486+0000] {processor.py:766} INFO - DAG(s) dict_keys(['example_task_group_decorator']) retrieved from /home/airflow/.local/lib/python3.7/site-packages/airflow/example_dags/example_task_group_decorator.py
[2023-09-01T10:37:03.605+0000] {logging_mixin.py:120} INFO - [2023-09-01T10:37:03.605+0000] {dag.py:2585} INFO - Sync 1 DAGs
[2023-09-01T10:37:03.680+0000] {logging_mixin.py:120} INFO - [2023-09-01T10:37:03.679+0000] {dag.py:3340} INFO - Setting next_dagrun for example_task_group_decorator to 2023-08-31T10:37:03.678910+00:00, run_after=2023-09-01T10:37:03.678910+00:00
[2023-09-01T10:37:03.730+0000] {processor.py:176} INFO - Processing /home/airflow/.local/lib/python3.7/site-packages/airflow/example_dags/example_task_group_decorator.py took 0.388 seconds
[2023-09-01T10:37:34.089+0000] {processor.py:154} INFO - Started process (PID=704) to work on /home/airflow/.local/lib/python3.7/site-packages/airflow/example_dags/example_task_group_decorator.py
[2023-09-01T10:37:34.093+0000] {processor.py:756} INFO - Processing file /home/airflow/.local/lib/python3.7/site-packages/airflow/example_dags/example_task_group_decorator.py for tasks to queue
[2023-09-01T10:37:34.099+0000] {logging_mixin.py:120} INFO - [2023-09-01T10:37:34.098+0000] {dagbag.py:537} INFO - Filling up the DagBag from /home/airflow/.local/lib/python3.7/site-packages/airflow/example_dags/example_task_group_decorator.py
[2023-09-01T10:37:34.226+0000] {processor.py:766} INFO - DAG(s) dict_keys(['example_task_group_decorator']) retrieved from /home/airflow/.local/lib/python3.7/site-packages/airflow/example_dags/example_task_group_decorator.py
[2023-09-01T10:37:34.344+0000] {logging_mixin.py:120} INFO - [2023-09-01T10:37:34.344+0000] {dag.py:2585} INFO - Sync 1 DAGs
[2023-09-01T10:37:34.419+0000] {logging_mixin.py:120} INFO - [2023-09-01T10:37:34.418+0000] {dag.py:3340} INFO - Setting next_dagrun for example_task_group_decorator to 2023-08-31T10:37:34.418364+00:00, run_after=2023-09-01T10:37:34.418364+00:00
[2023-09-01T10:37:34.508+0000] {processor.py:176} INFO - Processing /home/airflow/.local/lib/python3.7/site-packages/airflow/example_dags/example_task_group_decorator.py took 0.434 seconds
[2023-09-01T10:38:11.139+0000] {processor.py:154} INFO - Started process (PID=754) to work on /home/airflow/.local/lib/python3.7/site-packages/airflow/example_dags/example_task_group_decorator.py
[2023-09-01T10:38:11.144+0000] {processor.py:756} INFO - Processing file /home/airflow/.local/lib/python3.7/site-packages/airflow/example_dags/example_task_group_decorator.py for tasks to queue
[2023-09-01T10:38:11.177+0000] {logging_mixin.py:120} INFO - [2023-09-01T10:38:11.177+0000] {dagbag.py:537} INFO - Filling up the DagBag from /home/airflow/.local/lib/python3.7/site-packages/airflow/example_dags/example_task_group_decorator.py
[2023-09-01T10:38:11.449+0000] {processor.py:766} INFO - DAG(s) dict_keys(['example_task_group_decorator']) retrieved from /home/airflow/.local/lib/python3.7/site-packages/airflow/example_dags/example_task_group_decorator.py
[2023-09-01T10:38:11.673+0000] {logging_mixin.py:120} INFO - [2023-09-01T10:38:11.673+0000] {dag.py:2585} INFO - Sync 1 DAGs
[2023-09-01T10:38:11.849+0000] {logging_mixin.py:120} INFO - [2023-09-01T10:38:11.845+0000] {dag.py:3340} INFO - Setting next_dagrun for example_task_group_decorator to 2023-08-31T10:38:11.844437+00:00, run_after=2023-09-01T10:38:11.844437+00:00
[2023-09-01T10:38:11.977+0000] {processor.py:176} INFO - Processing /home/airflow/.local/lib/python3.7/site-packages/airflow/example_dags/example_task_group_decorator.py took 1.002 seconds
