[2023-09-01T10:30:10.603+0000] {processor.py:154} INFO - Started process (PID=72) to work on /home/airflow/.local/lib/python3.7/site-packages/airflow/example_dags/example_skip_dag.py
[2023-09-01T10:30:10.629+0000] {processor.py:756} INFO - Processing file /home/airflow/.local/lib/python3.7/site-packages/airflow/example_dags/example_skip_dag.py for tasks to queue
[2023-09-01T10:30:10.645+0000] {logging_mixin.py:120} INFO - [2023-09-01T10:30:10.645+0000] {dagbag.py:537} INFO - Filling up the DagBag from /home/airflow/.local/lib/python3.7/site-packages/airflow/example_dags/example_skip_dag.py
[2023-09-01T10:30:10.933+0000] {processor.py:766} INFO - DAG(s) dict_keys(['example_skip_dag']) retrieved from /home/airflow/.local/lib/python3.7/site-packages/airflow/example_dags/example_skip_dag.py
[2023-09-01T10:30:13.074+0000] {logging_mixin.py:120} INFO - [2023-09-01T10:30:13.073+0000] {manager.py:507} INFO - Created Permission View: can delete on DAG:example_skip_dag
[2023-09-01T10:30:14.113+0000] {logging_mixin.py:120} INFO - [2023-09-01T10:30:14.112+0000] {manager.py:507} INFO - Created Permission View: can read on DAG:example_skip_dag
[2023-09-01T10:30:14.167+0000] {logging_mixin.py:120} INFO - [2023-09-01T10:30:14.167+0000] {manager.py:507} INFO - Created Permission View: can edit on DAG:example_skip_dag
[2023-09-01T10:30:14.171+0000] {logging_mixin.py:120} INFO - [2023-09-01T10:30:14.170+0000] {dag.py:2585} INFO - Sync 1 DAGs
[2023-09-01T10:30:14.257+0000] {logging_mixin.py:120} INFO - [2023-09-01T10:30:14.256+0000] {dag.py:2606} INFO - Creating ORM DAG for example_skip_dag
[2023-09-01T10:30:14.574+0000] {logging_mixin.py:120} INFO - [2023-09-01T10:30:14.574+0000] {dag.py:3340} INFO - Setting next_dagrun for example_skip_dag to 2023-08-31T10:30:14.573235+00:00, run_after=2023-09-01T10:30:14.573235+00:00
[2023-09-01T10:30:14.825+0000] {processor.py:176} INFO - Processing /home/airflow/.local/lib/python3.7/site-packages/airflow/example_dags/example_skip_dag.py took 4.272 seconds
[2023-09-01T10:31:01.429+0000] {processor.py:154} INFO - Started process (PID=135) to work on /home/airflow/.local/lib/python3.7/site-packages/airflow/example_dags/example_skip_dag.py
[2023-09-01T10:31:01.446+0000] {processor.py:756} INFO - Processing file /home/airflow/.local/lib/python3.7/site-packages/airflow/example_dags/example_skip_dag.py for tasks to queue
[2023-09-01T10:31:01.452+0000] {logging_mixin.py:120} INFO - [2023-09-01T10:31:01.452+0000] {dagbag.py:537} INFO - Filling up the DagBag from /home/airflow/.local/lib/python3.7/site-packages/airflow/example_dags/example_skip_dag.py
[2023-09-01T10:31:01.703+0000] {processor.py:766} INFO - DAG(s) dict_keys(['example_skip_dag']) retrieved from /home/airflow/.local/lib/python3.7/site-packages/airflow/example_dags/example_skip_dag.py
[2023-09-01T10:31:01.921+0000] {logging_mixin.py:120} INFO - [2023-09-01T10:31:01.921+0000] {dag.py:2585} INFO - Sync 1 DAGs
[2023-09-01T10:31:02.163+0000] {logging_mixin.py:120} INFO - [2023-09-01T10:31:02.163+0000] {dag.py:3340} INFO - Setting next_dagrun for example_skip_dag to 2023-08-31T10:31:02.162900+00:00, run_after=2023-09-01T10:31:02.162900+00:00
[2023-09-01T10:31:02.237+0000] {processor.py:176} INFO - Processing /home/airflow/.local/lib/python3.7/site-packages/airflow/example_dags/example_skip_dag.py took 0.845 seconds
[2023-09-01T10:33:03.080+0000] {processor.py:154} INFO - Started process (PID=230) to work on /home/airflow/.local/lib/python3.7/site-packages/airflow/example_dags/example_skip_dag.py
[2023-09-01T10:33:03.084+0000] {processor.py:756} INFO - Processing file /home/airflow/.local/lib/python3.7/site-packages/airflow/example_dags/example_skip_dag.py for tasks to queue
[2023-09-01T10:33:03.088+0000] {logging_mixin.py:120} INFO - [2023-09-01T10:33:03.087+0000] {dagbag.py:537} INFO - Filling up the DagBag from /home/airflow/.local/lib/python3.7/site-packages/airflow/example_dags/example_skip_dag.py
[2023-09-01T10:33:03.139+0000] {processor.py:766} INFO - DAG(s) dict_keys(['example_skip_dag']) retrieved from /home/airflow/.local/lib/python3.7/site-packages/airflow/example_dags/example_skip_dag.py
[2023-09-01T10:33:03.268+0000] {logging_mixin.py:120} INFO - [2023-09-01T10:33:03.267+0000] {dag.py:2585} INFO - Sync 1 DAGs
[2023-09-01T10:33:03.362+0000] {logging_mixin.py:120} INFO - [2023-09-01T10:33:03.361+0000] {dag.py:3340} INFO - Setting next_dagrun for example_skip_dag to 2023-08-31T10:33:03.361143+00:00, run_after=2023-09-01T10:33:03.361143+00:00
[2023-09-01T10:33:03.450+0000] {processor.py:176} INFO - Processing /home/airflow/.local/lib/python3.7/site-packages/airflow/example_dags/example_skip_dag.py took 0.383 seconds
[2023-09-01T10:33:34.296+0000] {processor.py:154} INFO - Started process (PID=284) to work on /home/airflow/.local/lib/python3.7/site-packages/airflow/example_dags/example_skip_dag.py
[2023-09-01T10:33:34.306+0000] {processor.py:756} INFO - Processing file /home/airflow/.local/lib/python3.7/site-packages/airflow/example_dags/example_skip_dag.py for tasks to queue
[2023-09-01T10:33:34.310+0000] {logging_mixin.py:120} INFO - [2023-09-01T10:33:34.309+0000] {dagbag.py:537} INFO - Filling up the DagBag from /home/airflow/.local/lib/python3.7/site-packages/airflow/example_dags/example_skip_dag.py
[2023-09-01T10:33:34.509+0000] {processor.py:766} INFO - DAG(s) dict_keys(['example_skip_dag']) retrieved from /home/airflow/.local/lib/python3.7/site-packages/airflow/example_dags/example_skip_dag.py
[2023-09-01T10:33:34.728+0000] {logging_mixin.py:120} INFO - [2023-09-01T10:33:34.728+0000] {dag.py:2585} INFO - Sync 1 DAGs
[2023-09-01T10:33:34.908+0000] {logging_mixin.py:120} INFO - [2023-09-01T10:33:34.907+0000] {dag.py:3340} INFO - Setting next_dagrun for example_skip_dag to 2023-08-31T10:33:34.907558+00:00, run_after=2023-09-01T10:33:34.907558+00:00
[2023-09-01T10:33:35.048+0000] {processor.py:176} INFO - Processing /home/airflow/.local/lib/python3.7/site-packages/airflow/example_dags/example_skip_dag.py took 1.211 seconds
[2023-09-01T10:34:16.284+0000] {processor.py:154} INFO - Started process (PID=347) to work on /home/airflow/.local/lib/python3.7/site-packages/airflow/example_dags/example_skip_dag.py
[2023-09-01T10:34:16.295+0000] {processor.py:756} INFO - Processing file /home/airflow/.local/lib/python3.7/site-packages/airflow/example_dags/example_skip_dag.py for tasks to queue
[2023-09-01T10:34:16.301+0000] {logging_mixin.py:120} INFO - [2023-09-01T10:34:16.300+0000] {dagbag.py:537} INFO - Filling up the DagBag from /home/airflow/.local/lib/python3.7/site-packages/airflow/example_dags/example_skip_dag.py
[2023-09-01T10:34:16.379+0000] {processor.py:766} INFO - DAG(s) dict_keys(['example_skip_dag']) retrieved from /home/airflow/.local/lib/python3.7/site-packages/airflow/example_dags/example_skip_dag.py
[2023-09-01T10:34:16.558+0000] {logging_mixin.py:120} INFO - [2023-09-01T10:34:16.558+0000] {dag.py:2585} INFO - Sync 1 DAGs
[2023-09-01T10:34:16.671+0000] {logging_mixin.py:120} INFO - [2023-09-01T10:34:16.671+0000] {dag.py:3340} INFO - Setting next_dagrun for example_skip_dag to 2023-08-31T10:34:16.671157+00:00, run_after=2023-09-01T10:34:16.671157+00:00
[2023-09-01T10:34:16.735+0000] {processor.py:176} INFO - Processing /home/airflow/.local/lib/python3.7/site-packages/airflow/example_dags/example_skip_dag.py took 0.467 seconds
[2023-09-01T10:34:47.004+0000] {processor.py:154} INFO - Started process (PID=400) to work on /home/airflow/.local/lib/python3.7/site-packages/airflow/example_dags/example_skip_dag.py
[2023-09-01T10:34:47.007+0000] {processor.py:756} INFO - Processing file /home/airflow/.local/lib/python3.7/site-packages/airflow/example_dags/example_skip_dag.py for tasks to queue
[2023-09-01T10:34:47.010+0000] {logging_mixin.py:120} INFO - [2023-09-01T10:34:47.010+0000] {dagbag.py:537} INFO - Filling up the DagBag from /home/airflow/.local/lib/python3.7/site-packages/airflow/example_dags/example_skip_dag.py
[2023-09-01T10:34:47.079+0000] {processor.py:766} INFO - DAG(s) dict_keys(['example_skip_dag']) retrieved from /home/airflow/.local/lib/python3.7/site-packages/airflow/example_dags/example_skip_dag.py
[2023-09-01T10:34:47.162+0000] {logging_mixin.py:120} INFO - [2023-09-01T10:34:47.162+0000] {dag.py:2585} INFO - Sync 1 DAGs
[2023-09-01T10:34:47.206+0000] {logging_mixin.py:120} INFO - [2023-09-01T10:34:47.206+0000] {dag.py:3340} INFO - Setting next_dagrun for example_skip_dag to 2023-08-31T10:34:47.205726+00:00, run_after=2023-09-01T10:34:47.205726+00:00
[2023-09-01T10:34:47.235+0000] {processor.py:176} INFO - Processing /home/airflow/.local/lib/python3.7/site-packages/airflow/example_dags/example_skip_dag.py took 0.237 seconds
[2023-09-01T10:35:17.339+0000] {processor.py:154} INFO - Started process (PID=453) to work on /home/airflow/.local/lib/python3.7/site-packages/airflow/example_dags/example_skip_dag.py
[2023-09-01T10:35:17.341+0000] {processor.py:756} INFO - Processing file /home/airflow/.local/lib/python3.7/site-packages/airflow/example_dags/example_skip_dag.py for tasks to queue
[2023-09-01T10:35:17.343+0000] {logging_mixin.py:120} INFO - [2023-09-01T10:35:17.343+0000] {dagbag.py:537} INFO - Filling up the DagBag from /home/airflow/.local/lib/python3.7/site-packages/airflow/example_dags/example_skip_dag.py
[2023-09-01T10:35:17.365+0000] {processor.py:766} INFO - DAG(s) dict_keys(['example_skip_dag']) retrieved from /home/airflow/.local/lib/python3.7/site-packages/airflow/example_dags/example_skip_dag.py
[2023-09-01T10:35:17.430+0000] {logging_mixin.py:120} INFO - [2023-09-01T10:35:17.430+0000] {dag.py:2585} INFO - Sync 1 DAGs
[2023-09-01T10:35:17.469+0000] {logging_mixin.py:120} INFO - [2023-09-01T10:35:17.469+0000] {dag.py:3340} INFO - Setting next_dagrun for example_skip_dag to 2023-08-31T10:35:17.469285+00:00, run_after=2023-09-01T10:35:17.469285+00:00
[2023-09-01T10:35:17.509+0000] {processor.py:176} INFO - Processing /home/airflow/.local/lib/python3.7/site-packages/airflow/example_dags/example_skip_dag.py took 0.183 seconds
[2023-09-01T10:35:51.671+0000] {processor.py:154} INFO - Started process (PID=517) to work on /home/airflow/.local/lib/python3.7/site-packages/airflow/example_dags/example_skip_dag.py
[2023-09-01T10:35:51.683+0000] {processor.py:756} INFO - Processing file /home/airflow/.local/lib/python3.7/site-packages/airflow/example_dags/example_skip_dag.py for tasks to queue
[2023-09-01T10:35:51.686+0000] {logging_mixin.py:120} INFO - [2023-09-01T10:35:51.686+0000] {dagbag.py:537} INFO - Filling up the DagBag from /home/airflow/.local/lib/python3.7/site-packages/airflow/example_dags/example_skip_dag.py
[2023-09-01T10:35:51.858+0000] {processor.py:766} INFO - DAG(s) dict_keys(['example_skip_dag']) retrieved from /home/airflow/.local/lib/python3.7/site-packages/airflow/example_dags/example_skip_dag.py
[2023-09-01T10:35:52.270+0000] {logging_mixin.py:120} INFO - [2023-09-01T10:35:52.270+0000] {dag.py:2585} INFO - Sync 1 DAGs
[2023-09-01T10:35:52.439+0000] {logging_mixin.py:120} INFO - [2023-09-01T10:35:52.439+0000] {dag.py:3340} INFO - Setting next_dagrun for example_skip_dag to 2023-08-31T10:35:52.438722+00:00, run_after=2023-09-01T10:35:52.438722+00:00
[2023-09-01T10:35:52.541+0000] {processor.py:176} INFO - Processing /home/airflow/.local/lib/python3.7/site-packages/airflow/example_dags/example_skip_dag.py took 0.909 seconds
[2023-09-01T10:36:23.685+0000] {processor.py:154} INFO - Started process (PID=572) to work on /home/airflow/.local/lib/python3.7/site-packages/airflow/example_dags/example_skip_dag.py
[2023-09-01T10:36:23.692+0000] {processor.py:756} INFO - Processing file /home/airflow/.local/lib/python3.7/site-packages/airflow/example_dags/example_skip_dag.py for tasks to queue
[2023-09-01T10:36:23.697+0000] {logging_mixin.py:120} INFO - [2023-09-01T10:36:23.696+0000] {dagbag.py:537} INFO - Filling up the DagBag from /home/airflow/.local/lib/python3.7/site-packages/airflow/example_dags/example_skip_dag.py
[2023-09-01T10:36:23.808+0000] {processor.py:766} INFO - DAG(s) dict_keys(['example_skip_dag']) retrieved from /home/airflow/.local/lib/python3.7/site-packages/airflow/example_dags/example_skip_dag.py
[2023-09-01T10:36:24.051+0000] {logging_mixin.py:120} INFO - [2023-09-01T10:36:24.051+0000] {dag.py:2585} INFO - Sync 1 DAGs
[2023-09-01T10:36:24.151+0000] {logging_mixin.py:120} INFO - [2023-09-01T10:36:24.151+0000] {dag.py:3340} INFO - Setting next_dagrun for example_skip_dag to 2023-08-31T10:36:24.151201+00:00, run_after=2023-09-01T10:36:24.151201+00:00
[2023-09-01T10:36:24.228+0000] {processor.py:176} INFO - Processing /home/airflow/.local/lib/python3.7/site-packages/airflow/example_dags/example_skip_dag.py took 0.563 seconds
[2023-09-01T10:36:54.495+0000] {processor.py:154} INFO - Started process (PID=627) to work on /home/airflow/.local/lib/python3.7/site-packages/airflow/example_dags/example_skip_dag.py
[2023-09-01T10:36:54.511+0000] {processor.py:756} INFO - Processing file /home/airflow/.local/lib/python3.7/site-packages/airflow/example_dags/example_skip_dag.py for tasks to queue
[2023-09-01T10:36:54.537+0000] {logging_mixin.py:120} INFO - [2023-09-01T10:36:54.523+0000] {dagbag.py:537} INFO - Filling up the DagBag from /home/airflow/.local/lib/python3.7/site-packages/airflow/example_dags/example_skip_dag.py
[2023-09-01T10:36:54.770+0000] {processor.py:766} INFO - DAG(s) dict_keys(['example_skip_dag']) retrieved from /home/airflow/.local/lib/python3.7/site-packages/airflow/example_dags/example_skip_dag.py
[2023-09-01T10:36:54.957+0000] {logging_mixin.py:120} INFO - [2023-09-01T10:36:54.957+0000] {dag.py:2585} INFO - Sync 1 DAGs
[2023-09-01T10:36:55.225+0000] {logging_mixin.py:120} INFO - [2023-09-01T10:36:55.225+0000] {dag.py:3340} INFO - Setting next_dagrun for example_skip_dag to 2023-08-31T10:36:55.115723+00:00, run_after=2023-09-01T10:36:55.115723+00:00
[2023-09-01T10:36:55.315+0000] {processor.py:176} INFO - Processing /home/airflow/.local/lib/python3.7/site-packages/airflow/example_dags/example_skip_dag.py took 0.843 seconds
[2023-09-01T10:37:26.424+0000] {processor.py:154} INFO - Started process (PID=683) to work on /home/airflow/.local/lib/python3.7/site-packages/airflow/example_dags/example_skip_dag.py
[2023-09-01T10:37:26.440+0000] {processor.py:756} INFO - Processing file /home/airflow/.local/lib/python3.7/site-packages/airflow/example_dags/example_skip_dag.py for tasks to queue
[2023-09-01T10:37:26.461+0000] {logging_mixin.py:120} INFO - [2023-09-01T10:37:26.461+0000] {dagbag.py:537} INFO - Filling up the DagBag from /home/airflow/.local/lib/python3.7/site-packages/airflow/example_dags/example_skip_dag.py
[2023-09-01T10:37:26.617+0000] {processor.py:766} INFO - DAG(s) dict_keys(['example_skip_dag']) retrieved from /home/airflow/.local/lib/python3.7/site-packages/airflow/example_dags/example_skip_dag.py
[2023-09-01T10:37:27.161+0000] {logging_mixin.py:120} INFO - [2023-09-01T10:37:27.160+0000] {dag.py:2585} INFO - Sync 1 DAGs
[2023-09-01T10:37:27.503+0000] {logging_mixin.py:120} INFO - [2023-09-01T10:37:27.498+0000] {dag.py:3340} INFO - Setting next_dagrun for example_skip_dag to 2023-08-31T10:37:27.494111+00:00, run_after=2023-09-01T10:37:27.494111+00:00
[2023-09-01T10:37:27.762+0000] {processor.py:176} INFO - Processing /home/airflow/.local/lib/python3.7/site-packages/airflow/example_dags/example_skip_dag.py took 1.366 seconds
[2023-09-01T10:38:00.295+0000] {processor.py:154} INFO - Started process (PID=737) to work on /home/airflow/.local/lib/python3.7/site-packages/airflow/example_dags/example_skip_dag.py
[2023-09-01T10:38:00.299+0000] {processor.py:756} INFO - Processing file /home/airflow/.local/lib/python3.7/site-packages/airflow/example_dags/example_skip_dag.py for tasks to queue
[2023-09-01T10:38:00.303+0000] {logging_mixin.py:120} INFO - [2023-09-01T10:38:00.302+0000] {dagbag.py:537} INFO - Filling up the DagBag from /home/airflow/.local/lib/python3.7/site-packages/airflow/example_dags/example_skip_dag.py
[2023-09-01T10:38:00.428+0000] {processor.py:766} INFO - DAG(s) dict_keys(['example_skip_dag']) retrieved from /home/airflow/.local/lib/python3.7/site-packages/airflow/example_dags/example_skip_dag.py
[2023-09-01T10:38:01.878+0000] {logging_mixin.py:120} INFO - [2023-09-01T10:38:01.877+0000] {dag.py:2585} INFO - Sync 1 DAGs
[2023-09-01T10:38:02.309+0000] {logging_mixin.py:120} INFO - [2023-09-01T10:38:02.309+0000] {dag.py:3340} INFO - Setting next_dagrun for example_skip_dag to 2023-08-31T10:38:02.308806+00:00, run_after=2023-09-01T10:38:02.308806+00:00
[2023-09-01T10:38:02.540+0000] {processor.py:176} INFO - Processing /home/airflow/.local/lib/python3.7/site-packages/airflow/example_dags/example_skip_dag.py took 2.274 seconds
