[2023-09-01T10:29:52.298+0000] {processor.py:154} INFO - Started process (PID=52) to work on /home/airflow/.local/lib/python3.7/site-packages/airflow/example_dags/example_sla_dag.py
[2023-09-01T10:29:52.309+0000] {processor.py:756} INFO - Processing file /home/airflow/.local/lib/python3.7/site-packages/airflow/example_dags/example_sla_dag.py for tasks to queue
[2023-09-01T10:29:52.322+0000] {logging_mixin.py:120} INFO - [2023-09-01T10:29:52.322+0000] {dagbag.py:537} INFO - Filling up the DagBag from /home/airflow/.local/lib/python3.7/site-packages/airflow/example_dags/example_sla_dag.py
[2023-09-01T10:29:52.659+0000] {processor.py:766} INFO - DAG(s) dict_keys(['example_sla_dag']) retrieved from /home/airflow/.local/lib/python3.7/site-packages/airflow/example_dags/example_sla_dag.py
[2023-09-01T10:29:53.919+0000] {logging_mixin.py:120} INFO - [2023-09-01T10:29:53.919+0000] {manager.py:507} INFO - Created Permission View: can delete on DAG:example_sla_dag
[2023-09-01T10:29:54.008+0000] {logging_mixin.py:120} INFO - [2023-09-01T10:29:54.008+0000] {manager.py:507} INFO - Created Permission View: can read on DAG:example_sla_dag
[2023-09-01T10:29:54.086+0000] {logging_mixin.py:120} INFO - [2023-09-01T10:29:54.086+0000] {manager.py:507} INFO - Created Permission View: can edit on DAG:example_sla_dag
[2023-09-01T10:29:54.095+0000] {logging_mixin.py:120} INFO - [2023-09-01T10:29:54.092+0000] {dag.py:2585} INFO - Sync 1 DAGs
[2023-09-01T10:29:54.235+0000] {logging_mixin.py:120} INFO - [2023-09-01T10:29:54.234+0000] {dag.py:2606} INFO - Creating ORM DAG for example_sla_dag
[2023-09-01T10:29:54.345+0000] {logging_mixin.py:120} INFO - [2023-09-01T10:29:54.345+0000] {dag.py:3340} INFO - Setting next_dagrun for example_sla_dag to 2023-09-01T10:26:00+00:00, run_after=2023-09-01T10:28:00+00:00
[2023-09-01T10:29:54.488+0000] {processor.py:176} INFO - Processing /home/airflow/.local/lib/python3.7/site-packages/airflow/example_dags/example_sla_dag.py took 2.239 seconds
[2023-09-01T10:30:51.279+0000] {processor.py:154} INFO - Started process (PID=114) to work on /home/airflow/.local/lib/python3.7/site-packages/airflow/example_dags/example_sla_dag.py
[2023-09-01T10:30:51.345+0000] {processor.py:756} INFO - Processing file /home/airflow/.local/lib/python3.7/site-packages/airflow/example_dags/example_sla_dag.py for tasks to queue
[2023-09-01T10:30:51.349+0000] {logging_mixin.py:120} INFO - [2023-09-01T10:30:51.349+0000] {dagbag.py:537} INFO - Filling up the DagBag from /home/airflow/.local/lib/python3.7/site-packages/airflow/example_dags/example_sla_dag.py
[2023-09-01T10:30:52.207+0000] {processor.py:766} INFO - DAG(s) dict_keys(['example_sla_dag']) retrieved from /home/airflow/.local/lib/python3.7/site-packages/airflow/example_dags/example_sla_dag.py
[2023-09-01T10:30:53.134+0000] {logging_mixin.py:120} INFO - [2023-09-01T10:30:53.133+0000] {dag.py:2585} INFO - Sync 1 DAGs
[2023-09-01T10:30:53.671+0000] {logging_mixin.py:120} INFO - [2023-09-01T10:30:53.668+0000] {dag.py:3340} INFO - Setting next_dagrun for example_sla_dag to 2023-09-01T10:28:00+00:00, run_after=2023-09-01T10:30:00+00:00
[2023-09-01T10:30:54.034+0000] {processor.py:176} INFO - Processing /home/airflow/.local/lib/python3.7/site-packages/airflow/example_dags/example_sla_dag.py took 2.797 seconds
[2023-09-01T10:31:50.986+0000] {processor.py:154} INFO - Started process (PID=162) to work on /home/airflow/.local/lib/python3.7/site-packages/airflow/example_dags/example_sla_dag.py
[2023-09-01T10:31:51.008+0000] {processor.py:756} INFO - Processing file /home/airflow/.local/lib/python3.7/site-packages/airflow/example_dags/example_sla_dag.py for tasks to queue
[2023-09-01T10:31:51.032+0000] {logging_mixin.py:120} INFO - [2023-09-01T10:31:51.031+0000] {dagbag.py:537} INFO - Filling up the DagBag from /home/airflow/.local/lib/python3.7/site-packages/airflow/example_dags/example_sla_dag.py
[2023-09-01T10:31:52.546+0000] {processor.py:766} INFO - DAG(s) dict_keys(['example_sla_dag']) retrieved from /home/airflow/.local/lib/python3.7/site-packages/airflow/example_dags/example_sla_dag.py
[2023-09-01T10:31:53.940+0000] {logging_mixin.py:120} INFO - [2023-09-01T10:31:53.939+0000] {dag.py:2585} INFO - Sync 1 DAGs
[2023-09-01T10:31:56.634+0000] {logging_mixin.py:120} INFO - [2023-09-01T10:31:56.633+0000] {dag.py:3340} INFO - Setting next_dagrun for example_sla_dag to 2023-09-01T10:28:00+00:00, run_after=2023-09-01T10:30:00+00:00
[2023-09-01T10:31:59.531+0000] {processor.py:176} INFO - Processing /home/airflow/.local/lib/python3.7/site-packages/airflow/example_dags/example_sla_dag.py took 8.617 seconds
[2023-09-01T10:32:58.340+0000] {processor.py:154} INFO - Started process (PID=219) to work on /home/airflow/.local/lib/python3.7/site-packages/airflow/example_dags/example_sla_dag.py
[2023-09-01T10:32:58.354+0000] {processor.py:756} INFO - Processing file /home/airflow/.local/lib/python3.7/site-packages/airflow/example_dags/example_sla_dag.py for tasks to queue
[2023-09-01T10:32:58.357+0000] {logging_mixin.py:120} INFO - [2023-09-01T10:32:58.356+0000] {dagbag.py:537} INFO - Filling up the DagBag from /home/airflow/.local/lib/python3.7/site-packages/airflow/example_dags/example_sla_dag.py
[2023-09-01T10:32:58.577+0000] {processor.py:766} INFO - DAG(s) dict_keys(['example_sla_dag']) retrieved from /home/airflow/.local/lib/python3.7/site-packages/airflow/example_dags/example_sla_dag.py
[2023-09-01T10:32:58.816+0000] {logging_mixin.py:120} INFO - [2023-09-01T10:32:58.815+0000] {dag.py:2585} INFO - Sync 1 DAGs
[2023-09-01T10:32:59.048+0000] {logging_mixin.py:120} INFO - [2023-09-01T10:32:59.047+0000] {dag.py:3340} INFO - Setting next_dagrun for example_sla_dag to 2023-09-01T10:30:00+00:00, run_after=2023-09-01T10:32:00+00:00
[2023-09-01T10:32:59.246+0000] {processor.py:176} INFO - Processing /home/airflow/.local/lib/python3.7/site-packages/airflow/example_dags/example_sla_dag.py took 0.919 seconds
[2023-09-01T10:33:30.090+0000] {processor.py:154} INFO - Started process (PID=273) to work on /home/airflow/.local/lib/python3.7/site-packages/airflow/example_dags/example_sla_dag.py
[2023-09-01T10:33:30.094+0000] {processor.py:756} INFO - Processing file /home/airflow/.local/lib/python3.7/site-packages/airflow/example_dags/example_sla_dag.py for tasks to queue
[2023-09-01T10:33:30.096+0000] {logging_mixin.py:120} INFO - [2023-09-01T10:33:30.095+0000] {dagbag.py:537} INFO - Filling up the DagBag from /home/airflow/.local/lib/python3.7/site-packages/airflow/example_dags/example_sla_dag.py
[2023-09-01T10:33:30.145+0000] {processor.py:766} INFO - DAG(s) dict_keys(['example_sla_dag']) retrieved from /home/airflow/.local/lib/python3.7/site-packages/airflow/example_dags/example_sla_dag.py
[2023-09-01T10:33:30.217+0000] {logging_mixin.py:120} INFO - [2023-09-01T10:33:30.217+0000] {dag.py:2585} INFO - Sync 1 DAGs
[2023-09-01T10:33:30.266+0000] {logging_mixin.py:120} INFO - [2023-09-01T10:33:30.266+0000] {dag.py:3340} INFO - Setting next_dagrun for example_sla_dag to 2023-09-01T10:30:00+00:00, run_after=2023-09-01T10:32:00+00:00
[2023-09-01T10:33:30.300+0000] {processor.py:176} INFO - Processing /home/airflow/.local/lib/python3.7/site-packages/airflow/example_dags/example_sla_dag.py took 0.216 seconds
[2023-09-01T10:34:02.251+0000] {processor.py:154} INFO - Started process (PID=327) to work on /home/airflow/.local/lib/python3.7/site-packages/airflow/example_dags/example_sla_dag.py
[2023-09-01T10:34:02.301+0000] {processor.py:756} INFO - Processing file /home/airflow/.local/lib/python3.7/site-packages/airflow/example_dags/example_sla_dag.py for tasks to queue
[2023-09-01T10:34:02.723+0000] {logging_mixin.py:120} INFO - [2023-09-01T10:34:02.619+0000] {dagbag.py:537} INFO - Filling up the DagBag from /home/airflow/.local/lib/python3.7/site-packages/airflow/example_dags/example_sla_dag.py
[2023-09-01T10:34:03.409+0000] {processor.py:766} INFO - DAG(s) dict_keys(['example_sla_dag']) retrieved from /home/airflow/.local/lib/python3.7/site-packages/airflow/example_dags/example_sla_dag.py
[2023-09-01T10:34:09.226+0000] {logging_mixin.py:120} INFO - [2023-09-01T10:34:09.108+0000] {dag.py:2585} INFO - Sync 1 DAGs
[2023-09-01T10:34:10.635+0000] {logging_mixin.py:120} INFO - [2023-09-01T10:34:10.635+0000] {dag.py:3340} INFO - Setting next_dagrun for example_sla_dag to 2023-09-01T10:32:00+00:00, run_after=2023-09-01T10:34:00+00:00
[2023-09-01T10:34:11.078+0000] {processor.py:176} INFO - Processing /home/airflow/.local/lib/python3.7/site-packages/airflow/example_dags/example_sla_dag.py took 8.872 seconds
[2023-09-01T10:34:41.995+0000] {processor.py:154} INFO - Started process (PID=386) to work on /home/airflow/.local/lib/python3.7/site-packages/airflow/example_dags/example_sla_dag.py
[2023-09-01T10:34:41.998+0000] {processor.py:756} INFO - Processing file /home/airflow/.local/lib/python3.7/site-packages/airflow/example_dags/example_sla_dag.py for tasks to queue
[2023-09-01T10:34:42.003+0000] {logging_mixin.py:120} INFO - [2023-09-01T10:34:42.002+0000] {dagbag.py:537} INFO - Filling up the DagBag from /home/airflow/.local/lib/python3.7/site-packages/airflow/example_dags/example_sla_dag.py
[2023-09-01T10:34:42.044+0000] {processor.py:766} INFO - DAG(s) dict_keys(['example_sla_dag']) retrieved from /home/airflow/.local/lib/python3.7/site-packages/airflow/example_dags/example_sla_dag.py
[2023-09-01T10:34:42.104+0000] {logging_mixin.py:120} INFO - [2023-09-01T10:34:42.104+0000] {dag.py:2585} INFO - Sync 1 DAGs
[2023-09-01T10:34:42.142+0000] {logging_mixin.py:120} INFO - [2023-09-01T10:34:42.142+0000] {dag.py:3340} INFO - Setting next_dagrun for example_sla_dag to 2023-09-01T10:32:00+00:00, run_after=2023-09-01T10:34:00+00:00
[2023-09-01T10:34:42.178+0000] {processor.py:176} INFO - Processing /home/airflow/.local/lib/python3.7/site-packages/airflow/example_dags/example_sla_dag.py took 0.198 seconds
[2023-09-01T10:35:12.287+0000] {processor.py:154} INFO - Started process (PID=442) to work on /home/airflow/.local/lib/python3.7/site-packages/airflow/example_dags/example_sla_dag.py
[2023-09-01T10:35:12.291+0000] {processor.py:756} INFO - Processing file /home/airflow/.local/lib/python3.7/site-packages/airflow/example_dags/example_sla_dag.py for tasks to queue
[2023-09-01T10:35:12.293+0000] {logging_mixin.py:120} INFO - [2023-09-01T10:35:12.293+0000] {dagbag.py:537} INFO - Filling up the DagBag from /home/airflow/.local/lib/python3.7/site-packages/airflow/example_dags/example_sla_dag.py
[2023-09-01T10:35:12.326+0000] {processor.py:766} INFO - DAG(s) dict_keys(['example_sla_dag']) retrieved from /home/airflow/.local/lib/python3.7/site-packages/airflow/example_dags/example_sla_dag.py
[2023-09-01T10:35:12.402+0000] {logging_mixin.py:120} INFO - [2023-09-01T10:35:12.402+0000] {dag.py:2585} INFO - Sync 1 DAGs
[2023-09-01T10:35:12.448+0000] {logging_mixin.py:120} INFO - [2023-09-01T10:35:12.448+0000] {dag.py:3340} INFO - Setting next_dagrun for example_sla_dag to 2023-09-01T10:32:00+00:00, run_after=2023-09-01T10:34:00+00:00
[2023-09-01T10:35:12.481+0000] {processor.py:176} INFO - Processing /home/airflow/.local/lib/python3.7/site-packages/airflow/example_dags/example_sla_dag.py took 0.198 seconds
[2023-09-01T10:35:42.662+0000] {processor.py:154} INFO - Started process (PID=497) to work on /home/airflow/.local/lib/python3.7/site-packages/airflow/example_dags/example_sla_dag.py
[2023-09-01T10:35:42.667+0000] {processor.py:756} INFO - Processing file /home/airflow/.local/lib/python3.7/site-packages/airflow/example_dags/example_sla_dag.py for tasks to queue
[2023-09-01T10:35:42.669+0000] {logging_mixin.py:120} INFO - [2023-09-01T10:35:42.669+0000] {dagbag.py:537} INFO - Filling up the DagBag from /home/airflow/.local/lib/python3.7/site-packages/airflow/example_dags/example_sla_dag.py
[2023-09-01T10:35:42.706+0000] {processor.py:766} INFO - DAG(s) dict_keys(['example_sla_dag']) retrieved from /home/airflow/.local/lib/python3.7/site-packages/airflow/example_dags/example_sla_dag.py
[2023-09-01T10:35:42.767+0000] {logging_mixin.py:120} INFO - [2023-09-01T10:35:42.767+0000] {dag.py:2585} INFO - Sync 1 DAGs
[2023-09-01T10:35:42.808+0000] {logging_mixin.py:120} INFO - [2023-09-01T10:35:42.808+0000] {dag.py:3340} INFO - Setting next_dagrun for example_sla_dag to 2023-09-01T10:32:00+00:00, run_after=2023-09-01T10:34:00+00:00
[2023-09-01T10:35:42.843+0000] {processor.py:176} INFO - Processing /home/airflow/.local/lib/python3.7/site-packages/airflow/example_dags/example_sla_dag.py took 0.190 seconds
[2023-09-01T10:36:13.513+0000] {processor.py:154} INFO - Started process (PID=551) to work on /home/airflow/.local/lib/python3.7/site-packages/airflow/example_dags/example_sla_dag.py
[2023-09-01T10:36:13.517+0000] {processor.py:756} INFO - Processing file /home/airflow/.local/lib/python3.7/site-packages/airflow/example_dags/example_sla_dag.py for tasks to queue
[2023-09-01T10:36:13.520+0000] {logging_mixin.py:120} INFO - [2023-09-01T10:36:13.519+0000] {dagbag.py:537} INFO - Filling up the DagBag from /home/airflow/.local/lib/python3.7/site-packages/airflow/example_dags/example_sla_dag.py
[2023-09-01T10:36:13.554+0000] {processor.py:766} INFO - DAG(s) dict_keys(['example_sla_dag']) retrieved from /home/airflow/.local/lib/python3.7/site-packages/airflow/example_dags/example_sla_dag.py
[2023-09-01T10:36:13.613+0000] {logging_mixin.py:120} INFO - [2023-09-01T10:36:13.613+0000] {dag.py:2585} INFO - Sync 1 DAGs
[2023-09-01T10:36:13.655+0000] {logging_mixin.py:120} INFO - [2023-09-01T10:36:13.655+0000] {dag.py:3340} INFO - Setting next_dagrun for example_sla_dag to 2023-09-01T10:34:00+00:00, run_after=2023-09-01T10:36:00+00:00
[2023-09-01T10:36:13.688+0000] {processor.py:176} INFO - Processing /home/airflow/.local/lib/python3.7/site-packages/airflow/example_dags/example_sla_dag.py took 0.185 seconds
[2023-09-01T10:36:44.375+0000] {processor.py:154} INFO - Started process (PID=607) to work on /home/airflow/.local/lib/python3.7/site-packages/airflow/example_dags/example_sla_dag.py
[2023-09-01T10:36:44.404+0000] {processor.py:756} INFO - Processing file /home/airflow/.local/lib/python3.7/site-packages/airflow/example_dags/example_sla_dag.py for tasks to queue
[2023-09-01T10:36:44.431+0000] {logging_mixin.py:120} INFO - [2023-09-01T10:36:44.426+0000] {dagbag.py:537} INFO - Filling up the DagBag from /home/airflow/.local/lib/python3.7/site-packages/airflow/example_dags/example_sla_dag.py
[2023-09-01T10:36:44.642+0000] {processor.py:766} INFO - DAG(s) dict_keys(['example_sla_dag']) retrieved from /home/airflow/.local/lib/python3.7/site-packages/airflow/example_dags/example_sla_dag.py
[2023-09-01T10:36:44.811+0000] {logging_mixin.py:120} INFO - [2023-09-01T10:36:44.811+0000] {dag.py:2585} INFO - Sync 1 DAGs
[2023-09-01T10:36:44.956+0000] {logging_mixin.py:120} INFO - [2023-09-01T10:36:44.954+0000] {dag.py:3340} INFO - Setting next_dagrun for example_sla_dag to 2023-09-01T10:34:00+00:00, run_after=2023-09-01T10:36:00+00:00
[2023-09-01T10:36:45.051+0000] {processor.py:176} INFO - Processing /home/airflow/.local/lib/python3.7/site-packages/airflow/example_dags/example_sla_dag.py took 0.689 seconds
[2023-09-01T10:37:15.445+0000] {processor.py:154} INFO - Started process (PID=662) to work on /home/airflow/.local/lib/python3.7/site-packages/airflow/example_dags/example_sla_dag.py
[2023-09-01T10:37:15.448+0000] {processor.py:756} INFO - Processing file /home/airflow/.local/lib/python3.7/site-packages/airflow/example_dags/example_sla_dag.py for tasks to queue
[2023-09-01T10:37:15.453+0000] {logging_mixin.py:120} INFO - [2023-09-01T10:37:15.452+0000] {dagbag.py:537} INFO - Filling up the DagBag from /home/airflow/.local/lib/python3.7/site-packages/airflow/example_dags/example_sla_dag.py
[2023-09-01T10:37:15.513+0000] {processor.py:766} INFO - DAG(s) dict_keys(['example_sla_dag']) retrieved from /home/airflow/.local/lib/python3.7/site-packages/airflow/example_dags/example_sla_dag.py
[2023-09-01T10:37:15.617+0000] {logging_mixin.py:120} INFO - [2023-09-01T10:37:15.617+0000] {dag.py:2585} INFO - Sync 1 DAGs
[2023-09-01T10:37:15.695+0000] {logging_mixin.py:120} INFO - [2023-09-01T10:37:15.695+0000] {dag.py:3340} INFO - Setting next_dagrun for example_sla_dag to 2023-09-01T10:34:00+00:00, run_after=2023-09-01T10:36:00+00:00
[2023-09-01T10:37:15.736+0000] {processor.py:176} INFO - Processing /home/airflow/.local/lib/python3.7/site-packages/airflow/example_dags/example_sla_dag.py took 0.303 seconds
[2023-09-01T10:37:46.135+0000] {processor.py:154} INFO - Started process (PID=717) to work on /home/airflow/.local/lib/python3.7/site-packages/airflow/example_dags/example_sla_dag.py
[2023-09-01T10:37:46.147+0000] {processor.py:756} INFO - Processing file /home/airflow/.local/lib/python3.7/site-packages/airflow/example_dags/example_sla_dag.py for tasks to queue
[2023-09-01T10:37:46.151+0000] {logging_mixin.py:120} INFO - [2023-09-01T10:37:46.151+0000] {dagbag.py:537} INFO - Filling up the DagBag from /home/airflow/.local/lib/python3.7/site-packages/airflow/example_dags/example_sla_dag.py
[2023-09-01T10:37:46.329+0000] {processor.py:766} INFO - DAG(s) dict_keys(['example_sla_dag']) retrieved from /home/airflow/.local/lib/python3.7/site-packages/airflow/example_dags/example_sla_dag.py
[2023-09-01T10:37:46.584+0000] {logging_mixin.py:120} INFO - [2023-09-01T10:37:46.583+0000] {dag.py:2585} INFO - Sync 1 DAGs
[2023-09-01T10:37:47.243+0000] {logging_mixin.py:120} INFO - [2023-09-01T10:37:47.242+0000] {dag.py:3340} INFO - Setting next_dagrun for example_sla_dag to 2023-09-01T10:34:00+00:00, run_after=2023-09-01T10:36:00+00:00
[2023-09-01T10:37:47.507+0000] {processor.py:176} INFO - Processing /home/airflow/.local/lib/python3.7/site-packages/airflow/example_dags/example_sla_dag.py took 1.405 seconds
