[2023-09-01T10:30:28.158+0000] {processor.py:154} INFO - Started process (PID=88) to work on /home/airflow/.local/lib/python3.7/site-packages/airflow/example_dags/example_datasets.py
[2023-09-01T10:30:28.176+0000] {processor.py:756} INFO - Processing file /home/airflow/.local/lib/python3.7/site-packages/airflow/example_dags/example_datasets.py for tasks to queue
[2023-09-01T10:30:28.192+0000] {logging_mixin.py:120} INFO - [2023-09-01T10:30:28.192+0000] {dagbag.py:537} INFO - Filling up the DagBag from /home/airflow/.local/lib/python3.7/site-packages/airflow/example_dags/example_datasets.py
[2023-09-01T10:30:28.392+0000] {processor.py:766} INFO - DAG(s) dict_keys(['dataset_consumes_unknown_never_scheduled', 'dataset_consumes_1_and_2', 'dataset_consumes_1', 'dataset_consumes_1_never_scheduled', 'dataset_produces_2', 'dataset_produces_1']) retrieved from /home/airflow/.local/lib/python3.7/site-packages/airflow/example_dags/example_datasets.py
[2023-09-01T10:30:30.081+0000] {logging_mixin.py:120} INFO - [2023-09-01T10:30:30.080+0000] {manager.py:507} INFO - Created Permission View: can delete on DAG:dataset_consumes_unknown_never_scheduled
[2023-09-01T10:30:30.159+0000] {logging_mixin.py:120} INFO - [2023-09-01T10:30:30.158+0000] {manager.py:507} INFO - Created Permission View: can read on DAG:dataset_consumes_unknown_never_scheduled
[2023-09-01T10:30:30.223+0000] {logging_mixin.py:120} INFO - [2023-09-01T10:30:30.223+0000] {manager.py:507} INFO - Created Permission View: can edit on DAG:dataset_consumes_unknown_never_scheduled
[2023-09-01T10:30:30.355+0000] {logging_mixin.py:120} INFO - [2023-09-01T10:30:30.354+0000] {manager.py:507} INFO - Created Permission View: can delete on DAG:dataset_consumes_1_and_2
[2023-09-01T10:30:30.421+0000] {logging_mixin.py:120} INFO - [2023-09-01T10:30:30.421+0000] {manager.py:507} INFO - Created Permission View: can read on DAG:dataset_consumes_1_and_2
[2023-09-01T10:30:30.494+0000] {logging_mixin.py:120} INFO - [2023-09-01T10:30:30.494+0000] {manager.py:507} INFO - Created Permission View: can edit on DAG:dataset_consumes_1_and_2
[2023-09-01T10:30:30.622+0000] {logging_mixin.py:120} INFO - [2023-09-01T10:30:30.621+0000] {manager.py:507} INFO - Created Permission View: can delete on DAG:dataset_consumes_1
[2023-09-01T10:30:30.693+0000] {logging_mixin.py:120} INFO - [2023-09-01T10:30:30.693+0000] {manager.py:507} INFO - Created Permission View: can read on DAG:dataset_consumes_1
[2023-09-01T10:30:30.748+0000] {logging_mixin.py:120} INFO - [2023-09-01T10:30:30.748+0000] {manager.py:507} INFO - Created Permission View: can edit on DAG:dataset_consumes_1
[2023-09-01T10:30:30.874+0000] {logging_mixin.py:120} INFO - [2023-09-01T10:30:30.874+0000] {manager.py:507} INFO - Created Permission View: can delete on DAG:dataset_consumes_1_never_scheduled
[2023-09-01T10:30:30.919+0000] {logging_mixin.py:120} INFO - [2023-09-01T10:30:30.919+0000] {manager.py:507} INFO - Created Permission View: can read on DAG:dataset_consumes_1_never_scheduled
[2023-09-01T10:30:30.972+0000] {logging_mixin.py:120} INFO - [2023-09-01T10:30:30.971+0000] {manager.py:507} INFO - Created Permission View: can edit on DAG:dataset_consumes_1_never_scheduled
[2023-09-01T10:30:31.065+0000] {logging_mixin.py:120} INFO - [2023-09-01T10:30:31.063+0000] {manager.py:507} INFO - Created Permission View: can delete on DAG:dataset_produces_2
[2023-09-01T10:30:31.121+0000] {logging_mixin.py:120} INFO - [2023-09-01T10:30:31.120+0000] {manager.py:507} INFO - Created Permission View: can read on DAG:dataset_produces_2
[2023-09-01T10:30:31.181+0000] {logging_mixin.py:120} INFO - [2023-09-01T10:30:31.180+0000] {manager.py:507} INFO - Created Permission View: can edit on DAG:dataset_produces_2
[2023-09-01T10:30:31.297+0000] {logging_mixin.py:120} INFO - [2023-09-01T10:30:31.297+0000] {manager.py:507} INFO - Created Permission View: can delete on DAG:dataset_produces_1
[2023-09-01T10:30:31.355+0000] {logging_mixin.py:120} INFO - [2023-09-01T10:30:31.354+0000] {manager.py:507} INFO - Created Permission View: can read on DAG:dataset_produces_1
[2023-09-01T10:30:31.425+0000] {logging_mixin.py:120} INFO - [2023-09-01T10:30:31.424+0000] {manager.py:507} INFO - Created Permission View: can edit on DAG:dataset_produces_1
[2023-09-01T10:30:31.443+0000] {logging_mixin.py:120} INFO - [2023-09-01T10:30:31.442+0000] {dag.py:2585} INFO - Sync 6 DAGs
[2023-09-01T10:30:31.607+0000] {logging_mixin.py:120} INFO - [2023-09-01T10:30:31.606+0000] {dag.py:2606} INFO - Creating ORM DAG for dataset_produces_2
[2023-09-01T10:30:31.625+0000] {logging_mixin.py:120} INFO - [2023-09-01T10:30:31.616+0000] {dag.py:2606} INFO - Creating ORM DAG for dataset_consumes_unknown_never_scheduled
[2023-09-01T10:30:31.630+0000] {logging_mixin.py:120} INFO - [2023-09-01T10:30:31.629+0000] {dag.py:2606} INFO - Creating ORM DAG for dataset_consumes_1
[2023-09-01T10:30:31.636+0000] {logging_mixin.py:120} INFO - [2023-09-01T10:30:31.636+0000] {dag.py:2606} INFO - Creating ORM DAG for dataset_consumes_1_never_scheduled
[2023-09-01T10:30:31.639+0000] {logging_mixin.py:120} INFO - [2023-09-01T10:30:31.639+0000] {dag.py:2606} INFO - Creating ORM DAG for dataset_consumes_1_and_2
[2023-09-01T10:30:31.642+0000] {logging_mixin.py:120} INFO - [2023-09-01T10:30:31.642+0000] {dag.py:2606} INFO - Creating ORM DAG for dataset_produces_1
[2023-09-01T10:30:31.779+0000] {logging_mixin.py:120} INFO - [2023-09-01T10:30:31.779+0000] {dag.py:3340} INFO - Setting next_dagrun for dataset_consumes_1 to None, run_after=None
[2023-09-01T10:30:31.789+0000] {logging_mixin.py:120} INFO - [2023-09-01T10:30:31.789+0000] {dag.py:3340} INFO - Setting next_dagrun for dataset_consumes_1_and_2 to None, run_after=None
[2023-09-01T10:30:31.796+0000] {logging_mixin.py:120} INFO - [2023-09-01T10:30:31.796+0000] {dag.py:3340} INFO - Setting next_dagrun for dataset_consumes_1_never_scheduled to None, run_after=None
[2023-09-01T10:30:31.808+0000] {logging_mixin.py:120} INFO - [2023-09-01T10:30:31.808+0000] {dag.py:3340} INFO - Setting next_dagrun for dataset_consumes_unknown_never_scheduled to None, run_after=None
[2023-09-01T10:30:31.830+0000] {logging_mixin.py:120} INFO - [2023-09-01T10:30:31.830+0000] {dag.py:3340} INFO - Setting next_dagrun for dataset_produces_1 to 2023-08-31T00:00:00+00:00, run_after=2023-09-01T00:00:00+00:00
[2023-09-01T10:30:31.843+0000] {logging_mixin.py:120} INFO - [2023-09-01T10:30:31.834+0000] {dag.py:3340} INFO - Setting next_dagrun for dataset_produces_2 to None, run_after=None
[2023-09-01T10:30:32.133+0000] {processor.py:176} INFO - Processing /home/airflow/.local/lib/python3.7/site-packages/airflow/example_dags/example_datasets.py took 4.002 seconds
[2023-09-01T10:32:00.289+0000] {processor.py:154} INFO - Started process (PID=173) to work on /home/airflow/.local/lib/python3.7/site-packages/airflow/example_dags/example_datasets.py
[2023-09-01T10:32:00.363+0000] {processor.py:756} INFO - Processing file /home/airflow/.local/lib/python3.7/site-packages/airflow/example_dags/example_datasets.py for tasks to queue
[2023-09-01T10:32:00.405+0000] {logging_mixin.py:120} INFO - [2023-09-01T10:32:00.377+0000] {dagbag.py:537} INFO - Filling up the DagBag from /home/airflow/.local/lib/python3.7/site-packages/airflow/example_dags/example_datasets.py
[2023-09-01T10:32:02.003+0000] {processor.py:766} INFO - DAG(s) dict_keys(['dataset_consumes_unknown_never_scheduled', 'dataset_consumes_1', 'dataset_consumes_1_never_scheduled', 'dataset_produces_2', 'dataset_produces_1', 'dataset_consumes_1_and_2']) retrieved from /home/airflow/.local/lib/python3.7/site-packages/airflow/example_dags/example_datasets.py
[2023-09-01T10:32:06.768+0000] {logging_mixin.py:120} INFO - [2023-09-01T10:32:06.767+0000] {dag.py:2585} INFO - Sync 6 DAGs
[2023-09-01T10:32:07.815+0000] {logging_mixin.py:120} INFO - [2023-09-01T10:32:07.814+0000] {dag.py:3340} INFO - Setting next_dagrun for dataset_consumes_1 to None, run_after=None
[2023-09-01T10:32:07.940+0000] {logging_mixin.py:120} INFO - [2023-09-01T10:32:07.940+0000] {dag.py:3340} INFO - Setting next_dagrun for dataset_consumes_1_and_2 to None, run_after=None
[2023-09-01T10:32:08.029+0000] {logging_mixin.py:120} INFO - [2023-09-01T10:32:08.028+0000] {dag.py:3340} INFO - Setting next_dagrun for dataset_consumes_1_never_scheduled to None, run_after=None
[2023-09-01T10:32:08.181+0000] {logging_mixin.py:120} INFO - [2023-09-01T10:32:08.153+0000] {dag.py:3340} INFO - Setting next_dagrun for dataset_consumes_unknown_never_scheduled to None, run_after=None
[2023-09-01T10:32:08.342+0000] {logging_mixin.py:120} INFO - [2023-09-01T10:32:08.342+0000] {dag.py:3340} INFO - Setting next_dagrun for dataset_produces_1 to 2023-08-31T00:00:00+00:00, run_after=2023-09-01T00:00:00+00:00
[2023-09-01T10:32:08.420+0000] {logging_mixin.py:120} INFO - [2023-09-01T10:32:08.420+0000] {dag.py:3340} INFO - Setting next_dagrun for dataset_produces_2 to None, run_after=None
[2023-09-01T10:32:09.832+0000] {processor.py:176} INFO - Processing /home/airflow/.local/lib/python3.7/site-packages/airflow/example_dags/example_datasets.py took 9.754 seconds
[2023-09-01T10:33:05.591+0000] {processor.py:154} INFO - Started process (PID=238) to work on /home/airflow/.local/lib/python3.7/site-packages/airflow/example_dags/example_datasets.py
[2023-09-01T10:33:05.597+0000] {processor.py:756} INFO - Processing file /home/airflow/.local/lib/python3.7/site-packages/airflow/example_dags/example_datasets.py for tasks to queue
[2023-09-01T10:33:05.601+0000] {logging_mixin.py:120} INFO - [2023-09-01T10:33:05.600+0000] {dagbag.py:537} INFO - Filling up the DagBag from /home/airflow/.local/lib/python3.7/site-packages/airflow/example_dags/example_datasets.py
[2023-09-01T10:33:05.652+0000] {processor.py:766} INFO - DAG(s) dict_keys(['dataset_produces_1', 'dataset_produces_2', 'dataset_consumes_1_and_2', 'dataset_consumes_unknown_never_scheduled', 'dataset_consumes_1_never_scheduled', 'dataset_consumes_1']) retrieved from /home/airflow/.local/lib/python3.7/site-packages/airflow/example_dags/example_datasets.py
[2023-09-01T10:33:05.783+0000] {logging_mixin.py:120} INFO - [2023-09-01T10:33:05.783+0000] {dag.py:2585} INFO - Sync 6 DAGs
[2023-09-01T10:33:05.872+0000] {logging_mixin.py:120} INFO - [2023-09-01T10:33:05.872+0000] {dag.py:3340} INFO - Setting next_dagrun for dataset_consumes_1 to None, run_after=None
[2023-09-01T10:33:05.883+0000] {logging_mixin.py:120} INFO - [2023-09-01T10:33:05.883+0000] {dag.py:3340} INFO - Setting next_dagrun for dataset_consumes_1_and_2 to None, run_after=None
[2023-09-01T10:33:05.887+0000] {logging_mixin.py:120} INFO - [2023-09-01T10:33:05.886+0000] {dag.py:3340} INFO - Setting next_dagrun for dataset_consumes_1_never_scheduled to None, run_after=None
[2023-09-01T10:33:05.893+0000] {logging_mixin.py:120} INFO - [2023-09-01T10:33:05.892+0000] {dag.py:3340} INFO - Setting next_dagrun for dataset_consumes_unknown_never_scheduled to None, run_after=None
[2023-09-01T10:33:05.905+0000] {logging_mixin.py:120} INFO - [2023-09-01T10:33:05.904+0000] {dag.py:3340} INFO - Setting next_dagrun for dataset_produces_1 to 2023-08-31T00:00:00+00:00, run_after=2023-09-01T00:00:00+00:00
[2023-09-01T10:33:05.910+0000] {logging_mixin.py:120} INFO - [2023-09-01T10:33:05.909+0000] {dag.py:3340} INFO - Setting next_dagrun for dataset_produces_2 to None, run_after=None
[2023-09-01T10:33:05.980+0000] {processor.py:176} INFO - Processing /home/airflow/.local/lib/python3.7/site-packages/airflow/example_dags/example_datasets.py took 0.397 seconds
[2023-09-01T10:33:38.395+0000] {processor.py:154} INFO - Started process (PID=299) to work on /home/airflow/.local/lib/python3.7/site-packages/airflow/example_dags/example_datasets.py
[2023-09-01T10:33:38.399+0000] {processor.py:756} INFO - Processing file /home/airflow/.local/lib/python3.7/site-packages/airflow/example_dags/example_datasets.py for tasks to queue
[2023-09-01T10:33:38.403+0000] {logging_mixin.py:120} INFO - [2023-09-01T10:33:38.403+0000] {dagbag.py:537} INFO - Filling up the DagBag from /home/airflow/.local/lib/python3.7/site-packages/airflow/example_dags/example_datasets.py
[2023-09-01T10:33:38.472+0000] {processor.py:766} INFO - DAG(s) dict_keys(['dataset_consumes_1_never_scheduled', 'dataset_produces_2', 'dataset_produces_1', 'dataset_consumes_1', 'dataset_consumes_unknown_never_scheduled', 'dataset_consumes_1_and_2']) retrieved from /home/airflow/.local/lib/python3.7/site-packages/airflow/example_dags/example_datasets.py
[2023-09-01T10:33:38.705+0000] {logging_mixin.py:120} INFO - [2023-09-01T10:33:38.704+0000] {dag.py:2585} INFO - Sync 6 DAGs
[2023-09-01T10:33:38.798+0000] {logging_mixin.py:120} INFO - [2023-09-01T10:33:38.798+0000] {dag.py:3340} INFO - Setting next_dagrun for dataset_consumes_1 to None, run_after=None
[2023-09-01T10:33:38.810+0000] {logging_mixin.py:120} INFO - [2023-09-01T10:33:38.810+0000] {dag.py:3340} INFO - Setting next_dagrun for dataset_consumes_1_and_2 to None, run_after=None
[2023-09-01T10:33:38.819+0000] {logging_mixin.py:120} INFO - [2023-09-01T10:33:38.819+0000] {dag.py:3340} INFO - Setting next_dagrun for dataset_consumes_1_never_scheduled to None, run_after=None
[2023-09-01T10:33:38.824+0000] {logging_mixin.py:120} INFO - [2023-09-01T10:33:38.824+0000] {dag.py:3340} INFO - Setting next_dagrun for dataset_consumes_unknown_never_scheduled to None, run_after=None
[2023-09-01T10:33:38.840+0000] {logging_mixin.py:120} INFO - [2023-09-01T10:33:38.839+0000] {dag.py:3340} INFO - Setting next_dagrun for dataset_produces_1 to 2023-08-31T00:00:00+00:00, run_after=2023-09-01T00:00:00+00:00
[2023-09-01T10:33:38.847+0000] {logging_mixin.py:120} INFO - [2023-09-01T10:33:38.847+0000] {dag.py:3340} INFO - Setting next_dagrun for dataset_produces_2 to None, run_after=None
[2023-09-01T10:33:39.054+0000] {processor.py:176} INFO - Processing /home/airflow/.local/lib/python3.7/site-packages/airflow/example_dags/example_datasets.py took 0.671 seconds
[2023-09-01T10:34:20.859+0000] {processor.py:154} INFO - Started process (PID=355) to work on /home/airflow/.local/lib/python3.7/site-packages/airflow/example_dags/example_datasets.py
[2023-09-01T10:34:20.868+0000] {processor.py:756} INFO - Processing file /home/airflow/.local/lib/python3.7/site-packages/airflow/example_dags/example_datasets.py for tasks to queue
[2023-09-01T10:34:20.874+0000] {logging_mixin.py:120} INFO - [2023-09-01T10:34:20.874+0000] {dagbag.py:537} INFO - Filling up the DagBag from /home/airflow/.local/lib/python3.7/site-packages/airflow/example_dags/example_datasets.py
[2023-09-01T10:34:21.052+0000] {processor.py:766} INFO - DAG(s) dict_keys(['dataset_produces_2', 'dataset_consumes_unknown_never_scheduled', 'dataset_consumes_1_and_2', 'dataset_produces_1', 'dataset_consumes_1', 'dataset_consumes_1_never_scheduled']) retrieved from /home/airflow/.local/lib/python3.7/site-packages/airflow/example_dags/example_datasets.py
[2023-09-01T10:34:22.078+0000] {logging_mixin.py:120} INFO - [2023-09-01T10:34:21.783+0000] {dag.py:2585} INFO - Sync 6 DAGs
[2023-09-01T10:34:23.063+0000] {logging_mixin.py:120} INFO - [2023-09-01T10:34:23.063+0000] {dag.py:3340} INFO - Setting next_dagrun for dataset_consumes_1 to None, run_after=None
[2023-09-01T10:34:23.122+0000] {logging_mixin.py:120} INFO - [2023-09-01T10:34:23.121+0000] {dag.py:3340} INFO - Setting next_dagrun for dataset_consumes_1_and_2 to None, run_after=None
[2023-09-01T10:34:23.215+0000] {logging_mixin.py:120} INFO - [2023-09-01T10:34:23.214+0000] {dag.py:3340} INFO - Setting next_dagrun for dataset_consumes_1_never_scheduled to None, run_after=None
[2023-09-01T10:34:23.253+0000] {logging_mixin.py:120} INFO - [2023-09-01T10:34:23.253+0000] {dag.py:3340} INFO - Setting next_dagrun for dataset_consumes_unknown_never_scheduled to None, run_after=None
[2023-09-01T10:34:23.283+0000] {logging_mixin.py:120} INFO - [2023-09-01T10:34:23.277+0000] {dag.py:3340} INFO - Setting next_dagrun for dataset_produces_1 to 2023-08-31T00:00:00+00:00, run_after=2023-09-01T00:00:00+00:00
[2023-09-01T10:34:23.294+0000] {logging_mixin.py:120} INFO - [2023-09-01T10:34:23.293+0000] {dag.py:3340} INFO - Setting next_dagrun for dataset_produces_2 to None, run_after=None
[2023-09-01T10:34:23.808+0000] {processor.py:176} INFO - Processing /home/airflow/.local/lib/python3.7/site-packages/airflow/example_dags/example_datasets.py took 2.985 seconds
[2023-09-01T10:34:55.416+0000] {processor.py:154} INFO - Started process (PID=414) to work on /home/airflow/.local/lib/python3.7/site-packages/airflow/example_dags/example_datasets.py
[2023-09-01T10:34:55.437+0000] {processor.py:756} INFO - Processing file /home/airflow/.local/lib/python3.7/site-packages/airflow/example_dags/example_datasets.py for tasks to queue
[2023-09-01T10:34:55.451+0000] {logging_mixin.py:120} INFO - [2023-09-01T10:34:55.449+0000] {dagbag.py:537} INFO - Filling up the DagBag from /home/airflow/.local/lib/python3.7/site-packages/airflow/example_dags/example_datasets.py
[2023-09-01T10:34:55.617+0000] {processor.py:766} INFO - DAG(s) dict_keys(['dataset_produces_1', 'dataset_consumes_1_never_scheduled', 'dataset_consumes_1_and_2', 'dataset_consumes_1', 'dataset_consumes_unknown_never_scheduled', 'dataset_produces_2']) retrieved from /home/airflow/.local/lib/python3.7/site-packages/airflow/example_dags/example_datasets.py
[2023-09-01T10:34:55.912+0000] {logging_mixin.py:120} INFO - [2023-09-01T10:34:55.912+0000] {dag.py:2585} INFO - Sync 6 DAGs
[2023-09-01T10:34:56.134+0000] {logging_mixin.py:120} INFO - [2023-09-01T10:34:56.134+0000] {dag.py:3340} INFO - Setting next_dagrun for dataset_consumes_1 to None, run_after=None
[2023-09-01T10:34:56.155+0000] {logging_mixin.py:120} INFO - [2023-09-01T10:34:56.155+0000] {dag.py:3340} INFO - Setting next_dagrun for dataset_consumes_1_and_2 to None, run_after=None
[2023-09-01T10:34:56.164+0000] {logging_mixin.py:120} INFO - [2023-09-01T10:34:56.163+0000] {dag.py:3340} INFO - Setting next_dagrun for dataset_consumes_1_never_scheduled to None, run_after=None
[2023-09-01T10:34:56.178+0000] {logging_mixin.py:120} INFO - [2023-09-01T10:34:56.176+0000] {dag.py:3340} INFO - Setting next_dagrun for dataset_consumes_unknown_never_scheduled to None, run_after=None
[2023-09-01T10:34:56.200+0000] {logging_mixin.py:120} INFO - [2023-09-01T10:34:56.198+0000] {dag.py:3340} INFO - Setting next_dagrun for dataset_produces_1 to 2023-08-31T00:00:00+00:00, run_after=2023-09-01T00:00:00+00:00
[2023-09-01T10:34:56.212+0000] {logging_mixin.py:120} INFO - [2023-09-01T10:34:56.211+0000] {dag.py:3340} INFO - Setting next_dagrun for dataset_produces_2 to None, run_after=None
[2023-09-01T10:34:56.398+0000] {processor.py:176} INFO - Processing /home/airflow/.local/lib/python3.7/site-packages/airflow/example_dags/example_datasets.py took 1.294 seconds
[2023-09-01T10:35:26.548+0000] {processor.py:154} INFO - Started process (PID=471) to work on /home/airflow/.local/lib/python3.7/site-packages/airflow/example_dags/example_datasets.py
[2023-09-01T10:35:26.555+0000] {processor.py:756} INFO - Processing file /home/airflow/.local/lib/python3.7/site-packages/airflow/example_dags/example_datasets.py for tasks to queue
[2023-09-01T10:35:26.565+0000] {logging_mixin.py:120} INFO - [2023-09-01T10:35:26.565+0000] {dagbag.py:537} INFO - Filling up the DagBag from /home/airflow/.local/lib/python3.7/site-packages/airflow/example_dags/example_datasets.py
[2023-09-01T10:35:26.664+0000] {processor.py:766} INFO - DAG(s) dict_keys(['dataset_produces_2', 'dataset_consumes_1', 'dataset_consumes_unknown_never_scheduled', 'dataset_consumes_1_and_2', 'dataset_produces_1', 'dataset_consumes_1_never_scheduled']) retrieved from /home/airflow/.local/lib/python3.7/site-packages/airflow/example_dags/example_datasets.py
[2023-09-01T10:35:27.544+0000] {logging_mixin.py:120} INFO - [2023-09-01T10:35:27.544+0000] {dag.py:2585} INFO - Sync 6 DAGs
[2023-09-01T10:35:27.664+0000] {logging_mixin.py:120} INFO - [2023-09-01T10:35:27.664+0000] {dag.py:3340} INFO - Setting next_dagrun for dataset_consumes_1 to None, run_after=None
[2023-09-01T10:35:27.688+0000] {logging_mixin.py:120} INFO - [2023-09-01T10:35:27.687+0000] {dag.py:3340} INFO - Setting next_dagrun for dataset_consumes_1_and_2 to None, run_after=None
[2023-09-01T10:35:27.703+0000] {logging_mixin.py:120} INFO - [2023-09-01T10:35:27.703+0000] {dag.py:3340} INFO - Setting next_dagrun for dataset_consumes_1_never_scheduled to None, run_after=None
[2023-09-01T10:35:27.707+0000] {logging_mixin.py:120} INFO - [2023-09-01T10:35:27.706+0000] {dag.py:3340} INFO - Setting next_dagrun for dataset_consumes_unknown_never_scheduled to None, run_after=None
[2023-09-01T10:35:27.726+0000] {logging_mixin.py:120} INFO - [2023-09-01T10:35:27.726+0000] {dag.py:3340} INFO - Setting next_dagrun for dataset_produces_1 to 2023-08-31T00:00:00+00:00, run_after=2023-09-01T00:00:00+00:00
[2023-09-01T10:35:27.734+0000] {logging_mixin.py:120} INFO - [2023-09-01T10:35:27.733+0000] {dag.py:3340} INFO - Setting next_dagrun for dataset_produces_2 to None, run_after=None
[2023-09-01T10:35:27.871+0000] {processor.py:176} INFO - Processing /home/airflow/.local/lib/python3.7/site-packages/airflow/example_dags/example_datasets.py took 1.334 seconds
[2023-09-01T10:35:58.657+0000] {processor.py:154} INFO - Started process (PID=525) to work on /home/airflow/.local/lib/python3.7/site-packages/airflow/example_dags/example_datasets.py
[2023-09-01T10:35:58.684+0000] {processor.py:756} INFO - Processing file /home/airflow/.local/lib/python3.7/site-packages/airflow/example_dags/example_datasets.py for tasks to queue
[2023-09-01T10:35:58.759+0000] {logging_mixin.py:120} INFO - [2023-09-01T10:35:58.707+0000] {dagbag.py:537} INFO - Filling up the DagBag from /home/airflow/.local/lib/python3.7/site-packages/airflow/example_dags/example_datasets.py
[2023-09-01T10:35:59.057+0000] {processor.py:766} INFO - DAG(s) dict_keys(['dataset_produces_2', 'dataset_consumes_1', 'dataset_consumes_1_and_2', 'dataset_consumes_unknown_never_scheduled', 'dataset_consumes_1_never_scheduled', 'dataset_produces_1']) retrieved from /home/airflow/.local/lib/python3.7/site-packages/airflow/example_dags/example_datasets.py
[2023-09-01T10:35:59.744+0000] {logging_mixin.py:120} INFO - [2023-09-01T10:35:59.744+0000] {dag.py:2585} INFO - Sync 6 DAGs
[2023-09-01T10:35:59.919+0000] {logging_mixin.py:120} INFO - [2023-09-01T10:35:59.919+0000] {dag.py:3340} INFO - Setting next_dagrun for dataset_consumes_1 to None, run_after=None
[2023-09-01T10:35:59.940+0000] {logging_mixin.py:120} INFO - [2023-09-01T10:35:59.938+0000] {dag.py:3340} INFO - Setting next_dagrun for dataset_consumes_1_and_2 to None, run_after=None
[2023-09-01T10:35:59.946+0000] {logging_mixin.py:120} INFO - [2023-09-01T10:35:59.945+0000] {dag.py:3340} INFO - Setting next_dagrun for dataset_consumes_1_never_scheduled to None, run_after=None
[2023-09-01T10:35:59.955+0000] {logging_mixin.py:120} INFO - [2023-09-01T10:35:59.955+0000] {dag.py:3340} INFO - Setting next_dagrun for dataset_consumes_unknown_never_scheduled to None, run_after=None
[2023-09-01T10:35:59.965+0000] {logging_mixin.py:120} INFO - [2023-09-01T10:35:59.965+0000] {dag.py:3340} INFO - Setting next_dagrun for dataset_produces_1 to 2023-08-31T00:00:00+00:00, run_after=2023-09-01T00:00:00+00:00
[2023-09-01T10:35:59.979+0000] {logging_mixin.py:120} INFO - [2023-09-01T10:35:59.979+0000] {dag.py:3340} INFO - Setting next_dagrun for dataset_produces_2 to None, run_after=None
[2023-09-01T10:36:00.203+0000] {processor.py:176} INFO - Processing /home/airflow/.local/lib/python3.7/site-packages/airflow/example_dags/example_datasets.py took 1.596 seconds
[2023-09-01T10:36:30.509+0000] {processor.py:154} INFO - Started process (PID=580) to work on /home/airflow/.local/lib/python3.7/site-packages/airflow/example_dags/example_datasets.py
[2023-09-01T10:36:30.512+0000] {processor.py:756} INFO - Processing file /home/airflow/.local/lib/python3.7/site-packages/airflow/example_dags/example_datasets.py for tasks to queue
[2023-09-01T10:36:30.516+0000] {logging_mixin.py:120} INFO - [2023-09-01T10:36:30.515+0000] {dagbag.py:537} INFO - Filling up the DagBag from /home/airflow/.local/lib/python3.7/site-packages/airflow/example_dags/example_datasets.py
[2023-09-01T10:36:30.547+0000] {processor.py:766} INFO - DAG(s) dict_keys(['dataset_consumes_1', 'dataset_consumes_1_and_2', 'dataset_consumes_1_never_scheduled', 'dataset_produces_1', 'dataset_consumes_unknown_never_scheduled', 'dataset_produces_2']) retrieved from /home/airflow/.local/lib/python3.7/site-packages/airflow/example_dags/example_datasets.py
[2023-09-01T10:36:30.660+0000] {logging_mixin.py:120} INFO - [2023-09-01T10:36:30.659+0000] {dag.py:2585} INFO - Sync 6 DAGs
[2023-09-01T10:36:30.704+0000] {logging_mixin.py:120} INFO - [2023-09-01T10:36:30.704+0000] {dag.py:3340} INFO - Setting next_dagrun for dataset_consumes_1 to None, run_after=None
[2023-09-01T10:36:30.712+0000] {logging_mixin.py:120} INFO - [2023-09-01T10:36:30.712+0000] {dag.py:3340} INFO - Setting next_dagrun for dataset_consumes_1_and_2 to None, run_after=None
[2023-09-01T10:36:30.714+0000] {logging_mixin.py:120} INFO - [2023-09-01T10:36:30.714+0000] {dag.py:3340} INFO - Setting next_dagrun for dataset_consumes_1_never_scheduled to None, run_after=None
[2023-09-01T10:36:30.718+0000] {logging_mixin.py:120} INFO - [2023-09-01T10:36:30.717+0000] {dag.py:3340} INFO - Setting next_dagrun for dataset_consumes_unknown_never_scheduled to None, run_after=None
[2023-09-01T10:36:30.724+0000] {logging_mixin.py:120} INFO - [2023-09-01T10:36:30.723+0000] {dag.py:3340} INFO - Setting next_dagrun for dataset_produces_1 to 2023-08-31T00:00:00+00:00, run_after=2023-09-01T00:00:00+00:00
[2023-09-01T10:36:30.726+0000] {logging_mixin.py:120} INFO - [2023-09-01T10:36:30.726+0000] {dag.py:3340} INFO - Setting next_dagrun for dataset_produces_2 to None, run_after=None
[2023-09-01T10:36:30.771+0000] {processor.py:176} INFO - Processing /home/airflow/.local/lib/python3.7/site-packages/airflow/example_dags/example_datasets.py took 0.267 seconds
[2023-09-01T10:37:01.235+0000] {processor.py:154} INFO - Started process (PID=635) to work on /home/airflow/.local/lib/python3.7/site-packages/airflow/example_dags/example_datasets.py
[2023-09-01T10:37:01.253+0000] {processor.py:756} INFO - Processing file /home/airflow/.local/lib/python3.7/site-packages/airflow/example_dags/example_datasets.py for tasks to queue
[2023-09-01T10:37:01.274+0000] {logging_mixin.py:120} INFO - [2023-09-01T10:37:01.268+0000] {dagbag.py:537} INFO - Filling up the DagBag from /home/airflow/.local/lib/python3.7/site-packages/airflow/example_dags/example_datasets.py
[2023-09-01T10:37:01.384+0000] {processor.py:766} INFO - DAG(s) dict_keys(['dataset_produces_2', 'dataset_consumes_1_never_scheduled', 'dataset_consumes_1_and_2', 'dataset_consumes_unknown_never_scheduled', 'dataset_consumes_1', 'dataset_produces_1']) retrieved from /home/airflow/.local/lib/python3.7/site-packages/airflow/example_dags/example_datasets.py
[2023-09-01T10:37:01.716+0000] {logging_mixin.py:120} INFO - [2023-09-01T10:37:01.715+0000] {dag.py:2585} INFO - Sync 6 DAGs
[2023-09-01T10:37:01.891+0000] {logging_mixin.py:120} INFO - [2023-09-01T10:37:01.890+0000] {dag.py:3340} INFO - Setting next_dagrun for dataset_consumes_1 to None, run_after=None
[2023-09-01T10:37:01.921+0000] {logging_mixin.py:120} INFO - [2023-09-01T10:37:01.921+0000] {dag.py:3340} INFO - Setting next_dagrun for dataset_consumes_1_and_2 to None, run_after=None
[2023-09-01T10:37:01.928+0000] {logging_mixin.py:120} INFO - [2023-09-01T10:37:01.928+0000] {dag.py:3340} INFO - Setting next_dagrun for dataset_consumes_1_never_scheduled to None, run_after=None
[2023-09-01T10:37:01.936+0000] {logging_mixin.py:120} INFO - [2023-09-01T10:37:01.935+0000] {dag.py:3340} INFO - Setting next_dagrun for dataset_consumes_unknown_never_scheduled to None, run_after=None
[2023-09-01T10:37:01.951+0000] {logging_mixin.py:120} INFO - [2023-09-01T10:37:01.950+0000] {dag.py:3340} INFO - Setting next_dagrun for dataset_produces_1 to 2023-08-31T00:00:00+00:00, run_after=2023-09-01T00:00:00+00:00
[2023-09-01T10:37:01.959+0000] {logging_mixin.py:120} INFO - [2023-09-01T10:37:01.958+0000] {dag.py:3340} INFO - Setting next_dagrun for dataset_produces_2 to None, run_after=None
[2023-09-01T10:37:02.115+0000] {processor.py:176} INFO - Processing /home/airflow/.local/lib/python3.7/site-packages/airflow/example_dags/example_datasets.py took 0.929 seconds
[2023-09-01T10:37:32.406+0000] {processor.py:154} INFO - Started process (PID=698) to work on /home/airflow/.local/lib/python3.7/site-packages/airflow/example_dags/example_datasets.py
[2023-09-01T10:37:32.411+0000] {processor.py:756} INFO - Processing file /home/airflow/.local/lib/python3.7/site-packages/airflow/example_dags/example_datasets.py for tasks to queue
[2023-09-01T10:37:32.415+0000] {logging_mixin.py:120} INFO - [2023-09-01T10:37:32.415+0000] {dagbag.py:537} INFO - Filling up the DagBag from /home/airflow/.local/lib/python3.7/site-packages/airflow/example_dags/example_datasets.py
[2023-09-01T10:37:32.517+0000] {processor.py:766} INFO - DAG(s) dict_keys(['dataset_produces_1', 'dataset_produces_2', 'dataset_consumes_1_and_2', 'dataset_consumes_1', 'dataset_consumes_1_never_scheduled', 'dataset_consumes_unknown_never_scheduled']) retrieved from /home/airflow/.local/lib/python3.7/site-packages/airflow/example_dags/example_datasets.py
[2023-09-01T10:37:32.917+0000] {logging_mixin.py:120} INFO - [2023-09-01T10:37:32.917+0000] {dag.py:2585} INFO - Sync 6 DAGs
[2023-09-01T10:37:33.114+0000] {logging_mixin.py:120} INFO - [2023-09-01T10:37:33.114+0000] {dag.py:3340} INFO - Setting next_dagrun for dataset_consumes_1 to None, run_after=None
[2023-09-01T10:37:33.142+0000] {logging_mixin.py:120} INFO - [2023-09-01T10:37:33.141+0000] {dag.py:3340} INFO - Setting next_dagrun for dataset_consumes_1_and_2 to None, run_after=None
[2023-09-01T10:37:33.191+0000] {logging_mixin.py:120} INFO - [2023-09-01T10:37:33.190+0000] {dag.py:3340} INFO - Setting next_dagrun for dataset_consumes_1_never_scheduled to None, run_after=None
[2023-09-01T10:37:33.202+0000] {logging_mixin.py:120} INFO - [2023-09-01T10:37:33.201+0000] {dag.py:3340} INFO - Setting next_dagrun for dataset_consumes_unknown_never_scheduled to None, run_after=None
[2023-09-01T10:37:33.217+0000] {logging_mixin.py:120} INFO - [2023-09-01T10:37:33.216+0000] {dag.py:3340} INFO - Setting next_dagrun for dataset_produces_1 to 2023-08-31T00:00:00+00:00, run_after=2023-09-01T00:00:00+00:00
[2023-09-01T10:37:33.230+0000] {logging_mixin.py:120} INFO - [2023-09-01T10:37:33.230+0000] {dag.py:3340} INFO - Setting next_dagrun for dataset_produces_2 to None, run_after=None
[2023-09-01T10:37:33.343+0000] {processor.py:176} INFO - Processing /home/airflow/.local/lib/python3.7/site-packages/airflow/example_dags/example_datasets.py took 0.953 seconds
[2023-09-01T10:38:12.976+0000] {processor.py:154} INFO - Started process (PID=758) to work on /home/airflow/.local/lib/python3.7/site-packages/airflow/example_dags/example_datasets.py
[2023-09-01T10:38:12.980+0000] {processor.py:756} INFO - Processing file /home/airflow/.local/lib/python3.7/site-packages/airflow/example_dags/example_datasets.py for tasks to queue
[2023-09-01T10:38:12.985+0000] {logging_mixin.py:120} INFO - [2023-09-01T10:38:12.984+0000] {dagbag.py:537} INFO - Filling up the DagBag from /home/airflow/.local/lib/python3.7/site-packages/airflow/example_dags/example_datasets.py
[2023-09-01T10:38:13.082+0000] {processor.py:766} INFO - DAG(s) dict_keys(['dataset_consumes_1_and_2', 'dataset_consumes_unknown_never_scheduled', 'dataset_produces_2', 'dataset_consumes_1', 'dataset_consumes_1_never_scheduled', 'dataset_produces_1']) retrieved from /home/airflow/.local/lib/python3.7/site-packages/airflow/example_dags/example_datasets.py
[2023-09-01T10:38:13.323+0000] {logging_mixin.py:120} INFO - [2023-09-01T10:38:13.323+0000] {dag.py:2585} INFO - Sync 6 DAGs
[2023-09-01T10:38:13.409+0000] {logging_mixin.py:120} INFO - [2023-09-01T10:38:13.409+0000] {dag.py:3340} INFO - Setting next_dagrun for dataset_consumes_1 to None, run_after=None
[2023-09-01T10:38:13.426+0000] {logging_mixin.py:120} INFO - [2023-09-01T10:38:13.426+0000] {dag.py:3340} INFO - Setting next_dagrun for dataset_consumes_1_and_2 to None, run_after=None
[2023-09-01T10:38:13.432+0000] {logging_mixin.py:120} INFO - [2023-09-01T10:38:13.432+0000] {dag.py:3340} INFO - Setting next_dagrun for dataset_consumes_1_never_scheduled to None, run_after=None
[2023-09-01T10:38:13.446+0000] {logging_mixin.py:120} INFO - [2023-09-01T10:38:13.446+0000] {dag.py:3340} INFO - Setting next_dagrun for dataset_consumes_unknown_never_scheduled to None, run_after=None
[2023-09-01T10:38:13.457+0000] {logging_mixin.py:120} INFO - [2023-09-01T10:38:13.457+0000] {dag.py:3340} INFO - Setting next_dagrun for dataset_produces_1 to 2023-08-31T00:00:00+00:00, run_after=2023-09-01T00:00:00+00:00
[2023-09-01T10:38:13.468+0000] {logging_mixin.py:120} INFO - [2023-09-01T10:38:13.468+0000] {dag.py:3340} INFO - Setting next_dagrun for dataset_produces_2 to None, run_after=None
[2023-09-01T10:38:13.549+0000] {processor.py:176} INFO - Processing /home/airflow/.local/lib/python3.7/site-packages/airflow/example_dags/example_datasets.py took 0.593 seconds
