[2023-09-01T10:30:28.543+0000] {processor.py:154} INFO - Started process (PID=89) to work on /home/airflow/.local/lib/python3.7/site-packages/airflow/example_dags/example_subdag_operator.py
[2023-09-01T10:30:28.554+0000] {processor.py:756} INFO - Processing file /home/airflow/.local/lib/python3.7/site-packages/airflow/example_dags/example_subdag_operator.py for tasks to queue
[2023-09-01T10:30:28.559+0000] {logging_mixin.py:120} INFO - [2023-09-01T10:30:28.559+0000] {dagbag.py:537} INFO - Filling up the DagBag from /home/airflow/.local/lib/python3.7/site-packages/airflow/example_dags/example_subdag_operator.py
[2023-09-01T10:30:29.150+0000] {processor.py:766} INFO - DAG(s) dict_keys(['example_subdag_operator.section-1', 'example_subdag_operator.section-2', 'example_subdag_operator']) retrieved from /home/airflow/.local/lib/python3.7/site-packages/airflow/example_dags/example_subdag_operator.py
[2023-09-01T10:30:32.223+0000] {logging_mixin.py:120} INFO - [2023-09-01T10:30:32.223+0000] {manager.py:507} INFO - Created Permission View: can delete on DAG:example_subdag_operator
[2023-09-01T10:30:32.281+0000] {logging_mixin.py:120} INFO - [2023-09-01T10:30:32.281+0000] {manager.py:507} INFO - Created Permission View: can read on DAG:example_subdag_operator
[2023-09-01T10:30:32.311+0000] {logging_mixin.py:120} INFO - [2023-09-01T10:30:32.311+0000] {manager.py:507} INFO - Created Permission View: can edit on DAG:example_subdag_operator
[2023-09-01T10:30:32.313+0000] {logging_mixin.py:120} INFO - [2023-09-01T10:30:32.313+0000] {dag.py:2585} INFO - Sync 3 DAGs
[2023-09-01T10:30:32.378+0000] {logging_mixin.py:120} INFO - [2023-09-01T10:30:32.377+0000] {dag.py:2606} INFO - Creating ORM DAG for example_subdag_operator.section-1
[2023-09-01T10:30:32.380+0000] {logging_mixin.py:120} INFO - [2023-09-01T10:30:32.380+0000] {dag.py:2606} INFO - Creating ORM DAG for example_subdag_operator
[2023-09-01T10:30:32.383+0000] {logging_mixin.py:120} INFO - [2023-09-01T10:30:32.383+0000] {dag.py:2606} INFO - Creating ORM DAG for example_subdag_operator.section-2
[2023-09-01T10:30:32.423+0000] {logging_mixin.py:120} INFO - [2023-09-01T10:30:32.423+0000] {dag.py:3340} INFO - Setting next_dagrun for example_subdag_operator to 2022-01-01T00:00:00+00:00, run_after=2022-01-01T00:00:00+00:00
[2023-09-01T10:30:32.427+0000] {logging_mixin.py:120} INFO - [2023-09-01T10:30:32.426+0000] {dag.py:3340} INFO - Setting next_dagrun for example_subdag_operator.section-1 to None, run_after=None
[2023-09-01T10:30:32.429+0000] {logging_mixin.py:120} INFO - [2023-09-01T10:30:32.429+0000] {dag.py:3340} INFO - Setting next_dagrun for example_subdag_operator.section-2 to None, run_after=None
[2023-09-01T10:30:32.459+0000] {logging_mixin.py:120} INFO - [2023-09-01T10:30:32.459+0000] {dag.py:2585} INFO - Sync 2 DAGs
[2023-09-01T10:30:32.484+0000] {logging_mixin.py:120} INFO - [2023-09-01T10:30:32.483+0000] {dag.py:3340} INFO - Setting next_dagrun for example_subdag_operator.section-1 to None, run_after=None
[2023-09-01T10:30:32.499+0000] {logging_mixin.py:120} INFO - [2023-09-01T10:30:32.499+0000] {dag.py:3340} INFO - Setting next_dagrun for example_subdag_operator.section-2 to None, run_after=None
[2023-09-01T10:30:32.541+0000] {processor.py:176} INFO - Processing /home/airflow/.local/lib/python3.7/site-packages/airflow/example_dags/example_subdag_operator.py took 4.034 seconds
[2023-09-01T10:32:07.904+0000] {processor.py:154} INFO - Started process (PID=174) to work on /home/airflow/.local/lib/python3.7/site-packages/airflow/example_dags/example_subdag_operator.py
[2023-09-01T10:32:07.933+0000] {processor.py:756} INFO - Processing file /home/airflow/.local/lib/python3.7/site-packages/airflow/example_dags/example_subdag_operator.py for tasks to queue
[2023-09-01T10:32:07.957+0000] {logging_mixin.py:120} INFO - [2023-09-01T10:32:07.956+0000] {dagbag.py:537} INFO - Filling up the DagBag from /home/airflow/.local/lib/python3.7/site-packages/airflow/example_dags/example_subdag_operator.py
[2023-09-01T10:32:09.458+0000] {processor.py:766} INFO - DAG(s) dict_keys(['example_subdag_operator.section-1', 'example_subdag_operator.section-2', 'example_subdag_operator']) retrieved from /home/airflow/.local/lib/python3.7/site-packages/airflow/example_dags/example_subdag_operator.py
[2023-09-01T10:32:18.670+0000] {logging_mixin.py:120} INFO - [2023-09-01T10:32:18.670+0000] {dag.py:2585} INFO - Sync 3 DAGs
[2023-09-01T10:32:19.575+0000] {logging_mixin.py:120} INFO - [2023-09-01T10:32:19.574+0000] {dag.py:3340} INFO - Setting next_dagrun for example_subdag_operator to 2022-01-01T00:00:00+00:00, run_after=2022-01-01T00:00:00+00:00
[2023-09-01T10:32:19.658+0000] {logging_mixin.py:120} INFO - [2023-09-01T10:32:19.657+0000] {dag.py:3340} INFO - Setting next_dagrun for example_subdag_operator.section-1 to None, run_after=None
[2023-09-01T10:32:19.676+0000] {logging_mixin.py:120} INFO - [2023-09-01T10:32:19.676+0000] {dag.py:3340} INFO - Setting next_dagrun for example_subdag_operator.section-2 to None, run_after=None
[2023-09-01T10:32:20.088+0000] {logging_mixin.py:120} INFO - [2023-09-01T10:32:20.088+0000] {dag.py:2585} INFO - Sync 2 DAGs
[2023-09-01T10:32:20.769+0000] {logging_mixin.py:120} INFO - [2023-09-01T10:32:20.767+0000] {dag.py:3340} INFO - Setting next_dagrun for example_subdag_operator.section-1 to None, run_after=None
[2023-09-01T10:32:20.772+0000] {logging_mixin.py:120} INFO - [2023-09-01T10:32:20.771+0000] {dag.py:3340} INFO - Setting next_dagrun for example_subdag_operator.section-2 to None, run_after=None
[2023-09-01T10:32:21.005+0000] {processor.py:176} INFO - Processing /home/airflow/.local/lib/python3.7/site-packages/airflow/example_dags/example_subdag_operator.py took 13.290 seconds
[2023-09-01T10:33:05.697+0000] {processor.py:154} INFO - Started process (PID=239) to work on /home/airflow/.local/lib/python3.7/site-packages/airflow/example_dags/example_subdag_operator.py
[2023-09-01T10:33:05.701+0000] {processor.py:756} INFO - Processing file /home/airflow/.local/lib/python3.7/site-packages/airflow/example_dags/example_subdag_operator.py for tasks to queue
[2023-09-01T10:33:05.705+0000] {logging_mixin.py:120} INFO - [2023-09-01T10:33:05.704+0000] {dagbag.py:537} INFO - Filling up the DagBag from /home/airflow/.local/lib/python3.7/site-packages/airflow/example_dags/example_subdag_operator.py
[2023-09-01T10:33:05.791+0000] {processor.py:766} INFO - DAG(s) dict_keys(['example_subdag_operator.section-1', 'example_subdag_operator.section-2', 'example_subdag_operator']) retrieved from /home/airflow/.local/lib/python3.7/site-packages/airflow/example_dags/example_subdag_operator.py
[2023-09-01T10:33:06.540+0000] {logging_mixin.py:120} INFO - [2023-09-01T10:33:06.539+0000] {dag.py:2585} INFO - Sync 3 DAGs
[2023-09-01T10:33:06.693+0000] {logging_mixin.py:120} INFO - [2023-09-01T10:33:06.691+0000] {dag.py:3340} INFO - Setting next_dagrun for example_subdag_operator to 2022-01-01T00:00:00+00:00, run_after=2022-01-01T00:00:00+00:00
[2023-09-01T10:33:06.712+0000] {logging_mixin.py:120} INFO - [2023-09-01T10:33:06.712+0000] {dag.py:3340} INFO - Setting next_dagrun for example_subdag_operator.section-1 to None, run_after=None
[2023-09-01T10:33:06.721+0000] {logging_mixin.py:120} INFO - [2023-09-01T10:33:06.720+0000] {dag.py:3340} INFO - Setting next_dagrun for example_subdag_operator.section-2 to None, run_after=None
[2023-09-01T10:33:06.740+0000] {logging_mixin.py:120} INFO - [2023-09-01T10:33:06.740+0000] {dag.py:2585} INFO - Sync 2 DAGs
[2023-09-01T10:33:06.758+0000] {logging_mixin.py:120} INFO - [2023-09-01T10:33:06.758+0000] {dag.py:3340} INFO - Setting next_dagrun for example_subdag_operator.section-1 to None, run_after=None
[2023-09-01T10:33:06.760+0000] {logging_mixin.py:120} INFO - [2023-09-01T10:33:06.760+0000] {dag.py:3340} INFO - Setting next_dagrun for example_subdag_operator.section-2 to None, run_after=None
[2023-09-01T10:33:06.785+0000] {processor.py:176} INFO - Processing /home/airflow/.local/lib/python3.7/site-packages/airflow/example_dags/example_subdag_operator.py took 1.099 seconds
[2023-09-01T10:33:38.515+0000] {processor.py:154} INFO - Started process (PID=300) to work on /home/airflow/.local/lib/python3.7/site-packages/airflow/example_dags/example_subdag_operator.py
[2023-09-01T10:33:38.519+0000] {processor.py:756} INFO - Processing file /home/airflow/.local/lib/python3.7/site-packages/airflow/example_dags/example_subdag_operator.py for tasks to queue
[2023-09-01T10:33:38.523+0000] {logging_mixin.py:120} INFO - [2023-09-01T10:33:38.523+0000] {dagbag.py:537} INFO - Filling up the DagBag from /home/airflow/.local/lib/python3.7/site-packages/airflow/example_dags/example_subdag_operator.py
[2023-09-01T10:33:38.616+0000] {processor.py:766} INFO - DAG(s) dict_keys(['example_subdag_operator.section-1', 'example_subdag_operator.section-2', 'example_subdag_operator']) retrieved from /home/airflow/.local/lib/python3.7/site-packages/airflow/example_dags/example_subdag_operator.py
[2023-09-01T10:33:39.697+0000] {logging_mixin.py:120} INFO - [2023-09-01T10:33:39.697+0000] {dag.py:2585} INFO - Sync 3 DAGs
[2023-09-01T10:33:39.830+0000] {logging_mixin.py:120} INFO - [2023-09-01T10:33:39.829+0000] {dag.py:3340} INFO - Setting next_dagrun for example_subdag_operator to 2022-01-01T00:00:00+00:00, run_after=2022-01-01T00:00:00+00:00
[2023-09-01T10:33:39.857+0000] {logging_mixin.py:120} INFO - [2023-09-01T10:33:39.856+0000] {dag.py:3340} INFO - Setting next_dagrun for example_subdag_operator.section-1 to None, run_after=None
[2023-09-01T10:33:39.871+0000] {logging_mixin.py:120} INFO - [2023-09-01T10:33:39.871+0000] {dag.py:3340} INFO - Setting next_dagrun for example_subdag_operator.section-2 to None, run_after=None
[2023-09-01T10:33:39.904+0000] {logging_mixin.py:120} INFO - [2023-09-01T10:33:39.904+0000] {dag.py:2585} INFO - Sync 2 DAGs
[2023-09-01T10:33:39.934+0000] {logging_mixin.py:120} INFO - [2023-09-01T10:33:39.934+0000] {dag.py:3340} INFO - Setting next_dagrun for example_subdag_operator.section-1 to None, run_after=None
[2023-09-01T10:33:39.937+0000] {logging_mixin.py:120} INFO - [2023-09-01T10:33:39.936+0000] {dag.py:3340} INFO - Setting next_dagrun for example_subdag_operator.section-2 to None, run_after=None
[2023-09-01T10:33:39.979+0000] {processor.py:176} INFO - Processing /home/airflow/.local/lib/python3.7/site-packages/airflow/example_dags/example_subdag_operator.py took 1.496 seconds
[2023-09-01T10:34:22.343+0000] {processor.py:154} INFO - Started process (PID=356) to work on /home/airflow/.local/lib/python3.7/site-packages/airflow/example_dags/example_subdag_operator.py
[2023-09-01T10:34:22.358+0000] {processor.py:756} INFO - Processing file /home/airflow/.local/lib/python3.7/site-packages/airflow/example_dags/example_subdag_operator.py for tasks to queue
[2023-09-01T10:34:22.408+0000] {logging_mixin.py:120} INFO - [2023-09-01T10:34:22.405+0000] {dagbag.py:537} INFO - Filling up the DagBag from /home/airflow/.local/lib/python3.7/site-packages/airflow/example_dags/example_subdag_operator.py
[2023-09-01T10:34:23.908+0000] {processor.py:766} INFO - DAG(s) dict_keys(['example_subdag_operator.section-1', 'example_subdag_operator.section-2', 'example_subdag_operator']) retrieved from /home/airflow/.local/lib/python3.7/site-packages/airflow/example_dags/example_subdag_operator.py
[2023-09-01T10:34:26.677+0000] {logging_mixin.py:120} INFO - [2023-09-01T10:34:26.677+0000] {dag.py:2585} INFO - Sync 3 DAGs
[2023-09-01T10:34:26.782+0000] {logging_mixin.py:120} INFO - [2023-09-01T10:34:26.782+0000] {dag.py:3340} INFO - Setting next_dagrun for example_subdag_operator to 2022-01-01T00:00:00+00:00, run_after=2022-01-01T00:00:00+00:00
[2023-09-01T10:34:26.797+0000] {logging_mixin.py:120} INFO - [2023-09-01T10:34:26.797+0000] {dag.py:3340} INFO - Setting next_dagrun for example_subdag_operator.section-1 to None, run_after=None
[2023-09-01T10:34:26.807+0000] {logging_mixin.py:120} INFO - [2023-09-01T10:34:26.807+0000] {dag.py:3340} INFO - Setting next_dagrun for example_subdag_operator.section-2 to None, run_after=None
[2023-09-01T10:34:26.830+0000] {logging_mixin.py:120} INFO - [2023-09-01T10:34:26.830+0000] {dag.py:2585} INFO - Sync 2 DAGs
[2023-09-01T10:34:26.851+0000] {logging_mixin.py:120} INFO - [2023-09-01T10:34:26.851+0000] {dag.py:3340} INFO - Setting next_dagrun for example_subdag_operator.section-1 to None, run_after=None
[2023-09-01T10:34:26.855+0000] {logging_mixin.py:120} INFO - [2023-09-01T10:34:26.855+0000] {dag.py:3340} INFO - Setting next_dagrun for example_subdag_operator.section-2 to None, run_after=None
[2023-09-01T10:34:26.891+0000] {processor.py:176} INFO - Processing /home/airflow/.local/lib/python3.7/site-packages/airflow/example_dags/example_subdag_operator.py took 5.155 seconds
[2023-09-01T10:34:57.497+0000] {processor.py:154} INFO - Started process (PID=418) to work on /home/airflow/.local/lib/python3.7/site-packages/airflow/example_dags/example_subdag_operator.py
[2023-09-01T10:34:57.501+0000] {processor.py:756} INFO - Processing file /home/airflow/.local/lib/python3.7/site-packages/airflow/example_dags/example_subdag_operator.py for tasks to queue
[2023-09-01T10:34:57.505+0000] {logging_mixin.py:120} INFO - [2023-09-01T10:34:57.505+0000] {dagbag.py:537} INFO - Filling up the DagBag from /home/airflow/.local/lib/python3.7/site-packages/airflow/example_dags/example_subdag_operator.py
[2023-09-01T10:34:57.585+0000] {processor.py:766} INFO - DAG(s) dict_keys(['example_subdag_operator.section-1', 'example_subdag_operator.section-2', 'example_subdag_operator']) retrieved from /home/airflow/.local/lib/python3.7/site-packages/airflow/example_dags/example_subdag_operator.py
[2023-09-01T10:34:58.275+0000] {logging_mixin.py:120} INFO - [2023-09-01T10:34:58.274+0000] {dag.py:2585} INFO - Sync 3 DAGs
[2023-09-01T10:34:58.498+0000] {logging_mixin.py:120} INFO - [2023-09-01T10:34:58.498+0000] {dag.py:3340} INFO - Setting next_dagrun for example_subdag_operator to 2022-01-01T00:00:00+00:00, run_after=2022-01-01T00:00:00+00:00
[2023-09-01T10:34:58.511+0000] {logging_mixin.py:120} INFO - [2023-09-01T10:34:58.511+0000] {dag.py:3340} INFO - Setting next_dagrun for example_subdag_operator.section-1 to None, run_after=None
[2023-09-01T10:34:58.521+0000] {logging_mixin.py:120} INFO - [2023-09-01T10:34:58.520+0000] {dag.py:3340} INFO - Setting next_dagrun for example_subdag_operator.section-2 to None, run_after=None
[2023-09-01T10:34:58.553+0000] {logging_mixin.py:120} INFO - [2023-09-01T10:34:58.553+0000] {dag.py:2585} INFO - Sync 2 DAGs
[2023-09-01T10:34:58.582+0000] {logging_mixin.py:120} INFO - [2023-09-01T10:34:58.582+0000] {dag.py:3340} INFO - Setting next_dagrun for example_subdag_operator.section-1 to None, run_after=None
[2023-09-01T10:34:58.584+0000] {logging_mixin.py:120} INFO - [2023-09-01T10:34:58.584+0000] {dag.py:3340} INFO - Setting next_dagrun for example_subdag_operator.section-2 to None, run_after=None
[2023-09-01T10:34:58.627+0000] {processor.py:176} INFO - Processing /home/airflow/.local/lib/python3.7/site-packages/airflow/example_dags/example_subdag_operator.py took 1.140 seconds
[2023-09-01T10:35:28.951+0000] {processor.py:154} INFO - Started process (PID=473) to work on /home/airflow/.local/lib/python3.7/site-packages/airflow/example_dags/example_subdag_operator.py
[2023-09-01T10:35:28.963+0000] {processor.py:756} INFO - Processing file /home/airflow/.local/lib/python3.7/site-packages/airflow/example_dags/example_subdag_operator.py for tasks to queue
[2023-09-01T10:35:28.973+0000] {logging_mixin.py:120} INFO - [2023-09-01T10:35:28.971+0000] {dagbag.py:537} INFO - Filling up the DagBag from /home/airflow/.local/lib/python3.7/site-packages/airflow/example_dags/example_subdag_operator.py
[2023-09-01T10:35:29.104+0000] {processor.py:766} INFO - DAG(s) dict_keys(['example_subdag_operator.section-1', 'example_subdag_operator.section-2', 'example_subdag_operator']) retrieved from /home/airflow/.local/lib/python3.7/site-packages/airflow/example_dags/example_subdag_operator.py
[2023-09-01T10:35:29.907+0000] {logging_mixin.py:120} INFO - [2023-09-01T10:35:29.906+0000] {dag.py:2585} INFO - Sync 3 DAGs
[2023-09-01T10:35:29.994+0000] {logging_mixin.py:120} INFO - [2023-09-01T10:35:29.993+0000] {dag.py:3340} INFO - Setting next_dagrun for example_subdag_operator to 2022-01-01T00:00:00+00:00, run_after=2022-01-01T00:00:00+00:00
[2023-09-01T10:35:30.006+0000] {logging_mixin.py:120} INFO - [2023-09-01T10:35:30.005+0000] {dag.py:3340} INFO - Setting next_dagrun for example_subdag_operator.section-1 to None, run_after=None
[2023-09-01T10:35:30.013+0000] {logging_mixin.py:120} INFO - [2023-09-01T10:35:30.012+0000] {dag.py:3340} INFO - Setting next_dagrun for example_subdag_operator.section-2 to None, run_after=None
[2023-09-01T10:35:30.057+0000] {logging_mixin.py:120} INFO - [2023-09-01T10:35:30.054+0000] {dag.py:2585} INFO - Sync 2 DAGs
[2023-09-01T10:35:30.080+0000] {logging_mixin.py:120} INFO - [2023-09-01T10:35:30.080+0000] {dag.py:3340} INFO - Setting next_dagrun for example_subdag_operator.section-1 to None, run_after=None
[2023-09-01T10:35:30.082+0000] {logging_mixin.py:120} INFO - [2023-09-01T10:35:30.082+0000] {dag.py:3340} INFO - Setting next_dagrun for example_subdag_operator.section-2 to None, run_after=None
[2023-09-01T10:35:30.109+0000] {processor.py:176} INFO - Processing /home/airflow/.local/lib/python3.7/site-packages/airflow/example_dags/example_subdag_operator.py took 1.190 seconds
[2023-09-01T10:36:00.494+0000] {processor.py:154} INFO - Started process (PID=528) to work on /home/airflow/.local/lib/python3.7/site-packages/airflow/example_dags/example_subdag_operator.py
[2023-09-01T10:36:00.508+0000] {processor.py:756} INFO - Processing file /home/airflow/.local/lib/python3.7/site-packages/airflow/example_dags/example_subdag_operator.py for tasks to queue
[2023-09-01T10:36:00.511+0000] {logging_mixin.py:120} INFO - [2023-09-01T10:36:00.510+0000] {dagbag.py:537} INFO - Filling up the DagBag from /home/airflow/.local/lib/python3.7/site-packages/airflow/example_dags/example_subdag_operator.py
[2023-09-01T10:36:00.624+0000] {processor.py:766} INFO - DAG(s) dict_keys(['example_subdag_operator.section-1', 'example_subdag_operator.section-2', 'example_subdag_operator']) retrieved from /home/airflow/.local/lib/python3.7/site-packages/airflow/example_dags/example_subdag_operator.py
[2023-09-01T10:36:01.708+0000] {logging_mixin.py:120} INFO - [2023-09-01T10:36:01.706+0000] {dag.py:2585} INFO - Sync 3 DAGs
[2023-09-01T10:36:01.858+0000] {logging_mixin.py:120} INFO - [2023-09-01T10:36:01.856+0000] {dag.py:3340} INFO - Setting next_dagrun for example_subdag_operator to 2022-01-01T00:00:00+00:00, run_after=2022-01-01T00:00:00+00:00
[2023-09-01T10:36:01.880+0000] {logging_mixin.py:120} INFO - [2023-09-01T10:36:01.877+0000] {dag.py:3340} INFO - Setting next_dagrun for example_subdag_operator.section-1 to None, run_after=None
[2023-09-01T10:36:01.883+0000] {logging_mixin.py:120} INFO - [2023-09-01T10:36:01.883+0000] {dag.py:3340} INFO - Setting next_dagrun for example_subdag_operator.section-2 to None, run_after=None
[2023-09-01T10:36:01.925+0000] {logging_mixin.py:120} INFO - [2023-09-01T10:36:01.925+0000] {dag.py:2585} INFO - Sync 2 DAGs
[2023-09-01T10:36:01.958+0000] {logging_mixin.py:120} INFO - [2023-09-01T10:36:01.957+0000] {dag.py:3340} INFO - Setting next_dagrun for example_subdag_operator.section-1 to None, run_after=None
[2023-09-01T10:36:01.960+0000] {logging_mixin.py:120} INFO - [2023-09-01T10:36:01.960+0000] {dag.py:3340} INFO - Setting next_dagrun for example_subdag_operator.section-2 to None, run_after=None
[2023-09-01T10:36:01.995+0000] {processor.py:176} INFO - Processing /home/airflow/.local/lib/python3.7/site-packages/airflow/example_dags/example_subdag_operator.py took 1.530 seconds
[2023-09-01T10:36:32.864+0000] {processor.py:154} INFO - Started process (PID=585) to work on /home/airflow/.local/lib/python3.7/site-packages/airflow/example_dags/example_subdag_operator.py
[2023-09-01T10:36:32.867+0000] {processor.py:756} INFO - Processing file /home/airflow/.local/lib/python3.7/site-packages/airflow/example_dags/example_subdag_operator.py for tasks to queue
[2023-09-01T10:36:32.871+0000] {logging_mixin.py:120} INFO - [2023-09-01T10:36:32.871+0000] {dagbag.py:537} INFO - Filling up the DagBag from /home/airflow/.local/lib/python3.7/site-packages/airflow/example_dags/example_subdag_operator.py
[2023-09-01T10:36:32.987+0000] {processor.py:766} INFO - DAG(s) dict_keys(['example_subdag_operator.section-1', 'example_subdag_operator.section-2', 'example_subdag_operator']) retrieved from /home/airflow/.local/lib/python3.7/site-packages/airflow/example_dags/example_subdag_operator.py
[2023-09-01T10:36:33.613+0000] {logging_mixin.py:120} INFO - [2023-09-01T10:36:33.612+0000] {dag.py:2585} INFO - Sync 3 DAGs
[2023-09-01T10:36:33.684+0000] {logging_mixin.py:120} INFO - [2023-09-01T10:36:33.683+0000] {dag.py:3340} INFO - Setting next_dagrun for example_subdag_operator to 2022-01-01T00:00:00+00:00, run_after=2022-01-01T00:00:00+00:00
[2023-09-01T10:36:33.696+0000] {logging_mixin.py:120} INFO - [2023-09-01T10:36:33.695+0000] {dag.py:3340} INFO - Setting next_dagrun for example_subdag_operator.section-1 to None, run_after=None
[2023-09-01T10:36:33.700+0000] {logging_mixin.py:120} INFO - [2023-09-01T10:36:33.699+0000] {dag.py:3340} INFO - Setting next_dagrun for example_subdag_operator.section-2 to None, run_after=None
[2023-09-01T10:36:33.723+0000] {logging_mixin.py:120} INFO - [2023-09-01T10:36:33.723+0000] {dag.py:2585} INFO - Sync 2 DAGs
[2023-09-01T10:36:33.755+0000] {logging_mixin.py:120} INFO - [2023-09-01T10:36:33.755+0000] {dag.py:3340} INFO - Setting next_dagrun for example_subdag_operator.section-1 to None, run_after=None
[2023-09-01T10:36:33.757+0000] {logging_mixin.py:120} INFO - [2023-09-01T10:36:33.756+0000] {dag.py:3340} INFO - Setting next_dagrun for example_subdag_operator.section-2 to None, run_after=None
[2023-09-01T10:36:33.801+0000] {processor.py:176} INFO - Processing /home/airflow/.local/lib/python3.7/site-packages/airflow/example_dags/example_subdag_operator.py took 0.944 seconds
[2023-09-01T10:37:04.377+0000] {processor.py:154} INFO - Started process (PID=651) to work on /home/airflow/.local/lib/python3.7/site-packages/airflow/example_dags/example_subdag_operator.py
[2023-09-01T10:37:04.381+0000] {processor.py:756} INFO - Processing file /home/airflow/.local/lib/python3.7/site-packages/airflow/example_dags/example_subdag_operator.py for tasks to queue
[2023-09-01T10:37:04.388+0000] {logging_mixin.py:120} INFO - [2023-09-01T10:37:04.386+0000] {dagbag.py:537} INFO - Filling up the DagBag from /home/airflow/.local/lib/python3.7/site-packages/airflow/example_dags/example_subdag_operator.py
[2023-09-01T10:37:04.485+0000] {processor.py:766} INFO - DAG(s) dict_keys(['example_subdag_operator.section-1', 'example_subdag_operator.section-2', 'example_subdag_operator']) retrieved from /home/airflow/.local/lib/python3.7/site-packages/airflow/example_dags/example_subdag_operator.py
[2023-09-01T10:37:05.277+0000] {logging_mixin.py:120} INFO - [2023-09-01T10:37:05.276+0000] {dag.py:2585} INFO - Sync 3 DAGs
[2023-09-01T10:37:05.437+0000] {logging_mixin.py:120} INFO - [2023-09-01T10:37:05.437+0000] {dag.py:3340} INFO - Setting next_dagrun for example_subdag_operator to 2022-01-01T00:00:00+00:00, run_after=2022-01-01T00:00:00+00:00
[2023-09-01T10:37:05.459+0000] {logging_mixin.py:120} INFO - [2023-09-01T10:37:05.458+0000] {dag.py:3340} INFO - Setting next_dagrun for example_subdag_operator.section-1 to None, run_after=None
[2023-09-01T10:37:05.464+0000] {logging_mixin.py:120} INFO - [2023-09-01T10:37:05.464+0000] {dag.py:3340} INFO - Setting next_dagrun for example_subdag_operator.section-2 to None, run_after=None
[2023-09-01T10:37:05.499+0000] {logging_mixin.py:120} INFO - [2023-09-01T10:37:05.499+0000] {dag.py:2585} INFO - Sync 2 DAGs
[2023-09-01T10:37:05.524+0000] {logging_mixin.py:120} INFO - [2023-09-01T10:37:05.524+0000] {dag.py:3340} INFO - Setting next_dagrun for example_subdag_operator.section-1 to None, run_after=None
[2023-09-01T10:37:05.526+0000] {logging_mixin.py:120} INFO - [2023-09-01T10:37:05.526+0000] {dag.py:3340} INFO - Setting next_dagrun for example_subdag_operator.section-2 to None, run_after=None
[2023-09-01T10:37:05.591+0000] {processor.py:176} INFO - Processing /home/airflow/.local/lib/python3.7/site-packages/airflow/example_dags/example_subdag_operator.py took 1.225 seconds
[2023-09-01T10:37:36.070+0000] {processor.py:154} INFO - Started process (PID=708) to work on /home/airflow/.local/lib/python3.7/site-packages/airflow/example_dags/example_subdag_operator.py
[2023-09-01T10:37:36.078+0000] {processor.py:756} INFO - Processing file /home/airflow/.local/lib/python3.7/site-packages/airflow/example_dags/example_subdag_operator.py for tasks to queue
[2023-09-01T10:37:36.086+0000] {logging_mixin.py:120} INFO - [2023-09-01T10:37:36.084+0000] {dagbag.py:537} INFO - Filling up the DagBag from /home/airflow/.local/lib/python3.7/site-packages/airflow/example_dags/example_subdag_operator.py
[2023-09-01T10:37:36.279+0000] {processor.py:766} INFO - DAG(s) dict_keys(['example_subdag_operator.section-1', 'example_subdag_operator.section-2', 'example_subdag_operator']) retrieved from /home/airflow/.local/lib/python3.7/site-packages/airflow/example_dags/example_subdag_operator.py
[2023-09-01T10:37:37.039+0000] {logging_mixin.py:120} INFO - [2023-09-01T10:37:37.039+0000] {dag.py:2585} INFO - Sync 3 DAGs
[2023-09-01T10:37:37.125+0000] {logging_mixin.py:120} INFO - [2023-09-01T10:37:37.124+0000] {dag.py:3340} INFO - Setting next_dagrun for example_subdag_operator to 2022-01-01T00:00:00+00:00, run_after=2022-01-01T00:00:00+00:00
[2023-09-01T10:37:37.135+0000] {logging_mixin.py:120} INFO - [2023-09-01T10:37:37.134+0000] {dag.py:3340} INFO - Setting next_dagrun for example_subdag_operator.section-1 to None, run_after=None
[2023-09-01T10:37:37.138+0000] {logging_mixin.py:120} INFO - [2023-09-01T10:37:37.138+0000] {dag.py:3340} INFO - Setting next_dagrun for example_subdag_operator.section-2 to None, run_after=None
[2023-09-01T10:37:37.174+0000] {logging_mixin.py:120} INFO - [2023-09-01T10:37:37.174+0000] {dag.py:2585} INFO - Sync 2 DAGs
[2023-09-01T10:37:37.196+0000] {logging_mixin.py:120} INFO - [2023-09-01T10:37:37.195+0000] {dag.py:3340} INFO - Setting next_dagrun for example_subdag_operator.section-1 to None, run_after=None
[2023-09-01T10:37:37.198+0000] {logging_mixin.py:120} INFO - [2023-09-01T10:37:37.198+0000] {dag.py:3340} INFO - Setting next_dagrun for example_subdag_operator.section-2 to None, run_after=None
[2023-09-01T10:37:37.300+0000] {processor.py:176} INFO - Processing /home/airflow/.local/lib/python3.7/site-packages/airflow/example_dags/example_subdag_operator.py took 1.260 seconds
[2023-09-01T10:38:13.230+0000] {processor.py:154} INFO - Started process (PID=759) to work on /home/airflow/.local/lib/python3.7/site-packages/airflow/example_dags/example_subdag_operator.py
[2023-09-01T10:38:13.237+0000] {processor.py:756} INFO - Processing file /home/airflow/.local/lib/python3.7/site-packages/airflow/example_dags/example_subdag_operator.py for tasks to queue
[2023-09-01T10:38:13.242+0000] {logging_mixin.py:120} INFO - [2023-09-01T10:38:13.241+0000] {dagbag.py:537} INFO - Filling up the DagBag from /home/airflow/.local/lib/python3.7/site-packages/airflow/example_dags/example_subdag_operator.py
[2023-09-01T10:38:13.413+0000] {processor.py:766} INFO - DAG(s) dict_keys(['example_subdag_operator.section-1', 'example_subdag_operator.section-2', 'example_subdag_operator']) retrieved from /home/airflow/.local/lib/python3.7/site-packages/airflow/example_dags/example_subdag_operator.py
[2023-09-01T10:38:14.643+0000] {logging_mixin.py:120} INFO - [2023-09-01T10:38:14.639+0000] {dag.py:2585} INFO - Sync 3 DAGs
[2023-09-01T10:38:14.825+0000] {logging_mixin.py:120} INFO - [2023-09-01T10:38:14.825+0000] {dag.py:3340} INFO - Setting next_dagrun for example_subdag_operator to 2022-01-01T00:00:00+00:00, run_after=2022-01-01T00:00:00+00:00
[2023-09-01T10:38:14.843+0000] {logging_mixin.py:120} INFO - [2023-09-01T10:38:14.843+0000] {dag.py:3340} INFO - Setting next_dagrun for example_subdag_operator.section-1 to None, run_after=None
[2023-09-01T10:38:14.861+0000] {logging_mixin.py:120} INFO - [2023-09-01T10:38:14.861+0000] {dag.py:3340} INFO - Setting next_dagrun for example_subdag_operator.section-2 to None, run_after=None
[2023-09-01T10:38:14.909+0000] {logging_mixin.py:120} INFO - [2023-09-01T10:38:14.908+0000] {dag.py:2585} INFO - Sync 2 DAGs
[2023-09-01T10:38:14.944+0000] {logging_mixin.py:120} INFO - [2023-09-01T10:38:14.943+0000] {dag.py:3340} INFO - Setting next_dagrun for example_subdag_operator.section-1 to None, run_after=None
[2023-09-01T10:38:14.951+0000] {logging_mixin.py:120} INFO - [2023-09-01T10:38:14.950+0000] {dag.py:3340} INFO - Setting next_dagrun for example_subdag_operator.section-2 to None, run_after=None
[2023-09-01T10:38:15.024+0000] {processor.py:176} INFO - Processing /home/airflow/.local/lib/python3.7/site-packages/airflow/example_dags/example_subdag_operator.py took 1.807 seconds
