[2023-09-01T10:30:25.977+0000] {processor.py:154} INFO - Started process (PID=87) to work on /home/airflow/.local/lib/python3.7/site-packages/airflow/example_dags/example_branch_operator_decorator.py
[2023-09-01T10:30:25.989+0000] {processor.py:756} INFO - Processing file /home/airflow/.local/lib/python3.7/site-packages/airflow/example_dags/example_branch_operator_decorator.py for tasks to queue
[2023-09-01T10:30:26.001+0000] {logging_mixin.py:120} INFO - [2023-09-01T10:30:25.998+0000] {dagbag.py:537} INFO - Filling up the DagBag from /home/airflow/.local/lib/python3.7/site-packages/airflow/example_dags/example_branch_operator_decorator.py
[2023-09-01T10:30:26.263+0000] {processor.py:766} INFO - DAG(s) dict_keys(['example_branch_python_operator_decorator']) retrieved from /home/airflow/.local/lib/python3.7/site-packages/airflow/example_dags/example_branch_operator_decorator.py
[2023-09-01T10:30:27.454+0000] {logging_mixin.py:120} INFO - [2023-09-01T10:30:27.452+0000] {manager.py:507} INFO - Created Permission View: can delete on DAG:example_branch_python_operator_decorator
[2023-09-01T10:30:27.639+0000] {logging_mixin.py:120} INFO - [2023-09-01T10:30:27.639+0000] {manager.py:507} INFO - Created Permission View: can read on DAG:example_branch_python_operator_decorator
[2023-09-01T10:30:27.734+0000] {logging_mixin.py:120} INFO - [2023-09-01T10:30:27.733+0000] {manager.py:507} INFO - Created Permission View: can edit on DAG:example_branch_python_operator_decorator
[2023-09-01T10:30:27.738+0000] {logging_mixin.py:120} INFO - [2023-09-01T10:30:27.738+0000] {dag.py:2585} INFO - Sync 1 DAGs
[2023-09-01T10:30:27.966+0000] {logging_mixin.py:120} INFO - [2023-09-01T10:30:27.965+0000] {dag.py:2606} INFO - Creating ORM DAG for example_branch_python_operator_decorator
[2023-09-01T10:30:28.089+0000] {logging_mixin.py:120} INFO - [2023-09-01T10:30:28.088+0000] {dag.py:3340} INFO - Setting next_dagrun for example_branch_python_operator_decorator to 2023-08-31T00:00:00+00:00, run_after=2023-09-01T00:00:00+00:00
[2023-09-01T10:30:28.303+0000] {processor.py:176} INFO - Processing /home/airflow/.local/lib/python3.7/site-packages/airflow/example_dags/example_branch_operator_decorator.py took 2.352 seconds
[2023-09-01T10:31:24.720+0000] {processor.py:154} INFO - Started process (PID=149) to work on /home/airflow/.local/lib/python3.7/site-packages/airflow/example_dags/example_branch_operator_decorator.py
[2023-09-01T10:31:24.751+0000] {processor.py:756} INFO - Processing file /home/airflow/.local/lib/python3.7/site-packages/airflow/example_dags/example_branch_operator_decorator.py for tasks to queue
[2023-09-01T10:31:24.768+0000] {logging_mixin.py:120} INFO - [2023-09-01T10:31:24.767+0000] {dagbag.py:537} INFO - Filling up the DagBag from /home/airflow/.local/lib/python3.7/site-packages/airflow/example_dags/example_branch_operator_decorator.py
[2023-09-01T10:31:26.947+0000] {processor.py:766} INFO - DAG(s) dict_keys(['example_branch_python_operator_decorator']) retrieved from /home/airflow/.local/lib/python3.7/site-packages/airflow/example_dags/example_branch_operator_decorator.py
[2023-09-01T10:31:28.844+0000] {logging_mixin.py:120} INFO - [2023-09-01T10:31:28.843+0000] {dag.py:2585} INFO - Sync 1 DAGs
[2023-09-01T10:31:30.166+0000] {logging_mixin.py:120} INFO - [2023-09-01T10:31:30.164+0000] {dag.py:3340} INFO - Setting next_dagrun for example_branch_python_operator_decorator to 2023-08-31T00:00:00+00:00, run_after=2023-09-01T00:00:00+00:00
[2023-09-01T10:31:30.824+0000] {processor.py:176} INFO - Processing /home/airflow/.local/lib/python3.7/site-packages/airflow/example_dags/example_branch_operator_decorator.py took 6.189 seconds
[2023-09-01T10:33:05.251+0000] {processor.py:154} INFO - Started process (PID=237) to work on /home/airflow/.local/lib/python3.7/site-packages/airflow/example_dags/example_branch_operator_decorator.py
[2023-09-01T10:33:05.263+0000] {processor.py:756} INFO - Processing file /home/airflow/.local/lib/python3.7/site-packages/airflow/example_dags/example_branch_operator_decorator.py for tasks to queue
[2023-09-01T10:33:05.270+0000] {logging_mixin.py:120} INFO - [2023-09-01T10:33:05.269+0000] {dagbag.py:537} INFO - Filling up the DagBag from /home/airflow/.local/lib/python3.7/site-packages/airflow/example_dags/example_branch_operator_decorator.py
[2023-09-01T10:33:05.373+0000] {processor.py:766} INFO - DAG(s) dict_keys(['example_branch_python_operator_decorator']) retrieved from /home/airflow/.local/lib/python3.7/site-packages/airflow/example_dags/example_branch_operator_decorator.py
[2023-09-01T10:33:05.501+0000] {logging_mixin.py:120} INFO - [2023-09-01T10:33:05.500+0000] {dag.py:2585} INFO - Sync 1 DAGs
[2023-09-01T10:33:05.574+0000] {logging_mixin.py:120} INFO - [2023-09-01T10:33:05.574+0000] {dag.py:3340} INFO - Setting next_dagrun for example_branch_python_operator_decorator to 2023-08-31T00:00:00+00:00, run_after=2023-09-01T00:00:00+00:00
[2023-09-01T10:33:05.624+0000] {processor.py:176} INFO - Processing /home/airflow/.local/lib/python3.7/site-packages/airflow/example_dags/example_branch_operator_decorator.py took 0.386 seconds
[2023-09-01T10:33:37.907+0000] {processor.py:154} INFO - Started process (PID=298) to work on /home/airflow/.local/lib/python3.7/site-packages/airflow/example_dags/example_branch_operator_decorator.py
[2023-09-01T10:33:37.931+0000] {processor.py:756} INFO - Processing file /home/airflow/.local/lib/python3.7/site-packages/airflow/example_dags/example_branch_operator_decorator.py for tasks to queue
[2023-09-01T10:33:37.936+0000] {logging_mixin.py:120} INFO - [2023-09-01T10:33:37.936+0000] {dagbag.py:537} INFO - Filling up the DagBag from /home/airflow/.local/lib/python3.7/site-packages/airflow/example_dags/example_branch_operator_decorator.py
[2023-09-01T10:33:38.080+0000] {processor.py:766} INFO - DAG(s) dict_keys(['example_branch_python_operator_decorator']) retrieved from /home/airflow/.local/lib/python3.7/site-packages/airflow/example_dags/example_branch_operator_decorator.py
[2023-09-01T10:33:38.292+0000] {logging_mixin.py:120} INFO - [2023-09-01T10:33:38.292+0000] {dag.py:2585} INFO - Sync 1 DAGs
[2023-09-01T10:33:38.393+0000] {logging_mixin.py:120} INFO - [2023-09-01T10:33:38.393+0000] {dag.py:3340} INFO - Setting next_dagrun for example_branch_python_operator_decorator to 2023-08-31T00:00:00+00:00, run_after=2023-09-01T00:00:00+00:00
[2023-09-01T10:33:38.437+0000] {processor.py:176} INFO - Processing /home/airflow/.local/lib/python3.7/site-packages/airflow/example_dags/example_branch_operator_decorator.py took 0.643 seconds
[2023-09-01T10:34:20.435+0000] {processor.py:154} INFO - Started process (PID=354) to work on /home/airflow/.local/lib/python3.7/site-packages/airflow/example_dags/example_branch_operator_decorator.py
[2023-09-01T10:34:20.438+0000] {processor.py:756} INFO - Processing file /home/airflow/.local/lib/python3.7/site-packages/airflow/example_dags/example_branch_operator_decorator.py for tasks to queue
[2023-09-01T10:34:20.442+0000] {logging_mixin.py:120} INFO - [2023-09-01T10:34:20.441+0000] {dagbag.py:537} INFO - Filling up the DagBag from /home/airflow/.local/lib/python3.7/site-packages/airflow/example_dags/example_branch_operator_decorator.py
[2023-09-01T10:34:20.597+0000] {processor.py:766} INFO - DAG(s) dict_keys(['example_branch_python_operator_decorator']) retrieved from /home/airflow/.local/lib/python3.7/site-packages/airflow/example_dags/example_branch_operator_decorator.py
[2023-09-01T10:34:20.977+0000] {logging_mixin.py:120} INFO - [2023-09-01T10:34:20.977+0000] {dag.py:2585} INFO - Sync 1 DAGs
[2023-09-01T10:34:21.177+0000] {logging_mixin.py:120} INFO - [2023-09-01T10:34:21.176+0000] {dag.py:3340} INFO - Setting next_dagrun for example_branch_python_operator_decorator to 2023-08-31T00:00:00+00:00, run_after=2023-09-01T00:00:00+00:00
[2023-09-01T10:34:21.326+0000] {processor.py:176} INFO - Processing /home/airflow/.local/lib/python3.7/site-packages/airflow/example_dags/example_branch_operator_decorator.py took 0.909 seconds
[2023-09-01T10:34:51.771+0000] {processor.py:154} INFO - Started process (PID=407) to work on /home/airflow/.local/lib/python3.7/site-packages/airflow/example_dags/example_branch_operator_decorator.py
[2023-09-01T10:34:51.801+0000] {processor.py:756} INFO - Processing file /home/airflow/.local/lib/python3.7/site-packages/airflow/example_dags/example_branch_operator_decorator.py for tasks to queue
[2023-09-01T10:34:51.892+0000] {logging_mixin.py:120} INFO - [2023-09-01T10:34:51.892+0000] {dagbag.py:537} INFO - Filling up the DagBag from /home/airflow/.local/lib/python3.7/site-packages/airflow/example_dags/example_branch_operator_decorator.py
[2023-09-01T10:34:52.821+0000] {processor.py:766} INFO - DAG(s) dict_keys(['example_branch_python_operator_decorator']) retrieved from /home/airflow/.local/lib/python3.7/site-packages/airflow/example_dags/example_branch_operator_decorator.py
[2023-09-01T10:34:53.294+0000] {logging_mixin.py:120} INFO - [2023-09-01T10:34:53.293+0000] {dag.py:2585} INFO - Sync 1 DAGs
[2023-09-01T10:34:53.511+0000] {logging_mixin.py:120} INFO - [2023-09-01T10:34:53.510+0000] {dag.py:3340} INFO - Setting next_dagrun for example_branch_python_operator_decorator to 2023-08-31T00:00:00+00:00, run_after=2023-09-01T00:00:00+00:00
[2023-09-01T10:34:53.684+0000] {processor.py:176} INFO - Processing /home/airflow/.local/lib/python3.7/site-packages/airflow/example_dags/example_branch_operator_decorator.py took 1.900 seconds
[2023-09-01T10:35:24.067+0000] {processor.py:154} INFO - Started process (PID=470) to work on /home/airflow/.local/lib/python3.7/site-packages/airflow/example_dags/example_branch_operator_decorator.py
[2023-09-01T10:35:24.070+0000] {processor.py:756} INFO - Processing file /home/airflow/.local/lib/python3.7/site-packages/airflow/example_dags/example_branch_operator_decorator.py for tasks to queue
[2023-09-01T10:35:24.072+0000] {logging_mixin.py:120} INFO - [2023-09-01T10:35:24.072+0000] {dagbag.py:537} INFO - Filling up the DagBag from /home/airflow/.local/lib/python3.7/site-packages/airflow/example_dags/example_branch_operator_decorator.py
[2023-09-01T10:35:24.147+0000] {processor.py:766} INFO - DAG(s) dict_keys(['example_branch_python_operator_decorator']) retrieved from /home/airflow/.local/lib/python3.7/site-packages/airflow/example_dags/example_branch_operator_decorator.py
[2023-09-01T10:35:24.317+0000] {logging_mixin.py:120} INFO - [2023-09-01T10:35:24.317+0000] {dag.py:2585} INFO - Sync 1 DAGs
[2023-09-01T10:35:24.387+0000] {logging_mixin.py:120} INFO - [2023-09-01T10:35:24.387+0000] {dag.py:3340} INFO - Setting next_dagrun for example_branch_python_operator_decorator to 2023-08-31T00:00:00+00:00, run_after=2023-09-01T00:00:00+00:00
[2023-09-01T10:35:24.426+0000] {processor.py:176} INFO - Processing /home/airflow/.local/lib/python3.7/site-packages/airflow/example_dags/example_branch_operator_decorator.py took 0.370 seconds
[2023-09-01T10:35:55.411+0000] {processor.py:154} INFO - Started process (PID=524) to work on /home/airflow/.local/lib/python3.7/site-packages/airflow/example_dags/example_branch_operator_decorator.py
[2023-09-01T10:35:55.421+0000] {processor.py:756} INFO - Processing file /home/airflow/.local/lib/python3.7/site-packages/airflow/example_dags/example_branch_operator_decorator.py for tasks to queue
[2023-09-01T10:35:55.426+0000] {logging_mixin.py:120} INFO - [2023-09-01T10:35:55.424+0000] {dagbag.py:537} INFO - Filling up the DagBag from /home/airflow/.local/lib/python3.7/site-packages/airflow/example_dags/example_branch_operator_decorator.py
[2023-09-01T10:35:55.523+0000] {processor.py:766} INFO - DAG(s) dict_keys(['example_branch_python_operator_decorator']) retrieved from /home/airflow/.local/lib/python3.7/site-packages/airflow/example_dags/example_branch_operator_decorator.py
[2023-09-01T10:35:55.618+0000] {logging_mixin.py:120} INFO - [2023-09-01T10:35:55.618+0000] {dag.py:2585} INFO - Sync 1 DAGs
[2023-09-01T10:35:55.676+0000] {logging_mixin.py:120} INFO - [2023-09-01T10:35:55.676+0000] {dag.py:3340} INFO - Setting next_dagrun for example_branch_python_operator_decorator to 2023-08-31T00:00:00+00:00, run_after=2023-09-01T00:00:00+00:00
[2023-09-01T10:35:55.745+0000] {processor.py:176} INFO - Processing /home/airflow/.local/lib/python3.7/site-packages/airflow/example_dags/example_branch_operator_decorator.py took 0.353 seconds
[2023-09-01T10:36:26.083+0000] {processor.py:154} INFO - Started process (PID=579) to work on /home/airflow/.local/lib/python3.7/site-packages/airflow/example_dags/example_branch_operator_decorator.py
[2023-09-01T10:36:26.087+0000] {processor.py:756} INFO - Processing file /home/airflow/.local/lib/python3.7/site-packages/airflow/example_dags/example_branch_operator_decorator.py for tasks to queue
[2023-09-01T10:36:26.091+0000] {logging_mixin.py:120} INFO - [2023-09-01T10:36:26.091+0000] {dagbag.py:537} INFO - Filling up the DagBag from /home/airflow/.local/lib/python3.7/site-packages/airflow/example_dags/example_branch_operator_decorator.py
[2023-09-01T10:36:26.147+0000] {processor.py:766} INFO - DAG(s) dict_keys(['example_branch_python_operator_decorator']) retrieved from /home/airflow/.local/lib/python3.7/site-packages/airflow/example_dags/example_branch_operator_decorator.py
[2023-09-01T10:36:26.239+0000] {logging_mixin.py:120} INFO - [2023-09-01T10:36:26.239+0000] {dag.py:2585} INFO - Sync 1 DAGs
[2023-09-01T10:36:26.347+0000] {logging_mixin.py:120} INFO - [2023-09-01T10:36:26.346+0000] {dag.py:3340} INFO - Setting next_dagrun for example_branch_python_operator_decorator to 2023-08-31T00:00:00+00:00, run_after=2023-09-01T00:00:00+00:00
[2023-09-01T10:36:26.416+0000] {processor.py:176} INFO - Processing /home/airflow/.local/lib/python3.7/site-packages/airflow/example_dags/example_branch_operator_decorator.py took 0.343 seconds
[2023-09-01T10:36:59.539+0000] {processor.py:154} INFO - Started process (PID=634) to work on /home/airflow/.local/lib/python3.7/site-packages/airflow/example_dags/example_branch_operator_decorator.py
[2023-09-01T10:36:59.555+0000] {processor.py:756} INFO - Processing file /home/airflow/.local/lib/python3.7/site-packages/airflow/example_dags/example_branch_operator_decorator.py for tasks to queue
[2023-09-01T10:36:59.557+0000] {logging_mixin.py:120} INFO - [2023-09-01T10:36:59.557+0000] {dagbag.py:537} INFO - Filling up the DagBag from /home/airflow/.local/lib/python3.7/site-packages/airflow/example_dags/example_branch_operator_decorator.py
[2023-09-01T10:36:59.780+0000] {processor.py:766} INFO - DAG(s) dict_keys(['example_branch_python_operator_decorator']) retrieved from /home/airflow/.local/lib/python3.7/site-packages/airflow/example_dags/example_branch_operator_decorator.py
[2023-09-01T10:36:59.907+0000] {logging_mixin.py:120} INFO - [2023-09-01T10:36:59.907+0000] {dag.py:2585} INFO - Sync 1 DAGs
[2023-09-01T10:37:00.005+0000] {logging_mixin.py:120} INFO - [2023-09-01T10:37:00.005+0000] {dag.py:3340} INFO - Setting next_dagrun for example_branch_python_operator_decorator to 2023-08-31T00:00:00+00:00, run_after=2023-09-01T00:00:00+00:00
[2023-09-01T10:37:00.055+0000] {processor.py:176} INFO - Processing /home/airflow/.local/lib/python3.7/site-packages/airflow/example_dags/example_branch_operator_decorator.py took 0.543 seconds
[2023-09-01T10:37:32.248+0000] {processor.py:154} INFO - Started process (PID=697) to work on /home/airflow/.local/lib/python3.7/site-packages/airflow/example_dags/example_branch_operator_decorator.py
[2023-09-01T10:37:32.252+0000] {processor.py:756} INFO - Processing file /home/airflow/.local/lib/python3.7/site-packages/airflow/example_dags/example_branch_operator_decorator.py for tasks to queue
[2023-09-01T10:37:32.258+0000] {logging_mixin.py:120} INFO - [2023-09-01T10:37:32.258+0000] {dagbag.py:537} INFO - Filling up the DagBag from /home/airflow/.local/lib/python3.7/site-packages/airflow/example_dags/example_branch_operator_decorator.py
[2023-09-01T10:37:32.380+0000] {processor.py:766} INFO - DAG(s) dict_keys(['example_branch_python_operator_decorator']) retrieved from /home/airflow/.local/lib/python3.7/site-packages/airflow/example_dags/example_branch_operator_decorator.py
[2023-09-01T10:37:32.512+0000] {logging_mixin.py:120} INFO - [2023-09-01T10:37:32.512+0000] {dag.py:2585} INFO - Sync 1 DAGs
[2023-09-01T10:37:32.593+0000] {logging_mixin.py:120} INFO - [2023-09-01T10:37:32.593+0000] {dag.py:3340} INFO - Setting next_dagrun for example_branch_python_operator_decorator to 2023-08-31T00:00:00+00:00, run_after=2023-09-01T00:00:00+00:00
[2023-09-01T10:37:32.666+0000] {processor.py:176} INFO - Processing /home/airflow/.local/lib/python3.7/site-packages/airflow/example_dags/example_branch_operator_decorator.py took 0.441 seconds
[2023-09-01T10:38:09.591+0000] {processor.py:154} INFO - Started process (PID=753) to work on /home/airflow/.local/lib/python3.7/site-packages/airflow/example_dags/example_branch_operator_decorator.py
[2023-09-01T10:38:09.614+0000] {processor.py:756} INFO - Processing file /home/airflow/.local/lib/python3.7/site-packages/airflow/example_dags/example_branch_operator_decorator.py for tasks to queue
[2023-09-01T10:38:09.623+0000] {logging_mixin.py:120} INFO - [2023-09-01T10:38:09.621+0000] {dagbag.py:537} INFO - Filling up the DagBag from /home/airflow/.local/lib/python3.7/site-packages/airflow/example_dags/example_branch_operator_decorator.py
[2023-09-01T10:38:10.516+0000] {processor.py:766} INFO - DAG(s) dict_keys(['example_branch_python_operator_decorator']) retrieved from /home/airflow/.local/lib/python3.7/site-packages/airflow/example_dags/example_branch_operator_decorator.py
[2023-09-01T10:38:11.180+0000] {logging_mixin.py:120} INFO - [2023-09-01T10:38:11.179+0000] {dag.py:2585} INFO - Sync 1 DAGs
[2023-09-01T10:38:11.364+0000] {logging_mixin.py:120} INFO - [2023-09-01T10:38:11.364+0000] {dag.py:3340} INFO - Setting next_dagrun for example_branch_python_operator_decorator to 2023-08-31T00:00:00+00:00, run_after=2023-09-01T00:00:00+00:00
[2023-09-01T10:38:11.421+0000] {processor.py:176} INFO - Processing /home/airflow/.local/lib/python3.7/site-packages/airflow/example_dags/example_branch_operator_decorator.py took 1.855 seconds
