[2023-09-01T10:30:02.467+0000] {processor.py:154} INFO - Started process (PID=68) to work on /home/airflow/.local/lib/python3.7/site-packages/airflow/example_dags/example_trigger_controller_dag.py
[2023-09-01T10:30:02.491+0000] {processor.py:756} INFO - Processing file /home/airflow/.local/lib/python3.7/site-packages/airflow/example_dags/example_trigger_controller_dag.py for tasks to queue
[2023-09-01T10:30:02.522+0000] {logging_mixin.py:120} INFO - [2023-09-01T10:30:02.519+0000] {dagbag.py:537} INFO - Filling up the DagBag from /home/airflow/.local/lib/python3.7/site-packages/airflow/example_dags/example_trigger_controller_dag.py
[2023-09-01T10:30:02.614+0000] {processor.py:766} INFO - DAG(s) dict_keys(['example_trigger_controller_dag']) retrieved from /home/airflow/.local/lib/python3.7/site-packages/airflow/example_dags/example_trigger_controller_dag.py
[2023-09-01T10:30:05.412+0000] {logging_mixin.py:120} INFO - [2023-09-01T10:30:05.412+0000] {manager.py:507} INFO - Created Permission View: can delete on DAG:example_trigger_controller_dag
[2023-09-01T10:30:05.493+0000] {logging_mixin.py:120} INFO - [2023-09-01T10:30:05.492+0000] {manager.py:507} INFO - Created Permission View: can read on DAG:example_trigger_controller_dag
[2023-09-01T10:30:05.549+0000] {logging_mixin.py:120} INFO - [2023-09-01T10:30:05.548+0000] {manager.py:507} INFO - Created Permission View: can edit on DAG:example_trigger_controller_dag
[2023-09-01T10:30:05.551+0000] {logging_mixin.py:120} INFO - [2023-09-01T10:30:05.551+0000] {dag.py:2585} INFO - Sync 1 DAGs
[2023-09-01T10:30:05.663+0000] {logging_mixin.py:120} INFO - [2023-09-01T10:30:05.662+0000] {dag.py:2606} INFO - Creating ORM DAG for example_trigger_controller_dag
[2023-09-01T10:30:05.776+0000] {logging_mixin.py:120} INFO - [2023-09-01T10:30:05.776+0000] {dag.py:3340} INFO - Setting next_dagrun for example_trigger_controller_dag to 2021-01-01T00:00:00+00:00, run_after=2021-01-01T00:00:00+00:00
[2023-09-01T10:30:05.966+0000] {processor.py:176} INFO - Processing /home/airflow/.local/lib/python3.7/site-packages/airflow/example_dags/example_trigger_controller_dag.py took 3.559 seconds
[2023-09-01T10:30:58.432+0000] {processor.py:154} INFO - Started process (PID=130) to work on /home/airflow/.local/lib/python3.7/site-packages/airflow/example_dags/example_trigger_controller_dag.py
[2023-09-01T10:30:58.437+0000] {processor.py:756} INFO - Processing file /home/airflow/.local/lib/python3.7/site-packages/airflow/example_dags/example_trigger_controller_dag.py for tasks to queue
[2023-09-01T10:30:58.440+0000] {logging_mixin.py:120} INFO - [2023-09-01T10:30:58.440+0000] {dagbag.py:537} INFO - Filling up the DagBag from /home/airflow/.local/lib/python3.7/site-packages/airflow/example_dags/example_trigger_controller_dag.py
[2023-09-01T10:30:58.547+0000] {processor.py:766} INFO - DAG(s) dict_keys(['example_trigger_controller_dag']) retrieved from /home/airflow/.local/lib/python3.7/site-packages/airflow/example_dags/example_trigger_controller_dag.py
[2023-09-01T10:30:58.979+0000] {logging_mixin.py:120} INFO - [2023-09-01T10:30:58.979+0000] {dag.py:2585} INFO - Sync 1 DAGs
[2023-09-01T10:30:59.176+0000] {logging_mixin.py:120} INFO - [2023-09-01T10:30:59.175+0000] {dag.py:3340} INFO - Setting next_dagrun for example_trigger_controller_dag to 2021-01-01T00:00:00+00:00, run_after=2021-01-01T00:00:00+00:00
[2023-09-01T10:30:59.281+0000] {processor.py:176} INFO - Processing /home/airflow/.local/lib/python3.7/site-packages/airflow/example_dags/example_trigger_controller_dag.py took 0.887 seconds
[2023-09-01T10:33:01.446+0000] {processor.py:154} INFO - Started process (PID=226) to work on /home/airflow/.local/lib/python3.7/site-packages/airflow/example_dags/example_trigger_controller_dag.py
[2023-09-01T10:33:01.454+0000] {processor.py:756} INFO - Processing file /home/airflow/.local/lib/python3.7/site-packages/airflow/example_dags/example_trigger_controller_dag.py for tasks to queue
[2023-09-01T10:33:01.460+0000] {logging_mixin.py:120} INFO - [2023-09-01T10:33:01.460+0000] {dagbag.py:537} INFO - Filling up the DagBag from /home/airflow/.local/lib/python3.7/site-packages/airflow/example_dags/example_trigger_controller_dag.py
[2023-09-01T10:33:01.540+0000] {processor.py:766} INFO - DAG(s) dict_keys(['example_trigger_controller_dag']) retrieved from /home/airflow/.local/lib/python3.7/site-packages/airflow/example_dags/example_trigger_controller_dag.py
[2023-09-01T10:33:01.862+0000] {logging_mixin.py:120} INFO - [2023-09-01T10:33:01.860+0000] {dag.py:2585} INFO - Sync 1 DAGs
[2023-09-01T10:33:02.021+0000] {logging_mixin.py:120} INFO - [2023-09-01T10:33:02.017+0000] {dag.py:3340} INFO - Setting next_dagrun for example_trigger_controller_dag to 2021-01-01T00:00:00+00:00, run_after=2021-01-01T00:00:00+00:00
[2023-09-01T10:33:02.136+0000] {processor.py:176} INFO - Processing /home/airflow/.local/lib/python3.7/site-packages/airflow/example_dags/example_trigger_controller_dag.py took 0.704 seconds
[2023-09-01T10:33:32.561+0000] {processor.py:154} INFO - Started process (PID=280) to work on /home/airflow/.local/lib/python3.7/site-packages/airflow/example_dags/example_trigger_controller_dag.py
[2023-09-01T10:33:32.564+0000] {processor.py:756} INFO - Processing file /home/airflow/.local/lib/python3.7/site-packages/airflow/example_dags/example_trigger_controller_dag.py for tasks to queue
[2023-09-01T10:33:32.569+0000] {logging_mixin.py:120} INFO - [2023-09-01T10:33:32.567+0000] {dagbag.py:537} INFO - Filling up the DagBag from /home/airflow/.local/lib/python3.7/site-packages/airflow/example_dags/example_trigger_controller_dag.py
[2023-09-01T10:33:32.605+0000] {processor.py:766} INFO - DAG(s) dict_keys(['example_trigger_controller_dag']) retrieved from /home/airflow/.local/lib/python3.7/site-packages/airflow/example_dags/example_trigger_controller_dag.py
[2023-09-01T10:33:32.699+0000] {logging_mixin.py:120} INFO - [2023-09-01T10:33:32.698+0000] {dag.py:2585} INFO - Sync 1 DAGs
[2023-09-01T10:33:32.770+0000] {logging_mixin.py:120} INFO - [2023-09-01T10:33:32.769+0000] {dag.py:3340} INFO - Setting next_dagrun for example_trigger_controller_dag to 2021-01-01T00:00:00+00:00, run_after=2021-01-01T00:00:00+00:00
[2023-09-01T10:33:32.862+0000] {processor.py:176} INFO - Processing /home/airflow/.local/lib/python3.7/site-packages/airflow/example_dags/example_trigger_controller_dag.py took 0.346 seconds
[2023-09-01T10:34:14.958+0000] {processor.py:154} INFO - Started process (PID=343) to work on /home/airflow/.local/lib/python3.7/site-packages/airflow/example_dags/example_trigger_controller_dag.py
[2023-09-01T10:34:14.975+0000] {processor.py:756} INFO - Processing file /home/airflow/.local/lib/python3.7/site-packages/airflow/example_dags/example_trigger_controller_dag.py for tasks to queue
[2023-09-01T10:34:14.996+0000] {logging_mixin.py:120} INFO - [2023-09-01T10:34:14.987+0000] {dagbag.py:537} INFO - Filling up the DagBag from /home/airflow/.local/lib/python3.7/site-packages/airflow/example_dags/example_trigger_controller_dag.py
[2023-09-01T10:34:15.071+0000] {processor.py:766} INFO - DAG(s) dict_keys(['example_trigger_controller_dag']) retrieved from /home/airflow/.local/lib/python3.7/site-packages/airflow/example_dags/example_trigger_controller_dag.py
[2023-09-01T10:34:15.281+0000] {logging_mixin.py:120} INFO - [2023-09-01T10:34:15.281+0000] {dag.py:2585} INFO - Sync 1 DAGs
[2023-09-01T10:34:15.466+0000] {logging_mixin.py:120} INFO - [2023-09-01T10:34:15.462+0000] {dag.py:3340} INFO - Setting next_dagrun for example_trigger_controller_dag to 2021-01-01T00:00:00+00:00, run_after=2021-01-01T00:00:00+00:00
[2023-09-01T10:34:15.527+0000] {processor.py:176} INFO - Processing /home/airflow/.local/lib/python3.7/site-packages/airflow/example_dags/example_trigger_controller_dag.py took 0.626 seconds
[2023-09-01T10:34:46.277+0000] {processor.py:154} INFO - Started process (PID=396) to work on /home/airflow/.local/lib/python3.7/site-packages/airflow/example_dags/example_trigger_controller_dag.py
[2023-09-01T10:34:46.279+0000] {processor.py:756} INFO - Processing file /home/airflow/.local/lib/python3.7/site-packages/airflow/example_dags/example_trigger_controller_dag.py for tasks to queue
[2023-09-01T10:34:46.282+0000] {logging_mixin.py:120} INFO - [2023-09-01T10:34:46.282+0000] {dagbag.py:537} INFO - Filling up the DagBag from /home/airflow/.local/lib/python3.7/site-packages/airflow/example_dags/example_trigger_controller_dag.py
[2023-09-01T10:34:46.301+0000] {processor.py:766} INFO - DAG(s) dict_keys(['example_trigger_controller_dag']) retrieved from /home/airflow/.local/lib/python3.7/site-packages/airflow/example_dags/example_trigger_controller_dag.py
[2023-09-01T10:34:46.381+0000] {logging_mixin.py:120} INFO - [2023-09-01T10:34:46.381+0000] {dag.py:2585} INFO - Sync 1 DAGs
[2023-09-01T10:34:46.427+0000] {logging_mixin.py:120} INFO - [2023-09-01T10:34:46.427+0000] {dag.py:3340} INFO - Setting next_dagrun for example_trigger_controller_dag to 2021-01-01T00:00:00+00:00, run_after=2021-01-01T00:00:00+00:00
[2023-09-01T10:34:46.475+0000] {processor.py:176} INFO - Processing /home/airflow/.local/lib/python3.7/site-packages/airflow/example_dags/example_trigger_controller_dag.py took 0.203 seconds
[2023-09-01T10:35:16.838+0000] {processor.py:154} INFO - Started process (PID=449) to work on /home/airflow/.local/lib/python3.7/site-packages/airflow/example_dags/example_trigger_controller_dag.py
[2023-09-01T10:35:16.840+0000] {processor.py:756} INFO - Processing file /home/airflow/.local/lib/python3.7/site-packages/airflow/example_dags/example_trigger_controller_dag.py for tasks to queue
[2023-09-01T10:35:16.842+0000] {logging_mixin.py:120} INFO - [2023-09-01T10:35:16.842+0000] {dagbag.py:537} INFO - Filling up the DagBag from /home/airflow/.local/lib/python3.7/site-packages/airflow/example_dags/example_trigger_controller_dag.py
[2023-09-01T10:35:16.861+0000] {processor.py:766} INFO - DAG(s) dict_keys(['example_trigger_controller_dag']) retrieved from /home/airflow/.local/lib/python3.7/site-packages/airflow/example_dags/example_trigger_controller_dag.py
[2023-09-01T10:35:16.925+0000] {logging_mixin.py:120} INFO - [2023-09-01T10:35:16.925+0000] {dag.py:2585} INFO - Sync 1 DAGs
[2023-09-01T10:35:16.965+0000] {logging_mixin.py:120} INFO - [2023-09-01T10:35:16.965+0000] {dag.py:3340} INFO - Setting next_dagrun for example_trigger_controller_dag to 2021-01-01T00:00:00+00:00, run_after=2021-01-01T00:00:00+00:00
[2023-09-01T10:35:17.001+0000] {processor.py:176} INFO - Processing /home/airflow/.local/lib/python3.7/site-packages/airflow/example_dags/example_trigger_controller_dag.py took 0.168 seconds
[2023-09-01T10:35:50.147+0000] {processor.py:154} INFO - Started process (PID=513) to work on /home/airflow/.local/lib/python3.7/site-packages/airflow/example_dags/example_trigger_controller_dag.py
[2023-09-01T10:35:50.150+0000] {processor.py:756} INFO - Processing file /home/airflow/.local/lib/python3.7/site-packages/airflow/example_dags/example_trigger_controller_dag.py for tasks to queue
[2023-09-01T10:35:50.154+0000] {logging_mixin.py:120} INFO - [2023-09-01T10:35:50.154+0000] {dagbag.py:537} INFO - Filling up the DagBag from /home/airflow/.local/lib/python3.7/site-packages/airflow/example_dags/example_trigger_controller_dag.py
[2023-09-01T10:35:50.217+0000] {processor.py:766} INFO - DAG(s) dict_keys(['example_trigger_controller_dag']) retrieved from /home/airflow/.local/lib/python3.7/site-packages/airflow/example_dags/example_trigger_controller_dag.py
[2023-09-01T10:35:50.353+0000] {logging_mixin.py:120} INFO - [2023-09-01T10:35:50.353+0000] {dag.py:2585} INFO - Sync 1 DAGs
[2023-09-01T10:35:50.443+0000] {logging_mixin.py:120} INFO - [2023-09-01T10:35:50.441+0000] {dag.py:3340} INFO - Setting next_dagrun for example_trigger_controller_dag to 2021-01-01T00:00:00+00:00, run_after=2021-01-01T00:00:00+00:00
[2023-09-01T10:35:50.534+0000] {processor.py:176} INFO - Processing /home/airflow/.local/lib/python3.7/site-packages/airflow/example_dags/example_trigger_controller_dag.py took 0.399 seconds
[2023-09-01T10:36:22.413+0000] {processor.py:154} INFO - Started process (PID=568) to work on /home/airflow/.local/lib/python3.7/site-packages/airflow/example_dags/example_trigger_controller_dag.py
[2023-09-01T10:36:22.418+0000] {processor.py:756} INFO - Processing file /home/airflow/.local/lib/python3.7/site-packages/airflow/example_dags/example_trigger_controller_dag.py for tasks to queue
[2023-09-01T10:36:22.422+0000] {logging_mixin.py:120} INFO - [2023-09-01T10:36:22.422+0000] {dagbag.py:537} INFO - Filling up the DagBag from /home/airflow/.local/lib/python3.7/site-packages/airflow/example_dags/example_trigger_controller_dag.py
[2023-09-01T10:36:22.461+0000] {processor.py:766} INFO - DAG(s) dict_keys(['example_trigger_controller_dag']) retrieved from /home/airflow/.local/lib/python3.7/site-packages/airflow/example_dags/example_trigger_controller_dag.py
[2023-09-01T10:36:22.551+0000] {logging_mixin.py:120} INFO - [2023-09-01T10:36:22.551+0000] {dag.py:2585} INFO - Sync 1 DAGs
[2023-09-01T10:36:22.613+0000] {logging_mixin.py:120} INFO - [2023-09-01T10:36:22.613+0000] {dag.py:3340} INFO - Setting next_dagrun for example_trigger_controller_dag to 2021-01-01T00:00:00+00:00, run_after=2021-01-01T00:00:00+00:00
[2023-09-01T10:36:22.699+0000] {processor.py:176} INFO - Processing /home/airflow/.local/lib/python3.7/site-packages/airflow/example_dags/example_trigger_controller_dag.py took 0.299 seconds
[2023-09-01T10:36:53.109+0000] {processor.py:154} INFO - Started process (PID=623) to work on /home/airflow/.local/lib/python3.7/site-packages/airflow/example_dags/example_trigger_controller_dag.py
[2023-09-01T10:36:53.112+0000] {processor.py:756} INFO - Processing file /home/airflow/.local/lib/python3.7/site-packages/airflow/example_dags/example_trigger_controller_dag.py for tasks to queue
[2023-09-01T10:36:53.116+0000] {logging_mixin.py:120} INFO - [2023-09-01T10:36:53.116+0000] {dagbag.py:537} INFO - Filling up the DagBag from /home/airflow/.local/lib/python3.7/site-packages/airflow/example_dags/example_trigger_controller_dag.py
[2023-09-01T10:36:53.151+0000] {processor.py:766} INFO - DAG(s) dict_keys(['example_trigger_controller_dag']) retrieved from /home/airflow/.local/lib/python3.7/site-packages/airflow/example_dags/example_trigger_controller_dag.py
[2023-09-01T10:36:53.274+0000] {logging_mixin.py:120} INFO - [2023-09-01T10:36:53.273+0000] {dag.py:2585} INFO - Sync 1 DAGs
[2023-09-01T10:36:53.384+0000] {logging_mixin.py:120} INFO - [2023-09-01T10:36:53.383+0000] {dag.py:3340} INFO - Setting next_dagrun for example_trigger_controller_dag to 2021-01-01T00:00:00+00:00, run_after=2021-01-01T00:00:00+00:00
[2023-09-01T10:36:53.432+0000] {processor.py:176} INFO - Processing /home/airflow/.local/lib/python3.7/site-packages/airflow/example_dags/example_trigger_controller_dag.py took 0.335 seconds
[2023-09-01T10:37:23.499+0000] {processor.py:154} INFO - Started process (PID=678) to work on /home/airflow/.local/lib/python3.7/site-packages/airflow/example_dags/example_trigger_controller_dag.py
[2023-09-01T10:37:23.502+0000] {processor.py:756} INFO - Processing file /home/airflow/.local/lib/python3.7/site-packages/airflow/example_dags/example_trigger_controller_dag.py for tasks to queue
[2023-09-01T10:37:23.507+0000] {logging_mixin.py:120} INFO - [2023-09-01T10:37:23.506+0000] {dagbag.py:537} INFO - Filling up the DagBag from /home/airflow/.local/lib/python3.7/site-packages/airflow/example_dags/example_trigger_controller_dag.py
[2023-09-01T10:37:23.544+0000] {processor.py:766} INFO - DAG(s) dict_keys(['example_trigger_controller_dag']) retrieved from /home/airflow/.local/lib/python3.7/site-packages/airflow/example_dags/example_trigger_controller_dag.py
[2023-09-01T10:37:23.668+0000] {logging_mixin.py:120} INFO - [2023-09-01T10:37:23.668+0000] {dag.py:2585} INFO - Sync 1 DAGs
[2023-09-01T10:37:23.939+0000] {logging_mixin.py:120} INFO - [2023-09-01T10:37:23.938+0000] {dag.py:3340} INFO - Setting next_dagrun for example_trigger_controller_dag to 2021-01-01T00:00:00+00:00, run_after=2021-01-01T00:00:00+00:00
[2023-09-01T10:37:24.398+0000] {processor.py:176} INFO - Processing /home/airflow/.local/lib/python3.7/site-packages/airflow/example_dags/example_trigger_controller_dag.py took 0.910 seconds
[2023-09-01T10:37:57.687+0000] {processor.py:154} INFO - Started process (PID=733) to work on /home/airflow/.local/lib/python3.7/site-packages/airflow/example_dags/example_trigger_controller_dag.py
[2023-09-01T10:37:57.706+0000] {processor.py:756} INFO - Processing file /home/airflow/.local/lib/python3.7/site-packages/airflow/example_dags/example_trigger_controller_dag.py for tasks to queue
[2023-09-01T10:37:57.719+0000] {logging_mixin.py:120} INFO - [2023-09-01T10:37:57.718+0000] {dagbag.py:537} INFO - Filling up the DagBag from /home/airflow/.local/lib/python3.7/site-packages/airflow/example_dags/example_trigger_controller_dag.py
[2023-09-01T10:37:58.145+0000] {processor.py:766} INFO - DAG(s) dict_keys(['example_trigger_controller_dag']) retrieved from /home/airflow/.local/lib/python3.7/site-packages/airflow/example_dags/example_trigger_controller_dag.py
[2023-09-01T10:37:58.738+0000] {logging_mixin.py:120} INFO - [2023-09-01T10:37:58.738+0000] {dag.py:2585} INFO - Sync 1 DAGs
[2023-09-01T10:37:58.860+0000] {logging_mixin.py:120} INFO - [2023-09-01T10:37:58.860+0000] {dag.py:3340} INFO - Setting next_dagrun for example_trigger_controller_dag to 2021-01-01T00:00:00+00:00, run_after=2021-01-01T00:00:00+00:00
[2023-09-01T10:37:58.973+0000] {processor.py:176} INFO - Processing /home/airflow/.local/lib/python3.7/site-packages/airflow/example_dags/example_trigger_controller_dag.py took 1.318 seconds
