[2023-09-01T10:30:18.925+0000] {processor.py:154} INFO - Started process (PID=81) to work on /home/airflow/.local/lib/python3.7/site-packages/airflow/example_dags/example_dag_decorator.py
[2023-09-01T10:30:18.950+0000] {processor.py:756} INFO - Processing file /home/airflow/.local/lib/python3.7/site-packages/airflow/example_dags/example_dag_decorator.py for tasks to queue
[2023-09-01T10:30:18.965+0000] {logging_mixin.py:120} INFO - [2023-09-01T10:30:18.964+0000] {dagbag.py:537} INFO - Filling up the DagBag from /home/airflow/.local/lib/python3.7/site-packages/airflow/example_dags/example_dag_decorator.py
[2023-09-01T10:30:19.396+0000] {logging_mixin.py:120} INFO - [2023-09-01T10:30:19.395+0000] {taskmixin.py:205} WARNING - Dependency <Task(_PythonDecoratedOperator): prepare_email>, send_email already registered for DAG: example_dag_decorator
[2023-09-01T10:30:19.408+0000] {logging_mixin.py:120} INFO - [2023-09-01T10:30:19.408+0000] {taskmixin.py:205} WARNING - Dependency <Task(EmailOperator): send_email>, prepare_email already registered for DAG: example_dag_decorator
[2023-09-01T10:30:19.594+0000] {processor.py:766} INFO - DAG(s) dict_keys(['example_dag_decorator']) retrieved from /home/airflow/.local/lib/python3.7/site-packages/airflow/example_dags/example_dag_decorator.py
[2023-09-01T10:30:21.256+0000] {logging_mixin.py:120} INFO - [2023-09-01T10:30:21.255+0000] {manager.py:507} INFO - Created Permission View: can delete on DAG:example_dag_decorator
[2023-09-01T10:30:21.334+0000] {logging_mixin.py:120} INFO - [2023-09-01T10:30:21.334+0000] {manager.py:507} INFO - Created Permission View: can read on DAG:example_dag_decorator
[2023-09-01T10:30:21.383+0000] {logging_mixin.py:120} INFO - [2023-09-01T10:30:21.382+0000] {manager.py:507} INFO - Created Permission View: can edit on DAG:example_dag_decorator
[2023-09-01T10:30:21.386+0000] {logging_mixin.py:120} INFO - [2023-09-01T10:30:21.385+0000] {dag.py:2585} INFO - Sync 1 DAGs
[2023-09-01T10:30:21.564+0000] {logging_mixin.py:120} INFO - [2023-09-01T10:30:21.563+0000] {dag.py:2606} INFO - Creating ORM DAG for example_dag_decorator
[2023-09-01T10:30:21.737+0000] {logging_mixin.py:120} INFO - [2023-09-01T10:30:21.737+0000] {dag.py:3340} INFO - Setting next_dagrun for example_dag_decorator to None, run_after=None
[2023-09-01T10:30:21.929+0000] {processor.py:176} INFO - Processing /home/airflow/.local/lib/python3.7/site-packages/airflow/example_dags/example_dag_decorator.py took 3.058 seconds
[2023-09-01T10:31:02.491+0000] {processor.py:154} INFO - Started process (PID=138) to work on /home/airflow/.local/lib/python3.7/site-packages/airflow/example_dags/example_dag_decorator.py
[2023-09-01T10:31:02.515+0000] {processor.py:756} INFO - Processing file /home/airflow/.local/lib/python3.7/site-packages/airflow/example_dags/example_dag_decorator.py for tasks to queue
[2023-09-01T10:31:02.543+0000] {logging_mixin.py:120} INFO - [2023-09-01T10:31:02.542+0000] {dagbag.py:537} INFO - Filling up the DagBag from /home/airflow/.local/lib/python3.7/site-packages/airflow/example_dags/example_dag_decorator.py
[2023-09-01T10:31:03.243+0000] {logging_mixin.py:120} INFO - [2023-09-01T10:31:03.242+0000] {taskmixin.py:205} WARNING - Dependency <Task(_PythonDecoratedOperator): prepare_email>, send_email already registered for DAG: example_dag_decorator
[2023-09-01T10:31:03.248+0000] {logging_mixin.py:120} INFO - [2023-09-01T10:31:03.246+0000] {taskmixin.py:205} WARNING - Dependency <Task(EmailOperator): send_email>, prepare_email already registered for DAG: example_dag_decorator
[2023-09-01T10:31:03.336+0000] {processor.py:766} INFO - DAG(s) dict_keys(['example_dag_decorator']) retrieved from /home/airflow/.local/lib/python3.7/site-packages/airflow/example_dags/example_dag_decorator.py
[2023-09-01T10:31:04.772+0000] {logging_mixin.py:120} INFO - [2023-09-01T10:31:04.770+0000] {dag.py:2585} INFO - Sync 1 DAGs
[2023-09-01T10:31:05.383+0000] {logging_mixin.py:120} INFO - [2023-09-01T10:31:05.383+0000] {dag.py:3340} INFO - Setting next_dagrun for example_dag_decorator to None, run_after=None
[2023-09-01T10:31:06.383+0000] {processor.py:176} INFO - Processing /home/airflow/.local/lib/python3.7/site-packages/airflow/example_dags/example_dag_decorator.py took 3.914 seconds
[2023-09-01T10:33:04.085+0000] {processor.py:154} INFO - Started process (PID=233) to work on /home/airflow/.local/lib/python3.7/site-packages/airflow/example_dags/example_dag_decorator.py
[2023-09-01T10:33:04.090+0000] {processor.py:756} INFO - Processing file /home/airflow/.local/lib/python3.7/site-packages/airflow/example_dags/example_dag_decorator.py for tasks to queue
[2023-09-01T10:33:04.092+0000] {logging_mixin.py:120} INFO - [2023-09-01T10:33:04.092+0000] {dagbag.py:537} INFO - Filling up the DagBag from /home/airflow/.local/lib/python3.7/site-packages/airflow/example_dags/example_dag_decorator.py
[2023-09-01T10:33:04.132+0000] {logging_mixin.py:120} INFO - [2023-09-01T10:33:04.131+0000] {taskmixin.py:205} WARNING - Dependency <Task(_PythonDecoratedOperator): prepare_email>, send_email already registered for DAG: example_dag_decorator
[2023-09-01T10:33:04.133+0000] {logging_mixin.py:120} INFO - [2023-09-01T10:33:04.133+0000] {taskmixin.py:205} WARNING - Dependency <Task(EmailOperator): send_email>, prepare_email already registered for DAG: example_dag_decorator
[2023-09-01T10:33:04.169+0000] {processor.py:766} INFO - DAG(s) dict_keys(['example_dag_decorator']) retrieved from /home/airflow/.local/lib/python3.7/site-packages/airflow/example_dags/example_dag_decorator.py
[2023-09-01T10:33:04.419+0000] {logging_mixin.py:120} INFO - [2023-09-01T10:33:04.419+0000] {dag.py:2585} INFO - Sync 1 DAGs
[2023-09-01T10:33:04.475+0000] {logging_mixin.py:120} INFO - [2023-09-01T10:33:04.475+0000] {dag.py:3340} INFO - Setting next_dagrun for example_dag_decorator to None, run_after=None
[2023-09-01T10:33:04.535+0000] {processor.py:176} INFO - Processing /home/airflow/.local/lib/python3.7/site-packages/airflow/example_dags/example_dag_decorator.py took 0.457 seconds
[2023-09-01T10:33:35.820+0000] {processor.py:154} INFO - Started process (PID=287) to work on /home/airflow/.local/lib/python3.7/site-packages/airflow/example_dags/example_dag_decorator.py
[2023-09-01T10:33:35.827+0000] {processor.py:756} INFO - Processing file /home/airflow/.local/lib/python3.7/site-packages/airflow/example_dags/example_dag_decorator.py for tasks to queue
[2023-09-01T10:33:35.831+0000] {logging_mixin.py:120} INFO - [2023-09-01T10:33:35.831+0000] {dagbag.py:537} INFO - Filling up the DagBag from /home/airflow/.local/lib/python3.7/site-packages/airflow/example_dags/example_dag_decorator.py
[2023-09-01T10:33:36.011+0000] {logging_mixin.py:120} INFO - [2023-09-01T10:33:36.010+0000] {taskmixin.py:205} WARNING - Dependency <Task(_PythonDecoratedOperator): prepare_email>, send_email already registered for DAG: example_dag_decorator
[2023-09-01T10:33:36.022+0000] {logging_mixin.py:120} INFO - [2023-09-01T10:33:36.022+0000] {taskmixin.py:205} WARNING - Dependency <Task(EmailOperator): send_email>, prepare_email already registered for DAG: example_dag_decorator
[2023-09-01T10:33:36.103+0000] {processor.py:766} INFO - DAG(s) dict_keys(['example_dag_decorator']) retrieved from /home/airflow/.local/lib/python3.7/site-packages/airflow/example_dags/example_dag_decorator.py
[2023-09-01T10:33:36.606+0000] {logging_mixin.py:120} INFO - [2023-09-01T10:33:36.606+0000] {dag.py:2585} INFO - Sync 1 DAGs
[2023-09-01T10:33:36.700+0000] {logging_mixin.py:120} INFO - [2023-09-01T10:33:36.700+0000] {dag.py:3340} INFO - Setting next_dagrun for example_dag_decorator to None, run_after=None
[2023-09-01T10:33:36.766+0000] {processor.py:176} INFO - Processing /home/airflow/.local/lib/python3.7/site-packages/airflow/example_dags/example_dag_decorator.py took 0.967 seconds
[2023-09-01T10:34:17.136+0000] {processor.py:154} INFO - Started process (PID=350) to work on /home/airflow/.local/lib/python3.7/site-packages/airflow/example_dags/example_dag_decorator.py
[2023-09-01T10:34:17.140+0000] {processor.py:756} INFO - Processing file /home/airflow/.local/lib/python3.7/site-packages/airflow/example_dags/example_dag_decorator.py for tasks to queue
[2023-09-01T10:34:17.144+0000] {logging_mixin.py:120} INFO - [2023-09-01T10:34:17.144+0000] {dagbag.py:537} INFO - Filling up the DagBag from /home/airflow/.local/lib/python3.7/site-packages/airflow/example_dags/example_dag_decorator.py
[2023-09-01T10:34:17.203+0000] {logging_mixin.py:120} INFO - [2023-09-01T10:34:17.202+0000] {taskmixin.py:205} WARNING - Dependency <Task(_PythonDecoratedOperator): prepare_email>, send_email already registered for DAG: example_dag_decorator
[2023-09-01T10:34:17.204+0000] {logging_mixin.py:120} INFO - [2023-09-01T10:34:17.204+0000] {taskmixin.py:205} WARNING - Dependency <Task(EmailOperator): send_email>, prepare_email already registered for DAG: example_dag_decorator
[2023-09-01T10:34:17.233+0000] {processor.py:766} INFO - DAG(s) dict_keys(['example_dag_decorator']) retrieved from /home/airflow/.local/lib/python3.7/site-packages/airflow/example_dags/example_dag_decorator.py
[2023-09-01T10:34:17.398+0000] {logging_mixin.py:120} INFO - [2023-09-01T10:34:17.398+0000] {dag.py:2585} INFO - Sync 1 DAGs
[2023-09-01T10:34:17.485+0000] {logging_mixin.py:120} INFO - [2023-09-01T10:34:17.485+0000] {dag.py:3340} INFO - Setting next_dagrun for example_dag_decorator to None, run_after=None
[2023-09-01T10:34:17.528+0000] {processor.py:176} INFO - Processing /home/airflow/.local/lib/python3.7/site-packages/airflow/example_dags/example_dag_decorator.py took 0.407 seconds
[2023-09-01T10:34:48.293+0000] {processor.py:154} INFO - Started process (PID=402) to work on /home/airflow/.local/lib/python3.7/site-packages/airflow/example_dags/example_dag_decorator.py
[2023-09-01T10:34:48.295+0000] {processor.py:756} INFO - Processing file /home/airflow/.local/lib/python3.7/site-packages/airflow/example_dags/example_dag_decorator.py for tasks to queue
[2023-09-01T10:34:48.296+0000] {logging_mixin.py:120} INFO - [2023-09-01T10:34:48.296+0000] {dagbag.py:537} INFO - Filling up the DagBag from /home/airflow/.local/lib/python3.7/site-packages/airflow/example_dags/example_dag_decorator.py
[2023-09-01T10:34:48.323+0000] {logging_mixin.py:120} INFO - [2023-09-01T10:34:48.322+0000] {taskmixin.py:205} WARNING - Dependency <Task(_PythonDecoratedOperator): prepare_email>, send_email already registered for DAG: example_dag_decorator
[2023-09-01T10:34:48.324+0000] {logging_mixin.py:120} INFO - [2023-09-01T10:34:48.324+0000] {taskmixin.py:205} WARNING - Dependency <Task(EmailOperator): send_email>, prepare_email already registered for DAG: example_dag_decorator
[2023-09-01T10:34:48.342+0000] {processor.py:766} INFO - DAG(s) dict_keys(['example_dag_decorator']) retrieved from /home/airflow/.local/lib/python3.7/site-packages/airflow/example_dags/example_dag_decorator.py
[2023-09-01T10:34:48.482+0000] {logging_mixin.py:120} INFO - [2023-09-01T10:34:48.481+0000] {dag.py:2585} INFO - Sync 1 DAGs
[2023-09-01T10:34:48.517+0000] {logging_mixin.py:120} INFO - [2023-09-01T10:34:48.517+0000] {dag.py:3340} INFO - Setting next_dagrun for example_dag_decorator to None, run_after=None
[2023-09-01T10:34:48.560+0000] {processor.py:176} INFO - Processing /home/airflow/.local/lib/python3.7/site-packages/airflow/example_dags/example_dag_decorator.py took 0.272 seconds
[2023-09-01T10:35:18.716+0000] {processor.py:154} INFO - Started process (PID=455) to work on /home/airflow/.local/lib/python3.7/site-packages/airflow/example_dags/example_dag_decorator.py
[2023-09-01T10:35:18.718+0000] {processor.py:756} INFO - Processing file /home/airflow/.local/lib/python3.7/site-packages/airflow/example_dags/example_dag_decorator.py for tasks to queue
[2023-09-01T10:35:18.721+0000] {logging_mixin.py:120} INFO - [2023-09-01T10:35:18.720+0000] {dagbag.py:537} INFO - Filling up the DagBag from /home/airflow/.local/lib/python3.7/site-packages/airflow/example_dags/example_dag_decorator.py
[2023-09-01T10:35:18.750+0000] {logging_mixin.py:120} INFO - [2023-09-01T10:35:18.750+0000] {taskmixin.py:205} WARNING - Dependency <Task(_PythonDecoratedOperator): prepare_email>, send_email already registered for DAG: example_dag_decorator
[2023-09-01T10:35:18.752+0000] {logging_mixin.py:120} INFO - [2023-09-01T10:35:18.751+0000] {taskmixin.py:205} WARNING - Dependency <Task(EmailOperator): send_email>, prepare_email already registered for DAG: example_dag_decorator
[2023-09-01T10:35:18.782+0000] {processor.py:766} INFO - DAG(s) dict_keys(['example_dag_decorator']) retrieved from /home/airflow/.local/lib/python3.7/site-packages/airflow/example_dags/example_dag_decorator.py
[2023-09-01T10:35:18.954+0000] {logging_mixin.py:120} INFO - [2023-09-01T10:35:18.954+0000] {dag.py:2585} INFO - Sync 1 DAGs
[2023-09-01T10:35:19.028+0000] {logging_mixin.py:120} INFO - [2023-09-01T10:35:19.028+0000] {dag.py:3340} INFO - Setting next_dagrun for example_dag_decorator to None, run_after=None
[2023-09-01T10:35:19.098+0000] {processor.py:176} INFO - Processing /home/airflow/.local/lib/python3.7/site-packages/airflow/example_dags/example_dag_decorator.py took 0.389 seconds
[2023-09-01T10:35:52.746+0000] {processor.py:154} INFO - Started process (PID=519) to work on /home/airflow/.local/lib/python3.7/site-packages/airflow/example_dags/example_dag_decorator.py
[2023-09-01T10:35:52.750+0000] {processor.py:756} INFO - Processing file /home/airflow/.local/lib/python3.7/site-packages/airflow/example_dags/example_dag_decorator.py for tasks to queue
[2023-09-01T10:35:52.756+0000] {logging_mixin.py:120} INFO - [2023-09-01T10:35:52.755+0000] {dagbag.py:537} INFO - Filling up the DagBag from /home/airflow/.local/lib/python3.7/site-packages/airflow/example_dags/example_dag_decorator.py
[2023-09-01T10:35:52.947+0000] {logging_mixin.py:120} INFO - [2023-09-01T10:35:52.945+0000] {taskmixin.py:205} WARNING - Dependency <Task(_PythonDecoratedOperator): prepare_email>, send_email already registered for DAG: example_dag_decorator
[2023-09-01T10:35:52.951+0000] {logging_mixin.py:120} INFO - [2023-09-01T10:35:52.951+0000] {taskmixin.py:205} WARNING - Dependency <Task(EmailOperator): send_email>, prepare_email already registered for DAG: example_dag_decorator
[2023-09-01T10:35:53.076+0000] {processor.py:766} INFO - DAG(s) dict_keys(['example_dag_decorator']) retrieved from /home/airflow/.local/lib/python3.7/site-packages/airflow/example_dags/example_dag_decorator.py
[2023-09-01T10:35:53.621+0000] {logging_mixin.py:120} INFO - [2023-09-01T10:35:53.619+0000] {dag.py:2585} INFO - Sync 1 DAGs
[2023-09-01T10:35:53.891+0000] {logging_mixin.py:120} INFO - [2023-09-01T10:35:53.890+0000] {dag.py:3340} INFO - Setting next_dagrun for example_dag_decorator to None, run_after=None
[2023-09-01T10:35:54.053+0000] {processor.py:176} INFO - Processing /home/airflow/.local/lib/python3.7/site-packages/airflow/example_dags/example_dag_decorator.py took 1.360 seconds
[2023-09-01T10:36:24.332+0000] {processor.py:154} INFO - Started process (PID=574) to work on /home/airflow/.local/lib/python3.7/site-packages/airflow/example_dags/example_dag_decorator.py
[2023-09-01T10:36:24.336+0000] {processor.py:756} INFO - Processing file /home/airflow/.local/lib/python3.7/site-packages/airflow/example_dags/example_dag_decorator.py for tasks to queue
[2023-09-01T10:36:24.340+0000] {logging_mixin.py:120} INFO - [2023-09-01T10:36:24.339+0000] {dagbag.py:537} INFO - Filling up the DagBag from /home/airflow/.local/lib/python3.7/site-packages/airflow/example_dags/example_dag_decorator.py
[2023-09-01T10:36:24.444+0000] {logging_mixin.py:120} INFO - [2023-09-01T10:36:24.443+0000] {taskmixin.py:205} WARNING - Dependency <Task(_PythonDecoratedOperator): prepare_email>, send_email already registered for DAG: example_dag_decorator
[2023-09-01T10:36:24.446+0000] {logging_mixin.py:120} INFO - [2023-09-01T10:36:24.446+0000] {taskmixin.py:205} WARNING - Dependency <Task(EmailOperator): send_email>, prepare_email already registered for DAG: example_dag_decorator
[2023-09-01T10:36:24.485+0000] {processor.py:766} INFO - DAG(s) dict_keys(['example_dag_decorator']) retrieved from /home/airflow/.local/lib/python3.7/site-packages/airflow/example_dags/example_dag_decorator.py
[2023-09-01T10:36:24.876+0000] {logging_mixin.py:120} INFO - [2023-09-01T10:36:24.875+0000] {dag.py:2585} INFO - Sync 1 DAGs
[2023-09-01T10:36:24.974+0000] {logging_mixin.py:120} INFO - [2023-09-01T10:36:24.974+0000] {dag.py:3340} INFO - Setting next_dagrun for example_dag_decorator to None, run_after=None
[2023-09-01T10:36:25.035+0000] {processor.py:176} INFO - Processing /home/airflow/.local/lib/python3.7/site-packages/airflow/example_dags/example_dag_decorator.py took 0.721 seconds
[2023-09-01T10:36:55.469+0000] {processor.py:154} INFO - Started process (PID=629) to work on /home/airflow/.local/lib/python3.7/site-packages/airflow/example_dags/example_dag_decorator.py
[2023-09-01T10:36:55.477+0000] {processor.py:756} INFO - Processing file /home/airflow/.local/lib/python3.7/site-packages/airflow/example_dags/example_dag_decorator.py for tasks to queue
[2023-09-01T10:36:55.481+0000] {logging_mixin.py:120} INFO - [2023-09-01T10:36:55.480+0000] {dagbag.py:537} INFO - Filling up the DagBag from /home/airflow/.local/lib/python3.7/site-packages/airflow/example_dags/example_dag_decorator.py
[2023-09-01T10:36:55.729+0000] {logging_mixin.py:120} INFO - [2023-09-01T10:36:55.723+0000] {taskmixin.py:205} WARNING - Dependency <Task(_PythonDecoratedOperator): prepare_email>, send_email already registered for DAG: example_dag_decorator
[2023-09-01T10:36:55.736+0000] {logging_mixin.py:120} INFO - [2023-09-01T10:36:55.735+0000] {taskmixin.py:205} WARNING - Dependency <Task(EmailOperator): send_email>, prepare_email already registered for DAG: example_dag_decorator
[2023-09-01T10:36:55.870+0000] {processor.py:766} INFO - DAG(s) dict_keys(['example_dag_decorator']) retrieved from /home/airflow/.local/lib/python3.7/site-packages/airflow/example_dags/example_dag_decorator.py
[2023-09-01T10:36:56.384+0000] {logging_mixin.py:120} INFO - [2023-09-01T10:36:56.384+0000] {dag.py:2585} INFO - Sync 1 DAGs
[2023-09-01T10:36:56.526+0000] {logging_mixin.py:120} INFO - [2023-09-01T10:36:56.526+0000] {dag.py:3340} INFO - Setting next_dagrun for example_dag_decorator to None, run_after=None
[2023-09-01T10:36:56.659+0000] {processor.py:176} INFO - Processing /home/airflow/.local/lib/python3.7/site-packages/airflow/example_dags/example_dag_decorator.py took 1.209 seconds
[2023-09-01T10:37:27.945+0000] {processor.py:154} INFO - Started process (PID=685) to work on /home/airflow/.local/lib/python3.7/site-packages/airflow/example_dags/example_dag_decorator.py
[2023-09-01T10:37:27.951+0000] {processor.py:756} INFO - Processing file /home/airflow/.local/lib/python3.7/site-packages/airflow/example_dags/example_dag_decorator.py for tasks to queue
[2023-09-01T10:37:27.958+0000] {logging_mixin.py:120} INFO - [2023-09-01T10:37:27.954+0000] {dagbag.py:537} INFO - Filling up the DagBag from /home/airflow/.local/lib/python3.7/site-packages/airflow/example_dags/example_dag_decorator.py
[2023-09-01T10:37:28.096+0000] {logging_mixin.py:120} INFO - [2023-09-01T10:37:28.095+0000] {taskmixin.py:205} WARNING - Dependency <Task(_PythonDecoratedOperator): prepare_email>, send_email already registered for DAG: example_dag_decorator
[2023-09-01T10:37:28.101+0000] {logging_mixin.py:120} INFO - [2023-09-01T10:37:28.101+0000] {taskmixin.py:205} WARNING - Dependency <Task(EmailOperator): send_email>, prepare_email already registered for DAG: example_dag_decorator
[2023-09-01T10:37:28.211+0000] {processor.py:766} INFO - DAG(s) dict_keys(['example_dag_decorator']) retrieved from /home/airflow/.local/lib/python3.7/site-packages/airflow/example_dags/example_dag_decorator.py
[2023-09-01T10:37:29.385+0000] {logging_mixin.py:120} INFO - [2023-09-01T10:37:29.385+0000] {dag.py:2585} INFO - Sync 1 DAGs
[2023-09-01T10:37:29.627+0000] {logging_mixin.py:120} INFO - [2023-09-01T10:37:29.627+0000] {dag.py:3340} INFO - Setting next_dagrun for example_dag_decorator to None, run_after=None
[2023-09-01T10:37:29.801+0000] {processor.py:176} INFO - Processing /home/airflow/.local/lib/python3.7/site-packages/airflow/example_dags/example_dag_decorator.py took 1.882 seconds
[2023-09-01T10:38:04.860+0000] {processor.py:154} INFO - Started process (PID=740) to work on /home/airflow/.local/lib/python3.7/site-packages/airflow/example_dags/example_dag_decorator.py
[2023-09-01T10:38:04.889+0000] {processor.py:756} INFO - Processing file /home/airflow/.local/lib/python3.7/site-packages/airflow/example_dags/example_dag_decorator.py for tasks to queue
[2023-09-01T10:38:04.895+0000] {logging_mixin.py:120} INFO - [2023-09-01T10:38:04.895+0000] {dagbag.py:537} INFO - Filling up the DagBag from /home/airflow/.local/lib/python3.7/site-packages/airflow/example_dags/example_dag_decorator.py
[2023-09-01T10:38:05.185+0000] {logging_mixin.py:120} INFO - [2023-09-01T10:38:05.185+0000] {taskmixin.py:205} WARNING - Dependency <Task(_PythonDecoratedOperator): prepare_email>, send_email already registered for DAG: example_dag_decorator
[2023-09-01T10:38:05.200+0000] {logging_mixin.py:120} INFO - [2023-09-01T10:38:05.200+0000] {taskmixin.py:205} WARNING - Dependency <Task(EmailOperator): send_email>, prepare_email already registered for DAG: example_dag_decorator
[2023-09-01T10:38:05.432+0000] {processor.py:766} INFO - DAG(s) dict_keys(['example_dag_decorator']) retrieved from /home/airflow/.local/lib/python3.7/site-packages/airflow/example_dags/example_dag_decorator.py
[2023-09-01T10:38:06.835+0000] {logging_mixin.py:120} INFO - [2023-09-01T10:38:06.835+0000] {dag.py:2585} INFO - Sync 1 DAGs
[2023-09-01T10:38:07.482+0000] {logging_mixin.py:120} INFO - [2023-09-01T10:38:07.482+0000] {dag.py:3340} INFO - Setting next_dagrun for example_dag_decorator to None, run_after=None
[2023-09-01T10:38:07.887+0000] {processor.py:176} INFO - Processing /home/airflow/.local/lib/python3.7/site-packages/airflow/example_dags/example_dag_decorator.py took 3.073 seconds
