[2023-09-01T10:30:25.293+0000] {processor.py:154} INFO - Started process (PID=86) to work on /home/airflow/.local/lib/python3.7/site-packages/airflow/example_dags/example_branch_datetime_operator.py
[2023-09-01T10:30:25.307+0000] {processor.py:756} INFO - Processing file /home/airflow/.local/lib/python3.7/site-packages/airflow/example_dags/example_branch_datetime_operator.py for tasks to queue
[2023-09-01T10:30:25.310+0000] {logging_mixin.py:120} INFO - [2023-09-01T10:30:25.309+0000] {dagbag.py:537} INFO - Filling up the DagBag from /home/airflow/.local/lib/python3.7/site-packages/airflow/example_dags/example_branch_datetime_operator.py
[2023-09-01T10:30:25.490+0000] {processor.py:766} INFO - DAG(s) dict_keys(['example_branch_datetime_operator', 'example_branch_datetime_operator_3', 'example_branch_datetime_operator_2']) retrieved from /home/airflow/.local/lib/python3.7/site-packages/airflow/example_dags/example_branch_datetime_operator.py
[2023-09-01T10:30:26.630+0000] {logging_mixin.py:120} INFO - [2023-09-01T10:30:26.630+0000] {manager.py:507} INFO - Created Permission View: can delete on DAG:example_branch_datetime_operator
[2023-09-01T10:30:26.716+0000] {logging_mixin.py:120} INFO - [2023-09-01T10:30:26.715+0000] {manager.py:507} INFO - Created Permission View: can read on DAG:example_branch_datetime_operator
[2023-09-01T10:30:26.762+0000] {logging_mixin.py:120} INFO - [2023-09-01T10:30:26.761+0000] {manager.py:507} INFO - Created Permission View: can edit on DAG:example_branch_datetime_operator
[2023-09-01T10:30:26.843+0000] {logging_mixin.py:120} INFO - [2023-09-01T10:30:26.843+0000] {manager.py:507} INFO - Created Permission View: can delete on DAG:example_branch_datetime_operator_3
[2023-09-01T10:30:26.885+0000] {logging_mixin.py:120} INFO - [2023-09-01T10:30:26.885+0000] {manager.py:507} INFO - Created Permission View: can read on DAG:example_branch_datetime_operator_3
[2023-09-01T10:30:26.937+0000] {logging_mixin.py:120} INFO - [2023-09-01T10:30:26.937+0000] {manager.py:507} INFO - Created Permission View: can edit on DAG:example_branch_datetime_operator_3
[2023-09-01T10:30:27.001+0000] {logging_mixin.py:120} INFO - [2023-09-01T10:30:27.000+0000] {manager.py:507} INFO - Created Permission View: can delete on DAG:example_branch_datetime_operator_2
[2023-09-01T10:30:27.036+0000] {logging_mixin.py:120} INFO - [2023-09-01T10:30:27.036+0000] {manager.py:507} INFO - Created Permission View: can read on DAG:example_branch_datetime_operator_2
[2023-09-01T10:30:27.099+0000] {logging_mixin.py:120} INFO - [2023-09-01T10:30:27.098+0000] {manager.py:507} INFO - Created Permission View: can edit on DAG:example_branch_datetime_operator_2
[2023-09-01T10:30:27.103+0000] {logging_mixin.py:120} INFO - [2023-09-01T10:30:27.103+0000] {dag.py:2585} INFO - Sync 3 DAGs
[2023-09-01T10:30:27.244+0000] {logging_mixin.py:120} INFO - [2023-09-01T10:30:27.244+0000] {dag.py:2606} INFO - Creating ORM DAG for example_branch_datetime_operator
[2023-09-01T10:30:27.248+0000] {logging_mixin.py:120} INFO - [2023-09-01T10:30:27.248+0000] {dag.py:2606} INFO - Creating ORM DAG for example_branch_datetime_operator_3
[2023-09-01T10:30:27.254+0000] {logging_mixin.py:120} INFO - [2023-09-01T10:30:27.253+0000] {dag.py:2606} INFO - Creating ORM DAG for example_branch_datetime_operator_2
[2023-09-01T10:30:27.511+0000] {logging_mixin.py:120} INFO - [2023-09-01T10:30:27.511+0000] {dag.py:3340} INFO - Setting next_dagrun for example_branch_datetime_operator to 2023-08-31T00:00:00+00:00, run_after=2023-09-01T00:00:00+00:00
[2023-09-01T10:30:27.557+0000] {logging_mixin.py:120} INFO - [2023-09-01T10:30:27.557+0000] {dag.py:3340} INFO - Setting next_dagrun for example_branch_datetime_operator_2 to 2023-08-31T00:00:00+00:00, run_after=2023-09-01T00:00:00+00:00
[2023-09-01T10:30:27.610+0000] {logging_mixin.py:120} INFO - [2023-09-01T10:30:27.610+0000] {dag.py:3340} INFO - Setting next_dagrun for example_branch_datetime_operator_3 to 2023-08-31T00:00:00+00:00, run_after=2023-09-01T00:00:00+00:00
[2023-09-01T10:30:27.864+0000] {processor.py:176} INFO - Processing /home/airflow/.local/lib/python3.7/site-packages/airflow/example_dags/example_branch_datetime_operator.py took 2.593 seconds
[2023-09-01T10:31:19.387+0000] {processor.py:154} INFO - Started process (PID=147) to work on /home/airflow/.local/lib/python3.7/site-packages/airflow/example_dags/example_branch_datetime_operator.py
[2023-09-01T10:31:19.447+0000] {processor.py:756} INFO - Processing file /home/airflow/.local/lib/python3.7/site-packages/airflow/example_dags/example_branch_datetime_operator.py for tasks to queue
[2023-09-01T10:31:19.548+0000] {logging_mixin.py:120} INFO - [2023-09-01T10:31:19.548+0000] {dagbag.py:537} INFO - Filling up the DagBag from /home/airflow/.local/lib/python3.7/site-packages/airflow/example_dags/example_branch_datetime_operator.py
[2023-09-01T10:31:21.744+0000] {processor.py:766} INFO - DAG(s) dict_keys(['example_branch_datetime_operator', 'example_branch_datetime_operator_3', 'example_branch_datetime_operator_2']) retrieved from /home/airflow/.local/lib/python3.7/site-packages/airflow/example_dags/example_branch_datetime_operator.py
[2023-09-01T10:31:23.971+0000] {logging_mixin.py:120} INFO - [2023-09-01T10:31:23.955+0000] {dag.py:2585} INFO - Sync 3 DAGs
[2023-09-01T10:31:25.207+0000] {logging_mixin.py:120} INFO - [2023-09-01T10:31:25.207+0000] {dag.py:3340} INFO - Setting next_dagrun for example_branch_datetime_operator to 2023-08-31T00:00:00+00:00, run_after=2023-09-01T00:00:00+00:00
[2023-09-01T10:31:25.444+0000] {logging_mixin.py:120} INFO - [2023-09-01T10:31:25.444+0000] {dag.py:3340} INFO - Setting next_dagrun for example_branch_datetime_operator_2 to 2023-08-31T00:00:00+00:00, run_after=2023-09-01T00:00:00+00:00
[2023-09-01T10:31:25.537+0000] {logging_mixin.py:120} INFO - [2023-09-01T10:31:25.524+0000] {dag.py:3340} INFO - Setting next_dagrun for example_branch_datetime_operator_3 to 2023-08-31T00:00:00+00:00, run_after=2023-09-01T00:00:00+00:00
[2023-09-01T10:31:27.434+0000] {processor.py:176} INFO - Processing /home/airflow/.local/lib/python3.7/site-packages/airflow/example_dags/example_branch_datetime_operator.py took 9.124 seconds
[2023-09-01T10:33:05.082+0000] {processor.py:154} INFO - Started process (PID=236) to work on /home/airflow/.local/lib/python3.7/site-packages/airflow/example_dags/example_branch_datetime_operator.py
[2023-09-01T10:33:05.090+0000] {processor.py:756} INFO - Processing file /home/airflow/.local/lib/python3.7/site-packages/airflow/example_dags/example_branch_datetime_operator.py for tasks to queue
[2023-09-01T10:33:05.093+0000] {logging_mixin.py:120} INFO - [2023-09-01T10:33:05.092+0000] {dagbag.py:537} INFO - Filling up the DagBag from /home/airflow/.local/lib/python3.7/site-packages/airflow/example_dags/example_branch_datetime_operator.py
[2023-09-01T10:33:05.149+0000] {processor.py:766} INFO - DAG(s) dict_keys(['example_branch_datetime_operator_2', 'example_branch_datetime_operator_3', 'example_branch_datetime_operator']) retrieved from /home/airflow/.local/lib/python3.7/site-packages/airflow/example_dags/example_branch_datetime_operator.py
[2023-09-01T10:33:05.316+0000] {logging_mixin.py:120} INFO - [2023-09-01T10:33:05.316+0000] {dag.py:2585} INFO - Sync 3 DAGs
[2023-09-01T10:33:05.453+0000] {logging_mixin.py:120} INFO - [2023-09-01T10:33:05.453+0000] {dag.py:3340} INFO - Setting next_dagrun for example_branch_datetime_operator to 2023-08-31T00:00:00+00:00, run_after=2023-09-01T00:00:00+00:00
[2023-09-01T10:33:05.473+0000] {logging_mixin.py:120} INFO - [2023-09-01T10:33:05.473+0000] {dag.py:3340} INFO - Setting next_dagrun for example_branch_datetime_operator_2 to 2023-08-31T00:00:00+00:00, run_after=2023-09-01T00:00:00+00:00
[2023-09-01T10:33:05.480+0000] {logging_mixin.py:120} INFO - [2023-09-01T10:33:05.479+0000] {dag.py:3340} INFO - Setting next_dagrun for example_branch_datetime_operator_3 to 2023-08-31T00:00:00+00:00, run_after=2023-09-01T00:00:00+00:00
[2023-09-01T10:33:05.528+0000] {processor.py:176} INFO - Processing /home/airflow/.local/lib/python3.7/site-packages/airflow/example_dags/example_branch_datetime_operator.py took 0.466 seconds
[2023-09-01T10:33:37.556+0000] {processor.py:154} INFO - Started process (PID=296) to work on /home/airflow/.local/lib/python3.7/site-packages/airflow/example_dags/example_branch_datetime_operator.py
[2023-09-01T10:33:37.562+0000] {processor.py:756} INFO - Processing file /home/airflow/.local/lib/python3.7/site-packages/airflow/example_dags/example_branch_datetime_operator.py for tasks to queue
[2023-09-01T10:33:37.569+0000] {logging_mixin.py:120} INFO - [2023-09-01T10:33:37.569+0000] {dagbag.py:537} INFO - Filling up the DagBag from /home/airflow/.local/lib/python3.7/site-packages/airflow/example_dags/example_branch_datetime_operator.py
[2023-09-01T10:33:37.646+0000] {processor.py:766} INFO - DAG(s) dict_keys(['example_branch_datetime_operator_2', 'example_branch_datetime_operator', 'example_branch_datetime_operator_3']) retrieved from /home/airflow/.local/lib/python3.7/site-packages/airflow/example_dags/example_branch_datetime_operator.py
[2023-09-01T10:33:37.976+0000] {logging_mixin.py:120} INFO - [2023-09-01T10:33:37.975+0000] {dag.py:2585} INFO - Sync 3 DAGs
[2023-09-01T10:33:38.167+0000] {logging_mixin.py:120} INFO - [2023-09-01T10:33:38.167+0000] {dag.py:3340} INFO - Setting next_dagrun for example_branch_datetime_operator to 2023-08-31T00:00:00+00:00, run_after=2023-09-01T00:00:00+00:00
[2023-09-01T10:33:38.200+0000] {logging_mixin.py:120} INFO - [2023-09-01T10:33:38.199+0000] {dag.py:3340} INFO - Setting next_dagrun for example_branch_datetime_operator_2 to 2023-08-31T00:00:00+00:00, run_after=2023-09-01T00:00:00+00:00
[2023-09-01T10:33:38.221+0000] {logging_mixin.py:120} INFO - [2023-09-01T10:33:38.221+0000] {dag.py:3340} INFO - Setting next_dagrun for example_branch_datetime_operator_3 to 2023-08-31T00:00:00+00:00, run_after=2023-09-01T00:00:00+00:00
[2023-09-01T10:33:38.303+0000] {processor.py:176} INFO - Processing /home/airflow/.local/lib/python3.7/site-packages/airflow/example_dags/example_branch_datetime_operator.py took 0.757 seconds
[2023-09-01T10:34:19.601+0000] {processor.py:154} INFO - Started process (PID=353) to work on /home/airflow/.local/lib/python3.7/site-packages/airflow/example_dags/example_branch_datetime_operator.py
[2023-09-01T10:34:19.605+0000] {processor.py:756} INFO - Processing file /home/airflow/.local/lib/python3.7/site-packages/airflow/example_dags/example_branch_datetime_operator.py for tasks to queue
[2023-09-01T10:34:19.612+0000] {logging_mixin.py:120} INFO - [2023-09-01T10:34:19.609+0000] {dagbag.py:537} INFO - Filling up the DagBag from /home/airflow/.local/lib/python3.7/site-packages/airflow/example_dags/example_branch_datetime_operator.py
[2023-09-01T10:34:19.790+0000] {processor.py:766} INFO - DAG(s) dict_keys(['example_branch_datetime_operator', 'example_branch_datetime_operator_3', 'example_branch_datetime_operator_2']) retrieved from /home/airflow/.local/lib/python3.7/site-packages/airflow/example_dags/example_branch_datetime_operator.py
[2023-09-01T10:34:20.316+0000] {logging_mixin.py:120} INFO - [2023-09-01T10:34:20.316+0000] {dag.py:2585} INFO - Sync 3 DAGs
[2023-09-01T10:34:20.504+0000] {logging_mixin.py:120} INFO - [2023-09-01T10:34:20.503+0000] {dag.py:3340} INFO - Setting next_dagrun for example_branch_datetime_operator to 2023-08-31T00:00:00+00:00, run_after=2023-09-01T00:00:00+00:00
[2023-09-01T10:34:20.527+0000] {logging_mixin.py:120} INFO - [2023-09-01T10:34:20.527+0000] {dag.py:3340} INFO - Setting next_dagrun for example_branch_datetime_operator_2 to 2023-08-31T00:00:00+00:00, run_after=2023-09-01T00:00:00+00:00
[2023-09-01T10:34:20.540+0000] {logging_mixin.py:120} INFO - [2023-09-01T10:34:20.540+0000] {dag.py:3340} INFO - Setting next_dagrun for example_branch_datetime_operator_3 to 2023-08-31T00:00:00+00:00, run_after=2023-09-01T00:00:00+00:00
[2023-09-01T10:34:20.681+0000] {processor.py:176} INFO - Processing /home/airflow/.local/lib/python3.7/site-packages/airflow/example_dags/example_branch_datetime_operator.py took 1.100 seconds
[2023-09-01T10:34:51.178+0000] {processor.py:154} INFO - Started process (PID=406) to work on /home/airflow/.local/lib/python3.7/site-packages/airflow/example_dags/example_branch_datetime_operator.py
[2023-09-01T10:34:51.190+0000] {processor.py:756} INFO - Processing file /home/airflow/.local/lib/python3.7/site-packages/airflow/example_dags/example_branch_datetime_operator.py for tasks to queue
[2023-09-01T10:34:51.202+0000] {logging_mixin.py:120} INFO - [2023-09-01T10:34:51.200+0000] {dagbag.py:537} INFO - Filling up the DagBag from /home/airflow/.local/lib/python3.7/site-packages/airflow/example_dags/example_branch_datetime_operator.py
[2023-09-01T10:34:51.307+0000] {processor.py:766} INFO - DAG(s) dict_keys(['example_branch_datetime_operator_2', 'example_branch_datetime_operator_3', 'example_branch_datetime_operator']) retrieved from /home/airflow/.local/lib/python3.7/site-packages/airflow/example_dags/example_branch_datetime_operator.py
[2023-09-01T10:34:51.515+0000] {logging_mixin.py:120} INFO - [2023-09-01T10:34:51.515+0000] {dag.py:2585} INFO - Sync 3 DAGs
[2023-09-01T10:34:52.405+0000] {logging_mixin.py:120} INFO - [2023-09-01T10:34:52.404+0000] {dag.py:3340} INFO - Setting next_dagrun for example_branch_datetime_operator to 2023-08-31T00:00:00+00:00, run_after=2023-09-01T00:00:00+00:00
[2023-09-01T10:34:52.569+0000] {logging_mixin.py:120} INFO - [2023-09-01T10:34:52.569+0000] {dag.py:3340} INFO - Setting next_dagrun for example_branch_datetime_operator_2 to 2023-08-31T00:00:00+00:00, run_after=2023-09-01T00:00:00+00:00
[2023-09-01T10:34:52.683+0000] {logging_mixin.py:120} INFO - [2023-09-01T10:34:52.683+0000] {dag.py:3340} INFO - Setting next_dagrun for example_branch_datetime_operator_3 to 2023-08-31T00:00:00+00:00, run_after=2023-09-01T00:00:00+00:00
[2023-09-01T10:34:53.054+0000] {processor.py:176} INFO - Processing /home/airflow/.local/lib/python3.7/site-packages/airflow/example_dags/example_branch_datetime_operator.py took 1.899 seconds
[2023-09-01T10:35:23.411+0000] {processor.py:154} INFO - Started process (PID=469) to work on /home/airflow/.local/lib/python3.7/site-packages/airflow/example_dags/example_branch_datetime_operator.py
[2023-09-01T10:35:23.481+0000] {processor.py:756} INFO - Processing file /home/airflow/.local/lib/python3.7/site-packages/airflow/example_dags/example_branch_datetime_operator.py for tasks to queue
[2023-09-01T10:35:23.498+0000] {logging_mixin.py:120} INFO - [2023-09-01T10:35:23.498+0000] {dagbag.py:537} INFO - Filling up the DagBag from /home/airflow/.local/lib/python3.7/site-packages/airflow/example_dags/example_branch_datetime_operator.py
[2023-09-01T10:35:23.722+0000] {processor.py:766} INFO - DAG(s) dict_keys(['example_branch_datetime_operator_2', 'example_branch_datetime_operator_3', 'example_branch_datetime_operator']) retrieved from /home/airflow/.local/lib/python3.7/site-packages/airflow/example_dags/example_branch_datetime_operator.py
[2023-09-01T10:35:23.868+0000] {logging_mixin.py:120} INFO - [2023-09-01T10:35:23.868+0000] {dag.py:2585} INFO - Sync 3 DAGs
[2023-09-01T10:35:23.941+0000] {logging_mixin.py:120} INFO - [2023-09-01T10:35:23.941+0000] {dag.py:3340} INFO - Setting next_dagrun for example_branch_datetime_operator to 2023-08-31T00:00:00+00:00, run_after=2023-09-01T00:00:00+00:00
[2023-09-01T10:35:23.974+0000] {logging_mixin.py:120} INFO - [2023-09-01T10:35:23.974+0000] {dag.py:3340} INFO - Setting next_dagrun for example_branch_datetime_operator_2 to 2023-08-31T00:00:00+00:00, run_after=2023-09-01T00:00:00+00:00
[2023-09-01T10:35:23.981+0000] {logging_mixin.py:120} INFO - [2023-09-01T10:35:23.980+0000] {dag.py:3340} INFO - Setting next_dagrun for example_branch_datetime_operator_3 to 2023-08-31T00:00:00+00:00, run_after=2023-09-01T00:00:00+00:00
[2023-09-01T10:35:24.016+0000] {processor.py:176} INFO - Processing /home/airflow/.local/lib/python3.7/site-packages/airflow/example_dags/example_branch_datetime_operator.py took 0.787 seconds
[2023-09-01T10:35:54.935+0000] {processor.py:154} INFO - Started process (PID=523) to work on /home/airflow/.local/lib/python3.7/site-packages/airflow/example_dags/example_branch_datetime_operator.py
[2023-09-01T10:35:54.939+0000] {processor.py:756} INFO - Processing file /home/airflow/.local/lib/python3.7/site-packages/airflow/example_dags/example_branch_datetime_operator.py for tasks to queue
[2023-09-01T10:35:54.944+0000] {logging_mixin.py:120} INFO - [2023-09-01T10:35:54.943+0000] {dagbag.py:537} INFO - Filling up the DagBag from /home/airflow/.local/lib/python3.7/site-packages/airflow/example_dags/example_branch_datetime_operator.py
[2023-09-01T10:35:55.028+0000] {processor.py:766} INFO - DAG(s) dict_keys(['example_branch_datetime_operator_2', 'example_branch_datetime_operator', 'example_branch_datetime_operator_3']) retrieved from /home/airflow/.local/lib/python3.7/site-packages/airflow/example_dags/example_branch_datetime_operator.py
[2023-09-01T10:35:55.172+0000] {logging_mixin.py:120} INFO - [2023-09-01T10:35:55.171+0000] {dag.py:2585} INFO - Sync 3 DAGs
[2023-09-01T10:35:55.263+0000] {logging_mixin.py:120} INFO - [2023-09-01T10:35:55.263+0000] {dag.py:3340} INFO - Setting next_dagrun for example_branch_datetime_operator to 2023-08-31T00:00:00+00:00, run_after=2023-09-01T00:00:00+00:00
[2023-09-01T10:35:55.277+0000] {logging_mixin.py:120} INFO - [2023-09-01T10:35:55.277+0000] {dag.py:3340} INFO - Setting next_dagrun for example_branch_datetime_operator_2 to 2023-08-31T00:00:00+00:00, run_after=2023-09-01T00:00:00+00:00
[2023-09-01T10:35:55.287+0000] {logging_mixin.py:120} INFO - [2023-09-01T10:35:55.287+0000] {dag.py:3340} INFO - Setting next_dagrun for example_branch_datetime_operator_3 to 2023-08-31T00:00:00+00:00, run_after=2023-09-01T00:00:00+00:00
[2023-09-01T10:35:55.326+0000] {processor.py:176} INFO - Processing /home/airflow/.local/lib/python3.7/site-packages/airflow/example_dags/example_branch_datetime_operator.py took 0.436 seconds
[2023-09-01T10:36:25.502+0000] {processor.py:154} INFO - Started process (PID=578) to work on /home/airflow/.local/lib/python3.7/site-packages/airflow/example_dags/example_branch_datetime_operator.py
[2023-09-01T10:36:25.508+0000] {processor.py:756} INFO - Processing file /home/airflow/.local/lib/python3.7/site-packages/airflow/example_dags/example_branch_datetime_operator.py for tasks to queue
[2023-09-01T10:36:25.515+0000] {logging_mixin.py:120} INFO - [2023-09-01T10:36:25.513+0000] {dagbag.py:537} INFO - Filling up the DagBag from /home/airflow/.local/lib/python3.7/site-packages/airflow/example_dags/example_branch_datetime_operator.py
[2023-09-01T10:36:25.648+0000] {processor.py:766} INFO - DAG(s) dict_keys(['example_branch_datetime_operator', 'example_branch_datetime_operator_3', 'example_branch_datetime_operator_2']) retrieved from /home/airflow/.local/lib/python3.7/site-packages/airflow/example_dags/example_branch_datetime_operator.py
[2023-09-01T10:36:25.801+0000] {logging_mixin.py:120} INFO - [2023-09-01T10:36:25.801+0000] {dag.py:2585} INFO - Sync 3 DAGs
[2023-09-01T10:36:25.895+0000] {logging_mixin.py:120} INFO - [2023-09-01T10:36:25.894+0000] {dag.py:3340} INFO - Setting next_dagrun for example_branch_datetime_operator to 2023-08-31T00:00:00+00:00, run_after=2023-09-01T00:00:00+00:00
[2023-09-01T10:36:25.907+0000] {logging_mixin.py:120} INFO - [2023-09-01T10:36:25.906+0000] {dag.py:3340} INFO - Setting next_dagrun for example_branch_datetime_operator_2 to 2023-08-31T00:00:00+00:00, run_after=2023-09-01T00:00:00+00:00
[2023-09-01T10:36:25.912+0000] {logging_mixin.py:120} INFO - [2023-09-01T10:36:25.912+0000] {dag.py:3340} INFO - Setting next_dagrun for example_branch_datetime_operator_3 to 2023-08-31T00:00:00+00:00, run_after=2023-09-01T00:00:00+00:00
[2023-09-01T10:36:25.991+0000] {processor.py:176} INFO - Processing /home/airflow/.local/lib/python3.7/site-packages/airflow/example_dags/example_branch_datetime_operator.py took 0.503 seconds
[2023-09-01T10:36:57.835+0000] {processor.py:154} INFO - Started process (PID=633) to work on /home/airflow/.local/lib/python3.7/site-packages/airflow/example_dags/example_branch_datetime_operator.py
[2023-09-01T10:36:57.845+0000] {processor.py:756} INFO - Processing file /home/airflow/.local/lib/python3.7/site-packages/airflow/example_dags/example_branch_datetime_operator.py for tasks to queue
[2023-09-01T10:36:57.858+0000] {logging_mixin.py:120} INFO - [2023-09-01T10:36:57.855+0000] {dagbag.py:537} INFO - Filling up the DagBag from /home/airflow/.local/lib/python3.7/site-packages/airflow/example_dags/example_branch_datetime_operator.py
[2023-09-01T10:36:58.024+0000] {processor.py:766} INFO - DAG(s) dict_keys(['example_branch_datetime_operator_3', 'example_branch_datetime_operator_2', 'example_branch_datetime_operator']) retrieved from /home/airflow/.local/lib/python3.7/site-packages/airflow/example_dags/example_branch_datetime_operator.py
[2023-09-01T10:36:58.671+0000] {logging_mixin.py:120} INFO - [2023-09-01T10:36:58.671+0000] {dag.py:2585} INFO - Sync 3 DAGs
[2023-09-01T10:36:59.050+0000] {logging_mixin.py:120} INFO - [2023-09-01T10:36:59.050+0000] {dag.py:3340} INFO - Setting next_dagrun for example_branch_datetime_operator to 2023-08-31T00:00:00+00:00, run_after=2023-09-01T00:00:00+00:00
[2023-09-01T10:36:59.122+0000] {logging_mixin.py:120} INFO - [2023-09-01T10:36:59.118+0000] {dag.py:3340} INFO - Setting next_dagrun for example_branch_datetime_operator_2 to 2023-08-31T00:00:00+00:00, run_after=2023-09-01T00:00:00+00:00
[2023-09-01T10:36:59.155+0000] {logging_mixin.py:120} INFO - [2023-09-01T10:36:59.151+0000] {dag.py:3340} INFO - Setting next_dagrun for example_branch_datetime_operator_3 to 2023-08-31T00:00:00+00:00, run_after=2023-09-01T00:00:00+00:00
[2023-09-01T10:36:59.484+0000] {processor.py:176} INFO - Processing /home/airflow/.local/lib/python3.7/site-packages/airflow/example_dags/example_branch_datetime_operator.py took 1.681 seconds
[2023-09-01T10:37:31.063+0000] {processor.py:154} INFO - Started process (PID=689) to work on /home/airflow/.local/lib/python3.7/site-packages/airflow/example_dags/example_branch_datetime_operator.py
[2023-09-01T10:37:31.069+0000] {processor.py:756} INFO - Processing file /home/airflow/.local/lib/python3.7/site-packages/airflow/example_dags/example_branch_datetime_operator.py for tasks to queue
[2023-09-01T10:37:31.072+0000] {logging_mixin.py:120} INFO - [2023-09-01T10:37:31.071+0000] {dagbag.py:537} INFO - Filling up the DagBag from /home/airflow/.local/lib/python3.7/site-packages/airflow/example_dags/example_branch_datetime_operator.py
[2023-09-01T10:37:31.201+0000] {processor.py:766} INFO - DAG(s) dict_keys(['example_branch_datetime_operator', 'example_branch_datetime_operator_3', 'example_branch_datetime_operator_2']) retrieved from /home/airflow/.local/lib/python3.7/site-packages/airflow/example_dags/example_branch_datetime_operator.py
[2023-09-01T10:37:31.478+0000] {logging_mixin.py:120} INFO - [2023-09-01T10:37:31.477+0000] {dag.py:2585} INFO - Sync 3 DAGs
[2023-09-01T10:37:31.792+0000] {logging_mixin.py:120} INFO - [2023-09-01T10:37:31.791+0000] {dag.py:3340} INFO - Setting next_dagrun for example_branch_datetime_operator to 2023-08-31T00:00:00+00:00, run_after=2023-09-01T00:00:00+00:00
[2023-09-01T10:37:31.842+0000] {logging_mixin.py:120} INFO - [2023-09-01T10:37:31.841+0000] {dag.py:3340} INFO - Setting next_dagrun for example_branch_datetime_operator_2 to 2023-08-31T00:00:00+00:00, run_after=2023-09-01T00:00:00+00:00
[2023-09-01T10:37:31.862+0000] {logging_mixin.py:120} INFO - [2023-09-01T10:37:31.862+0000] {dag.py:3340} INFO - Setting next_dagrun for example_branch_datetime_operator_3 to 2023-08-31T00:00:00+00:00, run_after=2023-09-01T00:00:00+00:00
[2023-09-01T10:37:32.099+0000] {processor.py:176} INFO - Processing /home/airflow/.local/lib/python3.7/site-packages/airflow/example_dags/example_branch_datetime_operator.py took 1.055 seconds
[2023-09-01T10:38:09.325+0000] {processor.py:154} INFO - Started process (PID=752) to work on /home/airflow/.local/lib/python3.7/site-packages/airflow/example_dags/example_branch_datetime_operator.py
[2023-09-01T10:38:09.330+0000] {processor.py:756} INFO - Processing file /home/airflow/.local/lib/python3.7/site-packages/airflow/example_dags/example_branch_datetime_operator.py for tasks to queue
[2023-09-01T10:38:09.336+0000] {logging_mixin.py:120} INFO - [2023-09-01T10:38:09.335+0000] {dagbag.py:537} INFO - Filling up the DagBag from /home/airflow/.local/lib/python3.7/site-packages/airflow/example_dags/example_branch_datetime_operator.py
[2023-09-01T10:38:09.410+0000] {processor.py:766} INFO - DAG(s) dict_keys(['example_branch_datetime_operator_2', 'example_branch_datetime_operator_3', 'example_branch_datetime_operator']) retrieved from /home/airflow/.local/lib/python3.7/site-packages/airflow/example_dags/example_branch_datetime_operator.py
[2023-09-01T10:38:09.612+0000] {logging_mixin.py:120} INFO - [2023-09-01T10:38:09.611+0000] {dag.py:2585} INFO - Sync 3 DAGs
[2023-09-01T10:38:09.826+0000] {logging_mixin.py:120} INFO - [2023-09-01T10:38:09.826+0000] {dag.py:3340} INFO - Setting next_dagrun for example_branch_datetime_operator to 2023-08-31T00:00:00+00:00, run_after=2023-09-01T00:00:00+00:00
[2023-09-01T10:38:10.420+0000] {logging_mixin.py:120} INFO - [2023-09-01T10:38:10.417+0000] {dag.py:3340} INFO - Setting next_dagrun for example_branch_datetime_operator_2 to 2023-08-31T00:00:00+00:00, run_after=2023-09-01T00:00:00+00:00
[2023-09-01T10:38:10.475+0000] {logging_mixin.py:120} INFO - [2023-09-01T10:38:10.475+0000] {dag.py:3340} INFO - Setting next_dagrun for example_branch_datetime_operator_3 to 2023-08-31T00:00:00+00:00, run_after=2023-09-01T00:00:00+00:00
[2023-09-01T10:38:10.773+0000] {processor.py:176} INFO - Processing /home/airflow/.local/lib/python3.7/site-packages/airflow/example_dags/example_branch_datetime_operator.py took 1.460 seconds
