[2023-09-01T10:29:51.380+0000] {processor.py:154} INFO - Started process (PID=50) to work on /home/airflow/.local/lib/python3.7/site-packages/airflow/example_dags/example_latest_only_with_trigger.py
[2023-09-01T10:29:51.384+0000] {processor.py:756} INFO - Processing file /home/airflow/.local/lib/python3.7/site-packages/airflow/example_dags/example_latest_only_with_trigger.py for tasks to queue
[2023-09-01T10:29:51.387+0000] {logging_mixin.py:120} INFO - [2023-09-01T10:29:51.387+0000] {dagbag.py:537} INFO - Filling up the DagBag from /home/airflow/.local/lib/python3.7/site-packages/airflow/example_dags/example_latest_only_with_trigger.py
[2023-09-01T10:29:51.432+0000] {processor.py:766} INFO - DAG(s) dict_keys(['latest_only_with_trigger']) retrieved from /home/airflow/.local/lib/python3.7/site-packages/airflow/example_dags/example_latest_only_with_trigger.py
[2023-09-01T10:29:51.863+0000] {logging_mixin.py:120} INFO - [2023-09-01T10:29:51.863+0000] {manager.py:507} INFO - Created Permission View: can delete on DAG:latest_only_with_trigger
[2023-09-01T10:29:51.888+0000] {logging_mixin.py:120} INFO - [2023-09-01T10:29:51.888+0000] {manager.py:507} INFO - Created Permission View: can read on DAG:latest_only_with_trigger
[2023-09-01T10:29:51.918+0000] {logging_mixin.py:120} INFO - [2023-09-01T10:29:51.906+0000] {manager.py:507} INFO - Created Permission View: can edit on DAG:latest_only_with_trigger
[2023-09-01T10:29:51.921+0000] {logging_mixin.py:120} INFO - [2023-09-01T10:29:51.921+0000] {dag.py:2585} INFO - Sync 1 DAGs
[2023-09-01T10:29:51.975+0000] {logging_mixin.py:120} INFO - [2023-09-01T10:29:51.974+0000] {dag.py:2606} INFO - Creating ORM DAG for latest_only_with_trigger
[2023-09-01T10:29:52.022+0000] {logging_mixin.py:120} INFO - [2023-09-01T10:29:52.022+0000] {dag.py:3340} INFO - Setting next_dagrun for latest_only_with_trigger to 2023-09-01T06:29:52.021661+00:00, run_after=2023-09-01T10:29:52.021661+00:00
[2023-09-01T10:29:52.073+0000] {processor.py:176} INFO - Processing /home/airflow/.local/lib/python3.7/site-packages/airflow/example_dags/example_latest_only_with_trigger.py took 0.706 seconds
[2023-09-01T10:30:50.128+0000] {processor.py:154} INFO - Started process (PID=112) to work on /home/airflow/.local/lib/python3.7/site-packages/airflow/example_dags/example_latest_only_with_trigger.py
[2023-09-01T10:30:50.143+0000] {processor.py:756} INFO - Processing file /home/airflow/.local/lib/python3.7/site-packages/airflow/example_dags/example_latest_only_with_trigger.py for tasks to queue
[2023-09-01T10:30:50.146+0000] {logging_mixin.py:120} INFO - [2023-09-01T10:30:50.146+0000] {dagbag.py:537} INFO - Filling up the DagBag from /home/airflow/.local/lib/python3.7/site-packages/airflow/example_dags/example_latest_only_with_trigger.py
[2023-09-01T10:30:50.294+0000] {processor.py:766} INFO - DAG(s) dict_keys(['latest_only_with_trigger']) retrieved from /home/airflow/.local/lib/python3.7/site-packages/airflow/example_dags/example_latest_only_with_trigger.py
[2023-09-01T10:30:50.656+0000] {logging_mixin.py:120} INFO - [2023-09-01T10:30:50.656+0000] {dag.py:2585} INFO - Sync 1 DAGs
[2023-09-01T10:30:50.939+0000] {logging_mixin.py:120} INFO - [2023-09-01T10:30:50.939+0000] {dag.py:3340} INFO - Setting next_dagrun for latest_only_with_trigger to 2023-09-01T06:30:50.939072+00:00, run_after=2023-09-01T10:30:50.939072+00:00
[2023-09-01T10:30:51.060+0000] {processor.py:176} INFO - Processing /home/airflow/.local/lib/python3.7/site-packages/airflow/example_dags/example_latest_only_with_trigger.py took 0.946 seconds
[2023-09-01T10:31:37.673+0000] {processor.py:154} INFO - Started process (PID=160) to work on /home/airflow/.local/lib/python3.7/site-packages/airflow/example_dags/example_latest_only_with_trigger.py
[2023-09-01T10:31:38.443+0000] {processor.py:756} INFO - Processing file /home/airflow/.local/lib/python3.7/site-packages/airflow/example_dags/example_latest_only_with_trigger.py for tasks to queue
[2023-09-01T10:31:38.573+0000] {logging_mixin.py:120} INFO - [2023-09-01T10:31:38.508+0000] {dagbag.py:537} INFO - Filling up the DagBag from /home/airflow/.local/lib/python3.7/site-packages/airflow/example_dags/example_latest_only_with_trigger.py
[2023-09-01T10:31:41.753+0000] {processor.py:766} INFO - DAG(s) dict_keys(['latest_only_with_trigger']) retrieved from /home/airflow/.local/lib/python3.7/site-packages/airflow/example_dags/example_latest_only_with_trigger.py
[2023-09-01T10:31:47.362+0000] {logging_mixin.py:120} INFO - [2023-09-01T10:31:47.362+0000] {dag.py:2585} INFO - Sync 1 DAGs
[2023-09-01T10:31:50.049+0000] {logging_mixin.py:120} INFO - [2023-09-01T10:31:50.048+0000] {dag.py:3340} INFO - Setting next_dagrun for latest_only_with_trigger to 2023-09-01T06:31:50.043979+00:00, run_after=2023-09-01T10:31:50.043979+00:00
[2023-09-01T10:31:50.600+0000] {processor.py:176} INFO - Processing /home/airflow/.local/lib/python3.7/site-packages/airflow/example_dags/example_latest_only_with_trigger.py took 13.054 seconds
[2023-09-01T10:32:57.528+0000] {processor.py:154} INFO - Started process (PID=215) to work on /home/airflow/.local/lib/python3.7/site-packages/airflow/example_dags/example_latest_only_with_trigger.py
[2023-09-01T10:32:57.547+0000] {processor.py:756} INFO - Processing file /home/airflow/.local/lib/python3.7/site-packages/airflow/example_dags/example_latest_only_with_trigger.py for tasks to queue
[2023-09-01T10:32:57.553+0000] {logging_mixin.py:120} INFO - [2023-09-01T10:32:57.549+0000] {dagbag.py:537} INFO - Filling up the DagBag from /home/airflow/.local/lib/python3.7/site-packages/airflow/example_dags/example_latest_only_with_trigger.py
[2023-09-01T10:32:57.708+0000] {processor.py:766} INFO - DAG(s) dict_keys(['latest_only_with_trigger']) retrieved from /home/airflow/.local/lib/python3.7/site-packages/airflow/example_dags/example_latest_only_with_trigger.py
[2023-09-01T10:32:57.958+0000] {logging_mixin.py:120} INFO - [2023-09-01T10:32:57.957+0000] {dag.py:2585} INFO - Sync 1 DAGs
[2023-09-01T10:32:58.122+0000] {logging_mixin.py:120} INFO - [2023-09-01T10:32:58.122+0000] {dag.py:3340} INFO - Setting next_dagrun for latest_only_with_trigger to 2023-09-01T06:32:58.122071+00:00, run_after=2023-09-01T10:32:58.122071+00:00
[2023-09-01T10:32:58.211+0000] {processor.py:176} INFO - Processing /home/airflow/.local/lib/python3.7/site-packages/airflow/example_dags/example_latest_only_with_trigger.py took 0.705 seconds
[2023-09-01T10:33:28.821+0000] {processor.py:154} INFO - Started process (PID=271) to work on /home/airflow/.local/lib/python3.7/site-packages/airflow/example_dags/example_latest_only_with_trigger.py
[2023-09-01T10:33:28.826+0000] {processor.py:756} INFO - Processing file /home/airflow/.local/lib/python3.7/site-packages/airflow/example_dags/example_latest_only_with_trigger.py for tasks to queue
[2023-09-01T10:33:28.829+0000] {logging_mixin.py:120} INFO - [2023-09-01T10:33:28.828+0000] {dagbag.py:537} INFO - Filling up the DagBag from /home/airflow/.local/lib/python3.7/site-packages/airflow/example_dags/example_latest_only_with_trigger.py
[2023-09-01T10:33:28.866+0000] {processor.py:766} INFO - DAG(s) dict_keys(['latest_only_with_trigger']) retrieved from /home/airflow/.local/lib/python3.7/site-packages/airflow/example_dags/example_latest_only_with_trigger.py
[2023-09-01T10:33:28.941+0000] {logging_mixin.py:120} INFO - [2023-09-01T10:33:28.940+0000] {dag.py:2585} INFO - Sync 1 DAGs
[2023-09-01T10:33:28.990+0000] {logging_mixin.py:120} INFO - [2023-09-01T10:33:28.990+0000] {dag.py:3340} INFO - Setting next_dagrun for latest_only_with_trigger to 2023-09-01T06:33:28.989143+00:00, run_after=2023-09-01T10:33:28.989143+00:00
[2023-09-01T10:33:29.033+0000] {processor.py:176} INFO - Processing /home/airflow/.local/lib/python3.7/site-packages/airflow/example_dags/example_latest_only_with_trigger.py took 0.224 seconds
[2023-09-01T10:33:59.350+0000] {processor.py:154} INFO - Started process (PID=325) to work on /home/airflow/.local/lib/python3.7/site-packages/airflow/example_dags/example_latest_only_with_trigger.py
[2023-09-01T10:33:59.366+0000] {processor.py:756} INFO - Processing file /home/airflow/.local/lib/python3.7/site-packages/airflow/example_dags/example_latest_only_with_trigger.py for tasks to queue
[2023-09-01T10:33:59.371+0000] {logging_mixin.py:120} INFO - [2023-09-01T10:33:59.370+0000] {dagbag.py:537} INFO - Filling up the DagBag from /home/airflow/.local/lib/python3.7/site-packages/airflow/example_dags/example_latest_only_with_trigger.py
[2023-09-01T10:33:59.451+0000] {processor.py:766} INFO - DAG(s) dict_keys(['latest_only_with_trigger']) retrieved from /home/airflow/.local/lib/python3.7/site-packages/airflow/example_dags/example_latest_only_with_trigger.py
[2023-09-01T10:34:00.711+0000] {logging_mixin.py:120} INFO - [2023-09-01T10:34:00.681+0000] {dag.py:2585} INFO - Sync 1 DAGs
[2023-09-01T10:34:01.301+0000] {logging_mixin.py:120} INFO - [2023-09-01T10:34:01.301+0000] {dag.py:3340} INFO - Setting next_dagrun for latest_only_with_trigger to 2023-09-01T06:34:01.300512+00:00, run_after=2023-09-01T10:34:01.300512+00:00
[2023-09-01T10:34:02.724+0000] {processor.py:176} INFO - Processing /home/airflow/.local/lib/python3.7/site-packages/airflow/example_dags/example_latest_only_with_trigger.py took 3.385 seconds
[2023-09-01T10:34:33.946+0000] {processor.py:154} INFO - Started process (PID=379) to work on /home/airflow/.local/lib/python3.7/site-packages/airflow/example_dags/example_latest_only_with_trigger.py
[2023-09-01T10:34:33.949+0000] {processor.py:756} INFO - Processing file /home/airflow/.local/lib/python3.7/site-packages/airflow/example_dags/example_latest_only_with_trigger.py for tasks to queue
[2023-09-01T10:34:33.951+0000] {logging_mixin.py:120} INFO - [2023-09-01T10:34:33.951+0000] {dagbag.py:537} INFO - Filling up the DagBag from /home/airflow/.local/lib/python3.7/site-packages/airflow/example_dags/example_latest_only_with_trigger.py
[2023-09-01T10:34:33.973+0000] {processor.py:766} INFO - DAG(s) dict_keys(['latest_only_with_trigger']) retrieved from /home/airflow/.local/lib/python3.7/site-packages/airflow/example_dags/example_latest_only_with_trigger.py
[2023-09-01T10:34:34.037+0000] {logging_mixin.py:120} INFO - [2023-09-01T10:34:34.036+0000] {dag.py:2585} INFO - Sync 1 DAGs
[2023-09-01T10:34:34.076+0000] {logging_mixin.py:120} INFO - [2023-09-01T10:34:34.076+0000] {dag.py:3340} INFO - Setting next_dagrun for latest_only_with_trigger to 2023-09-01T06:34:34.075968+00:00, run_after=2023-09-01T10:34:34.075968+00:00
[2023-09-01T10:34:34.108+0000] {processor.py:176} INFO - Processing /home/airflow/.local/lib/python3.7/site-packages/airflow/example_dags/example_latest_only_with_trigger.py took 0.167 seconds
[2023-09-01T10:35:04.263+0000] {processor.py:154} INFO - Started process (PID=432) to work on /home/airflow/.local/lib/python3.7/site-packages/airflow/example_dags/example_latest_only_with_trigger.py
[2023-09-01T10:35:04.267+0000] {processor.py:756} INFO - Processing file /home/airflow/.local/lib/python3.7/site-packages/airflow/example_dags/example_latest_only_with_trigger.py for tasks to queue
[2023-09-01T10:35:04.269+0000] {logging_mixin.py:120} INFO - [2023-09-01T10:35:04.269+0000] {dagbag.py:537} INFO - Filling up the DagBag from /home/airflow/.local/lib/python3.7/site-packages/airflow/example_dags/example_latest_only_with_trigger.py
[2023-09-01T10:35:04.305+0000] {processor.py:766} INFO - DAG(s) dict_keys(['latest_only_with_trigger']) retrieved from /home/airflow/.local/lib/python3.7/site-packages/airflow/example_dags/example_latest_only_with_trigger.py
[2023-09-01T10:35:04.420+0000] {logging_mixin.py:120} INFO - [2023-09-01T10:35:04.420+0000] {dag.py:2585} INFO - Sync 1 DAGs
[2023-09-01T10:35:04.459+0000] {logging_mixin.py:120} INFO - [2023-09-01T10:35:04.458+0000] {dag.py:3340} INFO - Setting next_dagrun for latest_only_with_trigger to 2023-09-01T06:35:04.458547+00:00, run_after=2023-09-01T10:35:04.458547+00:00
[2023-09-01T10:35:04.495+0000] {processor.py:176} INFO - Processing /home/airflow/.local/lib/python3.7/site-packages/airflow/example_dags/example_latest_only_with_trigger.py took 0.237 seconds
[2023-09-01T10:35:34.647+0000] {processor.py:154} INFO - Started process (PID=494) to work on /home/airflow/.local/lib/python3.7/site-packages/airflow/example_dags/example_latest_only_with_trigger.py
[2023-09-01T10:35:34.655+0000] {processor.py:756} INFO - Processing file /home/airflow/.local/lib/python3.7/site-packages/airflow/example_dags/example_latest_only_with_trigger.py for tasks to queue
[2023-09-01T10:35:34.658+0000] {logging_mixin.py:120} INFO - [2023-09-01T10:35:34.658+0000] {dagbag.py:537} INFO - Filling up the DagBag from /home/airflow/.local/lib/python3.7/site-packages/airflow/example_dags/example_latest_only_with_trigger.py
[2023-09-01T10:35:34.782+0000] {processor.py:766} INFO - DAG(s) dict_keys(['latest_only_with_trigger']) retrieved from /home/airflow/.local/lib/python3.7/site-packages/airflow/example_dags/example_latest_only_with_trigger.py
[2023-09-01T10:35:34.987+0000] {logging_mixin.py:120} INFO - [2023-09-01T10:35:34.986+0000] {dag.py:2585} INFO - Sync 1 DAGs
[2023-09-01T10:35:35.058+0000] {logging_mixin.py:120} INFO - [2023-09-01T10:35:35.057+0000] {dag.py:3340} INFO - Setting next_dagrun for latest_only_with_trigger to 2023-09-01T06:35:35.057090+00:00, run_after=2023-09-01T10:35:35.057090+00:00
[2023-09-01T10:35:35.112+0000] {processor.py:176} INFO - Processing /home/airflow/.local/lib/python3.7/site-packages/airflow/example_dags/example_latest_only_with_trigger.py took 0.478 seconds
[2023-09-01T10:36:05.665+0000] {processor.py:154} INFO - Started process (PID=541) to work on /home/airflow/.local/lib/python3.7/site-packages/airflow/example_dags/example_latest_only_with_trigger.py
[2023-09-01T10:36:05.670+0000] {processor.py:756} INFO - Processing file /home/airflow/.local/lib/python3.7/site-packages/airflow/example_dags/example_latest_only_with_trigger.py for tasks to queue
[2023-09-01T10:36:05.681+0000] {logging_mixin.py:120} INFO - [2023-09-01T10:36:05.677+0000] {dagbag.py:537} INFO - Filling up the DagBag from /home/airflow/.local/lib/python3.7/site-packages/airflow/example_dags/example_latest_only_with_trigger.py
[2023-09-01T10:36:05.884+0000] {processor.py:766} INFO - DAG(s) dict_keys(['latest_only_with_trigger']) retrieved from /home/airflow/.local/lib/python3.7/site-packages/airflow/example_dags/example_latest_only_with_trigger.py
[2023-09-01T10:36:06.108+0000] {logging_mixin.py:120} INFO - [2023-09-01T10:36:06.108+0000] {dag.py:2585} INFO - Sync 1 DAGs
[2023-09-01T10:36:06.266+0000] {logging_mixin.py:120} INFO - [2023-09-01T10:36:06.266+0000] {dag.py:3340} INFO - Setting next_dagrun for latest_only_with_trigger to 2023-09-01T06:36:06.265576+00:00, run_after=2023-09-01T10:36:06.265576+00:00
[2023-09-01T10:36:06.382+0000] {processor.py:176} INFO - Processing /home/airflow/.local/lib/python3.7/site-packages/airflow/example_dags/example_latest_only_with_trigger.py took 0.737 seconds
[2023-09-01T10:36:37.013+0000] {processor.py:154} INFO - Started process (PID=605) to work on /home/airflow/.local/lib/python3.7/site-packages/airflow/example_dags/example_latest_only_with_trigger.py
[2023-09-01T10:36:37.029+0000] {processor.py:756} INFO - Processing file /home/airflow/.local/lib/python3.7/site-packages/airflow/example_dags/example_latest_only_with_trigger.py for tasks to queue
[2023-09-01T10:36:37.032+0000] {logging_mixin.py:120} INFO - [2023-09-01T10:36:37.032+0000] {dagbag.py:537} INFO - Filling up the DagBag from /home/airflow/.local/lib/python3.7/site-packages/airflow/example_dags/example_latest_only_with_trigger.py
[2023-09-01T10:36:37.132+0000] {processor.py:766} INFO - DAG(s) dict_keys(['latest_only_with_trigger']) retrieved from /home/airflow/.local/lib/python3.7/site-packages/airflow/example_dags/example_latest_only_with_trigger.py
[2023-09-01T10:36:37.343+0000] {logging_mixin.py:120} INFO - [2023-09-01T10:36:37.343+0000] {dag.py:2585} INFO - Sync 1 DAGs
[2023-09-01T10:36:37.467+0000] {logging_mixin.py:120} INFO - [2023-09-01T10:36:37.466+0000] {dag.py:3340} INFO - Setting next_dagrun for latest_only_with_trigger to 2023-09-01T06:36:37.466452+00:00, run_after=2023-09-01T10:36:37.466452+00:00
[2023-09-01T10:36:37.584+0000] {processor.py:176} INFO - Processing /home/airflow/.local/lib/python3.7/site-packages/airflow/example_dags/example_latest_only_with_trigger.py took 0.595 seconds
[2023-09-01T10:37:07.857+0000] {processor.py:154} INFO - Started process (PID=660) to work on /home/airflow/.local/lib/python3.7/site-packages/airflow/example_dags/example_latest_only_with_trigger.py
[2023-09-01T10:37:07.861+0000] {processor.py:756} INFO - Processing file /home/airflow/.local/lib/python3.7/site-packages/airflow/example_dags/example_latest_only_with_trigger.py for tasks to queue
[2023-09-01T10:37:07.865+0000] {logging_mixin.py:120} INFO - [2023-09-01T10:37:07.864+0000] {dagbag.py:537} INFO - Filling up the DagBag from /home/airflow/.local/lib/python3.7/site-packages/airflow/example_dags/example_latest_only_with_trigger.py
[2023-09-01T10:37:07.942+0000] {processor.py:766} INFO - DAG(s) dict_keys(['latest_only_with_trigger']) retrieved from /home/airflow/.local/lib/python3.7/site-packages/airflow/example_dags/example_latest_only_with_trigger.py
[2023-09-01T10:37:08.091+0000] {logging_mixin.py:120} INFO - [2023-09-01T10:37:08.091+0000] {dag.py:2585} INFO - Sync 1 DAGs
[2023-09-01T10:37:08.187+0000] {logging_mixin.py:120} INFO - [2023-09-01T10:37:08.186+0000] {dag.py:3340} INFO - Setting next_dagrun for latest_only_with_trigger to 2023-09-01T06:37:08.186262+00:00, run_after=2023-09-01T10:37:08.186262+00:00
[2023-09-01T10:37:08.277+0000] {processor.py:176} INFO - Processing /home/airflow/.local/lib/python3.7/site-packages/airflow/example_dags/example_latest_only_with_trigger.py took 0.430 seconds
[2023-09-01T10:37:38.532+0000] {processor.py:154} INFO - Started process (PID=715) to work on /home/airflow/.local/lib/python3.7/site-packages/airflow/example_dags/example_latest_only_with_trigger.py
[2023-09-01T10:37:38.535+0000] {processor.py:756} INFO - Processing file /home/airflow/.local/lib/python3.7/site-packages/airflow/example_dags/example_latest_only_with_trigger.py for tasks to queue
[2023-09-01T10:37:38.539+0000] {logging_mixin.py:120} INFO - [2023-09-01T10:37:38.538+0000] {dagbag.py:537} INFO - Filling up the DagBag from /home/airflow/.local/lib/python3.7/site-packages/airflow/example_dags/example_latest_only_with_trigger.py
[2023-09-01T10:37:38.580+0000] {processor.py:766} INFO - DAG(s) dict_keys(['latest_only_with_trigger']) retrieved from /home/airflow/.local/lib/python3.7/site-packages/airflow/example_dags/example_latest_only_with_trigger.py
[2023-09-01T10:37:38.696+0000] {logging_mixin.py:120} INFO - [2023-09-01T10:37:38.695+0000] {dag.py:2585} INFO - Sync 1 DAGs
[2023-09-01T10:37:38.762+0000] {logging_mixin.py:120} INFO - [2023-09-01T10:37:38.762+0000] {dag.py:3340} INFO - Setting next_dagrun for latest_only_with_trigger to 2023-09-01T06:37:38.761849+00:00, run_after=2023-09-01T10:37:38.761849+00:00
[2023-09-01T10:37:38.821+0000] {processor.py:176} INFO - Processing /home/airflow/.local/lib/python3.7/site-packages/airflow/example_dags/example_latest_only_with_trigger.py took 0.300 seconds
[2023-09-01T10:38:12.120+0000] {processor.py:154} INFO - Started process (PID=756) to work on /home/airflow/.local/lib/python3.7/site-packages/airflow/example_dags/example_latest_only_with_trigger.py
[2023-09-01T10:38:12.128+0000] {processor.py:756} INFO - Processing file /home/airflow/.local/lib/python3.7/site-packages/airflow/example_dags/example_latest_only_with_trigger.py for tasks to queue
[2023-09-01T10:38:12.135+0000] {logging_mixin.py:120} INFO - [2023-09-01T10:38:12.135+0000] {dagbag.py:537} INFO - Filling up the DagBag from /home/airflow/.local/lib/python3.7/site-packages/airflow/example_dags/example_latest_only_with_trigger.py
[2023-09-01T10:38:12.208+0000] {processor.py:766} INFO - DAG(s) dict_keys(['latest_only_with_trigger']) retrieved from /home/airflow/.local/lib/python3.7/site-packages/airflow/example_dags/example_latest_only_with_trigger.py
[2023-09-01T10:38:12.404+0000] {logging_mixin.py:120} INFO - [2023-09-01T10:38:12.403+0000] {dag.py:2585} INFO - Sync 1 DAGs
[2023-09-01T10:38:12.609+0000] {logging_mixin.py:120} INFO - [2023-09-01T10:38:12.609+0000] {dag.py:3340} INFO - Setting next_dagrun for latest_only_with_trigger to 2023-09-01T06:38:12.608431+00:00, run_after=2023-09-01T10:38:12.608431+00:00
[2023-09-01T10:38:12.785+0000] {processor.py:176} INFO - Processing /home/airflow/.local/lib/python3.7/site-packages/airflow/example_dags/example_latest_only_with_trigger.py took 0.680 seconds
