[2023-09-01T10:30:36.460+0000] {processor.py:154} INFO - Started process (PID=101) to work on /home/airflow/.local/lib/python3.7/site-packages/airflow/example_dags/example_branch_day_of_week_operator.py
[2023-09-01T10:30:36.467+0000] {processor.py:756} INFO - Processing file /home/airflow/.local/lib/python3.7/site-packages/airflow/example_dags/example_branch_day_of_week_operator.py for tasks to queue
[2023-09-01T10:30:36.479+0000] {logging_mixin.py:120} INFO - [2023-09-01T10:30:36.478+0000] {dagbag.py:537} INFO - Filling up the DagBag from /home/airflow/.local/lib/python3.7/site-packages/airflow/example_dags/example_branch_day_of_week_operator.py
[2023-09-01T10:30:36.713+0000] {processor.py:766} INFO - DAG(s) dict_keys(['example_weekday_branch_operator']) retrieved from /home/airflow/.local/lib/python3.7/site-packages/airflow/example_dags/example_branch_day_of_week_operator.py
[2023-09-01T10:30:38.847+0000] {logging_mixin.py:120} INFO - [2023-09-01T10:30:38.846+0000] {manager.py:507} INFO - Created Permission View: can delete on DAG:example_weekday_branch_operator
[2023-09-01T10:30:38.959+0000] {logging_mixin.py:120} INFO - [2023-09-01T10:30:38.958+0000] {manager.py:507} INFO - Created Permission View: can read on DAG:example_weekday_branch_operator
[2023-09-01T10:30:39.037+0000] {logging_mixin.py:120} INFO - [2023-09-01T10:30:39.037+0000] {manager.py:507} INFO - Created Permission View: can edit on DAG:example_weekday_branch_operator
[2023-09-01T10:30:39.040+0000] {logging_mixin.py:120} INFO - [2023-09-01T10:30:39.039+0000] {dag.py:2585} INFO - Sync 1 DAGs
[2023-09-01T10:30:39.178+0000] {logging_mixin.py:120} INFO - [2023-09-01T10:30:39.178+0000] {dag.py:2606} INFO - Creating ORM DAG for example_weekday_branch_operator
[2023-09-01T10:30:39.330+0000] {logging_mixin.py:120} INFO - [2023-09-01T10:30:39.330+0000] {dag.py:3340} INFO - Setting next_dagrun for example_weekday_branch_operator to 2023-08-31T00:00:00+00:00, run_after=2023-09-01T00:00:00+00:00
[2023-09-01T10:30:39.551+0000] {processor.py:176} INFO - Processing /home/airflow/.local/lib/python3.7/site-packages/airflow/example_dags/example_branch_day_of_week_operator.py took 3.140 seconds
[2023-09-01T10:32:25.702+0000] {processor.py:154} INFO - Started process (PID=190) to work on /home/airflow/.local/lib/python3.7/site-packages/airflow/example_dags/example_branch_day_of_week_operator.py
[2023-09-01T10:32:25.755+0000] {processor.py:756} INFO - Processing file /home/airflow/.local/lib/python3.7/site-packages/airflow/example_dags/example_branch_day_of_week_operator.py for tasks to queue
[2023-09-01T10:32:25.862+0000] {logging_mixin.py:120} INFO - [2023-09-01T10:32:25.806+0000] {dagbag.py:537} INFO - Filling up the DagBag from /home/airflow/.local/lib/python3.7/site-packages/airflow/example_dags/example_branch_day_of_week_operator.py
[2023-09-01T10:32:27.399+0000] {processor.py:766} INFO - DAG(s) dict_keys(['example_weekday_branch_operator']) retrieved from /home/airflow/.local/lib/python3.7/site-packages/airflow/example_dags/example_branch_day_of_week_operator.py
[2023-09-01T10:32:29.467+0000] {logging_mixin.py:120} INFO - [2023-09-01T10:32:29.466+0000] {dag.py:2585} INFO - Sync 1 DAGs
[2023-09-01T10:32:36.369+0000] {logging_mixin.py:120} INFO - [2023-09-01T10:32:36.369+0000] {dag.py:3340} INFO - Setting next_dagrun for example_weekday_branch_operator to 2023-08-31T00:00:00+00:00, run_after=2023-09-01T00:00:00+00:00
[2023-09-01T10:32:37.617+0000] {processor.py:176} INFO - Processing /home/airflow/.local/lib/python3.7/site-packages/airflow/example_dags/example_branch_day_of_week_operator.py took 12.823 seconds
[2023-09-01T10:33:08.243+0000] {processor.py:154} INFO - Started process (PID=244) to work on /home/airflow/.local/lib/python3.7/site-packages/airflow/example_dags/example_branch_day_of_week_operator.py
[2023-09-01T10:33:08.249+0000] {processor.py:756} INFO - Processing file /home/airflow/.local/lib/python3.7/site-packages/airflow/example_dags/example_branch_day_of_week_operator.py for tasks to queue
[2023-09-01T10:33:08.255+0000] {logging_mixin.py:120} INFO - [2023-09-01T10:33:08.254+0000] {dagbag.py:537} INFO - Filling up the DagBag from /home/airflow/.local/lib/python3.7/site-packages/airflow/example_dags/example_branch_day_of_week_operator.py
[2023-09-01T10:33:08.304+0000] {processor.py:766} INFO - DAG(s) dict_keys(['example_weekday_branch_operator']) retrieved from /home/airflow/.local/lib/python3.7/site-packages/airflow/example_dags/example_branch_day_of_week_operator.py
[2023-09-01T10:33:08.398+0000] {logging_mixin.py:120} INFO - [2023-09-01T10:33:08.398+0000] {dag.py:2585} INFO - Sync 1 DAGs
[2023-09-01T10:33:08.452+0000] {logging_mixin.py:120} INFO - [2023-09-01T10:33:08.451+0000] {dag.py:3340} INFO - Setting next_dagrun for example_weekday_branch_operator to 2023-08-31T00:00:00+00:00, run_after=2023-09-01T00:00:00+00:00
[2023-09-01T10:33:08.524+0000] {processor.py:176} INFO - Processing /home/airflow/.local/lib/python3.7/site-packages/airflow/example_dags/example_branch_day_of_week_operator.py took 0.299 seconds
[2023-09-01T10:33:40.528+0000] {processor.py:154} INFO - Started process (PID=307) to work on /home/airflow/.local/lib/python3.7/site-packages/airflow/example_dags/example_branch_day_of_week_operator.py
[2023-09-01T10:33:40.535+0000] {processor.py:756} INFO - Processing file /home/airflow/.local/lib/python3.7/site-packages/airflow/example_dags/example_branch_day_of_week_operator.py for tasks to queue
[2023-09-01T10:33:40.538+0000] {logging_mixin.py:120} INFO - [2023-09-01T10:33:40.538+0000] {dagbag.py:537} INFO - Filling up the DagBag from /home/airflow/.local/lib/python3.7/site-packages/airflow/example_dags/example_branch_day_of_week_operator.py
[2023-09-01T10:33:40.624+0000] {processor.py:766} INFO - DAG(s) dict_keys(['example_weekday_branch_operator']) retrieved from /home/airflow/.local/lib/python3.7/site-packages/airflow/example_dags/example_branch_day_of_week_operator.py
[2023-09-01T10:33:40.847+0000] {logging_mixin.py:120} INFO - [2023-09-01T10:33:40.847+0000] {dag.py:2585} INFO - Sync 1 DAGs
[2023-09-01T10:33:41.010+0000] {logging_mixin.py:120} INFO - [2023-09-01T10:33:41.008+0000] {dag.py:3340} INFO - Setting next_dagrun for example_weekday_branch_operator to 2023-08-31T00:00:00+00:00, run_after=2023-09-01T00:00:00+00:00
[2023-09-01T10:33:41.058+0000] {processor.py:176} INFO - Processing /home/airflow/.local/lib/python3.7/site-packages/airflow/example_dags/example_branch_day_of_week_operator.py took 0.545 seconds
[2023-09-01T10:34:28.351+0000] {processor.py:154} INFO - Started process (PID=369) to work on /home/airflow/.local/lib/python3.7/site-packages/airflow/example_dags/example_branch_day_of_week_operator.py
[2023-09-01T10:34:28.376+0000] {processor.py:756} INFO - Processing file /home/airflow/.local/lib/python3.7/site-packages/airflow/example_dags/example_branch_day_of_week_operator.py for tasks to queue
[2023-09-01T10:34:28.382+0000] {logging_mixin.py:120} INFO - [2023-09-01T10:34:28.381+0000] {dagbag.py:537} INFO - Filling up the DagBag from /home/airflow/.local/lib/python3.7/site-packages/airflow/example_dags/example_branch_day_of_week_operator.py
[2023-09-01T10:34:28.505+0000] {processor.py:766} INFO - DAG(s) dict_keys(['example_weekday_branch_operator']) retrieved from /home/airflow/.local/lib/python3.7/site-packages/airflow/example_dags/example_branch_day_of_week_operator.py
[2023-09-01T10:34:28.980+0000] {logging_mixin.py:120} INFO - [2023-09-01T10:34:28.980+0000] {dag.py:2585} INFO - Sync 1 DAGs
[2023-09-01T10:34:29.134+0000] {logging_mixin.py:120} INFO - [2023-09-01T10:34:29.134+0000] {dag.py:3340} INFO - Setting next_dagrun for example_weekday_branch_operator to 2023-08-31T00:00:00+00:00, run_after=2023-09-01T00:00:00+00:00
[2023-09-01T10:34:29.254+0000] {processor.py:176} INFO - Processing /home/airflow/.local/lib/python3.7/site-packages/airflow/example_dags/example_branch_day_of_week_operator.py took 0.965 seconds
[2023-09-01T10:34:59.739+0000] {processor.py:154} INFO - Started process (PID=422) to work on /home/airflow/.local/lib/python3.7/site-packages/airflow/example_dags/example_branch_day_of_week_operator.py
[2023-09-01T10:34:59.742+0000] {processor.py:756} INFO - Processing file /home/airflow/.local/lib/python3.7/site-packages/airflow/example_dags/example_branch_day_of_week_operator.py for tasks to queue
[2023-09-01T10:34:59.747+0000] {logging_mixin.py:120} INFO - [2023-09-01T10:34:59.747+0000] {dagbag.py:537} INFO - Filling up the DagBag from /home/airflow/.local/lib/python3.7/site-packages/airflow/example_dags/example_branch_day_of_week_operator.py
[2023-09-01T10:34:59.776+0000] {processor.py:766} INFO - DAG(s) dict_keys(['example_weekday_branch_operator']) retrieved from /home/airflow/.local/lib/python3.7/site-packages/airflow/example_dags/example_branch_day_of_week_operator.py
[2023-09-01T10:34:59.858+0000] {logging_mixin.py:120} INFO - [2023-09-01T10:34:59.857+0000] {dag.py:2585} INFO - Sync 1 DAGs
[2023-09-01T10:34:59.939+0000] {logging_mixin.py:120} INFO - [2023-09-01T10:34:59.938+0000] {dag.py:3340} INFO - Setting next_dagrun for example_weekday_branch_operator to 2023-08-31T00:00:00+00:00, run_after=2023-09-01T00:00:00+00:00
[2023-09-01T10:34:59.981+0000] {processor.py:176} INFO - Processing /home/airflow/.local/lib/python3.7/site-packages/airflow/example_dags/example_branch_day_of_week_operator.py took 0.247 seconds
[2023-09-01T10:35:30.230+0000] {processor.py:154} INFO - Started process (PID=477) to work on /home/airflow/.local/lib/python3.7/site-packages/airflow/example_dags/example_branch_day_of_week_operator.py
[2023-09-01T10:35:30.234+0000] {processor.py:756} INFO - Processing file /home/airflow/.local/lib/python3.7/site-packages/airflow/example_dags/example_branch_day_of_week_operator.py for tasks to queue
[2023-09-01T10:35:30.239+0000] {logging_mixin.py:120} INFO - [2023-09-01T10:35:30.238+0000] {dagbag.py:537} INFO - Filling up the DagBag from /home/airflow/.local/lib/python3.7/site-packages/airflow/example_dags/example_branch_day_of_week_operator.py
[2023-09-01T10:35:30.284+0000] {processor.py:766} INFO - DAG(s) dict_keys(['example_weekday_branch_operator']) retrieved from /home/airflow/.local/lib/python3.7/site-packages/airflow/example_dags/example_branch_day_of_week_operator.py
[2023-09-01T10:35:30.493+0000] {logging_mixin.py:120} INFO - [2023-09-01T10:35:30.493+0000] {dag.py:2585} INFO - Sync 1 DAGs
[2023-09-01T10:35:30.614+0000] {logging_mixin.py:120} INFO - [2023-09-01T10:35:30.613+0000] {dag.py:3340} INFO - Setting next_dagrun for example_weekday_branch_operator to 2023-08-31T00:00:00+00:00, run_after=2023-09-01T00:00:00+00:00
[2023-09-01T10:35:30.696+0000] {processor.py:176} INFO - Processing /home/airflow/.local/lib/python3.7/site-packages/airflow/example_dags/example_branch_day_of_week_operator.py took 0.477 seconds
[2023-09-01T10:36:02.179+0000] {processor.py:154} INFO - Started process (PID=532) to work on /home/airflow/.local/lib/python3.7/site-packages/airflow/example_dags/example_branch_day_of_week_operator.py
[2023-09-01T10:36:02.184+0000] {processor.py:756} INFO - Processing file /home/airflow/.local/lib/python3.7/site-packages/airflow/example_dags/example_branch_day_of_week_operator.py for tasks to queue
[2023-09-01T10:36:02.189+0000] {logging_mixin.py:120} INFO - [2023-09-01T10:36:02.189+0000] {dagbag.py:537} INFO - Filling up the DagBag from /home/airflow/.local/lib/python3.7/site-packages/airflow/example_dags/example_branch_day_of_week_operator.py
[2023-09-01T10:36:02.283+0000] {processor.py:766} INFO - DAG(s) dict_keys(['example_weekday_branch_operator']) retrieved from /home/airflow/.local/lib/python3.7/site-packages/airflow/example_dags/example_branch_day_of_week_operator.py
[2023-09-01T10:36:02.515+0000] {logging_mixin.py:120} INFO - [2023-09-01T10:36:02.514+0000] {dag.py:2585} INFO - Sync 1 DAGs
[2023-09-01T10:36:02.769+0000] {logging_mixin.py:120} INFO - [2023-09-01T10:36:02.747+0000] {dag.py:3340} INFO - Setting next_dagrun for example_weekday_branch_operator to 2023-08-31T00:00:00+00:00, run_after=2023-09-01T00:00:00+00:00
[2023-09-01T10:36:02.972+0000] {processor.py:176} INFO - Processing /home/airflow/.local/lib/python3.7/site-packages/airflow/example_dags/example_branch_day_of_week_operator.py took 0.818 seconds
[2023-09-01T10:36:33.685+0000] {processor.py:154} INFO - Started process (PID=587) to work on /home/airflow/.local/lib/python3.7/site-packages/airflow/example_dags/example_branch_day_of_week_operator.py
[2023-09-01T10:36:33.688+0000] {processor.py:756} INFO - Processing file /home/airflow/.local/lib/python3.7/site-packages/airflow/example_dags/example_branch_day_of_week_operator.py for tasks to queue
[2023-09-01T10:36:33.691+0000] {logging_mixin.py:120} INFO - [2023-09-01T10:36:33.690+0000] {dagbag.py:537} INFO - Filling up the DagBag from /home/airflow/.local/lib/python3.7/site-packages/airflow/example_dags/example_branch_day_of_week_operator.py
[2023-09-01T10:36:33.734+0000] {processor.py:766} INFO - DAG(s) dict_keys(['example_weekday_branch_operator']) retrieved from /home/airflow/.local/lib/python3.7/site-packages/airflow/example_dags/example_branch_day_of_week_operator.py
[2023-09-01T10:36:33.907+0000] {logging_mixin.py:120} INFO - [2023-09-01T10:36:33.907+0000] {dag.py:2585} INFO - Sync 1 DAGs
[2023-09-01T10:36:33.986+0000] {logging_mixin.py:120} INFO - [2023-09-01T10:36:33.986+0000] {dag.py:3340} INFO - Setting next_dagrun for example_weekday_branch_operator to 2023-08-31T00:00:00+00:00, run_after=2023-09-01T00:00:00+00:00
[2023-09-01T10:36:34.090+0000] {processor.py:176} INFO - Processing /home/airflow/.local/lib/python3.7/site-packages/airflow/example_dags/example_branch_day_of_week_operator.py took 0.414 seconds
[2023-09-01T10:37:04.382+0000] {processor.py:154} INFO - Started process (PID=652) to work on /home/airflow/.local/lib/python3.7/site-packages/airflow/example_dags/example_branch_day_of_week_operator.py
[2023-09-01T10:37:04.387+0000] {processor.py:756} INFO - Processing file /home/airflow/.local/lib/python3.7/site-packages/airflow/example_dags/example_branch_day_of_week_operator.py for tasks to queue
[2023-09-01T10:37:04.392+0000] {logging_mixin.py:120} INFO - [2023-09-01T10:37:04.391+0000] {dagbag.py:537} INFO - Filling up the DagBag from /home/airflow/.local/lib/python3.7/site-packages/airflow/example_dags/example_branch_day_of_week_operator.py
[2023-09-01T10:37:04.488+0000] {processor.py:766} INFO - DAG(s) dict_keys(['example_weekday_branch_operator']) retrieved from /home/airflow/.local/lib/python3.7/site-packages/airflow/example_dags/example_branch_day_of_week_operator.py
[2023-09-01T10:37:04.727+0000] {logging_mixin.py:120} INFO - [2023-09-01T10:37:04.726+0000] {dag.py:2585} INFO - Sync 1 DAGs
[2023-09-01T10:37:04.837+0000] {logging_mixin.py:120} INFO - [2023-09-01T10:37:04.836+0000] {dag.py:3340} INFO - Setting next_dagrun for example_weekday_branch_operator to 2023-08-31T00:00:00+00:00, run_after=2023-09-01T00:00:00+00:00
[2023-09-01T10:37:04.923+0000] {processor.py:176} INFO - Processing /home/airflow/.local/lib/python3.7/site-packages/airflow/example_dags/example_branch_day_of_week_operator.py took 0.565 seconds
[2023-09-01T10:37:34.996+0000] {processor.py:154} INFO - Started process (PID=706) to work on /home/airflow/.local/lib/python3.7/site-packages/airflow/example_dags/example_branch_day_of_week_operator.py
[2023-09-01T10:37:35.001+0000] {processor.py:756} INFO - Processing file /home/airflow/.local/lib/python3.7/site-packages/airflow/example_dags/example_branch_day_of_week_operator.py for tasks to queue
[2023-09-01T10:37:35.007+0000] {logging_mixin.py:120} INFO - [2023-09-01T10:37:35.006+0000] {dagbag.py:537} INFO - Filling up the DagBag from /home/airflow/.local/lib/python3.7/site-packages/airflow/example_dags/example_branch_day_of_week_operator.py
[2023-09-01T10:37:35.064+0000] {processor.py:766} INFO - DAG(s) dict_keys(['example_weekday_branch_operator']) retrieved from /home/airflow/.local/lib/python3.7/site-packages/airflow/example_dags/example_branch_day_of_week_operator.py
[2023-09-01T10:37:35.194+0000] {logging_mixin.py:120} INFO - [2023-09-01T10:37:35.193+0000] {dag.py:2585} INFO - Sync 1 DAGs
[2023-09-01T10:37:35.280+0000] {logging_mixin.py:120} INFO - [2023-09-01T10:37:35.280+0000] {dag.py:3340} INFO - Setting next_dagrun for example_weekday_branch_operator to 2023-08-31T00:00:00+00:00, run_after=2023-09-01T00:00:00+00:00
[2023-09-01T10:37:35.361+0000] {processor.py:176} INFO - Processing /home/airflow/.local/lib/python3.7/site-packages/airflow/example_dags/example_branch_day_of_week_operator.py took 0.378 seconds
[2023-09-01T10:38:16.092+0000] {processor.py:154} INFO - Started process (PID=764) to work on /home/airflow/.local/lib/python3.7/site-packages/airflow/example_dags/example_branch_day_of_week_operator.py
[2023-09-01T10:38:16.097+0000] {processor.py:756} INFO - Processing file /home/airflow/.local/lib/python3.7/site-packages/airflow/example_dags/example_branch_day_of_week_operator.py for tasks to queue
[2023-09-01T10:38:16.114+0000] {logging_mixin.py:120} INFO - [2023-09-01T10:38:16.108+0000] {dagbag.py:537} INFO - Filling up the DagBag from /home/airflow/.local/lib/python3.7/site-packages/airflow/example_dags/example_branch_day_of_week_operator.py
[2023-09-01T10:38:16.287+0000] {processor.py:766} INFO - DAG(s) dict_keys(['example_weekday_branch_operator']) retrieved from /home/airflow/.local/lib/python3.7/site-packages/airflow/example_dags/example_branch_day_of_week_operator.py
[2023-09-01T10:38:16.685+0000] {logging_mixin.py:120} INFO - [2023-09-01T10:38:16.685+0000] {dag.py:2585} INFO - Sync 1 DAGs
