[2023-09-01T10:30:22.383+0000] {processor.py:154} INFO - Started process (PID=84) to work on /home/airflow/.local/lib/python3.7/site-packages/airflow/example_dags/example_xcomargs.py
[2023-09-01T10:30:22.404+0000] {processor.py:756} INFO - Processing file /home/airflow/.local/lib/python3.7/site-packages/airflow/example_dags/example_xcomargs.py for tasks to queue
[2023-09-01T10:30:22.410+0000] {logging_mixin.py:120} INFO - [2023-09-01T10:30:22.409+0000] {dagbag.py:537} INFO - Filling up the DagBag from /home/airflow/.local/lib/python3.7/site-packages/airflow/example_dags/example_xcomargs.py
[2023-09-01T10:30:22.824+0000] {processor.py:766} INFO - DAG(s) dict_keys(['example_xcom_args_with_operators', 'example_xcom_args']) retrieved from /home/airflow/.local/lib/python3.7/site-packages/airflow/example_dags/example_xcomargs.py
[2023-09-01T10:30:24.432+0000] {logging_mixin.py:120} INFO - [2023-09-01T10:30:24.432+0000] {manager.py:507} INFO - Created Permission View: can delete on DAG:example_xcom_args_with_operators
[2023-09-01T10:30:24.549+0000] {logging_mixin.py:120} INFO - [2023-09-01T10:30:24.548+0000] {manager.py:507} INFO - Created Permission View: can read on DAG:example_xcom_args_with_operators
[2023-09-01T10:30:24.587+0000] {logging_mixin.py:120} INFO - [2023-09-01T10:30:24.587+0000] {manager.py:507} INFO - Created Permission View: can edit on DAG:example_xcom_args_with_operators
[2023-09-01T10:30:24.644+0000] {logging_mixin.py:120} INFO - [2023-09-01T10:30:24.643+0000] {manager.py:507} INFO - Created Permission View: can delete on DAG:example_xcom_args
[2023-09-01T10:30:24.680+0000] {logging_mixin.py:120} INFO - [2023-09-01T10:30:24.680+0000] {manager.py:507} INFO - Created Permission View: can read on DAG:example_xcom_args
[2023-09-01T10:30:24.716+0000] {logging_mixin.py:120} INFO - [2023-09-01T10:30:24.715+0000] {manager.py:507} INFO - Created Permission View: can edit on DAG:example_xcom_args
[2023-09-01T10:30:24.718+0000] {logging_mixin.py:120} INFO - [2023-09-01T10:30:24.718+0000] {dag.py:2585} INFO - Sync 2 DAGs
[2023-09-01T10:30:24.786+0000] {logging_mixin.py:120} INFO - [2023-09-01T10:30:24.786+0000] {dag.py:2606} INFO - Creating ORM DAG for example_xcom_args_with_operators
[2023-09-01T10:30:24.796+0000] {logging_mixin.py:120} INFO - [2023-09-01T10:30:24.794+0000] {dag.py:2606} INFO - Creating ORM DAG for example_xcom_args
[2023-09-01T10:30:24.883+0000] {logging_mixin.py:120} INFO - [2023-09-01T10:30:24.882+0000] {dag.py:3340} INFO - Setting next_dagrun for example_xcom_args to None, run_after=None
[2023-09-01T10:30:24.892+0000] {logging_mixin.py:120} INFO - [2023-09-01T10:30:24.891+0000] {dag.py:3340} INFO - Setting next_dagrun for example_xcom_args_with_operators to None, run_after=None
[2023-09-01T10:30:25.124+0000] {processor.py:176} INFO - Processing /home/airflow/.local/lib/python3.7/site-packages/airflow/example_dags/example_xcomargs.py took 2.875 seconds
[2023-09-01T10:31:08.638+0000] {processor.py:154} INFO - Started process (PID=139) to work on /home/airflow/.local/lib/python3.7/site-packages/airflow/example_dags/example_xcomargs.py
[2023-09-01T10:31:08.671+0000] {processor.py:756} INFO - Processing file /home/airflow/.local/lib/python3.7/site-packages/airflow/example_dags/example_xcomargs.py for tasks to queue
[2023-09-01T10:31:08.722+0000] {logging_mixin.py:120} INFO - [2023-09-01T10:31:08.713+0000] {dagbag.py:537} INFO - Filling up the DagBag from /home/airflow/.local/lib/python3.7/site-packages/airflow/example_dags/example_xcomargs.py
[2023-09-01T10:31:10.481+0000] {processor.py:766} INFO - DAG(s) dict_keys(['example_xcom_args_with_operators', 'example_xcom_args']) retrieved from /home/airflow/.local/lib/python3.7/site-packages/airflow/example_dags/example_xcomargs.py
[2023-09-01T10:31:11.481+0000] {logging_mixin.py:120} INFO - [2023-09-01T10:31:11.480+0000] {dag.py:2585} INFO - Sync 2 DAGs
[2023-09-01T10:31:13.582+0000] {logging_mixin.py:120} INFO - [2023-09-01T10:31:13.549+0000] {dag.py:3340} INFO - Setting next_dagrun for example_xcom_args to None, run_after=None
[2023-09-01T10:31:14.061+0000] {logging_mixin.py:120} INFO - [2023-09-01T10:31:14.060+0000] {dag.py:3340} INFO - Setting next_dagrun for example_xcom_args_with_operators to None, run_after=None
[2023-09-01T10:31:15.656+0000] {processor.py:176} INFO - Processing /home/airflow/.local/lib/python3.7/site-packages/airflow/example_dags/example_xcomargs.py took 7.118 seconds
[2023-09-01T10:33:04.617+0000] {processor.py:154} INFO - Started process (PID=234) to work on /home/airflow/.local/lib/python3.7/site-packages/airflow/example_dags/example_xcomargs.py
[2023-09-01T10:33:04.624+0000] {processor.py:756} INFO - Processing file /home/airflow/.local/lib/python3.7/site-packages/airflow/example_dags/example_xcomargs.py for tasks to queue
[2023-09-01T10:33:04.628+0000] {logging_mixin.py:120} INFO - [2023-09-01T10:33:04.627+0000] {dagbag.py:537} INFO - Filling up the DagBag from /home/airflow/.local/lib/python3.7/site-packages/airflow/example_dags/example_xcomargs.py
[2023-09-01T10:33:04.701+0000] {processor.py:766} INFO - DAG(s) dict_keys(['example_xcom_args_with_operators', 'example_xcom_args']) retrieved from /home/airflow/.local/lib/python3.7/site-packages/airflow/example_dags/example_xcomargs.py
[2023-09-01T10:33:04.848+0000] {logging_mixin.py:120} INFO - [2023-09-01T10:33:04.848+0000] {dag.py:2585} INFO - Sync 2 DAGs
[2023-09-01T10:33:04.930+0000] {logging_mixin.py:120} INFO - [2023-09-01T10:33:04.930+0000] {dag.py:3340} INFO - Setting next_dagrun for example_xcom_args to None, run_after=None
[2023-09-01T10:33:04.941+0000] {logging_mixin.py:120} INFO - [2023-09-01T10:33:04.940+0000] {dag.py:3340} INFO - Setting next_dagrun for example_xcom_args_with_operators to None, run_after=None
[2023-09-01T10:33:04.985+0000] {processor.py:176} INFO - Processing /home/airflow/.local/lib/python3.7/site-packages/airflow/example_dags/example_xcomargs.py took 0.381 seconds
[2023-09-01T10:33:36.865+0000] {processor.py:154} INFO - Started process (PID=288) to work on /home/airflow/.local/lib/python3.7/site-packages/airflow/example_dags/example_xcomargs.py
[2023-09-01T10:33:36.876+0000] {processor.py:756} INFO - Processing file /home/airflow/.local/lib/python3.7/site-packages/airflow/example_dags/example_xcomargs.py for tasks to queue
[2023-09-01T10:33:36.883+0000] {logging_mixin.py:120} INFO - [2023-09-01T10:33:36.880+0000] {dagbag.py:537} INFO - Filling up the DagBag from /home/airflow/.local/lib/python3.7/site-packages/airflow/example_dags/example_xcomargs.py
[2023-09-01T10:33:37.145+0000] {processor.py:766} INFO - DAG(s) dict_keys(['example_xcom_args', 'example_xcom_args_with_operators']) retrieved from /home/airflow/.local/lib/python3.7/site-packages/airflow/example_dags/example_xcomargs.py
[2023-09-01T10:33:37.267+0000] {logging_mixin.py:120} INFO - [2023-09-01T10:33:37.267+0000] {dag.py:2585} INFO - Sync 2 DAGs
[2023-09-01T10:33:37.374+0000] {logging_mixin.py:120} INFO - [2023-09-01T10:33:37.374+0000] {dag.py:3340} INFO - Setting next_dagrun for example_xcom_args to None, run_after=None
[2023-09-01T10:33:37.394+0000] {logging_mixin.py:120} INFO - [2023-09-01T10:33:37.394+0000] {dag.py:3340} INFO - Setting next_dagrun for example_xcom_args_with_operators to None, run_after=None
[2023-09-01T10:33:37.471+0000] {processor.py:176} INFO - Processing /home/airflow/.local/lib/python3.7/site-packages/airflow/example_dags/example_xcomargs.py took 0.621 seconds
[2023-09-01T10:34:17.603+0000] {processor.py:154} INFO - Started process (PID=351) to work on /home/airflow/.local/lib/python3.7/site-packages/airflow/example_dags/example_xcomargs.py
[2023-09-01T10:34:17.610+0000] {processor.py:756} INFO - Processing file /home/airflow/.local/lib/python3.7/site-packages/airflow/example_dags/example_xcomargs.py for tasks to queue
[2023-09-01T10:34:17.612+0000] {logging_mixin.py:120} INFO - [2023-09-01T10:34:17.612+0000] {dagbag.py:537} INFO - Filling up the DagBag from /home/airflow/.local/lib/python3.7/site-packages/airflow/example_dags/example_xcomargs.py
[2023-09-01T10:34:17.715+0000] {processor.py:766} INFO - DAG(s) dict_keys(['example_xcom_args', 'example_xcom_args_with_operators']) retrieved from /home/airflow/.local/lib/python3.7/site-packages/airflow/example_dags/example_xcomargs.py
[2023-09-01T10:34:18.516+0000] {logging_mixin.py:120} INFO - [2023-09-01T10:34:18.515+0000] {dag.py:2585} INFO - Sync 2 DAGs
[2023-09-01T10:34:19.280+0000] {logging_mixin.py:120} INFO - [2023-09-01T10:34:19.279+0000] {dag.py:3340} INFO - Setting next_dagrun for example_xcom_args to None, run_after=None
[2023-09-01T10:34:19.304+0000] {logging_mixin.py:120} INFO - [2023-09-01T10:34:19.304+0000] {dag.py:3340} INFO - Setting next_dagrun for example_xcom_args_with_operators to None, run_after=None
[2023-09-01T10:34:19.406+0000] {processor.py:176} INFO - Processing /home/airflow/.local/lib/python3.7/site-packages/airflow/example_dags/example_xcomargs.py took 1.810 seconds
[2023-09-01T10:34:49.569+0000] {processor.py:154} INFO - Started process (PID=404) to work on /home/airflow/.local/lib/python3.7/site-packages/airflow/example_dags/example_xcomargs.py
[2023-09-01T10:34:49.572+0000] {processor.py:756} INFO - Processing file /home/airflow/.local/lib/python3.7/site-packages/airflow/example_dags/example_xcomargs.py for tasks to queue
[2023-09-01T10:34:49.576+0000] {logging_mixin.py:120} INFO - [2023-09-01T10:34:49.576+0000] {dagbag.py:537} INFO - Filling up the DagBag from /home/airflow/.local/lib/python3.7/site-packages/airflow/example_dags/example_xcomargs.py
[2023-09-01T10:34:49.691+0000] {processor.py:766} INFO - DAG(s) dict_keys(['example_xcom_args', 'example_xcom_args_with_operators']) retrieved from /home/airflow/.local/lib/python3.7/site-packages/airflow/example_dags/example_xcomargs.py
[2023-09-01T10:34:50.040+0000] {logging_mixin.py:120} INFO - [2023-09-01T10:34:50.040+0000] {dag.py:2585} INFO - Sync 2 DAGs
[2023-09-01T10:34:50.154+0000] {logging_mixin.py:120} INFO - [2023-09-01T10:34:50.154+0000] {dag.py:3340} INFO - Setting next_dagrun for example_xcom_args to None, run_after=None
[2023-09-01T10:34:50.175+0000] {logging_mixin.py:120} INFO - [2023-09-01T10:34:50.175+0000] {dag.py:3340} INFO - Setting next_dagrun for example_xcom_args_with_operators to None, run_after=None
[2023-09-01T10:34:50.244+0000] {processor.py:176} INFO - Processing /home/airflow/.local/lib/python3.7/site-packages/airflow/example_dags/example_xcomargs.py took 0.693 seconds
[2023-09-01T10:35:20.731+0000] {processor.py:154} INFO - Started process (PID=464) to work on /home/airflow/.local/lib/python3.7/site-packages/airflow/example_dags/example_xcomargs.py
[2023-09-01T10:35:20.733+0000] {processor.py:756} INFO - Processing file /home/airflow/.local/lib/python3.7/site-packages/airflow/example_dags/example_xcomargs.py for tasks to queue
[2023-09-01T10:35:20.736+0000] {logging_mixin.py:120} INFO - [2023-09-01T10:35:20.736+0000] {dagbag.py:537} INFO - Filling up the DagBag from /home/airflow/.local/lib/python3.7/site-packages/airflow/example_dags/example_xcomargs.py
[2023-09-01T10:35:20.776+0000] {processor.py:766} INFO - DAG(s) dict_keys(['example_xcom_args', 'example_xcom_args_with_operators']) retrieved from /home/airflow/.local/lib/python3.7/site-packages/airflow/example_dags/example_xcomargs.py
[2023-09-01T10:35:20.863+0000] {logging_mixin.py:120} INFO - [2023-09-01T10:35:20.862+0000] {dag.py:2585} INFO - Sync 2 DAGs
[2023-09-01T10:35:20.927+0000] {logging_mixin.py:120} INFO - [2023-09-01T10:35:20.927+0000] {dag.py:3340} INFO - Setting next_dagrun for example_xcom_args to None, run_after=None
[2023-09-01T10:35:20.935+0000] {logging_mixin.py:120} INFO - [2023-09-01T10:35:20.935+0000] {dag.py:3340} INFO - Setting next_dagrun for example_xcom_args_with_operators to None, run_after=None
[2023-09-01T10:35:20.965+0000] {processor.py:176} INFO - Processing /home/airflow/.local/lib/python3.7/site-packages/airflow/example_dags/example_xcomargs.py took 0.241 seconds
[2023-09-01T10:35:53.163+0000] {processor.py:154} INFO - Started process (PID=520) to work on /home/airflow/.local/lib/python3.7/site-packages/airflow/example_dags/example_xcomargs.py
[2023-09-01T10:35:53.174+0000] {processor.py:756} INFO - Processing file /home/airflow/.local/lib/python3.7/site-packages/airflow/example_dags/example_xcomargs.py for tasks to queue
[2023-09-01T10:35:53.184+0000] {logging_mixin.py:120} INFO - [2023-09-01T10:35:53.181+0000] {dagbag.py:537} INFO - Filling up the DagBag from /home/airflow/.local/lib/python3.7/site-packages/airflow/example_dags/example_xcomargs.py
[2023-09-01T10:35:53.333+0000] {processor.py:766} INFO - DAG(s) dict_keys(['example_xcom_args_with_operators', 'example_xcom_args']) retrieved from /home/airflow/.local/lib/python3.7/site-packages/airflow/example_dags/example_xcomargs.py
[2023-09-01T10:35:53.495+0000] {logging_mixin.py:120} INFO - [2023-09-01T10:35:53.495+0000] {dag.py:2585} INFO - Sync 2 DAGs
[2023-09-01T10:35:53.613+0000] {logging_mixin.py:120} INFO - [2023-09-01T10:35:53.613+0000] {dag.py:3340} INFO - Setting next_dagrun for example_xcom_args to None, run_after=None
[2023-09-01T10:35:53.650+0000] {logging_mixin.py:120} INFO - [2023-09-01T10:35:53.649+0000] {dag.py:3340} INFO - Setting next_dagrun for example_xcom_args_with_operators to None, run_after=None
[2023-09-01T10:35:53.720+0000] {processor.py:176} INFO - Processing /home/airflow/.local/lib/python3.7/site-packages/airflow/example_dags/example_xcomargs.py took 0.569 seconds
[2023-09-01T10:36:24.417+0000] {processor.py:154} INFO - Started process (PID=575) to work on /home/airflow/.local/lib/python3.7/site-packages/airflow/example_dags/example_xcomargs.py
[2023-09-01T10:36:24.427+0000] {processor.py:756} INFO - Processing file /home/airflow/.local/lib/python3.7/site-packages/airflow/example_dags/example_xcomargs.py for tasks to queue
[2023-09-01T10:36:24.432+0000] {logging_mixin.py:120} INFO - [2023-09-01T10:36:24.431+0000] {dagbag.py:537} INFO - Filling up the DagBag from /home/airflow/.local/lib/python3.7/site-packages/airflow/example_dags/example_xcomargs.py
[2023-09-01T10:36:24.556+0000] {processor.py:766} INFO - DAG(s) dict_keys(['example_xcom_args_with_operators', 'example_xcom_args']) retrieved from /home/airflow/.local/lib/python3.7/site-packages/airflow/example_dags/example_xcomargs.py
[2023-09-01T10:36:24.784+0000] {logging_mixin.py:120} INFO - [2023-09-01T10:36:24.784+0000] {dag.py:2585} INFO - Sync 2 DAGs
[2023-09-01T10:36:24.870+0000] {logging_mixin.py:120} INFO - [2023-09-01T10:36:24.870+0000] {dag.py:3340} INFO - Setting next_dagrun for example_xcom_args to None, run_after=None
[2023-09-01T10:36:24.886+0000] {logging_mixin.py:120} INFO - [2023-09-01T10:36:24.885+0000] {dag.py:3340} INFO - Setting next_dagrun for example_xcom_args_with_operators to None, run_after=None
[2023-09-01T10:36:24.951+0000] {processor.py:176} INFO - Processing /home/airflow/.local/lib/python3.7/site-packages/airflow/example_dags/example_xcomargs.py took 0.547 seconds
[2023-09-01T10:36:56.086+0000] {processor.py:154} INFO - Started process (PID=630) to work on /home/airflow/.local/lib/python3.7/site-packages/airflow/example_dags/example_xcomargs.py
[2023-09-01T10:36:56.097+0000] {processor.py:756} INFO - Processing file /home/airflow/.local/lib/python3.7/site-packages/airflow/example_dags/example_xcomargs.py for tasks to queue
[2023-09-01T10:36:56.101+0000] {logging_mixin.py:120} INFO - [2023-09-01T10:36:56.101+0000] {dagbag.py:537} INFO - Filling up the DagBag from /home/airflow/.local/lib/python3.7/site-packages/airflow/example_dags/example_xcomargs.py
[2023-09-01T10:36:56.259+0000] {processor.py:766} INFO - DAG(s) dict_keys(['example_xcom_args', 'example_xcom_args_with_operators']) retrieved from /home/airflow/.local/lib/python3.7/site-packages/airflow/example_dags/example_xcomargs.py
[2023-09-01T10:36:56.570+0000] {logging_mixin.py:120} INFO - [2023-09-01T10:36:56.569+0000] {dag.py:2585} INFO - Sync 2 DAGs
[2023-09-01T10:36:56.774+0000] {logging_mixin.py:120} INFO - [2023-09-01T10:36:56.774+0000] {dag.py:3340} INFO - Setting next_dagrun for example_xcom_args to None, run_after=None
[2023-09-01T10:36:56.798+0000] {logging_mixin.py:120} INFO - [2023-09-01T10:36:56.797+0000] {dag.py:3340} INFO - Setting next_dagrun for example_xcom_args_with_operators to None, run_after=None
[2023-09-01T10:36:56.856+0000] {processor.py:176} INFO - Processing /home/airflow/.local/lib/python3.7/site-packages/airflow/example_dags/example_xcomargs.py took 0.793 seconds
[2023-09-01T10:37:28.470+0000] {processor.py:154} INFO - Started process (PID=686) to work on /home/airflow/.local/lib/python3.7/site-packages/airflow/example_dags/example_xcomargs.py
[2023-09-01T10:37:28.481+0000] {processor.py:756} INFO - Processing file /home/airflow/.local/lib/python3.7/site-packages/airflow/example_dags/example_xcomargs.py for tasks to queue
[2023-09-01T10:37:28.486+0000] {logging_mixin.py:120} INFO - [2023-09-01T10:37:28.485+0000] {dagbag.py:537} INFO - Filling up the DagBag from /home/airflow/.local/lib/python3.7/site-packages/airflow/example_dags/example_xcomargs.py
[2023-09-01T10:37:28.953+0000] {processor.py:766} INFO - DAG(s) dict_keys(['example_xcom_args', 'example_xcom_args_with_operators']) retrieved from /home/airflow/.local/lib/python3.7/site-packages/airflow/example_dags/example_xcomargs.py
[2023-09-01T10:37:29.489+0000] {logging_mixin.py:120} INFO - [2023-09-01T10:37:29.489+0000] {dag.py:2585} INFO - Sync 2 DAGs
[2023-09-01T10:37:29.686+0000] {logging_mixin.py:120} INFO - [2023-09-01T10:37:29.686+0000] {dag.py:3340} INFO - Setting next_dagrun for example_xcom_args to None, run_after=None
[2023-09-01T10:37:29.723+0000] {logging_mixin.py:120} INFO - [2023-09-01T10:37:29.723+0000] {dag.py:3340} INFO - Setting next_dagrun for example_xcom_args_with_operators to None, run_after=None
[2023-09-01T10:37:29.866+0000] {processor.py:176} INFO - Processing /home/airflow/.local/lib/python3.7/site-packages/airflow/example_dags/example_xcomargs.py took 1.423 seconds
[2023-09-01T10:38:08.256+0000] {processor.py:154} INFO - Started process (PID=748) to work on /home/airflow/.local/lib/python3.7/site-packages/airflow/example_dags/example_xcomargs.py
[2023-09-01T10:38:08.279+0000] {processor.py:756} INFO - Processing file /home/airflow/.local/lib/python3.7/site-packages/airflow/example_dags/example_xcomargs.py for tasks to queue
[2023-09-01T10:38:08.307+0000] {logging_mixin.py:120} INFO - [2023-09-01T10:38:08.307+0000] {dagbag.py:537} INFO - Filling up the DagBag from /home/airflow/.local/lib/python3.7/site-packages/airflow/example_dags/example_xcomargs.py
[2023-09-01T10:38:08.656+0000] {processor.py:766} INFO - DAG(s) dict_keys(['example_xcom_args_with_operators', 'example_xcom_args']) retrieved from /home/airflow/.local/lib/python3.7/site-packages/airflow/example_dags/example_xcomargs.py
[2023-09-01T10:38:08.960+0000] {logging_mixin.py:120} INFO - [2023-09-01T10:38:08.960+0000] {dag.py:2585} INFO - Sync 2 DAGs
[2023-09-01T10:38:09.104+0000] {logging_mixin.py:120} INFO - [2023-09-01T10:38:09.103+0000] {dag.py:3340} INFO - Setting next_dagrun for example_xcom_args to None, run_after=None
[2023-09-01T10:38:09.115+0000] {logging_mixin.py:120} INFO - [2023-09-01T10:38:09.115+0000] {dag.py:3340} INFO - Setting next_dagrun for example_xcom_args_with_operators to None, run_after=None
[2023-09-01T10:38:09.211+0000] {processor.py:176} INFO - Processing /home/airflow/.local/lib/python3.7/site-packages/airflow/example_dags/example_xcomargs.py took 1.031 seconds
