[2023-09-01T10:30:37.220+0000] {processor.py:154} INFO - Started process (PID=102) to work on /home/airflow/.local/lib/python3.7/site-packages/airflow/example_dags/example_complex.py
[2023-09-01T10:30:37.242+0000] {processor.py:756} INFO - Processing file /home/airflow/.local/lib/python3.7/site-packages/airflow/example_dags/example_complex.py for tasks to queue
[2023-09-01T10:30:37.268+0000] {logging_mixin.py:120} INFO - [2023-09-01T10:30:37.267+0000] {dagbag.py:537} INFO - Filling up the DagBag from /home/airflow/.local/lib/python3.7/site-packages/airflow/example_dags/example_complex.py
[2023-09-01T10:30:37.449+0000] {logging_mixin.py:120} INFO - [2023-09-01T10:30:37.449+0000] {taskmixin.py:205} WARNING - Dependency <Task(BashOperator): create_entry_group>, delete_entry_group already registered for DAG: example_complex
[2023-09-01T10:30:37.456+0000] {logging_mixin.py:120} INFO - [2023-09-01T10:30:37.456+0000] {taskmixin.py:205} WARNING - Dependency <Task(BashOperator): delete_entry_group>, create_entry_group already registered for DAG: example_complex
[2023-09-01T10:30:37.458+0000] {logging_mixin.py:120} INFO - [2023-09-01T10:30:37.458+0000] {taskmixin.py:205} WARNING - Dependency <Task(BashOperator): create_entry_gcs>, delete_entry already registered for DAG: example_complex
[2023-09-01T10:30:37.466+0000] {logging_mixin.py:120} INFO - [2023-09-01T10:30:37.464+0000] {taskmixin.py:205} WARNING - Dependency <Task(BashOperator): delete_entry>, create_entry_gcs already registered for DAG: example_complex
[2023-09-01T10:30:37.468+0000] {logging_mixin.py:120} INFO - [2023-09-01T10:30:37.468+0000] {taskmixin.py:205} WARNING - Dependency <Task(BashOperator): create_tag>, delete_tag already registered for DAG: example_complex
[2023-09-01T10:30:37.482+0000] {logging_mixin.py:120} INFO - [2023-09-01T10:30:37.470+0000] {taskmixin.py:205} WARNING - Dependency <Task(BashOperator): delete_tag>, create_tag already registered for DAG: example_complex
[2023-09-01T10:30:37.584+0000] {processor.py:766} INFO - DAG(s) dict_keys(['example_complex']) retrieved from /home/airflow/.local/lib/python3.7/site-packages/airflow/example_dags/example_complex.py
[2023-09-01T10:30:39.536+0000] {logging_mixin.py:120} INFO - [2023-09-01T10:30:39.536+0000] {manager.py:507} INFO - Created Permission View: can delete on DAG:example_complex
[2023-09-01T10:30:39.662+0000] {logging_mixin.py:120} INFO - [2023-09-01T10:30:39.662+0000] {manager.py:507} INFO - Created Permission View: can read on DAG:example_complex
[2023-09-01T10:30:40.447+0000] {logging_mixin.py:120} INFO - [2023-09-01T10:30:40.447+0000] {manager.py:507} INFO - Created Permission View: can edit on DAG:example_complex
[2023-09-01T10:30:40.523+0000] {logging_mixin.py:120} INFO - [2023-09-01T10:30:40.522+0000] {dag.py:2585} INFO - Sync 1 DAGs
[2023-09-01T10:30:41.176+0000] {logging_mixin.py:120} INFO - [2023-09-01T10:30:41.175+0000] {dag.py:2606} INFO - Creating ORM DAG for example_complex
[2023-09-01T10:30:41.386+0000] {logging_mixin.py:120} INFO - [2023-09-01T10:30:41.386+0000] {dag.py:3340} INFO - Setting next_dagrun for example_complex to None, run_after=None
[2023-09-01T10:30:41.619+0000] {processor.py:176} INFO - Processing /home/airflow/.local/lib/python3.7/site-packages/airflow/example_dags/example_complex.py took 4.488 seconds
[2023-09-01T10:32:27.420+0000] {processor.py:154} INFO - Started process (PID=191) to work on /home/airflow/.local/lib/python3.7/site-packages/airflow/example_dags/example_complex.py
[2023-09-01T10:32:27.431+0000] {processor.py:756} INFO - Processing file /home/airflow/.local/lib/python3.7/site-packages/airflow/example_dags/example_complex.py for tasks to queue
[2023-09-01T10:32:27.444+0000] {logging_mixin.py:120} INFO - [2023-09-01T10:32:27.442+0000] {dagbag.py:537} INFO - Filling up the DagBag from /home/airflow/.local/lib/python3.7/site-packages/airflow/example_dags/example_complex.py
[2023-09-01T10:32:27.942+0000] {logging_mixin.py:120} INFO - [2023-09-01T10:32:27.941+0000] {taskmixin.py:205} WARNING - Dependency <Task(BashOperator): create_entry_group>, delete_entry_group already registered for DAG: example_complex
[2023-09-01T10:32:28.004+0000] {logging_mixin.py:120} INFO - [2023-09-01T10:32:28.003+0000] {taskmixin.py:205} WARNING - Dependency <Task(BashOperator): delete_entry_group>, create_entry_group already registered for DAG: example_complex
[2023-09-01T10:32:28.016+0000] {logging_mixin.py:120} INFO - [2023-09-01T10:32:28.015+0000] {taskmixin.py:205} WARNING - Dependency <Task(BashOperator): create_entry_gcs>, delete_entry already registered for DAG: example_complex
[2023-09-01T10:32:28.022+0000] {logging_mixin.py:120} INFO - [2023-09-01T10:32:28.022+0000] {taskmixin.py:205} WARNING - Dependency <Task(BashOperator): delete_entry>, create_entry_gcs already registered for DAG: example_complex
[2023-09-01T10:32:28.107+0000] {logging_mixin.py:120} INFO - [2023-09-01T10:32:28.107+0000] {taskmixin.py:205} WARNING - Dependency <Task(BashOperator): create_tag>, delete_tag already registered for DAG: example_complex
[2023-09-01T10:32:28.116+0000] {logging_mixin.py:120} INFO - [2023-09-01T10:32:28.115+0000] {taskmixin.py:205} WARNING - Dependency <Task(BashOperator): delete_tag>, create_tag already registered for DAG: example_complex
[2023-09-01T10:32:28.993+0000] {processor.py:766} INFO - DAG(s) dict_keys(['example_complex']) retrieved from /home/airflow/.local/lib/python3.7/site-packages/airflow/example_dags/example_complex.py
[2023-09-01T10:32:37.181+0000] {logging_mixin.py:120} INFO - [2023-09-01T10:32:37.165+0000] {dag.py:2585} INFO - Sync 1 DAGs
[2023-09-01T10:32:38.574+0000] {logging_mixin.py:120} INFO - [2023-09-01T10:32:38.574+0000] {dag.py:3340} INFO - Setting next_dagrun for example_complex to None, run_after=None
[2023-09-01T10:32:41.091+0000] {processor.py:176} INFO - Processing /home/airflow/.local/lib/python3.7/site-packages/airflow/example_dags/example_complex.py took 13.937 seconds
[2023-09-01T10:33:12.608+0000] {processor.py:154} INFO - Started process (PID=245) to work on /home/airflow/.local/lib/python3.7/site-packages/airflow/example_dags/example_complex.py
[2023-09-01T10:33:12.611+0000] {processor.py:756} INFO - Processing file /home/airflow/.local/lib/python3.7/site-packages/airflow/example_dags/example_complex.py for tasks to queue
[2023-09-01T10:33:12.614+0000] {logging_mixin.py:120} INFO - [2023-09-01T10:33:12.614+0000] {dagbag.py:537} INFO - Filling up the DagBag from /home/airflow/.local/lib/python3.7/site-packages/airflow/example_dags/example_complex.py
[2023-09-01T10:33:12.632+0000] {logging_mixin.py:120} INFO - [2023-09-01T10:33:12.631+0000] {taskmixin.py:205} WARNING - Dependency <Task(BashOperator): create_entry_group>, delete_entry_group already registered for DAG: example_complex
[2023-09-01T10:33:12.633+0000] {logging_mixin.py:120} INFO - [2023-09-01T10:33:12.633+0000] {taskmixin.py:205} WARNING - Dependency <Task(BashOperator): delete_entry_group>, create_entry_group already registered for DAG: example_complex
[2023-09-01T10:33:12.634+0000] {logging_mixin.py:120} INFO - [2023-09-01T10:33:12.634+0000] {taskmixin.py:205} WARNING - Dependency <Task(BashOperator): create_entry_gcs>, delete_entry already registered for DAG: example_complex
[2023-09-01T10:33:12.636+0000] {logging_mixin.py:120} INFO - [2023-09-01T10:33:12.635+0000] {taskmixin.py:205} WARNING - Dependency <Task(BashOperator): delete_entry>, create_entry_gcs already registered for DAG: example_complex
[2023-09-01T10:33:12.638+0000] {logging_mixin.py:120} INFO - [2023-09-01T10:33:12.637+0000] {taskmixin.py:205} WARNING - Dependency <Task(BashOperator): create_tag>, delete_tag already registered for DAG: example_complex
[2023-09-01T10:33:12.639+0000] {logging_mixin.py:120} INFO - [2023-09-01T10:33:12.639+0000] {taskmixin.py:205} WARNING - Dependency <Task(BashOperator): delete_tag>, create_tag already registered for DAG: example_complex
[2023-09-01T10:33:12.650+0000] {processor.py:766} INFO - DAG(s) dict_keys(['example_complex']) retrieved from /home/airflow/.local/lib/python3.7/site-packages/airflow/example_dags/example_complex.py
[2023-09-01T10:33:12.722+0000] {logging_mixin.py:120} INFO - [2023-09-01T10:33:12.721+0000] {dag.py:2585} INFO - Sync 1 DAGs
[2023-09-01T10:33:12.760+0000] {logging_mixin.py:120} INFO - [2023-09-01T10:33:12.760+0000] {dag.py:3340} INFO - Setting next_dagrun for example_complex to None, run_after=None
[2023-09-01T10:33:12.803+0000] {processor.py:176} INFO - Processing /home/airflow/.local/lib/python3.7/site-packages/airflow/example_dags/example_complex.py took 0.199 seconds
[2023-09-01T10:33:42.968+0000] {processor.py:154} INFO - Started process (PID=308) to work on /home/airflow/.local/lib/python3.7/site-packages/airflow/example_dags/example_complex.py
[2023-09-01T10:33:42.972+0000] {processor.py:756} INFO - Processing file /home/airflow/.local/lib/python3.7/site-packages/airflow/example_dags/example_complex.py for tasks to queue
[2023-09-01T10:33:42.975+0000] {logging_mixin.py:120} INFO - [2023-09-01T10:33:42.975+0000] {dagbag.py:537} INFO - Filling up the DagBag from /home/airflow/.local/lib/python3.7/site-packages/airflow/example_dags/example_complex.py
[2023-09-01T10:33:43.004+0000] {logging_mixin.py:120} INFO - [2023-09-01T10:33:43.003+0000] {taskmixin.py:205} WARNING - Dependency <Task(BashOperator): create_entry_group>, delete_entry_group already registered for DAG: example_complex
[2023-09-01T10:33:43.006+0000] {logging_mixin.py:120} INFO - [2023-09-01T10:33:43.005+0000] {taskmixin.py:205} WARNING - Dependency <Task(BashOperator): delete_entry_group>, create_entry_group already registered for DAG: example_complex
[2023-09-01T10:33:43.007+0000] {logging_mixin.py:120} INFO - [2023-09-01T10:33:43.007+0000] {taskmixin.py:205} WARNING - Dependency <Task(BashOperator): create_entry_gcs>, delete_entry already registered for DAG: example_complex
[2023-09-01T10:33:43.009+0000] {logging_mixin.py:120} INFO - [2023-09-01T10:33:43.009+0000] {taskmixin.py:205} WARNING - Dependency <Task(BashOperator): delete_entry>, create_entry_gcs already registered for DAG: example_complex
[2023-09-01T10:33:43.012+0000] {logging_mixin.py:120} INFO - [2023-09-01T10:33:43.011+0000] {taskmixin.py:205} WARNING - Dependency <Task(BashOperator): create_tag>, delete_tag already registered for DAG: example_complex
[2023-09-01T10:33:43.015+0000] {logging_mixin.py:120} INFO - [2023-09-01T10:33:43.014+0000] {taskmixin.py:205} WARNING - Dependency <Task(BashOperator): delete_tag>, create_tag already registered for DAG: example_complex
[2023-09-01T10:33:43.035+0000] {processor.py:766} INFO - DAG(s) dict_keys(['example_complex']) retrieved from /home/airflow/.local/lib/python3.7/site-packages/airflow/example_dags/example_complex.py
[2023-09-01T10:33:43.132+0000] {logging_mixin.py:120} INFO - [2023-09-01T10:33:43.132+0000] {dag.py:2585} INFO - Sync 1 DAGs
[2023-09-01T10:33:43.178+0000] {logging_mixin.py:120} INFO - [2023-09-01T10:33:43.177+0000] {dag.py:3340} INFO - Setting next_dagrun for example_complex to None, run_after=None
[2023-09-01T10:33:43.225+0000] {processor.py:176} INFO - Processing /home/airflow/.local/lib/python3.7/site-packages/airflow/example_dags/example_complex.py took 0.267 seconds
[2023-09-01T10:34:29.276+0000] {processor.py:154} INFO - Started process (PID=370) to work on /home/airflow/.local/lib/python3.7/site-packages/airflow/example_dags/example_complex.py
[2023-09-01T10:34:29.280+0000] {processor.py:756} INFO - Processing file /home/airflow/.local/lib/python3.7/site-packages/airflow/example_dags/example_complex.py for tasks to queue
[2023-09-01T10:34:29.283+0000] {logging_mixin.py:120} INFO - [2023-09-01T10:34:29.282+0000] {dagbag.py:537} INFO - Filling up the DagBag from /home/airflow/.local/lib/python3.7/site-packages/airflow/example_dags/example_complex.py
[2023-09-01T10:34:29.318+0000] {logging_mixin.py:120} INFO - [2023-09-01T10:34:29.317+0000] {taskmixin.py:205} WARNING - Dependency <Task(BashOperator): create_entry_group>, delete_entry_group already registered for DAG: example_complex
[2023-09-01T10:34:29.319+0000] {logging_mixin.py:120} INFO - [2023-09-01T10:34:29.319+0000] {taskmixin.py:205} WARNING - Dependency <Task(BashOperator): delete_entry_group>, create_entry_group already registered for DAG: example_complex
[2023-09-01T10:34:29.322+0000] {logging_mixin.py:120} INFO - [2023-09-01T10:34:29.322+0000] {taskmixin.py:205} WARNING - Dependency <Task(BashOperator): create_entry_gcs>, delete_entry already registered for DAG: example_complex
[2023-09-01T10:34:29.323+0000] {logging_mixin.py:120} INFO - [2023-09-01T10:34:29.323+0000] {taskmixin.py:205} WARNING - Dependency <Task(BashOperator): delete_entry>, create_entry_gcs already registered for DAG: example_complex
[2023-09-01T10:34:29.325+0000] {logging_mixin.py:120} INFO - [2023-09-01T10:34:29.325+0000] {taskmixin.py:205} WARNING - Dependency <Task(BashOperator): create_tag>, delete_tag already registered for DAG: example_complex
[2023-09-01T10:34:29.326+0000] {logging_mixin.py:120} INFO - [2023-09-01T10:34:29.326+0000] {taskmixin.py:205} WARNING - Dependency <Task(BashOperator): delete_tag>, create_tag already registered for DAG: example_complex
[2023-09-01T10:34:29.343+0000] {processor.py:766} INFO - DAG(s) dict_keys(['example_complex']) retrieved from /home/airflow/.local/lib/python3.7/site-packages/airflow/example_dags/example_complex.py
[2023-09-01T10:34:29.510+0000] {logging_mixin.py:120} INFO - [2023-09-01T10:34:29.510+0000] {dag.py:2585} INFO - Sync 1 DAGs
[2023-09-01T10:34:29.613+0000] {logging_mixin.py:120} INFO - [2023-09-01T10:34:29.613+0000] {dag.py:3340} INFO - Setting next_dagrun for example_complex to None, run_after=None
[2023-09-01T10:34:29.692+0000] {processor.py:176} INFO - Processing /home/airflow/.local/lib/python3.7/site-packages/airflow/example_dags/example_complex.py took 0.422 seconds
[2023-09-01T10:35:00.080+0000] {processor.py:154} INFO - Started process (PID=424) to work on /home/airflow/.local/lib/python3.7/site-packages/airflow/example_dags/example_complex.py
[2023-09-01T10:35:00.083+0000] {processor.py:756} INFO - Processing file /home/airflow/.local/lib/python3.7/site-packages/airflow/example_dags/example_complex.py for tasks to queue
[2023-09-01T10:35:00.085+0000] {logging_mixin.py:120} INFO - [2023-09-01T10:35:00.085+0000] {dagbag.py:537} INFO - Filling up the DagBag from /home/airflow/.local/lib/python3.7/site-packages/airflow/example_dags/example_complex.py
[2023-09-01T10:35:00.112+0000] {logging_mixin.py:120} INFO - [2023-09-01T10:35:00.112+0000] {taskmixin.py:205} WARNING - Dependency <Task(BashOperator): create_entry_group>, delete_entry_group already registered for DAG: example_complex
[2023-09-01T10:35:00.114+0000] {logging_mixin.py:120} INFO - [2023-09-01T10:35:00.114+0000] {taskmixin.py:205} WARNING - Dependency <Task(BashOperator): delete_entry_group>, create_entry_group already registered for DAG: example_complex
[2023-09-01T10:35:00.116+0000] {logging_mixin.py:120} INFO - [2023-09-01T10:35:00.115+0000] {taskmixin.py:205} WARNING - Dependency <Task(BashOperator): create_entry_gcs>, delete_entry already registered for DAG: example_complex
[2023-09-01T10:35:00.118+0000] {logging_mixin.py:120} INFO - [2023-09-01T10:35:00.117+0000] {taskmixin.py:205} WARNING - Dependency <Task(BashOperator): delete_entry>, create_entry_gcs already registered for DAG: example_complex
[2023-09-01T10:35:00.121+0000] {logging_mixin.py:120} INFO - [2023-09-01T10:35:00.121+0000] {taskmixin.py:205} WARNING - Dependency <Task(BashOperator): create_tag>, delete_tag already registered for DAG: example_complex
[2023-09-01T10:35:00.123+0000] {logging_mixin.py:120} INFO - [2023-09-01T10:35:00.122+0000] {taskmixin.py:205} WARNING - Dependency <Task(BashOperator): delete_tag>, create_tag already registered for DAG: example_complex
[2023-09-01T10:35:00.139+0000] {processor.py:766} INFO - DAG(s) dict_keys(['example_complex']) retrieved from /home/airflow/.local/lib/python3.7/site-packages/airflow/example_dags/example_complex.py
[2023-09-01T10:35:00.225+0000] {logging_mixin.py:120} INFO - [2023-09-01T10:35:00.225+0000] {dag.py:2585} INFO - Sync 1 DAGs
[2023-09-01T10:35:00.270+0000] {logging_mixin.py:120} INFO - [2023-09-01T10:35:00.269+0000] {dag.py:3340} INFO - Setting next_dagrun for example_complex to None, run_after=None
[2023-09-01T10:35:00.311+0000] {processor.py:176} INFO - Processing /home/airflow/.local/lib/python3.7/site-packages/airflow/example_dags/example_complex.py took 0.240 seconds
[2023-09-01T10:35:30.822+0000] {processor.py:154} INFO - Started process (PID=479) to work on /home/airflow/.local/lib/python3.7/site-packages/airflow/example_dags/example_complex.py
[2023-09-01T10:35:30.828+0000] {processor.py:756} INFO - Processing file /home/airflow/.local/lib/python3.7/site-packages/airflow/example_dags/example_complex.py for tasks to queue
[2023-09-01T10:35:30.844+0000] {logging_mixin.py:120} INFO - [2023-09-01T10:35:30.841+0000] {dagbag.py:537} INFO - Filling up the DagBag from /home/airflow/.local/lib/python3.7/site-packages/airflow/example_dags/example_complex.py
[2023-09-01T10:35:30.971+0000] {logging_mixin.py:120} INFO - [2023-09-01T10:35:30.970+0000] {taskmixin.py:205} WARNING - Dependency <Task(BashOperator): create_entry_group>, delete_entry_group already registered for DAG: example_complex
[2023-09-01T10:35:30.974+0000] {logging_mixin.py:120} INFO - [2023-09-01T10:35:30.973+0000] {taskmixin.py:205} WARNING - Dependency <Task(BashOperator): delete_entry_group>, create_entry_group already registered for DAG: example_complex
[2023-09-01T10:35:30.976+0000] {logging_mixin.py:120} INFO - [2023-09-01T10:35:30.976+0000] {taskmixin.py:205} WARNING - Dependency <Task(BashOperator): create_entry_gcs>, delete_entry already registered for DAG: example_complex
[2023-09-01T10:35:30.981+0000] {logging_mixin.py:120} INFO - [2023-09-01T10:35:30.981+0000] {taskmixin.py:205} WARNING - Dependency <Task(BashOperator): delete_entry>, create_entry_gcs already registered for DAG: example_complex
[2023-09-01T10:35:30.983+0000] {logging_mixin.py:120} INFO - [2023-09-01T10:35:30.983+0000] {taskmixin.py:205} WARNING - Dependency <Task(BashOperator): create_tag>, delete_tag already registered for DAG: example_complex
[2023-09-01T10:35:30.986+0000] {logging_mixin.py:120} INFO - [2023-09-01T10:35:30.986+0000] {taskmixin.py:205} WARNING - Dependency <Task(BashOperator): delete_tag>, create_tag already registered for DAG: example_complex
[2023-09-01T10:35:31.038+0000] {processor.py:766} INFO - DAG(s) dict_keys(['example_complex']) retrieved from /home/airflow/.local/lib/python3.7/site-packages/airflow/example_dags/example_complex.py
[2023-09-01T10:35:31.224+0000] {logging_mixin.py:120} INFO - [2023-09-01T10:35:31.224+0000] {dag.py:2585} INFO - Sync 1 DAGs
[2023-09-01T10:35:31.307+0000] {logging_mixin.py:120} INFO - [2023-09-01T10:35:31.307+0000] {dag.py:3340} INFO - Setting next_dagrun for example_complex to None, run_after=None
[2023-09-01T10:35:31.392+0000] {processor.py:176} INFO - Processing /home/airflow/.local/lib/python3.7/site-packages/airflow/example_dags/example_complex.py took 0.610 seconds
[2023-09-01T10:36:03.216+0000] {processor.py:154} INFO - Started process (PID=534) to work on /home/airflow/.local/lib/python3.7/site-packages/airflow/example_dags/example_complex.py
[2023-09-01T10:36:03.226+0000] {processor.py:756} INFO - Processing file /home/airflow/.local/lib/python3.7/site-packages/airflow/example_dags/example_complex.py for tasks to queue
[2023-09-01T10:36:03.235+0000] {logging_mixin.py:120} INFO - [2023-09-01T10:36:03.233+0000] {dagbag.py:537} INFO - Filling up the DagBag from /home/airflow/.local/lib/python3.7/site-packages/airflow/example_dags/example_complex.py
[2023-09-01T10:36:03.309+0000] {logging_mixin.py:120} INFO - [2023-09-01T10:36:03.309+0000] {taskmixin.py:205} WARNING - Dependency <Task(BashOperator): create_entry_group>, delete_entry_group already registered for DAG: example_complex
[2023-09-01T10:36:03.312+0000] {logging_mixin.py:120} INFO - [2023-09-01T10:36:03.311+0000] {taskmixin.py:205} WARNING - Dependency <Task(BashOperator): delete_entry_group>, create_entry_group already registered for DAG: example_complex
[2023-09-01T10:36:03.327+0000] {logging_mixin.py:120} INFO - [2023-09-01T10:36:03.317+0000] {taskmixin.py:205} WARNING - Dependency <Task(BashOperator): create_entry_gcs>, delete_entry already registered for DAG: example_complex
[2023-09-01T10:36:03.339+0000] {logging_mixin.py:120} INFO - [2023-09-01T10:36:03.339+0000] {taskmixin.py:205} WARNING - Dependency <Task(BashOperator): delete_entry>, create_entry_gcs already registered for DAG: example_complex
[2023-09-01T10:36:03.354+0000] {logging_mixin.py:120} INFO - [2023-09-01T10:36:03.354+0000] {taskmixin.py:205} WARNING - Dependency <Task(BashOperator): create_tag>, delete_tag already registered for DAG: example_complex
[2023-09-01T10:36:03.359+0000] {logging_mixin.py:120} INFO - [2023-09-01T10:36:03.359+0000] {taskmixin.py:205} WARNING - Dependency <Task(BashOperator): delete_tag>, create_tag already registered for DAG: example_complex
[2023-09-01T10:36:03.399+0000] {processor.py:766} INFO - DAG(s) dict_keys(['example_complex']) retrieved from /home/airflow/.local/lib/python3.7/site-packages/airflow/example_dags/example_complex.py
[2023-09-01T10:36:03.648+0000] {logging_mixin.py:120} INFO - [2023-09-01T10:36:03.647+0000] {dag.py:2585} INFO - Sync 1 DAGs
[2023-09-01T10:36:04.102+0000] {logging_mixin.py:120} INFO - [2023-09-01T10:36:04.102+0000] {dag.py:3340} INFO - Setting next_dagrun for example_complex to None, run_after=None
[2023-09-01T10:36:04.225+0000] {processor.py:176} INFO - Processing /home/airflow/.local/lib/python3.7/site-packages/airflow/example_dags/example_complex.py took 1.050 seconds
[2023-09-01T10:36:34.455+0000] {processor.py:154} INFO - Started process (PID=589) to work on /home/airflow/.local/lib/python3.7/site-packages/airflow/example_dags/example_complex.py
[2023-09-01T10:36:34.458+0000] {processor.py:756} INFO - Processing file /home/airflow/.local/lib/python3.7/site-packages/airflow/example_dags/example_complex.py for tasks to queue
[2023-09-01T10:36:34.460+0000] {logging_mixin.py:120} INFO - [2023-09-01T10:36:34.460+0000] {dagbag.py:537} INFO - Filling up the DagBag from /home/airflow/.local/lib/python3.7/site-packages/airflow/example_dags/example_complex.py
[2023-09-01T10:36:34.479+0000] {logging_mixin.py:120} INFO - [2023-09-01T10:36:34.479+0000] {taskmixin.py:205} WARNING - Dependency <Task(BashOperator): create_entry_group>, delete_entry_group already registered for DAG: example_complex
[2023-09-01T10:36:34.480+0000] {logging_mixin.py:120} INFO - [2023-09-01T10:36:34.480+0000] {taskmixin.py:205} WARNING - Dependency <Task(BashOperator): delete_entry_group>, create_entry_group already registered for DAG: example_complex
[2023-09-01T10:36:34.482+0000] {logging_mixin.py:120} INFO - [2023-09-01T10:36:34.481+0000] {taskmixin.py:205} WARNING - Dependency <Task(BashOperator): create_entry_gcs>, delete_entry already registered for DAG: example_complex
[2023-09-01T10:36:34.483+0000] {logging_mixin.py:120} INFO - [2023-09-01T10:36:34.482+0000] {taskmixin.py:205} WARNING - Dependency <Task(BashOperator): delete_entry>, create_entry_gcs already registered for DAG: example_complex
[2023-09-01T10:36:34.484+0000] {logging_mixin.py:120} INFO - [2023-09-01T10:36:34.484+0000] {taskmixin.py:205} WARNING - Dependency <Task(BashOperator): create_tag>, delete_tag already registered for DAG: example_complex
[2023-09-01T10:36:34.485+0000] {logging_mixin.py:120} INFO - [2023-09-01T10:36:34.485+0000] {taskmixin.py:205} WARNING - Dependency <Task(BashOperator): delete_tag>, create_tag already registered for DAG: example_complex
[2023-09-01T10:36:34.499+0000] {processor.py:766} INFO - DAG(s) dict_keys(['example_complex']) retrieved from /home/airflow/.local/lib/python3.7/site-packages/airflow/example_dags/example_complex.py
[2023-09-01T10:36:34.575+0000] {logging_mixin.py:120} INFO - [2023-09-01T10:36:34.575+0000] {dag.py:2585} INFO - Sync 1 DAGs
[2023-09-01T10:36:34.620+0000] {logging_mixin.py:120} INFO - [2023-09-01T10:36:34.619+0000] {dag.py:3340} INFO - Setting next_dagrun for example_complex to None, run_after=None
[2023-09-01T10:36:34.661+0000] {processor.py:176} INFO - Processing /home/airflow/.local/lib/python3.7/site-packages/airflow/example_dags/example_complex.py took 0.211 seconds
[2023-09-01T10:37:05.697+0000] {processor.py:154} INFO - Started process (PID=654) to work on /home/airflow/.local/lib/python3.7/site-packages/airflow/example_dags/example_complex.py
[2023-09-01T10:37:05.702+0000] {processor.py:756} INFO - Processing file /home/airflow/.local/lib/python3.7/site-packages/airflow/example_dags/example_complex.py for tasks to queue
[2023-09-01T10:37:05.707+0000] {logging_mixin.py:120} INFO - [2023-09-01T10:37:05.706+0000] {dagbag.py:537} INFO - Filling up the DagBag from /home/airflow/.local/lib/python3.7/site-packages/airflow/example_dags/example_complex.py
[2023-09-01T10:37:05.751+0000] {logging_mixin.py:120} INFO - [2023-09-01T10:37:05.751+0000] {taskmixin.py:205} WARNING - Dependency <Task(BashOperator): create_entry_group>, delete_entry_group already registered for DAG: example_complex
[2023-09-01T10:37:05.754+0000] {logging_mixin.py:120} INFO - [2023-09-01T10:37:05.753+0000] {taskmixin.py:205} WARNING - Dependency <Task(BashOperator): delete_entry_group>, create_entry_group already registered for DAG: example_complex
[2023-09-01T10:37:05.757+0000] {logging_mixin.py:120} INFO - [2023-09-01T10:37:05.756+0000] {taskmixin.py:205} WARNING - Dependency <Task(BashOperator): create_entry_gcs>, delete_entry already registered for DAG: example_complex
[2023-09-01T10:37:05.760+0000] {logging_mixin.py:120} INFO - [2023-09-01T10:37:05.759+0000] {taskmixin.py:205} WARNING - Dependency <Task(BashOperator): delete_entry>, create_entry_gcs already registered for DAG: example_complex
[2023-09-01T10:37:05.763+0000] {logging_mixin.py:120} INFO - [2023-09-01T10:37:05.762+0000] {taskmixin.py:205} WARNING - Dependency <Task(BashOperator): create_tag>, delete_tag already registered for DAG: example_complex
[2023-09-01T10:37:05.765+0000] {logging_mixin.py:120} INFO - [2023-09-01T10:37:05.764+0000] {taskmixin.py:205} WARNING - Dependency <Task(BashOperator): delete_tag>, create_tag already registered for DAG: example_complex
[2023-09-01T10:37:05.791+0000] {processor.py:766} INFO - DAG(s) dict_keys(['example_complex']) retrieved from /home/airflow/.local/lib/python3.7/site-packages/airflow/example_dags/example_complex.py
[2023-09-01T10:37:05.925+0000] {logging_mixin.py:120} INFO - [2023-09-01T10:37:05.925+0000] {dag.py:2585} INFO - Sync 1 DAGs
[2023-09-01T10:37:06.112+0000] {logging_mixin.py:120} INFO - [2023-09-01T10:37:06.110+0000] {dag.py:3340} INFO - Setting next_dagrun for example_complex to None, run_after=None
[2023-09-01T10:37:06.284+0000] {processor.py:176} INFO - Processing /home/airflow/.local/lib/python3.7/site-packages/airflow/example_dags/example_complex.py took 0.601 seconds
[2023-09-01T10:37:36.708+0000] {processor.py:154} INFO - Started process (PID=709) to work on /home/airflow/.local/lib/python3.7/site-packages/airflow/example_dags/example_complex.py
[2023-09-01T10:37:36.712+0000] {processor.py:756} INFO - Processing file /home/airflow/.local/lib/python3.7/site-packages/airflow/example_dags/example_complex.py for tasks to queue
[2023-09-01T10:37:36.716+0000] {logging_mixin.py:120} INFO - [2023-09-01T10:37:36.715+0000] {dagbag.py:537} INFO - Filling up the DagBag from /home/airflow/.local/lib/python3.7/site-packages/airflow/example_dags/example_complex.py
[2023-09-01T10:37:36.757+0000] {logging_mixin.py:120} INFO - [2023-09-01T10:37:36.756+0000] {taskmixin.py:205} WARNING - Dependency <Task(BashOperator): create_entry_group>, delete_entry_group already registered for DAG: example_complex
[2023-09-01T10:37:36.759+0000] {logging_mixin.py:120} INFO - [2023-09-01T10:37:36.758+0000] {taskmixin.py:205} WARNING - Dependency <Task(BashOperator): delete_entry_group>, create_entry_group already registered for DAG: example_complex
[2023-09-01T10:37:36.762+0000] {logging_mixin.py:120} INFO - [2023-09-01T10:37:36.761+0000] {taskmixin.py:205} WARNING - Dependency <Task(BashOperator): create_entry_gcs>, delete_entry already registered for DAG: example_complex
[2023-09-01T10:37:36.764+0000] {logging_mixin.py:120} INFO - [2023-09-01T10:37:36.764+0000] {taskmixin.py:205} WARNING - Dependency <Task(BashOperator): delete_entry>, create_entry_gcs already registered for DAG: example_complex
[2023-09-01T10:37:36.767+0000] {logging_mixin.py:120} INFO - [2023-09-01T10:37:36.767+0000] {taskmixin.py:205} WARNING - Dependency <Task(BashOperator): create_tag>, delete_tag already registered for DAG: example_complex
[2023-09-01T10:37:36.771+0000] {logging_mixin.py:120} INFO - [2023-09-01T10:37:36.770+0000] {taskmixin.py:205} WARNING - Dependency <Task(BashOperator): delete_tag>, create_tag already registered for DAG: example_complex
[2023-09-01T10:37:36.796+0000] {processor.py:766} INFO - DAG(s) dict_keys(['example_complex']) retrieved from /home/airflow/.local/lib/python3.7/site-packages/airflow/example_dags/example_complex.py
[2023-09-01T10:37:36.929+0000] {logging_mixin.py:120} INFO - [2023-09-01T10:37:36.929+0000] {dag.py:2585} INFO - Sync 1 DAGs
[2023-09-01T10:37:37.006+0000] {logging_mixin.py:120} INFO - [2023-09-01T10:37:37.005+0000] {dag.py:3340} INFO - Setting next_dagrun for example_complex to None, run_after=None
[2023-09-01T10:37:37.062+0000] {processor.py:176} INFO - Processing /home/airflow/.local/lib/python3.7/site-packages/airflow/example_dags/example_complex.py took 0.366 seconds
[2023-09-01T10:38:16.367+0000] {processor.py:154} INFO - Started process (PID=765) to work on /home/airflow/.local/lib/python3.7/site-packages/airflow/example_dags/example_complex.py
[2023-09-01T10:38:16.377+0000] {processor.py:756} INFO - Processing file /home/airflow/.local/lib/python3.7/site-packages/airflow/example_dags/example_complex.py for tasks to queue
[2023-09-01T10:38:16.382+0000] {logging_mixin.py:120} INFO - [2023-09-01T10:38:16.382+0000] {dagbag.py:537} INFO - Filling up the DagBag from /home/airflow/.local/lib/python3.7/site-packages/airflow/example_dags/example_complex.py
[2023-09-01T10:38:16.470+0000] {logging_mixin.py:120} INFO - [2023-09-01T10:38:16.469+0000] {taskmixin.py:205} WARNING - Dependency <Task(BashOperator): create_entry_group>, delete_entry_group already registered for DAG: example_complex
[2023-09-01T10:38:16.485+0000] {logging_mixin.py:120} INFO - [2023-09-01T10:38:16.484+0000] {taskmixin.py:205} WARNING - Dependency <Task(BashOperator): delete_entry_group>, create_entry_group already registered for DAG: example_complex
[2023-09-01T10:38:16.495+0000] {logging_mixin.py:120} INFO - [2023-09-01T10:38:16.494+0000] {taskmixin.py:205} WARNING - Dependency <Task(BashOperator): create_entry_gcs>, delete_entry already registered for DAG: example_complex
[2023-09-01T10:38:16.500+0000] {logging_mixin.py:120} INFO - [2023-09-01T10:38:16.499+0000] {taskmixin.py:205} WARNING - Dependency <Task(BashOperator): delete_entry>, create_entry_gcs already registered for DAG: example_complex
[2023-09-01T10:38:16.503+0000] {logging_mixin.py:120} INFO - [2023-09-01T10:38:16.502+0000] {taskmixin.py:205} WARNING - Dependency <Task(BashOperator): create_tag>, delete_tag already registered for DAG: example_complex
[2023-09-01T10:38:16.505+0000] {logging_mixin.py:120} INFO - [2023-09-01T10:38:16.504+0000] {taskmixin.py:205} WARNING - Dependency <Task(BashOperator): delete_tag>, create_tag already registered for DAG: example_complex
[2023-09-01T10:38:16.670+0000] {processor.py:766} INFO - DAG(s) dict_keys(['example_complex']) retrieved from /home/airflow/.local/lib/python3.7/site-packages/airflow/example_dags/example_complex.py
