[2023-09-01T10:29:54.515+0000] {processor.py:154} INFO - Started process (PID=53) to work on /home/airflow/.local/lib/python3.7/site-packages/airflow/example_dags/example_python_operator.py
[2023-09-01T10:29:54.520+0000] {processor.py:756} INFO - Processing file /home/airflow/.local/lib/python3.7/site-packages/airflow/example_dags/example_python_operator.py for tasks to queue
[2023-09-01T10:29:54.524+0000] {logging_mixin.py:120} INFO - [2023-09-01T10:29:54.523+0000] {dagbag.py:537} INFO - Filling up the DagBag from /home/airflow/.local/lib/python3.7/site-packages/airflow/example_dags/example_python_operator.py
[2023-09-01T10:29:54.603+0000] {logging_mixin.py:120} INFO - [2023-09-01T10:29:54.603+0000] {taskmixin.py:205} WARNING - Dependency <Task(_PythonDecoratedOperator): print_the_context>, log_sql_query already registered for DAG: example_python_operator
[2023-09-01T10:29:54.609+0000] {logging_mixin.py:120} INFO - [2023-09-01T10:29:54.607+0000] {taskmixin.py:205} WARNING - Dependency <Task(_PythonDecoratedOperator): log_sql_query>, print_the_context already registered for DAG: example_python_operator
[2023-09-01T10:29:54.623+0000] {logging_mixin.py:120} INFO - [2023-09-01T10:29:54.617+0000] {taskmixin.py:205} WARNING - Dependency <Task(_PythonDecoratedOperator): print_the_context>, log_sql_query already registered for DAG: example_python_operator
[2023-09-01T10:29:54.625+0000] {logging_mixin.py:120} INFO - [2023-09-01T10:29:54.624+0000] {taskmixin.py:205} WARNING - Dependency <Task(_PythonDecoratedOperator): log_sql_query>, print_the_context already registered for DAG: example_python_operator
[2023-09-01T10:29:54.636+0000] {logging_mixin.py:120} INFO - [2023-09-01T10:29:54.633+0000] {taskmixin.py:205} WARNING - Dependency <Task(_PythonDecoratedOperator): print_the_context>, log_sql_query already registered for DAG: example_python_operator
[2023-09-01T10:29:54.639+0000] {logging_mixin.py:120} INFO - [2023-09-01T10:29:54.637+0000] {taskmixin.py:205} WARNING - Dependency <Task(_PythonDecoratedOperator): log_sql_query>, print_the_context already registered for DAG: example_python_operator
[2023-09-01T10:29:54.659+0000] {logging_mixin.py:120} INFO - [2023-09-01T10:29:54.653+0000] {taskmixin.py:205} WARNING - Dependency <Task(_PythonDecoratedOperator): print_the_context>, log_sql_query already registered for DAG: example_python_operator
[2023-09-01T10:29:54.664+0000] {logging_mixin.py:120} INFO - [2023-09-01T10:29:54.663+0000] {taskmixin.py:205} WARNING - Dependency <Task(_PythonDecoratedOperator): log_sql_query>, print_the_context already registered for DAG: example_python_operator
[2023-09-01T10:29:54.725+0000] {processor.py:766} INFO - DAG(s) dict_keys(['example_python_operator']) retrieved from /home/airflow/.local/lib/python3.7/site-packages/airflow/example_dags/example_python_operator.py
[2023-09-01T10:29:56.266+0000] {logging_mixin.py:120} INFO - [2023-09-01T10:29:56.266+0000] {manager.py:507} INFO - Created Permission View: can delete on DAG:example_python_operator
[2023-09-01T10:29:56.357+0000] {logging_mixin.py:120} INFO - [2023-09-01T10:29:56.357+0000] {manager.py:507} INFO - Created Permission View: can read on DAG:example_python_operator
[2023-09-01T10:29:56.426+0000] {logging_mixin.py:120} INFO - [2023-09-01T10:29:56.426+0000] {manager.py:507} INFO - Created Permission View: can edit on DAG:example_python_operator
[2023-09-01T10:29:56.438+0000] {logging_mixin.py:120} INFO - [2023-09-01T10:29:56.437+0000] {dag.py:2585} INFO - Sync 1 DAGs
[2023-09-01T10:29:56.651+0000] {logging_mixin.py:120} INFO - [2023-09-01T10:29:56.650+0000] {dag.py:2606} INFO - Creating ORM DAG for example_python_operator
[2023-09-01T10:29:56.784+0000] {logging_mixin.py:120} INFO - [2023-09-01T10:29:56.784+0000] {dag.py:3340} INFO - Setting next_dagrun for example_python_operator to None, run_after=None
[2023-09-01T10:29:56.942+0000] {processor.py:176} INFO - Processing /home/airflow/.local/lib/python3.7/site-packages/airflow/example_dags/example_python_operator.py took 2.474 seconds
[2023-09-01T10:30:51.433+0000] {processor.py:154} INFO - Started process (PID=115) to work on /home/airflow/.local/lib/python3.7/site-packages/airflow/example_dags/example_python_operator.py
[2023-09-01T10:30:51.450+0000] {processor.py:756} INFO - Processing file /home/airflow/.local/lib/python3.7/site-packages/airflow/example_dags/example_python_operator.py for tasks to queue
[2023-09-01T10:30:51.454+0000] {logging_mixin.py:120} INFO - [2023-09-01T10:30:51.453+0000] {dagbag.py:537} INFO - Filling up the DagBag from /home/airflow/.local/lib/python3.7/site-packages/airflow/example_dags/example_python_operator.py
[2023-09-01T10:30:52.103+0000] {logging_mixin.py:120} INFO - [2023-09-01T10:30:52.102+0000] {taskmixin.py:205} WARNING - Dependency <Task(_PythonDecoratedOperator): print_the_context>, log_sql_query already registered for DAG: example_python_operator
[2023-09-01T10:30:52.111+0000] {logging_mixin.py:120} INFO - [2023-09-01T10:30:52.109+0000] {taskmixin.py:205} WARNING - Dependency <Task(_PythonDecoratedOperator): log_sql_query>, print_the_context already registered for DAG: example_python_operator
[2023-09-01T10:30:52.133+0000] {logging_mixin.py:120} INFO - [2023-09-01T10:30:52.133+0000] {taskmixin.py:205} WARNING - Dependency <Task(_PythonDecoratedOperator): print_the_context>, log_sql_query already registered for DAG: example_python_operator
[2023-09-01T10:30:52.150+0000] {logging_mixin.py:120} INFO - [2023-09-01T10:30:52.146+0000] {taskmixin.py:205} WARNING - Dependency <Task(_PythonDecoratedOperator): log_sql_query>, print_the_context already registered for DAG: example_python_operator
[2023-09-01T10:30:52.169+0000] {logging_mixin.py:120} INFO - [2023-09-01T10:30:52.159+0000] {taskmixin.py:205} WARNING - Dependency <Task(_PythonDecoratedOperator): print_the_context>, log_sql_query already registered for DAG: example_python_operator
[2023-09-01T10:30:52.173+0000] {logging_mixin.py:120} INFO - [2023-09-01T10:30:52.173+0000] {taskmixin.py:205} WARNING - Dependency <Task(_PythonDecoratedOperator): log_sql_query>, print_the_context already registered for DAG: example_python_operator
[2023-09-01T10:30:52.189+0000] {logging_mixin.py:120} INFO - [2023-09-01T10:30:52.188+0000] {taskmixin.py:205} WARNING - Dependency <Task(_PythonDecoratedOperator): print_the_context>, log_sql_query already registered for DAG: example_python_operator
[2023-09-01T10:30:52.198+0000] {logging_mixin.py:120} INFO - [2023-09-01T10:30:52.194+0000] {taskmixin.py:205} WARNING - Dependency <Task(_PythonDecoratedOperator): log_sql_query>, print_the_context already registered for DAG: example_python_operator
[2023-09-01T10:30:52.316+0000] {processor.py:766} INFO - DAG(s) dict_keys(['example_python_operator']) retrieved from /home/airflow/.local/lib/python3.7/site-packages/airflow/example_dags/example_python_operator.py
[2023-09-01T10:30:53.352+0000] {logging_mixin.py:120} INFO - [2023-09-01T10:30:53.351+0000] {dag.py:2585} INFO - Sync 1 DAGs
[2023-09-01T10:30:53.685+0000] {logging_mixin.py:120} INFO - [2023-09-01T10:30:53.685+0000] {dag.py:3340} INFO - Setting next_dagrun for example_python_operator to None, run_after=None
[2023-09-01T10:30:53.835+0000] {processor.py:176} INFO - Processing /home/airflow/.local/lib/python3.7/site-packages/airflow/example_dags/example_python_operator.py took 2.459 seconds
[2023-09-01T10:31:56.302+0000] {processor.py:154} INFO - Started process (PID=171) to work on /home/airflow/.local/lib/python3.7/site-packages/airflow/example_dags/example_python_operator.py
[2023-09-01T10:31:56.344+0000] {processor.py:756} INFO - Processing file /home/airflow/.local/lib/python3.7/site-packages/airflow/example_dags/example_python_operator.py for tasks to queue
[2023-09-01T10:31:56.361+0000] {logging_mixin.py:120} INFO - [2023-09-01T10:31:56.360+0000] {dagbag.py:537} INFO - Filling up the DagBag from /home/airflow/.local/lib/python3.7/site-packages/airflow/example_dags/example_python_operator.py
[2023-09-01T10:31:59.706+0000] {logging_mixin.py:120} INFO - [2023-09-01T10:31:59.706+0000] {taskmixin.py:205} WARNING - Dependency <Task(_PythonDecoratedOperator): print_the_context>, log_sql_query already registered for DAG: example_python_operator
[2023-09-01T10:31:59.723+0000] {logging_mixin.py:120} INFO - [2023-09-01T10:31:59.723+0000] {taskmixin.py:205} WARNING - Dependency <Task(_PythonDecoratedOperator): log_sql_query>, print_the_context already registered for DAG: example_python_operator
[2023-09-01T10:31:59.747+0000] {logging_mixin.py:120} INFO - [2023-09-01T10:31:59.746+0000] {taskmixin.py:205} WARNING - Dependency <Task(_PythonDecoratedOperator): print_the_context>, log_sql_query already registered for DAG: example_python_operator
[2023-09-01T10:31:59.772+0000] {logging_mixin.py:120} INFO - [2023-09-01T10:31:59.772+0000] {taskmixin.py:205} WARNING - Dependency <Task(_PythonDecoratedOperator): log_sql_query>, print_the_context already registered for DAG: example_python_operator
[2023-09-01T10:31:59.795+0000] {logging_mixin.py:120} INFO - [2023-09-01T10:31:59.795+0000] {taskmixin.py:205} WARNING - Dependency <Task(_PythonDecoratedOperator): print_the_context>, log_sql_query already registered for DAG: example_python_operator
[2023-09-01T10:31:59.832+0000] {logging_mixin.py:120} INFO - [2023-09-01T10:31:59.832+0000] {taskmixin.py:205} WARNING - Dependency <Task(_PythonDecoratedOperator): log_sql_query>, print_the_context already registered for DAG: example_python_operator
[2023-09-01T10:31:59.866+0000] {logging_mixin.py:120} INFO - [2023-09-01T10:31:59.855+0000] {taskmixin.py:205} WARNING - Dependency <Task(_PythonDecoratedOperator): print_the_context>, log_sql_query already registered for DAG: example_python_operator
[2023-09-01T10:31:59.874+0000] {logging_mixin.py:120} INFO - [2023-09-01T10:31:59.874+0000] {taskmixin.py:205} WARNING - Dependency <Task(_PythonDecoratedOperator): log_sql_query>, print_the_context already registered for DAG: example_python_operator
[2023-09-01T10:32:00.260+0000] {processor.py:766} INFO - DAG(s) dict_keys(['example_python_operator']) retrieved from /home/airflow/.local/lib/python3.7/site-packages/airflow/example_dags/example_python_operator.py
[2023-09-01T10:32:05.473+0000] {logging_mixin.py:120} INFO - [2023-09-01T10:32:05.472+0000] {dag.py:2585} INFO - Sync 1 DAGs
[2023-09-01T10:32:06.526+0000] {logging_mixin.py:120} INFO - [2023-09-01T10:32:06.526+0000] {dag.py:3340} INFO - Setting next_dagrun for example_python_operator to None, run_after=None
[2023-09-01T10:32:07.116+0000] {processor.py:176} INFO - Processing /home/airflow/.local/lib/python3.7/site-packages/airflow/example_dags/example_python_operator.py took 10.948 seconds
[2023-09-01T10:32:58.561+0000] {processor.py:154} INFO - Started process (PID=220) to work on /home/airflow/.local/lib/python3.7/site-packages/airflow/example_dags/example_python_operator.py
[2023-09-01T10:32:58.569+0000] {processor.py:756} INFO - Processing file /home/airflow/.local/lib/python3.7/site-packages/airflow/example_dags/example_python_operator.py for tasks to queue
[2023-09-01T10:32:58.572+0000] {logging_mixin.py:120} INFO - [2023-09-01T10:32:58.572+0000] {dagbag.py:537} INFO - Filling up the DagBag from /home/airflow/.local/lib/python3.7/site-packages/airflow/example_dags/example_python_operator.py
[2023-09-01T10:32:58.680+0000] {logging_mixin.py:120} INFO - [2023-09-01T10:32:58.679+0000] {taskmixin.py:205} WARNING - Dependency <Task(_PythonDecoratedOperator): print_the_context>, log_sql_query already registered for DAG: example_python_operator
[2023-09-01T10:32:58.687+0000] {logging_mixin.py:120} INFO - [2023-09-01T10:32:58.686+0000] {taskmixin.py:205} WARNING - Dependency <Task(_PythonDecoratedOperator): log_sql_query>, print_the_context already registered for DAG: example_python_operator
[2023-09-01T10:32:58.690+0000] {logging_mixin.py:120} INFO - [2023-09-01T10:32:58.689+0000] {taskmixin.py:205} WARNING - Dependency <Task(_PythonDecoratedOperator): print_the_context>, log_sql_query already registered for DAG: example_python_operator
[2023-09-01T10:32:58.691+0000] {logging_mixin.py:120} INFO - [2023-09-01T10:32:58.691+0000] {taskmixin.py:205} WARNING - Dependency <Task(_PythonDecoratedOperator): log_sql_query>, print_the_context already registered for DAG: example_python_operator
[2023-09-01T10:32:58.701+0000] {logging_mixin.py:120} INFO - [2023-09-01T10:32:58.700+0000] {taskmixin.py:205} WARNING - Dependency <Task(_PythonDecoratedOperator): print_the_context>, log_sql_query already registered for DAG: example_python_operator
[2023-09-01T10:32:58.702+0000] {logging_mixin.py:120} INFO - [2023-09-01T10:32:58.702+0000] {taskmixin.py:205} WARNING - Dependency <Task(_PythonDecoratedOperator): log_sql_query>, print_the_context already registered for DAG: example_python_operator
[2023-09-01T10:32:58.714+0000] {logging_mixin.py:120} INFO - [2023-09-01T10:32:58.713+0000] {taskmixin.py:205} WARNING - Dependency <Task(_PythonDecoratedOperator): print_the_context>, log_sql_query already registered for DAG: example_python_operator
[2023-09-01T10:32:58.716+0000] {logging_mixin.py:120} INFO - [2023-09-01T10:32:58.716+0000] {taskmixin.py:205} WARNING - Dependency <Task(_PythonDecoratedOperator): log_sql_query>, print_the_context already registered for DAG: example_python_operator
[2023-09-01T10:32:58.772+0000] {processor.py:766} INFO - DAG(s) dict_keys(['example_python_operator']) retrieved from /home/airflow/.local/lib/python3.7/site-packages/airflow/example_dags/example_python_operator.py
[2023-09-01T10:32:59.083+0000] {logging_mixin.py:120} INFO - [2023-09-01T10:32:59.083+0000] {dag.py:2585} INFO - Sync 1 DAGs
[2023-09-01T10:32:59.332+0000] {logging_mixin.py:120} INFO - [2023-09-01T10:32:59.332+0000] {dag.py:3340} INFO - Setting next_dagrun for example_python_operator to None, run_after=None
[2023-09-01T10:32:59.433+0000] {processor.py:176} INFO - Processing /home/airflow/.local/lib/python3.7/site-packages/airflow/example_dags/example_python_operator.py took 0.895 seconds
[2023-09-01T10:33:30.121+0000] {processor.py:154} INFO - Started process (PID=274) to work on /home/airflow/.local/lib/python3.7/site-packages/airflow/example_dags/example_python_operator.py
[2023-09-01T10:33:30.124+0000] {processor.py:756} INFO - Processing file /home/airflow/.local/lib/python3.7/site-packages/airflow/example_dags/example_python_operator.py for tasks to queue
[2023-09-01T10:33:30.127+0000] {logging_mixin.py:120} INFO - [2023-09-01T10:33:30.127+0000] {dagbag.py:537} INFO - Filling up the DagBag from /home/airflow/.local/lib/python3.7/site-packages/airflow/example_dags/example_python_operator.py
[2023-09-01T10:33:30.165+0000] {logging_mixin.py:120} INFO - [2023-09-01T10:33:30.164+0000] {taskmixin.py:205} WARNING - Dependency <Task(_PythonDecoratedOperator): print_the_context>, log_sql_query already registered for DAG: example_python_operator
[2023-09-01T10:33:30.167+0000] {logging_mixin.py:120} INFO - [2023-09-01T10:33:30.166+0000] {taskmixin.py:205} WARNING - Dependency <Task(_PythonDecoratedOperator): log_sql_query>, print_the_context already registered for DAG: example_python_operator
[2023-09-01T10:33:30.169+0000] {logging_mixin.py:120} INFO - [2023-09-01T10:33:30.169+0000] {taskmixin.py:205} WARNING - Dependency <Task(_PythonDecoratedOperator): print_the_context>, log_sql_query already registered for DAG: example_python_operator
[2023-09-01T10:33:30.171+0000] {logging_mixin.py:120} INFO - [2023-09-01T10:33:30.170+0000] {taskmixin.py:205} WARNING - Dependency <Task(_PythonDecoratedOperator): log_sql_query>, print_the_context already registered for DAG: example_python_operator
[2023-09-01T10:33:30.174+0000] {logging_mixin.py:120} INFO - [2023-09-01T10:33:30.173+0000] {taskmixin.py:205} WARNING - Dependency <Task(_PythonDecoratedOperator): print_the_context>, log_sql_query already registered for DAG: example_python_operator
[2023-09-01T10:33:30.177+0000] {logging_mixin.py:120} INFO - [2023-09-01T10:33:30.176+0000] {taskmixin.py:205} WARNING - Dependency <Task(_PythonDecoratedOperator): log_sql_query>, print_the_context already registered for DAG: example_python_operator
[2023-09-01T10:33:30.179+0000] {logging_mixin.py:120} INFO - [2023-09-01T10:33:30.179+0000] {taskmixin.py:205} WARNING - Dependency <Task(_PythonDecoratedOperator): print_the_context>, log_sql_query already registered for DAG: example_python_operator
[2023-09-01T10:33:30.183+0000] {logging_mixin.py:120} INFO - [2023-09-01T10:33:30.181+0000] {taskmixin.py:205} WARNING - Dependency <Task(_PythonDecoratedOperator): log_sql_query>, print_the_context already registered for DAG: example_python_operator
[2023-09-01T10:33:30.199+0000] {processor.py:766} INFO - DAG(s) dict_keys(['example_python_operator']) retrieved from /home/airflow/.local/lib/python3.7/site-packages/airflow/example_dags/example_python_operator.py
[2023-09-01T10:33:30.277+0000] {logging_mixin.py:120} INFO - [2023-09-01T10:33:30.277+0000] {dag.py:2585} INFO - Sync 1 DAGs
[2023-09-01T10:33:30.321+0000] {logging_mixin.py:120} INFO - [2023-09-01T10:33:30.320+0000] {dag.py:3340} INFO - Setting next_dagrun for example_python_operator to None, run_after=None
[2023-09-01T10:33:30.349+0000] {processor.py:176} INFO - Processing /home/airflow/.local/lib/python3.7/site-packages/airflow/example_dags/example_python_operator.py took 0.236 seconds
[2023-09-01T10:34:04.543+0000] {processor.py:154} INFO - Started process (PID=328) to work on /home/airflow/.local/lib/python3.7/site-packages/airflow/example_dags/example_python_operator.py
[2023-09-01T10:34:05.246+0000] {processor.py:756} INFO - Processing file /home/airflow/.local/lib/python3.7/site-packages/airflow/example_dags/example_python_operator.py for tasks to queue
[2023-09-01T10:34:05.431+0000] {logging_mixin.py:120} INFO - [2023-09-01T10:34:05.368+0000] {dagbag.py:537} INFO - Filling up the DagBag from /home/airflow/.local/lib/python3.7/site-packages/airflow/example_dags/example_python_operator.py
[2023-09-01T10:34:09.254+0000] {logging_mixin.py:120} INFO - [2023-09-01T10:34:09.242+0000] {taskmixin.py:205} WARNING - Dependency <Task(_PythonDecoratedOperator): print_the_context>, log_sql_query already registered for DAG: example_python_operator
[2023-09-01T10:34:09.291+0000] {logging_mixin.py:120} INFO - [2023-09-01T10:34:09.268+0000] {taskmixin.py:205} WARNING - Dependency <Task(_PythonDecoratedOperator): log_sql_query>, print_the_context already registered for DAG: example_python_operator
[2023-09-01T10:34:09.314+0000] {logging_mixin.py:120} INFO - [2023-09-01T10:34:09.299+0000] {taskmixin.py:205} WARNING - Dependency <Task(_PythonDecoratedOperator): print_the_context>, log_sql_query already registered for DAG: example_python_operator
[2023-09-01T10:34:09.314+0000] {logging_mixin.py:120} INFO - [2023-09-01T10:34:09.313+0000] {taskmixin.py:205} WARNING - Dependency <Task(_PythonDecoratedOperator): log_sql_query>, print_the_context already registered for DAG: example_python_operator
[2023-09-01T10:34:09.337+0000] {logging_mixin.py:120} INFO - [2023-09-01T10:34:09.337+0000] {taskmixin.py:205} WARNING - Dependency <Task(_PythonDecoratedOperator): print_the_context>, log_sql_query already registered for DAG: example_python_operator
[2023-09-01T10:34:09.350+0000] {logging_mixin.py:120} INFO - [2023-09-01T10:34:09.350+0000] {taskmixin.py:205} WARNING - Dependency <Task(_PythonDecoratedOperator): log_sql_query>, print_the_context already registered for DAG: example_python_operator
[2023-09-01T10:34:09.381+0000] {logging_mixin.py:120} INFO - [2023-09-01T10:34:09.381+0000] {taskmixin.py:205} WARNING - Dependency <Task(_PythonDecoratedOperator): print_the_context>, log_sql_query already registered for DAG: example_python_operator
[2023-09-01T10:34:09.436+0000] {logging_mixin.py:120} INFO - [2023-09-01T10:34:09.434+0000] {taskmixin.py:205} WARNING - Dependency <Task(_PythonDecoratedOperator): log_sql_query>, print_the_context already registered for DAG: example_python_operator
[2023-09-01T10:34:09.910+0000] {processor.py:766} INFO - DAG(s) dict_keys(['example_python_operator']) retrieved from /home/airflow/.local/lib/python3.7/site-packages/airflow/example_dags/example_python_operator.py
[2023-09-01T10:34:11.460+0000] {logging_mixin.py:120} INFO - [2023-09-01T10:34:11.460+0000] {dag.py:2585} INFO - Sync 1 DAGs
[2023-09-01T10:34:11.880+0000] {logging_mixin.py:120} INFO - [2023-09-01T10:34:11.880+0000] {dag.py:3340} INFO - Setting next_dagrun for example_python_operator to None, run_after=None
[2023-09-01T10:34:12.128+0000] {processor.py:176} INFO - Processing /home/airflow/.local/lib/python3.7/site-packages/airflow/example_dags/example_python_operator.py took 8.403 seconds
[2023-09-01T10:34:43.188+0000] {processor.py:154} INFO - Started process (PID=390) to work on /home/airflow/.local/lib/python3.7/site-packages/airflow/example_dags/example_python_operator.py
[2023-09-01T10:34:43.192+0000] {processor.py:756} INFO - Processing file /home/airflow/.local/lib/python3.7/site-packages/airflow/example_dags/example_python_operator.py for tasks to queue
[2023-09-01T10:34:43.195+0000] {logging_mixin.py:120} INFO - [2023-09-01T10:34:43.195+0000] {dagbag.py:537} INFO - Filling up the DagBag from /home/airflow/.local/lib/python3.7/site-packages/airflow/example_dags/example_python_operator.py
[2023-09-01T10:34:43.227+0000] {logging_mixin.py:120} INFO - [2023-09-01T10:34:43.227+0000] {taskmixin.py:205} WARNING - Dependency <Task(_PythonDecoratedOperator): print_the_context>, log_sql_query already registered for DAG: example_python_operator
[2023-09-01T10:34:43.228+0000] {logging_mixin.py:120} INFO - [2023-09-01T10:34:43.228+0000] {taskmixin.py:205} WARNING - Dependency <Task(_PythonDecoratedOperator): log_sql_query>, print_the_context already registered for DAG: example_python_operator
[2023-09-01T10:34:43.231+0000] {logging_mixin.py:120} INFO - [2023-09-01T10:34:43.231+0000] {taskmixin.py:205} WARNING - Dependency <Task(_PythonDecoratedOperator): print_the_context>, log_sql_query already registered for DAG: example_python_operator
[2023-09-01T10:34:43.232+0000] {logging_mixin.py:120} INFO - [2023-09-01T10:34:43.232+0000] {taskmixin.py:205} WARNING - Dependency <Task(_PythonDecoratedOperator): log_sql_query>, print_the_context already registered for DAG: example_python_operator
[2023-09-01T10:34:43.234+0000] {logging_mixin.py:120} INFO - [2023-09-01T10:34:43.234+0000] {taskmixin.py:205} WARNING - Dependency <Task(_PythonDecoratedOperator): print_the_context>, log_sql_query already registered for DAG: example_python_operator
[2023-09-01T10:34:43.236+0000] {logging_mixin.py:120} INFO - [2023-09-01T10:34:43.236+0000] {taskmixin.py:205} WARNING - Dependency <Task(_PythonDecoratedOperator): log_sql_query>, print_the_context already registered for DAG: example_python_operator
[2023-09-01T10:34:43.238+0000] {logging_mixin.py:120} INFO - [2023-09-01T10:34:43.238+0000] {taskmixin.py:205} WARNING - Dependency <Task(_PythonDecoratedOperator): print_the_context>, log_sql_query already registered for DAG: example_python_operator
[2023-09-01T10:34:43.239+0000] {logging_mixin.py:120} INFO - [2023-09-01T10:34:43.239+0000] {taskmixin.py:205} WARNING - Dependency <Task(_PythonDecoratedOperator): log_sql_query>, print_the_context already registered for DAG: example_python_operator
[2023-09-01T10:34:43.253+0000] {processor.py:766} INFO - DAG(s) dict_keys(['example_python_operator']) retrieved from /home/airflow/.local/lib/python3.7/site-packages/airflow/example_dags/example_python_operator.py
[2023-09-01T10:34:43.318+0000] {logging_mixin.py:120} INFO - [2023-09-01T10:34:43.317+0000] {dag.py:2585} INFO - Sync 1 DAGs
[2023-09-01T10:34:43.364+0000] {logging_mixin.py:120} INFO - [2023-09-01T10:34:43.364+0000] {dag.py:3340} INFO - Setting next_dagrun for example_python_operator to None, run_after=None
[2023-09-01T10:34:43.400+0000] {processor.py:176} INFO - Processing /home/airflow/.local/lib/python3.7/site-packages/airflow/example_dags/example_python_operator.py took 0.219 seconds
[2023-09-01T10:35:13.530+0000] {processor.py:154} INFO - Started process (PID=443) to work on /home/airflow/.local/lib/python3.7/site-packages/airflow/example_dags/example_python_operator.py
[2023-09-01T10:35:13.534+0000] {processor.py:756} INFO - Processing file /home/airflow/.local/lib/python3.7/site-packages/airflow/example_dags/example_python_operator.py for tasks to queue
[2023-09-01T10:35:13.536+0000] {logging_mixin.py:120} INFO - [2023-09-01T10:35:13.536+0000] {dagbag.py:537} INFO - Filling up the DagBag from /home/airflow/.local/lib/python3.7/site-packages/airflow/example_dags/example_python_operator.py
[2023-09-01T10:35:13.561+0000] {logging_mixin.py:120} INFO - [2023-09-01T10:35:13.561+0000] {taskmixin.py:205} WARNING - Dependency <Task(_PythonDecoratedOperator): print_the_context>, log_sql_query already registered for DAG: example_python_operator
[2023-09-01T10:35:13.563+0000] {logging_mixin.py:120} INFO - [2023-09-01T10:35:13.563+0000] {taskmixin.py:205} WARNING - Dependency <Task(_PythonDecoratedOperator): log_sql_query>, print_the_context already registered for DAG: example_python_operator
[2023-09-01T10:35:13.565+0000] {logging_mixin.py:120} INFO - [2023-09-01T10:35:13.565+0000] {taskmixin.py:205} WARNING - Dependency <Task(_PythonDecoratedOperator): print_the_context>, log_sql_query already registered for DAG: example_python_operator
[2023-09-01T10:35:13.568+0000] {logging_mixin.py:120} INFO - [2023-09-01T10:35:13.567+0000] {taskmixin.py:205} WARNING - Dependency <Task(_PythonDecoratedOperator): log_sql_query>, print_the_context already registered for DAG: example_python_operator
[2023-09-01T10:35:13.570+0000] {logging_mixin.py:120} INFO - [2023-09-01T10:35:13.570+0000] {taskmixin.py:205} WARNING - Dependency <Task(_PythonDecoratedOperator): print_the_context>, log_sql_query already registered for DAG: example_python_operator
[2023-09-01T10:35:13.571+0000] {logging_mixin.py:120} INFO - [2023-09-01T10:35:13.571+0000] {taskmixin.py:205} WARNING - Dependency <Task(_PythonDecoratedOperator): log_sql_query>, print_the_context already registered for DAG: example_python_operator
[2023-09-01T10:35:13.573+0000] {logging_mixin.py:120} INFO - [2023-09-01T10:35:13.573+0000] {taskmixin.py:205} WARNING - Dependency <Task(_PythonDecoratedOperator): print_the_context>, log_sql_query already registered for DAG: example_python_operator
[2023-09-01T10:35:13.575+0000] {logging_mixin.py:120} INFO - [2023-09-01T10:35:13.574+0000] {taskmixin.py:205} WARNING - Dependency <Task(_PythonDecoratedOperator): log_sql_query>, print_the_context already registered for DAG: example_python_operator
[2023-09-01T10:35:13.588+0000] {processor.py:766} INFO - DAG(s) dict_keys(['example_python_operator']) retrieved from /home/airflow/.local/lib/python3.7/site-packages/airflow/example_dags/example_python_operator.py
[2023-09-01T10:35:13.653+0000] {logging_mixin.py:120} INFO - [2023-09-01T10:35:13.652+0000] {dag.py:2585} INFO - Sync 1 DAGs
[2023-09-01T10:35:13.729+0000] {logging_mixin.py:120} INFO - [2023-09-01T10:35:13.728+0000] {dag.py:3340} INFO - Setting next_dagrun for example_python_operator to None, run_after=None
[2023-09-01T10:35:13.845+0000] {processor.py:176} INFO - Processing /home/airflow/.local/lib/python3.7/site-packages/airflow/example_dags/example_python_operator.py took 0.322 seconds
[2023-09-01T10:35:44.727+0000] {processor.py:154} INFO - Started process (PID=498) to work on /home/airflow/.local/lib/python3.7/site-packages/airflow/example_dags/example_python_operator.py
[2023-09-01T10:35:44.730+0000] {processor.py:756} INFO - Processing file /home/airflow/.local/lib/python3.7/site-packages/airflow/example_dags/example_python_operator.py for tasks to queue
[2023-09-01T10:35:44.735+0000] {logging_mixin.py:120} INFO - [2023-09-01T10:35:44.734+0000] {dagbag.py:537} INFO - Filling up the DagBag from /home/airflow/.local/lib/python3.7/site-packages/airflow/example_dags/example_python_operator.py
[2023-09-01T10:35:44.815+0000] {logging_mixin.py:120} INFO - [2023-09-01T10:35:44.815+0000] {taskmixin.py:205} WARNING - Dependency <Task(_PythonDecoratedOperator): print_the_context>, log_sql_query already registered for DAG: example_python_operator
[2023-09-01T10:35:44.820+0000] {logging_mixin.py:120} INFO - [2023-09-01T10:35:44.820+0000] {taskmixin.py:205} WARNING - Dependency <Task(_PythonDecoratedOperator): log_sql_query>, print_the_context already registered for DAG: example_python_operator
[2023-09-01T10:35:44.822+0000] {logging_mixin.py:120} INFO - [2023-09-01T10:35:44.822+0000] {taskmixin.py:205} WARNING - Dependency <Task(_PythonDecoratedOperator): print_the_context>, log_sql_query already registered for DAG: example_python_operator
[2023-09-01T10:35:44.825+0000] {logging_mixin.py:120} INFO - [2023-09-01T10:35:44.824+0000] {taskmixin.py:205} WARNING - Dependency <Task(_PythonDecoratedOperator): log_sql_query>, print_the_context already registered for DAG: example_python_operator
[2023-09-01T10:35:44.827+0000] {logging_mixin.py:120} INFO - [2023-09-01T10:35:44.827+0000] {taskmixin.py:205} WARNING - Dependency <Task(_PythonDecoratedOperator): print_the_context>, log_sql_query already registered for DAG: example_python_operator
[2023-09-01T10:35:44.828+0000] {logging_mixin.py:120} INFO - [2023-09-01T10:35:44.828+0000] {taskmixin.py:205} WARNING - Dependency <Task(_PythonDecoratedOperator): log_sql_query>, print_the_context already registered for DAG: example_python_operator
[2023-09-01T10:35:44.830+0000] {logging_mixin.py:120} INFO - [2023-09-01T10:35:44.830+0000] {taskmixin.py:205} WARNING - Dependency <Task(_PythonDecoratedOperator): print_the_context>, log_sql_query already registered for DAG: example_python_operator
[2023-09-01T10:35:44.833+0000] {logging_mixin.py:120} INFO - [2023-09-01T10:35:44.832+0000] {taskmixin.py:205} WARNING - Dependency <Task(_PythonDecoratedOperator): log_sql_query>, print_the_context already registered for DAG: example_python_operator
[2023-09-01T10:35:44.919+0000] {processor.py:766} INFO - DAG(s) dict_keys(['example_python_operator']) retrieved from /home/airflow/.local/lib/python3.7/site-packages/airflow/example_dags/example_python_operator.py
[2023-09-01T10:35:47.399+0000] {logging_mixin.py:120} INFO - [2023-09-01T10:35:47.398+0000] {dag.py:2585} INFO - Sync 1 DAGs
[2023-09-01T10:35:47.797+0000] {logging_mixin.py:120} INFO - [2023-09-01T10:35:47.793+0000] {dag.py:3340} INFO - Setting next_dagrun for example_python_operator to None, run_after=None
[2023-09-01T10:35:48.118+0000] {processor.py:176} INFO - Processing /home/airflow/.local/lib/python3.7/site-packages/airflow/example_dags/example_python_operator.py took 3.418 seconds
[2023-09-01T10:36:18.545+0000] {processor.py:154} INFO - Started process (PID=552) to work on /home/airflow/.local/lib/python3.7/site-packages/airflow/example_dags/example_python_operator.py
[2023-09-01T10:36:18.547+0000] {processor.py:756} INFO - Processing file /home/airflow/.local/lib/python3.7/site-packages/airflow/example_dags/example_python_operator.py for tasks to queue
[2023-09-01T10:36:18.549+0000] {logging_mixin.py:120} INFO - [2023-09-01T10:36:18.549+0000] {dagbag.py:537} INFO - Filling up the DagBag from /home/airflow/.local/lib/python3.7/site-packages/airflow/example_dags/example_python_operator.py
[2023-09-01T10:36:18.577+0000] {logging_mixin.py:120} INFO - [2023-09-01T10:36:18.577+0000] {taskmixin.py:205} WARNING - Dependency <Task(_PythonDecoratedOperator): print_the_context>, log_sql_query already registered for DAG: example_python_operator
[2023-09-01T10:36:18.579+0000] {logging_mixin.py:120} INFO - [2023-09-01T10:36:18.578+0000] {taskmixin.py:205} WARNING - Dependency <Task(_PythonDecoratedOperator): log_sql_query>, print_the_context already registered for DAG: example_python_operator
[2023-09-01T10:36:18.582+0000] {logging_mixin.py:120} INFO - [2023-09-01T10:36:18.582+0000] {taskmixin.py:205} WARNING - Dependency <Task(_PythonDecoratedOperator): print_the_context>, log_sql_query already registered for DAG: example_python_operator
[2023-09-01T10:36:18.584+0000] {logging_mixin.py:120} INFO - [2023-09-01T10:36:18.584+0000] {taskmixin.py:205} WARNING - Dependency <Task(_PythonDecoratedOperator): log_sql_query>, print_the_context already registered for DAG: example_python_operator
[2023-09-01T10:36:18.586+0000] {logging_mixin.py:120} INFO - [2023-09-01T10:36:18.586+0000] {taskmixin.py:205} WARNING - Dependency <Task(_PythonDecoratedOperator): print_the_context>, log_sql_query already registered for DAG: example_python_operator
[2023-09-01T10:36:18.587+0000] {logging_mixin.py:120} INFO - [2023-09-01T10:36:18.587+0000] {taskmixin.py:205} WARNING - Dependency <Task(_PythonDecoratedOperator): log_sql_query>, print_the_context already registered for DAG: example_python_operator
[2023-09-01T10:36:18.591+0000] {logging_mixin.py:120} INFO - [2023-09-01T10:36:18.591+0000] {taskmixin.py:205} WARNING - Dependency <Task(_PythonDecoratedOperator): print_the_context>, log_sql_query already registered for DAG: example_python_operator
[2023-09-01T10:36:18.592+0000] {logging_mixin.py:120} INFO - [2023-09-01T10:36:18.592+0000] {taskmixin.py:205} WARNING - Dependency <Task(_PythonDecoratedOperator): log_sql_query>, print_the_context already registered for DAG: example_python_operator
[2023-09-01T10:36:18.605+0000] {processor.py:766} INFO - DAG(s) dict_keys(['example_python_operator']) retrieved from /home/airflow/.local/lib/python3.7/site-packages/airflow/example_dags/example_python_operator.py
[2023-09-01T10:36:18.672+0000] {logging_mixin.py:120} INFO - [2023-09-01T10:36:18.672+0000] {dag.py:2585} INFO - Sync 1 DAGs
[2023-09-01T10:36:18.713+0000] {logging_mixin.py:120} INFO - [2023-09-01T10:36:18.713+0000] {dag.py:3340} INFO - Setting next_dagrun for example_python_operator to None, run_after=None
[2023-09-01T10:36:18.756+0000] {processor.py:176} INFO - Processing /home/airflow/.local/lib/python3.7/site-packages/airflow/example_dags/example_python_operator.py took 0.217 seconds
[2023-09-01T10:36:49.183+0000] {processor.py:154} INFO - Started process (PID=608) to work on /home/airflow/.local/lib/python3.7/site-packages/airflow/example_dags/example_python_operator.py
[2023-09-01T10:36:49.187+0000] {processor.py:756} INFO - Processing file /home/airflow/.local/lib/python3.7/site-packages/airflow/example_dags/example_python_operator.py for tasks to queue
[2023-09-01T10:36:49.190+0000] {logging_mixin.py:120} INFO - [2023-09-01T10:36:49.189+0000] {dagbag.py:537} INFO - Filling up the DagBag from /home/airflow/.local/lib/python3.7/site-packages/airflow/example_dags/example_python_operator.py
[2023-09-01T10:36:49.223+0000] {logging_mixin.py:120} INFO - [2023-09-01T10:36:49.223+0000] {taskmixin.py:205} WARNING - Dependency <Task(_PythonDecoratedOperator): print_the_context>, log_sql_query already registered for DAG: example_python_operator
[2023-09-01T10:36:49.225+0000] {logging_mixin.py:120} INFO - [2023-09-01T10:36:49.224+0000] {taskmixin.py:205} WARNING - Dependency <Task(_PythonDecoratedOperator): log_sql_query>, print_the_context already registered for DAG: example_python_operator
[2023-09-01T10:36:49.228+0000] {logging_mixin.py:120} INFO - [2023-09-01T10:36:49.228+0000] {taskmixin.py:205} WARNING - Dependency <Task(_PythonDecoratedOperator): print_the_context>, log_sql_query already registered for DAG: example_python_operator
[2023-09-01T10:36:49.230+0000] {logging_mixin.py:120} INFO - [2023-09-01T10:36:49.229+0000] {taskmixin.py:205} WARNING - Dependency <Task(_PythonDecoratedOperator): log_sql_query>, print_the_context already registered for DAG: example_python_operator
[2023-09-01T10:36:49.232+0000] {logging_mixin.py:120} INFO - [2023-09-01T10:36:49.231+0000] {taskmixin.py:205} WARNING - Dependency <Task(_PythonDecoratedOperator): print_the_context>, log_sql_query already registered for DAG: example_python_operator
[2023-09-01T10:36:49.233+0000] {logging_mixin.py:120} INFO - [2023-09-01T10:36:49.233+0000] {taskmixin.py:205} WARNING - Dependency <Task(_PythonDecoratedOperator): log_sql_query>, print_the_context already registered for DAG: example_python_operator
[2023-09-01T10:36:49.236+0000] {logging_mixin.py:120} INFO - [2023-09-01T10:36:49.235+0000] {taskmixin.py:205} WARNING - Dependency <Task(_PythonDecoratedOperator): print_the_context>, log_sql_query already registered for DAG: example_python_operator
[2023-09-01T10:36:49.238+0000] {logging_mixin.py:120} INFO - [2023-09-01T10:36:49.237+0000] {taskmixin.py:205} WARNING - Dependency <Task(_PythonDecoratedOperator): log_sql_query>, print_the_context already registered for DAG: example_python_operator
[2023-09-01T10:36:49.255+0000] {processor.py:766} INFO - DAG(s) dict_keys(['example_python_operator']) retrieved from /home/airflow/.local/lib/python3.7/site-packages/airflow/example_dags/example_python_operator.py
[2023-09-01T10:36:49.365+0000] {logging_mixin.py:120} INFO - [2023-09-01T10:36:49.365+0000] {dag.py:2585} INFO - Sync 1 DAGs
[2023-09-01T10:36:49.418+0000] {logging_mixin.py:120} INFO - [2023-09-01T10:36:49.417+0000] {dag.py:3340} INFO - Setting next_dagrun for example_python_operator to None, run_after=None
[2023-09-01T10:36:49.458+0000] {processor.py:176} INFO - Processing /home/airflow/.local/lib/python3.7/site-packages/airflow/example_dags/example_python_operator.py took 0.283 seconds
[2023-09-01T10:37:19.576+0000] {processor.py:154} INFO - Started process (PID=673) to work on /home/airflow/.local/lib/python3.7/site-packages/airflow/example_dags/example_python_operator.py
[2023-09-01T10:37:19.580+0000] {processor.py:756} INFO - Processing file /home/airflow/.local/lib/python3.7/site-packages/airflow/example_dags/example_python_operator.py for tasks to queue
[2023-09-01T10:37:19.584+0000] {logging_mixin.py:120} INFO - [2023-09-01T10:37:19.583+0000] {dagbag.py:537} INFO - Filling up the DagBag from /home/airflow/.local/lib/python3.7/site-packages/airflow/example_dags/example_python_operator.py
[2023-09-01T10:37:19.625+0000] {logging_mixin.py:120} INFO - [2023-09-01T10:37:19.625+0000] {taskmixin.py:205} WARNING - Dependency <Task(_PythonDecoratedOperator): print_the_context>, log_sql_query already registered for DAG: example_python_operator
[2023-09-01T10:37:19.627+0000] {logging_mixin.py:120} INFO - [2023-09-01T10:37:19.627+0000] {taskmixin.py:205} WARNING - Dependency <Task(_PythonDecoratedOperator): log_sql_query>, print_the_context already registered for DAG: example_python_operator
[2023-09-01T10:37:19.633+0000] {logging_mixin.py:120} INFO - [2023-09-01T10:37:19.632+0000] {taskmixin.py:205} WARNING - Dependency <Task(_PythonDecoratedOperator): print_the_context>, log_sql_query already registered for DAG: example_python_operator
[2023-09-01T10:37:19.635+0000] {logging_mixin.py:120} INFO - [2023-09-01T10:37:19.635+0000] {taskmixin.py:205} WARNING - Dependency <Task(_PythonDecoratedOperator): log_sql_query>, print_the_context already registered for DAG: example_python_operator
[2023-09-01T10:37:19.640+0000] {logging_mixin.py:120} INFO - [2023-09-01T10:37:19.640+0000] {taskmixin.py:205} WARNING - Dependency <Task(_PythonDecoratedOperator): print_the_context>, log_sql_query already registered for DAG: example_python_operator
[2023-09-01T10:37:19.643+0000] {logging_mixin.py:120} INFO - [2023-09-01T10:37:19.642+0000] {taskmixin.py:205} WARNING - Dependency <Task(_PythonDecoratedOperator): log_sql_query>, print_the_context already registered for DAG: example_python_operator
[2023-09-01T10:37:19.646+0000] {logging_mixin.py:120} INFO - [2023-09-01T10:37:19.646+0000] {taskmixin.py:205} WARNING - Dependency <Task(_PythonDecoratedOperator): print_the_context>, log_sql_query already registered for DAG: example_python_operator
[2023-09-01T10:37:19.648+0000] {logging_mixin.py:120} INFO - [2023-09-01T10:37:19.648+0000] {taskmixin.py:205} WARNING - Dependency <Task(_PythonDecoratedOperator): log_sql_query>, print_the_context already registered for DAG: example_python_operator
[2023-09-01T10:37:19.672+0000] {processor.py:766} INFO - DAG(s) dict_keys(['example_python_operator']) retrieved from /home/airflow/.local/lib/python3.7/site-packages/airflow/example_dags/example_python_operator.py
[2023-09-01T10:37:19.805+0000] {logging_mixin.py:120} INFO - [2023-09-01T10:37:19.804+0000] {dag.py:2585} INFO - Sync 1 DAGs
[2023-09-01T10:37:19.927+0000] {logging_mixin.py:120} INFO - [2023-09-01T10:37:19.927+0000] {dag.py:3340} INFO - Setting next_dagrun for example_python_operator to None, run_after=None
[2023-09-01T10:37:20.040+0000] {processor.py:176} INFO - Processing /home/airflow/.local/lib/python3.7/site-packages/airflow/example_dags/example_python_operator.py took 0.471 seconds
[2023-09-01T10:37:51.221+0000] {processor.py:154} INFO - Started process (PID=725) to work on /home/airflow/.local/lib/python3.7/site-packages/airflow/example_dags/example_python_operator.py
[2023-09-01T10:37:51.240+0000] {processor.py:756} INFO - Processing file /home/airflow/.local/lib/python3.7/site-packages/airflow/example_dags/example_python_operator.py for tasks to queue
[2023-09-01T10:37:51.272+0000] {logging_mixin.py:120} INFO - [2023-09-01T10:37:51.271+0000] {dagbag.py:537} INFO - Filling up the DagBag from /home/airflow/.local/lib/python3.7/site-packages/airflow/example_dags/example_python_operator.py
[2023-09-01T10:37:53.026+0000] {logging_mixin.py:120} INFO - [2023-09-01T10:37:52.991+0000] {taskmixin.py:205} WARNING - Dependency <Task(_PythonDecoratedOperator): print_the_context>, log_sql_query already registered for DAG: example_python_operator
[2023-09-01T10:37:53.043+0000] {logging_mixin.py:120} INFO - [2023-09-01T10:37:53.040+0000] {taskmixin.py:205} WARNING - Dependency <Task(_PythonDecoratedOperator): log_sql_query>, print_the_context already registered for DAG: example_python_operator
[2023-09-01T10:37:53.072+0000] {logging_mixin.py:120} INFO - [2023-09-01T10:37:53.063+0000] {taskmixin.py:205} WARNING - Dependency <Task(_PythonDecoratedOperator): print_the_context>, log_sql_query already registered for DAG: example_python_operator
[2023-09-01T10:37:53.075+0000] {logging_mixin.py:120} INFO - [2023-09-01T10:37:53.075+0000] {taskmixin.py:205} WARNING - Dependency <Task(_PythonDecoratedOperator): log_sql_query>, print_the_context already registered for DAG: example_python_operator
[2023-09-01T10:37:53.087+0000] {logging_mixin.py:120} INFO - [2023-09-01T10:37:53.078+0000] {taskmixin.py:205} WARNING - Dependency <Task(_PythonDecoratedOperator): print_the_context>, log_sql_query already registered for DAG: example_python_operator
[2023-09-01T10:37:53.089+0000] {logging_mixin.py:120} INFO - [2023-09-01T10:37:53.089+0000] {taskmixin.py:205} WARNING - Dependency <Task(_PythonDecoratedOperator): log_sql_query>, print_the_context already registered for DAG: example_python_operator
[2023-09-01T10:37:53.111+0000] {logging_mixin.py:120} INFO - [2023-09-01T10:37:53.110+0000] {taskmixin.py:205} WARNING - Dependency <Task(_PythonDecoratedOperator): print_the_context>, log_sql_query already registered for DAG: example_python_operator
[2023-09-01T10:37:53.121+0000] {logging_mixin.py:120} INFO - [2023-09-01T10:37:53.120+0000] {taskmixin.py:205} WARNING - Dependency <Task(_PythonDecoratedOperator): log_sql_query>, print_the_context already registered for DAG: example_python_operator
[2023-09-01T10:37:53.359+0000] {processor.py:766} INFO - DAG(s) dict_keys(['example_python_operator']) retrieved from /home/airflow/.local/lib/python3.7/site-packages/airflow/example_dags/example_python_operator.py
[2023-09-01T10:37:54.242+0000] {logging_mixin.py:120} INFO - [2023-09-01T10:37:54.242+0000] {dag.py:2585} INFO - Sync 1 DAGs
[2023-09-01T10:37:54.864+0000] {logging_mixin.py:120} INFO - [2023-09-01T10:37:54.860+0000] {dag.py:3340} INFO - Setting next_dagrun for example_python_operator to None, run_after=None
[2023-09-01T10:37:55.245+0000] {processor.py:176} INFO - Processing /home/airflow/.local/lib/python3.7/site-packages/airflow/example_dags/example_python_operator.py took 4.358 seconds
