[2023-09-01T10:29:52.229+0000] {processor.py:154} INFO - Started process (PID=51) to work on /home/airflow/.local/lib/python3.7/site-packages/airflow/example_dags/example_branch_python_dop_operator_3.py
[2023-09-01T10:29:52.237+0000] {processor.py:756} INFO - Processing file /home/airflow/.local/lib/python3.7/site-packages/airflow/example_dags/example_branch_python_dop_operator_3.py for tasks to queue
[2023-09-01T10:29:52.247+0000] {logging_mixin.py:120} INFO - [2023-09-01T10:29:52.245+0000] {dagbag.py:537} INFO - Filling up the DagBag from /home/airflow/.local/lib/python3.7/site-packages/airflow/example_dags/example_branch_python_dop_operator_3.py
[2023-09-01T10:29:52.641+0000] {processor.py:766} INFO - DAG(s) dict_keys(['example_branch_dop_operator_v3']) retrieved from /home/airflow/.local/lib/python3.7/site-packages/airflow/example_dags/example_branch_python_dop_operator_3.py
[2023-09-01T10:29:53.683+0000] {logging_mixin.py:120} INFO - [2023-09-01T10:29:53.682+0000] {manager.py:507} INFO - Created Permission View: can delete on DAG:example_branch_dop_operator_v3
[2023-09-01T10:29:53.804+0000] {logging_mixin.py:120} INFO - [2023-09-01T10:29:53.804+0000] {manager.py:507} INFO - Created Permission View: can read on DAG:example_branch_dop_operator_v3
[2023-09-01T10:29:53.931+0000] {logging_mixin.py:120} INFO - [2023-09-01T10:29:53.931+0000] {manager.py:507} INFO - Created Permission View: can edit on DAG:example_branch_dop_operator_v3
[2023-09-01T10:29:53.938+0000] {logging_mixin.py:120} INFO - [2023-09-01T10:29:53.936+0000] {dag.py:2585} INFO - Sync 1 DAGs
[2023-09-01T10:29:54.078+0000] {logging_mixin.py:120} INFO - [2023-09-01T10:29:54.078+0000] {dag.py:2606} INFO - Creating ORM DAG for example_branch_dop_operator_v3
[2023-09-01T10:29:54.195+0000] {logging_mixin.py:120} INFO - [2023-09-01T10:29:54.194+0000] {dag.py:3340} INFO - Setting next_dagrun for example_branch_dop_operator_v3 to 2023-09-01T10:28:00+00:00, run_after=2023-09-01T10:29:00+00:00
[2023-09-01T10:29:54.323+0000] {processor.py:176} INFO - Processing /home/airflow/.local/lib/python3.7/site-packages/airflow/example_dags/example_branch_python_dop_operator_3.py took 2.125 seconds
[2023-09-01T10:30:50.228+0000] {processor.py:154} INFO - Started process (PID=113) to work on /home/airflow/.local/lib/python3.7/site-packages/airflow/example_dags/example_branch_python_dop_operator_3.py
[2023-09-01T10:30:50.245+0000] {processor.py:756} INFO - Processing file /home/airflow/.local/lib/python3.7/site-packages/airflow/example_dags/example_branch_python_dop_operator_3.py for tasks to queue
[2023-09-01T10:30:50.247+0000] {logging_mixin.py:120} INFO - [2023-09-01T10:30:50.247+0000] {dagbag.py:537} INFO - Filling up the DagBag from /home/airflow/.local/lib/python3.7/site-packages/airflow/example_dags/example_branch_python_dop_operator_3.py
[2023-09-01T10:30:50.459+0000] {processor.py:766} INFO - DAG(s) dict_keys(['example_branch_dop_operator_v3']) retrieved from /home/airflow/.local/lib/python3.7/site-packages/airflow/example_dags/example_branch_python_dop_operator_3.py
[2023-09-01T10:30:50.712+0000] {logging_mixin.py:120} INFO - [2023-09-01T10:30:50.709+0000] {dag.py:2585} INFO - Sync 1 DAGs
[2023-09-01T10:30:50.989+0000] {logging_mixin.py:120} INFO - [2023-09-01T10:30:50.985+0000] {dag.py:3340} INFO - Setting next_dagrun for example_branch_dop_operator_v3 to 2023-09-01T10:29:00+00:00, run_after=2023-09-01T10:30:00+00:00
[2023-09-01T10:30:51.124+0000] {processor.py:176} INFO - Processing /home/airflow/.local/lib/python3.7/site-packages/airflow/example_dags/example_branch_python_dop_operator_3.py took 0.921 seconds
[2023-09-01T10:31:49.478+0000] {processor.py:154} INFO - Started process (PID=161) to work on /home/airflow/.local/lib/python3.7/site-packages/airflow/example_dags/example_branch_python_dop_operator_3.py
[2023-09-01T10:31:49.501+0000] {processor.py:756} INFO - Processing file /home/airflow/.local/lib/python3.7/site-packages/airflow/example_dags/example_branch_python_dop_operator_3.py for tasks to queue
[2023-09-01T10:31:49.529+0000] {logging_mixin.py:120} INFO - [2023-09-01T10:31:49.528+0000] {dagbag.py:537} INFO - Filling up the DagBag from /home/airflow/.local/lib/python3.7/site-packages/airflow/example_dags/example_branch_python_dop_operator_3.py
[2023-09-01T10:31:50.690+0000] {processor.py:766} INFO - DAG(s) dict_keys(['example_branch_dop_operator_v3']) retrieved from /home/airflow/.local/lib/python3.7/site-packages/airflow/example_dags/example_branch_python_dop_operator_3.py
[2023-09-01T10:31:52.798+0000] {logging_mixin.py:120} INFO - [2023-09-01T10:31:52.797+0000] {dag.py:2585} INFO - Sync 1 DAGs
[2023-09-01T10:31:54.011+0000] {logging_mixin.py:120} INFO - [2023-09-01T10:31:54.011+0000] {dag.py:3340} INFO - Setting next_dagrun for example_branch_dop_operator_v3 to 2023-09-01T10:30:00+00:00, run_after=2023-09-01T10:31:00+00:00
[2023-09-01T10:31:54.863+0000] {processor.py:176} INFO - Processing /home/airflow/.local/lib/python3.7/site-packages/airflow/example_dags/example_branch_python_dop_operator_3.py took 5.555 seconds
[2023-09-01T10:32:57.640+0000] {processor.py:154} INFO - Started process (PID=216) to work on /home/airflow/.local/lib/python3.7/site-packages/airflow/example_dags/example_branch_python_dop_operator_3.py
[2023-09-01T10:32:57.650+0000] {processor.py:756} INFO - Processing file /home/airflow/.local/lib/python3.7/site-packages/airflow/example_dags/example_branch_python_dop_operator_3.py for tasks to queue
[2023-09-01T10:32:57.659+0000] {logging_mixin.py:120} INFO - [2023-09-01T10:32:57.656+0000] {dagbag.py:537} INFO - Filling up the DagBag from /home/airflow/.local/lib/python3.7/site-packages/airflow/example_dags/example_branch_python_dop_operator_3.py
[2023-09-01T10:32:57.838+0000] {processor.py:766} INFO - DAG(s) dict_keys(['example_branch_dop_operator_v3']) retrieved from /home/airflow/.local/lib/python3.7/site-packages/airflow/example_dags/example_branch_python_dop_operator_3.py
[2023-09-01T10:32:58.073+0000] {logging_mixin.py:120} INFO - [2023-09-01T10:32:58.073+0000] {dag.py:2585} INFO - Sync 1 DAGs
[2023-09-01T10:32:58.254+0000] {logging_mixin.py:120} INFO - [2023-09-01T10:32:58.254+0000] {dag.py:3340} INFO - Setting next_dagrun for example_branch_dop_operator_v3 to 2023-09-01T10:31:00+00:00, run_after=2023-09-01T10:32:00+00:00
[2023-09-01T10:32:58.383+0000] {processor.py:176} INFO - Processing /home/airflow/.local/lib/python3.7/site-packages/airflow/example_dags/example_branch_python_dop_operator_3.py took 0.759 seconds
[2023-09-01T10:33:28.828+0000] {processor.py:154} INFO - Started process (PID=272) to work on /home/airflow/.local/lib/python3.7/site-packages/airflow/example_dags/example_branch_python_dop_operator_3.py
[2023-09-01T10:33:28.832+0000] {processor.py:756} INFO - Processing file /home/airflow/.local/lib/python3.7/site-packages/airflow/example_dags/example_branch_python_dop_operator_3.py for tasks to queue
[2023-09-01T10:33:28.834+0000] {logging_mixin.py:120} INFO - [2023-09-01T10:33:28.834+0000] {dagbag.py:537} INFO - Filling up the DagBag from /home/airflow/.local/lib/python3.7/site-packages/airflow/example_dags/example_branch_python_dop_operator_3.py
[2023-09-01T10:33:28.880+0000] {processor.py:766} INFO - DAG(s) dict_keys(['example_branch_dop_operator_v3']) retrieved from /home/airflow/.local/lib/python3.7/site-packages/airflow/example_dags/example_branch_python_dop_operator_3.py
[2023-09-01T10:33:28.955+0000] {logging_mixin.py:120} INFO - [2023-09-01T10:33:28.955+0000] {dag.py:2585} INFO - Sync 1 DAGs
[2023-09-01T10:33:29.001+0000] {logging_mixin.py:120} INFO - [2023-09-01T10:33:29.001+0000] {dag.py:3340} INFO - Setting next_dagrun for example_branch_dop_operator_v3 to 2023-09-01T10:32:00+00:00, run_after=2023-09-01T10:33:00+00:00
[2023-09-01T10:33:29.048+0000] {processor.py:176} INFO - Processing /home/airflow/.local/lib/python3.7/site-packages/airflow/example_dags/example_branch_python_dop_operator_3.py took 0.227 seconds
[2023-09-01T10:33:59.376+0000] {processor.py:154} INFO - Started process (PID=326) to work on /home/airflow/.local/lib/python3.7/site-packages/airflow/example_dags/example_branch_python_dop_operator_3.py
[2023-09-01T10:33:59.382+0000] {processor.py:756} INFO - Processing file /home/airflow/.local/lib/python3.7/site-packages/airflow/example_dags/example_branch_python_dop_operator_3.py for tasks to queue
[2023-09-01T10:33:59.391+0000] {logging_mixin.py:120} INFO - [2023-09-01T10:33:59.390+0000] {dagbag.py:537} INFO - Filling up the DagBag from /home/airflow/.local/lib/python3.7/site-packages/airflow/example_dags/example_branch_python_dop_operator_3.py
[2023-09-01T10:33:59.480+0000] {processor.py:766} INFO - DAG(s) dict_keys(['example_branch_dop_operator_v3']) retrieved from /home/airflow/.local/lib/python3.7/site-packages/airflow/example_dags/example_branch_python_dop_operator_3.py
[2023-09-01T10:34:00.209+0000] {logging_mixin.py:120} INFO - [2023-09-01T10:34:00.207+0000] {dag.py:2585} INFO - Sync 1 DAGs
[2023-09-01T10:34:01.188+0000] {logging_mixin.py:120} INFO - [2023-09-01T10:34:01.187+0000] {dag.py:3340} INFO - Setting next_dagrun for example_branch_dop_operator_v3 to 2023-09-01T10:33:00+00:00, run_after=2023-09-01T10:34:00+00:00
[2023-09-01T10:34:01.634+0000] {processor.py:176} INFO - Processing /home/airflow/.local/lib/python3.7/site-packages/airflow/example_dags/example_branch_python_dop_operator_3.py took 2.275 seconds
[2023-09-01T10:34:31.958+0000] {processor.py:154} INFO - Started process (PID=378) to work on /home/airflow/.local/lib/python3.7/site-packages/airflow/example_dags/example_branch_python_dop_operator_3.py
[2023-09-01T10:34:31.961+0000] {processor.py:756} INFO - Processing file /home/airflow/.local/lib/python3.7/site-packages/airflow/example_dags/example_branch_python_dop_operator_3.py for tasks to queue
[2023-09-01T10:34:31.963+0000] {logging_mixin.py:120} INFO - [2023-09-01T10:34:31.963+0000] {dagbag.py:537} INFO - Filling up the DagBag from /home/airflow/.local/lib/python3.7/site-packages/airflow/example_dags/example_branch_python_dop_operator_3.py
[2023-09-01T10:34:32.008+0000] {processor.py:766} INFO - DAG(s) dict_keys(['example_branch_dop_operator_v3']) retrieved from /home/airflow/.local/lib/python3.7/site-packages/airflow/example_dags/example_branch_python_dop_operator_3.py
[2023-09-01T10:34:32.094+0000] {logging_mixin.py:120} INFO - [2023-09-01T10:34:32.093+0000] {dag.py:2585} INFO - Sync 1 DAGs
[2023-09-01T10:34:32.165+0000] {logging_mixin.py:120} INFO - [2023-09-01T10:34:32.165+0000] {dag.py:3340} INFO - Setting next_dagrun for example_branch_dop_operator_v3 to 2023-09-01T10:33:00+00:00, run_after=2023-09-01T10:34:00+00:00
[2023-09-01T10:34:32.213+0000] {processor.py:176} INFO - Processing /home/airflow/.local/lib/python3.7/site-packages/airflow/example_dags/example_branch_python_dop_operator_3.py took 0.267 seconds
[2023-09-01T10:35:02.711+0000] {processor.py:154} INFO - Started process (PID=430) to work on /home/airflow/.local/lib/python3.7/site-packages/airflow/example_dags/example_branch_python_dop_operator_3.py
[2023-09-01T10:35:02.716+0000] {processor.py:756} INFO - Processing file /home/airflow/.local/lib/python3.7/site-packages/airflow/example_dags/example_branch_python_dop_operator_3.py for tasks to queue
[2023-09-01T10:35:02.722+0000] {logging_mixin.py:120} INFO - [2023-09-01T10:35:02.721+0000] {dagbag.py:537} INFO - Filling up the DagBag from /home/airflow/.local/lib/python3.7/site-packages/airflow/example_dags/example_branch_python_dop_operator_3.py
[2023-09-01T10:35:02.858+0000] {processor.py:766} INFO - DAG(s) dict_keys(['example_branch_dop_operator_v3']) retrieved from /home/airflow/.local/lib/python3.7/site-packages/airflow/example_dags/example_branch_python_dop_operator_3.py
[2023-09-01T10:35:03.018+0000] {logging_mixin.py:120} INFO - [2023-09-01T10:35:03.018+0000] {dag.py:2585} INFO - Sync 1 DAGs
[2023-09-01T10:35:03.131+0000] {logging_mixin.py:120} INFO - [2023-09-01T10:35:03.131+0000] {dag.py:3340} INFO - Setting next_dagrun for example_branch_dop_operator_v3 to 2023-09-01T10:34:00+00:00, run_after=2023-09-01T10:35:00+00:00
[2023-09-01T10:35:03.195+0000] {processor.py:176} INFO - Processing /home/airflow/.local/lib/python3.7/site-packages/airflow/example_dags/example_branch_python_dop_operator_3.py took 0.505 seconds
[2023-09-01T10:35:33.571+0000] {processor.py:154} INFO - Started process (PID=485) to work on /home/airflow/.local/lib/python3.7/site-packages/airflow/example_dags/example_branch_python_dop_operator_3.py
[2023-09-01T10:35:33.576+0000] {processor.py:756} INFO - Processing file /home/airflow/.local/lib/python3.7/site-packages/airflow/example_dags/example_branch_python_dop_operator_3.py for tasks to queue
[2023-09-01T10:35:33.582+0000] {logging_mixin.py:120} INFO - [2023-09-01T10:35:33.581+0000] {dagbag.py:537} INFO - Filling up the DagBag from /home/airflow/.local/lib/python3.7/site-packages/airflow/example_dags/example_branch_python_dop_operator_3.py
[2023-09-01T10:35:33.710+0000] {processor.py:766} INFO - DAG(s) dict_keys(['example_branch_dop_operator_v3']) retrieved from /home/airflow/.local/lib/python3.7/site-packages/airflow/example_dags/example_branch_python_dop_operator_3.py
[2023-09-01T10:35:33.937+0000] {logging_mixin.py:120} INFO - [2023-09-01T10:35:33.937+0000] {dag.py:2585} INFO - Sync 1 DAGs
[2023-09-01T10:35:34.066+0000] {logging_mixin.py:120} INFO - [2023-09-01T10:35:34.066+0000] {dag.py:3340} INFO - Setting next_dagrun for example_branch_dop_operator_v3 to 2023-09-01T10:34:00+00:00, run_after=2023-09-01T10:35:00+00:00
[2023-09-01T10:35:34.165+0000] {processor.py:176} INFO - Processing /home/airflow/.local/lib/python3.7/site-packages/airflow/example_dags/example_branch_python_dop_operator_3.py took 0.604 seconds
[2023-09-01T10:36:05.080+0000] {processor.py:154} INFO - Started process (PID=539) to work on /home/airflow/.local/lib/python3.7/site-packages/airflow/example_dags/example_branch_python_dop_operator_3.py
[2023-09-01T10:36:05.085+0000] {processor.py:756} INFO - Processing file /home/airflow/.local/lib/python3.7/site-packages/airflow/example_dags/example_branch_python_dop_operator_3.py for tasks to queue
[2023-09-01T10:36:05.090+0000] {logging_mixin.py:120} INFO - [2023-09-01T10:36:05.090+0000] {dagbag.py:537} INFO - Filling up the DagBag from /home/airflow/.local/lib/python3.7/site-packages/airflow/example_dags/example_branch_python_dop_operator_3.py
[2023-09-01T10:36:05.164+0000] {processor.py:766} INFO - DAG(s) dict_keys(['example_branch_dop_operator_v3']) retrieved from /home/airflow/.local/lib/python3.7/site-packages/airflow/example_dags/example_branch_python_dop_operator_3.py
[2023-09-01T10:36:05.335+0000] {logging_mixin.py:120} INFO - [2023-09-01T10:36:05.335+0000] {dag.py:2585} INFO - Sync 1 DAGs
[2023-09-01T10:36:05.469+0000] {logging_mixin.py:120} INFO - [2023-09-01T10:36:05.467+0000] {dag.py:3340} INFO - Setting next_dagrun for example_branch_dop_operator_v3 to 2023-09-01T10:35:00+00:00, run_after=2023-09-01T10:36:00+00:00
[2023-09-01T10:36:05.557+0000] {processor.py:176} INFO - Processing /home/airflow/.local/lib/python3.7/site-packages/airflow/example_dags/example_branch_python_dop_operator_3.py took 0.516 seconds
[2023-09-01T10:36:35.917+0000] {processor.py:154} INFO - Started process (PID=594) to work on /home/airflow/.local/lib/python3.7/site-packages/airflow/example_dags/example_branch_python_dop_operator_3.py
[2023-09-01T10:36:35.920+0000] {processor.py:756} INFO - Processing file /home/airflow/.local/lib/python3.7/site-packages/airflow/example_dags/example_branch_python_dop_operator_3.py for tasks to queue
[2023-09-01T10:36:35.922+0000] {logging_mixin.py:120} INFO - [2023-09-01T10:36:35.922+0000] {dagbag.py:537} INFO - Filling up the DagBag from /home/airflow/.local/lib/python3.7/site-packages/airflow/example_dags/example_branch_python_dop_operator_3.py
[2023-09-01T10:36:35.983+0000] {processor.py:766} INFO - DAG(s) dict_keys(['example_branch_dop_operator_v3']) retrieved from /home/airflow/.local/lib/python3.7/site-packages/airflow/example_dags/example_branch_python_dop_operator_3.py
[2023-09-01T10:36:36.070+0000] {logging_mixin.py:120} INFO - [2023-09-01T10:36:36.069+0000] {dag.py:2585} INFO - Sync 1 DAGs
[2023-09-01T10:36:36.125+0000] {logging_mixin.py:120} INFO - [2023-09-01T10:36:36.125+0000] {dag.py:3340} INFO - Setting next_dagrun for example_branch_dop_operator_v3 to 2023-09-01T10:35:00+00:00, run_after=2023-09-01T10:36:00+00:00
[2023-09-01T10:36:36.159+0000] {processor.py:176} INFO - Processing /home/airflow/.local/lib/python3.7/site-packages/airflow/example_dags/example_branch_python_dop_operator_3.py took 0.250 seconds
[2023-09-01T10:37:07.354+0000] {processor.py:154} INFO - Started process (PID=659) to work on /home/airflow/.local/lib/python3.7/site-packages/airflow/example_dags/example_branch_python_dop_operator_3.py
[2023-09-01T10:37:07.360+0000] {processor.py:756} INFO - Processing file /home/airflow/.local/lib/python3.7/site-packages/airflow/example_dags/example_branch_python_dop_operator_3.py for tasks to queue
[2023-09-01T10:37:07.365+0000] {logging_mixin.py:120} INFO - [2023-09-01T10:37:07.364+0000] {dagbag.py:537} INFO - Filling up the DagBag from /home/airflow/.local/lib/python3.7/site-packages/airflow/example_dags/example_branch_python_dop_operator_3.py
[2023-09-01T10:37:07.442+0000] {processor.py:766} INFO - DAG(s) dict_keys(['example_branch_dop_operator_v3']) retrieved from /home/airflow/.local/lib/python3.7/site-packages/airflow/example_dags/example_branch_python_dop_operator_3.py
[2023-09-01T10:37:07.600+0000] {logging_mixin.py:120} INFO - [2023-09-01T10:37:07.599+0000] {dag.py:2585} INFO - Sync 1 DAGs
[2023-09-01T10:37:07.698+0000] {logging_mixin.py:120} INFO - [2023-09-01T10:37:07.698+0000] {dag.py:3340} INFO - Setting next_dagrun for example_branch_dop_operator_v3 to 2023-09-01T10:36:00+00:00, run_after=2023-09-01T10:37:00+00:00
[2023-09-01T10:37:07.761+0000] {processor.py:176} INFO - Processing /home/airflow/.local/lib/python3.7/site-packages/airflow/example_dags/example_branch_python_dop_operator_3.py took 0.418 seconds
[2023-09-01T10:37:38.084+0000] {processor.py:154} INFO - Started process (PID=714) to work on /home/airflow/.local/lib/python3.7/site-packages/airflow/example_dags/example_branch_python_dop_operator_3.py
[2023-09-01T10:37:38.089+0000] {processor.py:756} INFO - Processing file /home/airflow/.local/lib/python3.7/site-packages/airflow/example_dags/example_branch_python_dop_operator_3.py for tasks to queue
[2023-09-01T10:37:38.094+0000] {logging_mixin.py:120} INFO - [2023-09-01T10:37:38.093+0000] {dagbag.py:537} INFO - Filling up the DagBag from /home/airflow/.local/lib/python3.7/site-packages/airflow/example_dags/example_branch_python_dop_operator_3.py
[2023-09-01T10:37:38.154+0000] {processor.py:766} INFO - DAG(s) dict_keys(['example_branch_dop_operator_v3']) retrieved from /home/airflow/.local/lib/python3.7/site-packages/airflow/example_dags/example_branch_python_dop_operator_3.py
[2023-09-01T10:37:38.285+0000] {logging_mixin.py:120} INFO - [2023-09-01T10:37:38.285+0000] {dag.py:2585} INFO - Sync 1 DAGs
[2023-09-01T10:37:38.396+0000] {logging_mixin.py:120} INFO - [2023-09-01T10:37:38.396+0000] {dag.py:3340} INFO - Setting next_dagrun for example_branch_dop_operator_v3 to 2023-09-01T10:36:00+00:00, run_after=2023-09-01T10:37:00+00:00
[2023-09-01T10:37:38.472+0000] {processor.py:176} INFO - Processing /home/airflow/.local/lib/python3.7/site-packages/airflow/example_dags/example_branch_python_dop_operator_3.py took 0.397 seconds
[2023-09-01T10:38:12.242+0000] {processor.py:154} INFO - Started process (PID=757) to work on /home/airflow/.local/lib/python3.7/site-packages/airflow/example_dags/example_branch_python_dop_operator_3.py
[2023-09-01T10:38:12.254+0000] {processor.py:756} INFO - Processing file /home/airflow/.local/lib/python3.7/site-packages/airflow/example_dags/example_branch_python_dop_operator_3.py for tasks to queue
[2023-09-01T10:38:12.265+0000] {logging_mixin.py:120} INFO - [2023-09-01T10:38:12.263+0000] {dagbag.py:537} INFO - Filling up the DagBag from /home/airflow/.local/lib/python3.7/site-packages/airflow/example_dags/example_branch_python_dop_operator_3.py
[2023-09-01T10:38:12.475+0000] {processor.py:766} INFO - DAG(s) dict_keys(['example_branch_dop_operator_v3']) retrieved from /home/airflow/.local/lib/python3.7/site-packages/airflow/example_dags/example_branch_python_dop_operator_3.py
[2023-09-01T10:38:12.828+0000] {logging_mixin.py:120} INFO - [2023-09-01T10:38:12.828+0000] {dag.py:2585} INFO - Sync 1 DAGs
[2023-09-01T10:38:13.010+0000] {logging_mixin.py:120} INFO - [2023-09-01T10:38:13.010+0000] {dag.py:3340} INFO - Setting next_dagrun for example_branch_dop_operator_v3 to 2023-09-01T10:37:00+00:00, run_after=2023-09-01T10:38:00+00:00
[2023-09-01T10:38:13.102+0000] {processor.py:176} INFO - Processing /home/airflow/.local/lib/python3.7/site-packages/airflow/example_dags/example_branch_python_dop_operator_3.py took 0.899 seconds
