[2023-09-01T10:30:32.275+0000] {processor.py:154} INFO - Started process (PID=90) to work on /home/airflow/.local/lib/python3.7/site-packages/airflow/example_dags/example_xcom.py
[2023-09-01T10:30:32.287+0000] {processor.py:756} INFO - Processing file /home/airflow/.local/lib/python3.7/site-packages/airflow/example_dags/example_xcom.py for tasks to queue
[2023-09-01T10:30:32.293+0000] {logging_mixin.py:120} INFO - [2023-09-01T10:30:32.292+0000] {dagbag.py:537} INFO - Filling up the DagBag from /home/airflow/.local/lib/python3.7/site-packages/airflow/example_dags/example_xcom.py
[2023-09-01T10:30:32.468+0000] {processor.py:766} INFO - DAG(s) dict_keys(['example_xcom']) retrieved from /home/airflow/.local/lib/python3.7/site-packages/airflow/example_dags/example_xcom.py
[2023-09-01T10:30:33.302+0000] {logging_mixin.py:120} INFO - [2023-09-01T10:30:33.302+0000] {manager.py:507} INFO - Created Permission View: can delete on DAG:example_xcom
[2023-09-01T10:30:33.338+0000] {logging_mixin.py:120} INFO - [2023-09-01T10:30:33.338+0000] {manager.py:507} INFO - Created Permission View: can read on DAG:example_xcom
[2023-09-01T10:30:33.363+0000] {logging_mixin.py:120} INFO - [2023-09-01T10:30:33.361+0000] {manager.py:507} INFO - Created Permission View: can edit on DAG:example_xcom
[2023-09-01T10:30:33.365+0000] {logging_mixin.py:120} INFO - [2023-09-01T10:30:33.364+0000] {dag.py:2585} INFO - Sync 1 DAGs
[2023-09-01T10:30:33.420+0000] {logging_mixin.py:120} INFO - [2023-09-01T10:30:33.420+0000] {dag.py:2606} INFO - Creating ORM DAG for example_xcom
[2023-09-01T10:30:33.471+0000] {logging_mixin.py:120} INFO - [2023-09-01T10:30:33.471+0000] {dag.py:3340} INFO - Setting next_dagrun for example_xcom to 2021-01-01T00:00:00+00:00, run_after=2021-01-01T00:00:00+00:00
[2023-09-01T10:30:33.558+0000] {processor.py:176} INFO - Processing /home/airflow/.local/lib/python3.7/site-packages/airflow/example_dags/example_xcom.py took 1.301 seconds
[2023-09-01T10:32:10.597+0000] {processor.py:154} INFO - Started process (PID=175) to work on /home/airflow/.local/lib/python3.7/site-packages/airflow/example_dags/example_xcom.py
[2023-09-01T10:32:10.641+0000] {processor.py:756} INFO - Processing file /home/airflow/.local/lib/python3.7/site-packages/airflow/example_dags/example_xcom.py for tasks to queue
[2023-09-01T10:32:10.701+0000] {logging_mixin.py:120} INFO - [2023-09-01T10:32:10.665+0000] {dagbag.py:537} INFO - Filling up the DagBag from /home/airflow/.local/lib/python3.7/site-packages/airflow/example_dags/example_xcom.py
[2023-09-01T10:32:12.021+0000] {processor.py:766} INFO - DAG(s) dict_keys(['example_xcom']) retrieved from /home/airflow/.local/lib/python3.7/site-packages/airflow/example_dags/example_xcom.py
[2023-09-01T10:32:13.735+0000] {logging_mixin.py:120} INFO - [2023-09-01T10:32:13.734+0000] {dag.py:2585} INFO - Sync 1 DAGs
[2023-09-01T10:32:14.942+0000] {logging_mixin.py:120} INFO - [2023-09-01T10:32:14.934+0000] {dag.py:3340} INFO - Setting next_dagrun for example_xcom to 2021-01-01T00:00:00+00:00, run_after=2021-01-01T00:00:00+00:00
[2023-09-01T10:32:15.547+0000] {processor.py:176} INFO - Processing /home/airflow/.local/lib/python3.7/site-packages/airflow/example_dags/example_xcom.py took 5.080 seconds
[2023-09-01T10:33:06.059+0000] {processor.py:154} INFO - Started process (PID=240) to work on /home/airflow/.local/lib/python3.7/site-packages/airflow/example_dags/example_xcom.py
[2023-09-01T10:33:06.064+0000] {processor.py:756} INFO - Processing file /home/airflow/.local/lib/python3.7/site-packages/airflow/example_dags/example_xcom.py for tasks to queue
[2023-09-01T10:33:06.068+0000] {logging_mixin.py:120} INFO - [2023-09-01T10:33:06.067+0000] {dagbag.py:537} INFO - Filling up the DagBag from /home/airflow/.local/lib/python3.7/site-packages/airflow/example_dags/example_xcom.py
[2023-09-01T10:33:06.140+0000] {processor.py:766} INFO - DAG(s) dict_keys(['example_xcom']) retrieved from /home/airflow/.local/lib/python3.7/site-packages/airflow/example_dags/example_xcom.py
[2023-09-01T10:33:06.251+0000] {logging_mixin.py:120} INFO - [2023-09-01T10:33:06.250+0000] {dag.py:2585} INFO - Sync 1 DAGs
[2023-09-01T10:33:06.421+0000] {logging_mixin.py:120} INFO - [2023-09-01T10:33:06.420+0000] {dag.py:3340} INFO - Setting next_dagrun for example_xcom to 2021-01-01T00:00:00+00:00, run_after=2021-01-01T00:00:00+00:00
[2023-09-01T10:33:06.498+0000] {processor.py:176} INFO - Processing /home/airflow/.local/lib/python3.7/site-packages/airflow/example_dags/example_xcom.py took 0.453 seconds
[2023-09-01T10:33:39.210+0000] {processor.py:154} INFO - Started process (PID=303) to work on /home/airflow/.local/lib/python3.7/site-packages/airflow/example_dags/example_xcom.py
[2023-09-01T10:33:39.253+0000] {processor.py:756} INFO - Processing file /home/airflow/.local/lib/python3.7/site-packages/airflow/example_dags/example_xcom.py for tasks to queue
[2023-09-01T10:33:39.256+0000] {logging_mixin.py:120} INFO - [2023-09-01T10:33:39.255+0000] {dagbag.py:537} INFO - Filling up the DagBag from /home/airflow/.local/lib/python3.7/site-packages/airflow/example_dags/example_xcom.py
[2023-09-01T10:33:39.417+0000] {processor.py:766} INFO - DAG(s) dict_keys(['example_xcom']) retrieved from /home/airflow/.local/lib/python3.7/site-packages/airflow/example_dags/example_xcom.py
[2023-09-01T10:33:39.609+0000] {logging_mixin.py:120} INFO - [2023-09-01T10:33:39.608+0000] {dag.py:2585} INFO - Sync 1 DAGs
[2023-09-01T10:33:39.728+0000] {logging_mixin.py:120} INFO - [2023-09-01T10:33:39.727+0000] {dag.py:3340} INFO - Setting next_dagrun for example_xcom to 2021-01-01T00:00:00+00:00, run_after=2021-01-01T00:00:00+00:00
[2023-09-01T10:33:39.815+0000] {processor.py:176} INFO - Processing /home/airflow/.local/lib/python3.7/site-packages/airflow/example_dags/example_xcom.py took 0.649 seconds
[2023-09-01T10:34:24.016+0000] {processor.py:154} INFO - Started process (PID=357) to work on /home/airflow/.local/lib/python3.7/site-packages/airflow/example_dags/example_xcom.py
[2023-09-01T10:34:24.030+0000] {processor.py:756} INFO - Processing file /home/airflow/.local/lib/python3.7/site-packages/airflow/example_dags/example_xcom.py for tasks to queue
[2023-09-01T10:34:24.041+0000] {logging_mixin.py:120} INFO - [2023-09-01T10:34:24.040+0000] {dagbag.py:537} INFO - Filling up the DagBag from /home/airflow/.local/lib/python3.7/site-packages/airflow/example_dags/example_xcom.py
[2023-09-01T10:34:24.378+0000] {processor.py:766} INFO - DAG(s) dict_keys(['example_xcom']) retrieved from /home/airflow/.local/lib/python3.7/site-packages/airflow/example_dags/example_xcom.py
[2023-09-01T10:34:24.821+0000] {logging_mixin.py:120} INFO - [2023-09-01T10:34:24.821+0000] {dag.py:2585} INFO - Sync 1 DAGs
[2023-09-01T10:34:25.175+0000] {logging_mixin.py:120} INFO - [2023-09-01T10:34:25.175+0000] {dag.py:3340} INFO - Setting next_dagrun for example_xcom to 2021-01-01T00:00:00+00:00, run_after=2021-01-01T00:00:00+00:00
[2023-09-01T10:34:25.731+0000] {processor.py:176} INFO - Processing /home/airflow/.local/lib/python3.7/site-packages/airflow/example_dags/example_xcom.py took 1.738 seconds
[2023-09-01T10:34:56.496+0000] {processor.py:154} INFO - Started process (PID=417) to work on /home/airflow/.local/lib/python3.7/site-packages/airflow/example_dags/example_xcom.py
[2023-09-01T10:34:56.502+0000] {processor.py:756} INFO - Processing file /home/airflow/.local/lib/python3.7/site-packages/airflow/example_dags/example_xcom.py for tasks to queue
[2023-09-01T10:34:56.509+0000] {logging_mixin.py:120} INFO - [2023-09-01T10:34:56.509+0000] {dagbag.py:537} INFO - Filling up the DagBag from /home/airflow/.local/lib/python3.7/site-packages/airflow/example_dags/example_xcom.py
[2023-09-01T10:34:56.630+0000] {processor.py:766} INFO - DAG(s) dict_keys(['example_xcom']) retrieved from /home/airflow/.local/lib/python3.7/site-packages/airflow/example_dags/example_xcom.py
[2023-09-01T10:34:56.741+0000] {logging_mixin.py:120} INFO - [2023-09-01T10:34:56.741+0000] {dag.py:2585} INFO - Sync 1 DAGs
[2023-09-01T10:34:56.810+0000] {logging_mixin.py:120} INFO - [2023-09-01T10:34:56.810+0000] {dag.py:3340} INFO - Setting next_dagrun for example_xcom to 2021-01-01T00:00:00+00:00, run_after=2021-01-01T00:00:00+00:00
[2023-09-01T10:34:56.865+0000] {processor.py:176} INFO - Processing /home/airflow/.local/lib/python3.7/site-packages/airflow/example_dags/example_xcom.py took 0.382 seconds
[2023-09-01T10:35:27.306+0000] {processor.py:154} INFO - Started process (PID=472) to work on /home/airflow/.local/lib/python3.7/site-packages/airflow/example_dags/example_xcom.py
[2023-09-01T10:35:27.310+0000] {processor.py:756} INFO - Processing file /home/airflow/.local/lib/python3.7/site-packages/airflow/example_dags/example_xcom.py for tasks to queue
[2023-09-01T10:35:27.314+0000] {logging_mixin.py:120} INFO - [2023-09-01T10:35:27.314+0000] {dagbag.py:537} INFO - Filling up the DagBag from /home/airflow/.local/lib/python3.7/site-packages/airflow/example_dags/example_xcom.py
[2023-09-01T10:35:27.400+0000] {processor.py:766} INFO - DAG(s) dict_keys(['example_xcom']) retrieved from /home/airflow/.local/lib/python3.7/site-packages/airflow/example_dags/example_xcom.py
[2023-09-01T10:35:27.560+0000] {logging_mixin.py:120} INFO - [2023-09-01T10:35:27.559+0000] {dag.py:2585} INFO - Sync 1 DAGs
[2023-09-01T10:35:27.692+0000] {logging_mixin.py:120} INFO - [2023-09-01T10:35:27.691+0000] {dag.py:3340} INFO - Setting next_dagrun for example_xcom to 2021-01-01T00:00:00+00:00, run_after=2021-01-01T00:00:00+00:00
[2023-09-01T10:35:27.783+0000] {processor.py:176} INFO - Processing /home/airflow/.local/lib/python3.7/site-packages/airflow/example_dags/example_xcom.py took 0.491 seconds
[2023-09-01T10:35:58.603+0000] {processor.py:154} INFO - Started process (PID=526) to work on /home/airflow/.local/lib/python3.7/site-packages/airflow/example_dags/example_xcom.py
[2023-09-01T10:35:58.615+0000] {processor.py:756} INFO - Processing file /home/airflow/.local/lib/python3.7/site-packages/airflow/example_dags/example_xcom.py for tasks to queue
[2023-09-01T10:35:58.621+0000] {logging_mixin.py:120} INFO - [2023-09-01T10:35:58.621+0000] {dagbag.py:537} INFO - Filling up the DagBag from /home/airflow/.local/lib/python3.7/site-packages/airflow/example_dags/example_xcom.py
[2023-09-01T10:35:59.034+0000] {processor.py:766} INFO - DAG(s) dict_keys(['example_xcom']) retrieved from /home/airflow/.local/lib/python3.7/site-packages/airflow/example_dags/example_xcom.py
[2023-09-01T10:35:59.523+0000] {logging_mixin.py:120} INFO - [2023-09-01T10:35:59.523+0000] {dag.py:2585} INFO - Sync 1 DAGs
[2023-09-01T10:35:59.668+0000] {logging_mixin.py:120} INFO - [2023-09-01T10:35:59.668+0000] {dag.py:3340} INFO - Setting next_dagrun for example_xcom to 2021-01-01T00:00:00+00:00, run_after=2021-01-01T00:00:00+00:00
[2023-09-01T10:35:59.747+0000] {processor.py:176} INFO - Processing /home/airflow/.local/lib/python3.7/site-packages/airflow/example_dags/example_xcom.py took 1.210 seconds
[2023-09-01T10:36:30.536+0000] {processor.py:154} INFO - Started process (PID=581) to work on /home/airflow/.local/lib/python3.7/site-packages/airflow/example_dags/example_xcom.py
[2023-09-01T10:36:30.540+0000] {processor.py:756} INFO - Processing file /home/airflow/.local/lib/python3.7/site-packages/airflow/example_dags/example_xcom.py for tasks to queue
[2023-09-01T10:36:30.542+0000] {logging_mixin.py:120} INFO - [2023-09-01T10:36:30.542+0000] {dagbag.py:537} INFO - Filling up the DagBag from /home/airflow/.local/lib/python3.7/site-packages/airflow/example_dags/example_xcom.py
[2023-09-01T10:36:30.591+0000] {processor.py:766} INFO - DAG(s) dict_keys(['example_xcom']) retrieved from /home/airflow/.local/lib/python3.7/site-packages/airflow/example_dags/example_xcom.py
[2023-09-01T10:36:30.652+0000] {logging_mixin.py:120} INFO - [2023-09-01T10:36:30.652+0000] {dag.py:2585} INFO - Sync 1 DAGs
[2023-09-01T10:36:30.708+0000] {logging_mixin.py:120} INFO - [2023-09-01T10:36:30.708+0000] {dag.py:3340} INFO - Setting next_dagrun for example_xcom to 2021-01-01T00:00:00+00:00, run_after=2021-01-01T00:00:00+00:00
[2023-09-01T10:36:30.766+0000] {processor.py:176} INFO - Processing /home/airflow/.local/lib/python3.7/site-packages/airflow/example_dags/example_xcom.py took 0.236 seconds
[2023-09-01T10:37:01.277+0000] {processor.py:154} INFO - Started process (PID=636) to work on /home/airflow/.local/lib/python3.7/site-packages/airflow/example_dags/example_xcom.py
[2023-09-01T10:37:01.290+0000] {processor.py:756} INFO - Processing file /home/airflow/.local/lib/python3.7/site-packages/airflow/example_dags/example_xcom.py for tasks to queue
[2023-09-01T10:37:01.294+0000] {logging_mixin.py:120} INFO - [2023-09-01T10:37:01.293+0000] {dagbag.py:537} INFO - Filling up the DagBag from /home/airflow/.local/lib/python3.7/site-packages/airflow/example_dags/example_xcom.py
[2023-09-01T10:37:01.533+0000] {processor.py:766} INFO - DAG(s) dict_keys(['example_xcom']) retrieved from /home/airflow/.local/lib/python3.7/site-packages/airflow/example_dags/example_xcom.py
[2023-09-01T10:37:01.885+0000] {logging_mixin.py:120} INFO - [2023-09-01T10:37:01.885+0000] {dag.py:2585} INFO - Sync 1 DAGs
[2023-09-01T10:37:02.062+0000] {logging_mixin.py:120} INFO - [2023-09-01T10:37:02.062+0000] {dag.py:3340} INFO - Setting next_dagrun for example_xcom to 2021-01-01T00:00:00+00:00, run_after=2021-01-01T00:00:00+00:00
[2023-09-01T10:37:02.195+0000] {processor.py:176} INFO - Processing /home/airflow/.local/lib/python3.7/site-packages/airflow/example_dags/example_xcom.py took 0.948 seconds
[2023-09-01T10:37:32.817+0000] {processor.py:154} INFO - Started process (PID=699) to work on /home/airflow/.local/lib/python3.7/site-packages/airflow/example_dags/example_xcom.py
[2023-09-01T10:37:32.825+0000] {processor.py:756} INFO - Processing file /home/airflow/.local/lib/python3.7/site-packages/airflow/example_dags/example_xcom.py for tasks to queue
[2023-09-01T10:37:32.847+0000] {logging_mixin.py:120} INFO - [2023-09-01T10:37:32.846+0000] {dagbag.py:537} INFO - Filling up the DagBag from /home/airflow/.local/lib/python3.7/site-packages/airflow/example_dags/example_xcom.py
[2023-09-01T10:37:32.999+0000] {processor.py:766} INFO - DAG(s) dict_keys(['example_xcom']) retrieved from /home/airflow/.local/lib/python3.7/site-packages/airflow/example_dags/example_xcom.py
[2023-09-01T10:37:33.307+0000] {logging_mixin.py:120} INFO - [2023-09-01T10:37:33.307+0000] {dag.py:2585} INFO - Sync 1 DAGs
[2023-09-01T10:37:33.387+0000] {logging_mixin.py:120} INFO - [2023-09-01T10:37:33.387+0000] {dag.py:3340} INFO - Setting next_dagrun for example_xcom to 2021-01-01T00:00:00+00:00, run_after=2021-01-01T00:00:00+00:00
[2023-09-01T10:37:33.459+0000] {processor.py:176} INFO - Processing /home/airflow/.local/lib/python3.7/site-packages/airflow/example_dags/example_xcom.py took 0.667 seconds
[2023-09-01T10:38:13.680+0000] {processor.py:154} INFO - Started process (PID=760) to work on /home/airflow/.local/lib/python3.7/site-packages/airflow/example_dags/example_xcom.py
[2023-09-01T10:38:13.691+0000] {processor.py:756} INFO - Processing file /home/airflow/.local/lib/python3.7/site-packages/airflow/example_dags/example_xcom.py for tasks to queue
[2023-09-01T10:38:13.699+0000] {logging_mixin.py:120} INFO - [2023-09-01T10:38:13.698+0000] {dagbag.py:537} INFO - Filling up the DagBag from /home/airflow/.local/lib/python3.7/site-packages/airflow/example_dags/example_xcom.py
[2023-09-01T10:38:13.810+0000] {processor.py:766} INFO - DAG(s) dict_keys(['example_xcom']) retrieved from /home/airflow/.local/lib/python3.7/site-packages/airflow/example_dags/example_xcom.py
[2023-09-01T10:38:14.065+0000] {logging_mixin.py:120} INFO - [2023-09-01T10:38:14.065+0000] {dag.py:2585} INFO - Sync 1 DAGs
[2023-09-01T10:38:14.203+0000] {logging_mixin.py:120} INFO - [2023-09-01T10:38:14.203+0000] {dag.py:3340} INFO - Setting next_dagrun for example_xcom to 2021-01-01T00:00:00+00:00, run_after=2021-01-01T00:00:00+00:00
[2023-09-01T10:38:14.263+0000] {processor.py:176} INFO - Processing /home/airflow/.local/lib/python3.7/site-packages/airflow/example_dags/example_xcom.py took 0.599 seconds
