[2023-09-01T10:30:32.622+0000] {processor.py:154} INFO - Started process (PID=91) to work on /home/airflow/.local/lib/python3.7/site-packages/airflow/example_dags/example_short_circuit_operator.py
[2023-09-01T10:30:32.626+0000] {processor.py:756} INFO - Processing file /home/airflow/.local/lib/python3.7/site-packages/airflow/example_dags/example_short_circuit_operator.py for tasks to queue
[2023-09-01T10:30:32.630+0000] {logging_mixin.py:120} INFO - [2023-09-01T10:30:32.630+0000] {dagbag.py:537} INFO - Filling up the DagBag from /home/airflow/.local/lib/python3.7/site-packages/airflow/example_dags/example_short_circuit_operator.py
[2023-09-01T10:30:32.687+0000] {processor.py:766} INFO - DAG(s) dict_keys(['example_short_circuit_operator']) retrieved from /home/airflow/.local/lib/python3.7/site-packages/airflow/example_dags/example_short_circuit_operator.py
[2023-09-01T10:30:33.528+0000] {logging_mixin.py:120} INFO - [2023-09-01T10:30:33.528+0000] {manager.py:507} INFO - Created Permission View: can delete on DAG:example_short_circuit_operator
[2023-09-01T10:30:33.570+0000] {logging_mixin.py:120} INFO - [2023-09-01T10:30:33.569+0000] {manager.py:507} INFO - Created Permission View: can read on DAG:example_short_circuit_operator
[2023-09-01T10:30:33.596+0000] {logging_mixin.py:120} INFO - [2023-09-01T10:30:33.596+0000] {manager.py:507} INFO - Created Permission View: can edit on DAG:example_short_circuit_operator
[2023-09-01T10:30:33.602+0000] {logging_mixin.py:120} INFO - [2023-09-01T10:30:33.601+0000] {dag.py:2585} INFO - Sync 1 DAGs
[2023-09-01T10:30:33.714+0000] {logging_mixin.py:120} INFO - [2023-09-01T10:30:33.714+0000] {dag.py:2606} INFO - Creating ORM DAG for example_short_circuit_operator
[2023-09-01T10:30:33.838+0000] {logging_mixin.py:120} INFO - [2023-09-01T10:30:33.829+0000] {dag.py:3340} INFO - Setting next_dagrun for example_short_circuit_operator to 2023-08-31T10:30:33.824817+00:00, run_after=2023-09-01T10:30:33.824817+00:00
[2023-09-01T10:30:33.911+0000] {processor.py:176} INFO - Processing /home/airflow/.local/lib/python3.7/site-packages/airflow/example_dags/example_short_circuit_operator.py took 1.297 seconds
[2023-09-01T10:32:16.052+0000] {processor.py:154} INFO - Started process (PID=185) to work on /home/airflow/.local/lib/python3.7/site-packages/airflow/example_dags/example_short_circuit_operator.py
[2023-09-01T10:32:16.093+0000] {processor.py:756} INFO - Processing file /home/airflow/.local/lib/python3.7/site-packages/airflow/example_dags/example_short_circuit_operator.py for tasks to queue
[2023-09-01T10:32:16.108+0000] {logging_mixin.py:120} INFO - [2023-09-01T10:32:16.107+0000] {dagbag.py:537} INFO - Filling up the DagBag from /home/airflow/.local/lib/python3.7/site-packages/airflow/example_dags/example_short_circuit_operator.py
[2023-09-01T10:32:16.965+0000] {processor.py:766} INFO - DAG(s) dict_keys(['example_short_circuit_operator']) retrieved from /home/airflow/.local/lib/python3.7/site-packages/airflow/example_dags/example_short_circuit_operator.py
[2023-09-01T10:32:18.166+0000] {logging_mixin.py:120} INFO - [2023-09-01T10:32:18.165+0000] {dag.py:2585} INFO - Sync 1 DAGs
[2023-09-01T10:32:18.691+0000] {logging_mixin.py:120} INFO - [2023-09-01T10:32:18.674+0000] {dag.py:3340} INFO - Setting next_dagrun for example_short_circuit_operator to 2023-08-31T10:32:18.674478+00:00, run_after=2023-09-01T10:32:18.674478+00:00
[2023-09-01T10:32:19.407+0000] {processor.py:176} INFO - Processing /home/airflow/.local/lib/python3.7/site-packages/airflow/example_dags/example_short_circuit_operator.py took 3.428 seconds
[2023-09-01T10:33:06.580+0000] {processor.py:154} INFO - Started process (PID=241) to work on /home/airflow/.local/lib/python3.7/site-packages/airflow/example_dags/example_short_circuit_operator.py
[2023-09-01T10:33:06.586+0000] {processor.py:756} INFO - Processing file /home/airflow/.local/lib/python3.7/site-packages/airflow/example_dags/example_short_circuit_operator.py for tasks to queue
[2023-09-01T10:33:06.591+0000] {logging_mixin.py:120} INFO - [2023-09-01T10:33:06.591+0000] {dagbag.py:537} INFO - Filling up the DagBag from /home/airflow/.local/lib/python3.7/site-packages/airflow/example_dags/example_short_circuit_operator.py
[2023-09-01T10:33:06.715+0000] {processor.py:766} INFO - DAG(s) dict_keys(['example_short_circuit_operator']) retrieved from /home/airflow/.local/lib/python3.7/site-packages/airflow/example_dags/example_short_circuit_operator.py
[2023-09-01T10:33:07.018+0000] {logging_mixin.py:120} INFO - [2023-09-01T10:33:07.014+0000] {dag.py:2585} INFO - Sync 1 DAGs
[2023-09-01T10:33:07.151+0000] {logging_mixin.py:120} INFO - [2023-09-01T10:33:07.151+0000] {dag.py:3340} INFO - Setting next_dagrun for example_short_circuit_operator to 2023-08-31T10:33:07.150542+00:00, run_after=2023-09-01T10:33:07.150542+00:00
[2023-09-01T10:33:07.276+0000] {processor.py:176} INFO - Processing /home/airflow/.local/lib/python3.7/site-packages/airflow/example_dags/example_short_circuit_operator.py took 0.716 seconds
[2023-09-01T10:33:39.949+0000] {processor.py:154} INFO - Started process (PID=304) to work on /home/airflow/.local/lib/python3.7/site-packages/airflow/example_dags/example_short_circuit_operator.py
[2023-09-01T10:33:39.954+0000] {processor.py:756} INFO - Processing file /home/airflow/.local/lib/python3.7/site-packages/airflow/example_dags/example_short_circuit_operator.py for tasks to queue
[2023-09-01T10:33:39.957+0000] {logging_mixin.py:120} INFO - [2023-09-01T10:33:39.957+0000] {dagbag.py:537} INFO - Filling up the DagBag from /home/airflow/.local/lib/python3.7/site-packages/airflow/example_dags/example_short_circuit_operator.py
[2023-09-01T10:33:40.032+0000] {processor.py:766} INFO - DAG(s) dict_keys(['example_short_circuit_operator']) retrieved from /home/airflow/.local/lib/python3.7/site-packages/airflow/example_dags/example_short_circuit_operator.py
[2023-09-01T10:33:40.203+0000] {logging_mixin.py:120} INFO - [2023-09-01T10:33:40.202+0000] {dag.py:2585} INFO - Sync 1 DAGs
[2023-09-01T10:33:40.309+0000] {logging_mixin.py:120} INFO - [2023-09-01T10:33:40.309+0000] {dag.py:3340} INFO - Setting next_dagrun for example_short_circuit_operator to 2023-08-31T10:33:40.307880+00:00, run_after=2023-09-01T10:33:40.307880+00:00
[2023-09-01T10:33:40.396+0000] {processor.py:176} INFO - Processing /home/airflow/.local/lib/python3.7/site-packages/airflow/example_dags/example_short_circuit_operator.py took 0.464 seconds
[2023-09-01T10:34:26.987+0000] {processor.py:154} INFO - Started process (PID=365) to work on /home/airflow/.local/lib/python3.7/site-packages/airflow/example_dags/example_short_circuit_operator.py
[2023-09-01T10:34:26.990+0000] {processor.py:756} INFO - Processing file /home/airflow/.local/lib/python3.7/site-packages/airflow/example_dags/example_short_circuit_operator.py for tasks to queue
[2023-09-01T10:34:26.993+0000] {logging_mixin.py:120} INFO - [2023-09-01T10:34:26.992+0000] {dagbag.py:537} INFO - Filling up the DagBag from /home/airflow/.local/lib/python3.7/site-packages/airflow/example_dags/example_short_circuit_operator.py
[2023-09-01T10:34:27.159+0000] {processor.py:766} INFO - DAG(s) dict_keys(['example_short_circuit_operator']) retrieved from /home/airflow/.local/lib/python3.7/site-packages/airflow/example_dags/example_short_circuit_operator.py
[2023-09-01T10:34:27.490+0000] {logging_mixin.py:120} INFO - [2023-09-01T10:34:27.481+0000] {dag.py:2585} INFO - Sync 1 DAGs
[2023-09-01T10:34:27.683+0000] {logging_mixin.py:120} INFO - [2023-09-01T10:34:27.683+0000] {dag.py:3340} INFO - Setting next_dagrun for example_short_circuit_operator to 2023-08-31T10:34:27.681455+00:00, run_after=2023-09-01T10:34:27.681455+00:00
[2023-09-01T10:34:27.770+0000] {processor.py:176} INFO - Processing /home/airflow/.local/lib/python3.7/site-packages/airflow/example_dags/example_short_circuit_operator.py took 0.795 seconds
[2023-09-01T10:34:57.959+0000] {processor.py:154} INFO - Started process (PID=419) to work on /home/airflow/.local/lib/python3.7/site-packages/airflow/example_dags/example_short_circuit_operator.py
[2023-09-01T10:34:57.962+0000] {processor.py:756} INFO - Processing file /home/airflow/.local/lib/python3.7/site-packages/airflow/example_dags/example_short_circuit_operator.py for tasks to queue
[2023-09-01T10:34:57.966+0000] {logging_mixin.py:120} INFO - [2023-09-01T10:34:57.965+0000] {dagbag.py:537} INFO - Filling up the DagBag from /home/airflow/.local/lib/python3.7/site-packages/airflow/example_dags/example_short_circuit_operator.py
[2023-09-01T10:34:58.044+0000] {processor.py:766} INFO - DAG(s) dict_keys(['example_short_circuit_operator']) retrieved from /home/airflow/.local/lib/python3.7/site-packages/airflow/example_dags/example_short_circuit_operator.py
[2023-09-01T10:34:58.279+0000] {logging_mixin.py:120} INFO - [2023-09-01T10:34:58.279+0000] {dag.py:2585} INFO - Sync 1 DAGs
[2023-09-01T10:34:58.529+0000] {logging_mixin.py:120} INFO - [2023-09-01T10:34:58.528+0000] {dag.py:3340} INFO - Setting next_dagrun for example_short_circuit_operator to 2023-08-31T10:34:58.527144+00:00, run_after=2023-09-01T10:34:58.527144+00:00
[2023-09-01T10:34:58.597+0000] {processor.py:176} INFO - Processing /home/airflow/.local/lib/python3.7/site-packages/airflow/example_dags/example_short_circuit_operator.py took 0.651 seconds
[2023-09-01T10:35:28.997+0000] {processor.py:154} INFO - Started process (PID=474) to work on /home/airflow/.local/lib/python3.7/site-packages/airflow/example_dags/example_short_circuit_operator.py
[2023-09-01T10:35:29.004+0000] {processor.py:756} INFO - Processing file /home/airflow/.local/lib/python3.7/site-packages/airflow/example_dags/example_short_circuit_operator.py for tasks to queue
[2023-09-01T10:35:29.008+0000] {logging_mixin.py:120} INFO - [2023-09-01T10:35:29.007+0000] {dagbag.py:537} INFO - Filling up the DagBag from /home/airflow/.local/lib/python3.7/site-packages/airflow/example_dags/example_short_circuit_operator.py
[2023-09-01T10:35:29.113+0000] {processor.py:766} INFO - DAG(s) dict_keys(['example_short_circuit_operator']) retrieved from /home/airflow/.local/lib/python3.7/site-packages/airflow/example_dags/example_short_circuit_operator.py
[2023-09-01T10:35:29.221+0000] {logging_mixin.py:120} INFO - [2023-09-01T10:35:29.221+0000] {dag.py:2585} INFO - Sync 1 DAGs
[2023-09-01T10:35:29.359+0000] {logging_mixin.py:120} INFO - [2023-09-01T10:35:29.359+0000] {dag.py:3340} INFO - Setting next_dagrun for example_short_circuit_operator to 2023-08-31T10:35:29.358548+00:00, run_after=2023-09-01T10:35:29.358548+00:00
[2023-09-01T10:35:29.477+0000] {processor.py:176} INFO - Processing /home/airflow/.local/lib/python3.7/site-packages/airflow/example_dags/example_short_circuit_operator.py took 0.521 seconds
[2023-09-01T10:35:59.844+0000] {processor.py:154} INFO - Started process (PID=527) to work on /home/airflow/.local/lib/python3.7/site-packages/airflow/example_dags/example_short_circuit_operator.py
[2023-09-01T10:35:59.859+0000] {processor.py:756} INFO - Processing file /home/airflow/.local/lib/python3.7/site-packages/airflow/example_dags/example_short_circuit_operator.py for tasks to queue
[2023-09-01T10:35:59.863+0000] {logging_mixin.py:120} INFO - [2023-09-01T10:35:59.863+0000] {dagbag.py:537} INFO - Filling up the DagBag from /home/airflow/.local/lib/python3.7/site-packages/airflow/example_dags/example_short_circuit_operator.py
[2023-09-01T10:35:59.975+0000] {processor.py:766} INFO - DAG(s) dict_keys(['example_short_circuit_operator']) retrieved from /home/airflow/.local/lib/python3.7/site-packages/airflow/example_dags/example_short_circuit_operator.py
[2023-09-01T10:36:00.404+0000] {logging_mixin.py:120} INFO - [2023-09-01T10:36:00.404+0000] {dag.py:2585} INFO - Sync 1 DAGs
[2023-09-01T10:36:00.494+0000] {logging_mixin.py:120} INFO - [2023-09-01T10:36:00.494+0000] {dag.py:3340} INFO - Setting next_dagrun for example_short_circuit_operator to 2023-08-31T10:36:00.494040+00:00, run_after=2023-09-01T10:36:00.494040+00:00
[2023-09-01T10:36:00.636+0000] {processor.py:176} INFO - Processing /home/airflow/.local/lib/python3.7/site-packages/airflow/example_dags/example_short_circuit_operator.py took 0.814 seconds
[2023-09-01T10:36:30.820+0000] {processor.py:154} INFO - Started process (PID=582) to work on /home/airflow/.local/lib/python3.7/site-packages/airflow/example_dags/example_short_circuit_operator.py
[2023-09-01T10:36:30.824+0000] {processor.py:756} INFO - Processing file /home/airflow/.local/lib/python3.7/site-packages/airflow/example_dags/example_short_circuit_operator.py for tasks to queue
[2023-09-01T10:36:30.825+0000] {logging_mixin.py:120} INFO - [2023-09-01T10:36:30.825+0000] {dagbag.py:537} INFO - Filling up the DagBag from /home/airflow/.local/lib/python3.7/site-packages/airflow/example_dags/example_short_circuit_operator.py
[2023-09-01T10:36:30.849+0000] {processor.py:766} INFO - DAG(s) dict_keys(['example_short_circuit_operator']) retrieved from /home/airflow/.local/lib/python3.7/site-packages/airflow/example_dags/example_short_circuit_operator.py
[2023-09-01T10:36:30.921+0000] {logging_mixin.py:120} INFO - [2023-09-01T10:36:30.921+0000] {dag.py:2585} INFO - Sync 1 DAGs
[2023-09-01T10:36:30.959+0000] {logging_mixin.py:120} INFO - [2023-09-01T10:36:30.959+0000] {dag.py:3340} INFO - Setting next_dagrun for example_short_circuit_operator to 2023-08-31T10:36:30.959443+00:00, run_after=2023-09-01T10:36:30.959443+00:00
[2023-09-01T10:36:30.991+0000] {processor.py:176} INFO - Processing /home/airflow/.local/lib/python3.7/site-packages/airflow/example_dags/example_short_circuit_operator.py took 0.177 seconds
[2023-09-01T10:37:02.257+0000] {processor.py:154} INFO - Started process (PID=637) to work on /home/airflow/.local/lib/python3.7/site-packages/airflow/example_dags/example_short_circuit_operator.py
[2023-09-01T10:37:02.265+0000] {processor.py:756} INFO - Processing file /home/airflow/.local/lib/python3.7/site-packages/airflow/example_dags/example_short_circuit_operator.py for tasks to queue
[2023-09-01T10:37:02.270+0000] {logging_mixin.py:120} INFO - [2023-09-01T10:37:02.269+0000] {dagbag.py:537} INFO - Filling up the DagBag from /home/airflow/.local/lib/python3.7/site-packages/airflow/example_dags/example_short_circuit_operator.py
[2023-09-01T10:37:02.355+0000] {processor.py:766} INFO - DAG(s) dict_keys(['example_short_circuit_operator']) retrieved from /home/airflow/.local/lib/python3.7/site-packages/airflow/example_dags/example_short_circuit_operator.py
[2023-09-01T10:37:02.877+0000] {logging_mixin.py:120} INFO - [2023-09-01T10:37:02.876+0000] {dag.py:2585} INFO - Sync 1 DAGs
[2023-09-01T10:37:03.137+0000] {logging_mixin.py:120} INFO - [2023-09-01T10:37:03.137+0000] {dag.py:3340} INFO - Setting next_dagrun for example_short_circuit_operator to 2023-08-31T10:37:03.136971+00:00, run_after=2023-09-01T10:37:03.136971+00:00
[2023-09-01T10:37:03.274+0000] {processor.py:176} INFO - Processing /home/airflow/.local/lib/python3.7/site-packages/airflow/example_dags/example_short_circuit_operator.py took 1.039 seconds
[2023-09-01T10:37:33.446+0000] {processor.py:154} INFO - Started process (PID=702) to work on /home/airflow/.local/lib/python3.7/site-packages/airflow/example_dags/example_short_circuit_operator.py
[2023-09-01T10:37:33.457+0000] {processor.py:756} INFO - Processing file /home/airflow/.local/lib/python3.7/site-packages/airflow/example_dags/example_short_circuit_operator.py for tasks to queue
[2023-09-01T10:37:33.463+0000] {logging_mixin.py:120} INFO - [2023-09-01T10:37:33.462+0000] {dagbag.py:537} INFO - Filling up the DagBag from /home/airflow/.local/lib/python3.7/site-packages/airflow/example_dags/example_short_circuit_operator.py
[2023-09-01T10:37:33.579+0000] {processor.py:766} INFO - DAG(s) dict_keys(['example_short_circuit_operator']) retrieved from /home/airflow/.local/lib/python3.7/site-packages/airflow/example_dags/example_short_circuit_operator.py
[2023-09-01T10:37:33.764+0000] {logging_mixin.py:120} INFO - [2023-09-01T10:37:33.764+0000] {dag.py:2585} INFO - Sync 1 DAGs
[2023-09-01T10:37:33.889+0000] {logging_mixin.py:120} INFO - [2023-09-01T10:37:33.888+0000] {dag.py:3340} INFO - Setting next_dagrun for example_short_circuit_operator to 2023-08-31T10:37:33.888322+00:00, run_after=2023-09-01T10:37:33.888322+00:00
[2023-09-01T10:37:33.966+0000] {processor.py:176} INFO - Processing /home/airflow/.local/lib/python3.7/site-packages/airflow/example_dags/example_short_circuit_operator.py took 0.535 seconds
[2023-09-01T10:38:14.360+0000] {processor.py:154} INFO - Started process (PID=761) to work on /home/airflow/.local/lib/python3.7/site-packages/airflow/example_dags/example_short_circuit_operator.py
[2023-09-01T10:38:14.365+0000] {processor.py:756} INFO - Processing file /home/airflow/.local/lib/python3.7/site-packages/airflow/example_dags/example_short_circuit_operator.py for tasks to queue
[2023-09-01T10:38:14.370+0000] {logging_mixin.py:120} INFO - [2023-09-01T10:38:14.369+0000] {dagbag.py:537} INFO - Filling up the DagBag from /home/airflow/.local/lib/python3.7/site-packages/airflow/example_dags/example_short_circuit_operator.py
[2023-09-01T10:38:14.453+0000] {processor.py:766} INFO - DAG(s) dict_keys(['example_short_circuit_operator']) retrieved from /home/airflow/.local/lib/python3.7/site-packages/airflow/example_dags/example_short_circuit_operator.py
[2023-09-01T10:38:14.594+0000] {logging_mixin.py:120} INFO - [2023-09-01T10:38:14.594+0000] {dag.py:2585} INFO - Sync 1 DAGs
[2023-09-01T10:38:14.711+0000] {logging_mixin.py:120} INFO - [2023-09-01T10:38:14.711+0000] {dag.py:3340} INFO - Setting next_dagrun for example_short_circuit_operator to 2023-08-31T10:38:14.710934+00:00, run_after=2023-09-01T10:38:14.710934+00:00
[2023-09-01T10:38:14.769+0000] {processor.py:176} INFO - Processing /home/airflow/.local/lib/python3.7/site-packages/airflow/example_dags/example_short_circuit_operator.py took 0.420 seconds
