[2023-09-01T10:30:15.510+0000] {processor.py:154} INFO - Started process (PID=74) to work on /home/airflow/.local/lib/python3.7/site-packages/airflow/example_dags/example_external_task_marker_dag.py
[2023-09-01T10:30:15.527+0000] {processor.py:756} INFO - Processing file /home/airflow/.local/lib/python3.7/site-packages/airflow/example_dags/example_external_task_marker_dag.py for tasks to queue
[2023-09-01T10:30:15.546+0000] {logging_mixin.py:120} INFO - [2023-09-01T10:30:15.545+0000] {dagbag.py:537} INFO - Filling up the DagBag from /home/airflow/.local/lib/python3.7/site-packages/airflow/example_dags/example_external_task_marker_dag.py
[2023-09-01T10:30:16.147+0000] {processor.py:766} INFO - DAG(s) dict_keys(['example_external_task_marker_child', 'example_external_task_marker_parent']) retrieved from /home/airflow/.local/lib/python3.7/site-packages/airflow/example_dags/example_external_task_marker_dag.py
[2023-09-01T10:30:22.341+0000] {logging_mixin.py:120} INFO - [2023-09-01T10:30:22.341+0000] {manager.py:507} INFO - Created Permission View: can delete on DAG:example_external_task_marker_child
[2023-09-01T10:30:22.471+0000] {logging_mixin.py:120} INFO - [2023-09-01T10:30:22.468+0000] {manager.py:507} INFO - Created Permission View: can read on DAG:example_external_task_marker_child
[2023-09-01T10:30:22.534+0000] {logging_mixin.py:120} INFO - [2023-09-01T10:30:22.534+0000] {manager.py:507} INFO - Created Permission View: can edit on DAG:example_external_task_marker_child
[2023-09-01T10:30:22.651+0000] {logging_mixin.py:120} INFO - [2023-09-01T10:30:22.650+0000] {manager.py:507} INFO - Created Permission View: can delete on DAG:example_external_task_marker_parent
[2023-09-01T10:30:22.696+0000] {logging_mixin.py:120} INFO - [2023-09-01T10:30:22.695+0000] {manager.py:507} INFO - Created Permission View: can read on DAG:example_external_task_marker_parent
[2023-09-01T10:30:22.801+0000] {logging_mixin.py:120} INFO - [2023-09-01T10:30:22.801+0000] {manager.py:507} INFO - Created Permission View: can edit on DAG:example_external_task_marker_parent
[2023-09-01T10:30:22.809+0000] {logging_mixin.py:120} INFO - [2023-09-01T10:30:22.807+0000] {dag.py:2585} INFO - Sync 2 DAGs
[2023-09-01T10:30:22.993+0000] {logging_mixin.py:120} INFO - [2023-09-01T10:30:22.993+0000] {dag.py:2606} INFO - Creating ORM DAG for example_external_task_marker_child
[2023-09-01T10:30:23.014+0000] {logging_mixin.py:120} INFO - [2023-09-01T10:30:23.014+0000] {dag.py:2606} INFO - Creating ORM DAG for example_external_task_marker_parent
[2023-09-01T10:30:23.143+0000] {logging_mixin.py:120} INFO - [2023-09-01T10:30:23.143+0000] {dag.py:3340} INFO - Setting next_dagrun for example_external_task_marker_child to None, run_after=None
[2023-09-01T10:30:23.149+0000] {logging_mixin.py:120} INFO - [2023-09-01T10:30:23.149+0000] {dag.py:3340} INFO - Setting next_dagrun for example_external_task_marker_parent to None, run_after=None
[2023-09-01T10:30:23.328+0000] {processor.py:176} INFO - Processing /home/airflow/.local/lib/python3.7/site-packages/airflow/example_dags/example_external_task_marker_dag.py took 7.921 seconds
[2023-09-01T10:31:02.333+0000] {processor.py:154} INFO - Started process (PID=137) to work on /home/airflow/.local/lib/python3.7/site-packages/airflow/example_dags/example_external_task_marker_dag.py
[2023-09-01T10:31:02.342+0000] {processor.py:756} INFO - Processing file /home/airflow/.local/lib/python3.7/site-packages/airflow/example_dags/example_external_task_marker_dag.py for tasks to queue
[2023-09-01T10:31:02.349+0000] {logging_mixin.py:120} INFO - [2023-09-01T10:31:02.347+0000] {dagbag.py:537} INFO - Filling up the DagBag from /home/airflow/.local/lib/python3.7/site-packages/airflow/example_dags/example_external_task_marker_dag.py
[2023-09-01T10:31:02.437+0000] {processor.py:766} INFO - DAG(s) dict_keys(['example_external_task_marker_child', 'example_external_task_marker_parent']) retrieved from /home/airflow/.local/lib/python3.7/site-packages/airflow/example_dags/example_external_task_marker_dag.py
[2023-09-01T10:31:10.555+0000] {logging_mixin.py:120} INFO - [2023-09-01T10:31:10.554+0000] {dag.py:2585} INFO - Sync 2 DAGs
[2023-09-01T10:31:11.347+0000] {logging_mixin.py:120} INFO - [2023-09-01T10:31:11.347+0000] {dag.py:3340} INFO - Setting next_dagrun for example_external_task_marker_child to None, run_after=None
[2023-09-01T10:31:11.414+0000] {logging_mixin.py:120} INFO - [2023-09-01T10:31:11.414+0000] {dag.py:3340} INFO - Setting next_dagrun for example_external_task_marker_parent to None, run_after=None
[2023-09-01T10:31:12.146+0000] {processor.py:176} INFO - Processing /home/airflow/.local/lib/python3.7/site-packages/airflow/example_dags/example_external_task_marker_dag.py took 9.849 seconds
[2023-09-01T10:33:03.585+0000] {processor.py:154} INFO - Started process (PID=232) to work on /home/airflow/.local/lib/python3.7/site-packages/airflow/example_dags/example_external_task_marker_dag.py
[2023-09-01T10:33:03.595+0000] {processor.py:756} INFO - Processing file /home/airflow/.local/lib/python3.7/site-packages/airflow/example_dags/example_external_task_marker_dag.py for tasks to queue
[2023-09-01T10:33:03.601+0000] {logging_mixin.py:120} INFO - [2023-09-01T10:33:03.599+0000] {dagbag.py:537} INFO - Filling up the DagBag from /home/airflow/.local/lib/python3.7/site-packages/airflow/example_dags/example_external_task_marker_dag.py
[2023-09-01T10:33:03.697+0000] {processor.py:766} INFO - DAG(s) dict_keys(['example_external_task_marker_child', 'example_external_task_marker_parent']) retrieved from /home/airflow/.local/lib/python3.7/site-packages/airflow/example_dags/example_external_task_marker_dag.py
[2023-09-01T10:33:04.439+0000] {logging_mixin.py:120} INFO - [2023-09-01T10:33:04.439+0000] {dag.py:2585} INFO - Sync 2 DAGs
[2023-09-01T10:33:04.502+0000] {logging_mixin.py:120} INFO - [2023-09-01T10:33:04.501+0000] {dag.py:3340} INFO - Setting next_dagrun for example_external_task_marker_child to None, run_after=None
[2023-09-01T10:33:04.511+0000] {logging_mixin.py:120} INFO - [2023-09-01T10:33:04.511+0000] {dag.py:3340} INFO - Setting next_dagrun for example_external_task_marker_parent to None, run_after=None
[2023-09-01T10:33:04.587+0000] {processor.py:176} INFO - Processing /home/airflow/.local/lib/python3.7/site-packages/airflow/example_dags/example_external_task_marker_dag.py took 1.021 seconds
[2023-09-01T10:33:35.214+0000] {processor.py:154} INFO - Started process (PID=286) to work on /home/airflow/.local/lib/python3.7/site-packages/airflow/example_dags/example_external_task_marker_dag.py
[2023-09-01T10:33:35.218+0000] {processor.py:756} INFO - Processing file /home/airflow/.local/lib/python3.7/site-packages/airflow/example_dags/example_external_task_marker_dag.py for tasks to queue
[2023-09-01T10:33:35.224+0000] {logging_mixin.py:120} INFO - [2023-09-01T10:33:35.222+0000] {dagbag.py:537} INFO - Filling up the DagBag from /home/airflow/.local/lib/python3.7/site-packages/airflow/example_dags/example_external_task_marker_dag.py
[2023-09-01T10:33:35.314+0000] {processor.py:766} INFO - DAG(s) dict_keys(['example_external_task_marker_parent', 'example_external_task_marker_child']) retrieved from /home/airflow/.local/lib/python3.7/site-packages/airflow/example_dags/example_external_task_marker_dag.py
[2023-09-01T10:33:36.676+0000] {logging_mixin.py:120} INFO - [2023-09-01T10:33:36.676+0000] {dag.py:2585} INFO - Sync 2 DAGs
[2023-09-01T10:33:36.771+0000] {logging_mixin.py:120} INFO - [2023-09-01T10:33:36.770+0000] {dag.py:3340} INFO - Setting next_dagrun for example_external_task_marker_child to None, run_after=None
[2023-09-01T10:33:36.787+0000] {logging_mixin.py:120} INFO - [2023-09-01T10:33:36.787+0000] {dag.py:3340} INFO - Setting next_dagrun for example_external_task_marker_parent to None, run_after=None
[2023-09-01T10:33:36.844+0000] {processor.py:176} INFO - Processing /home/airflow/.local/lib/python3.7/site-packages/airflow/example_dags/example_external_task_marker_dag.py took 1.656 seconds
[2023-09-01T10:34:16.817+0000] {processor.py:154} INFO - Started process (PID=349) to work on /home/airflow/.local/lib/python3.7/site-packages/airflow/example_dags/example_external_task_marker_dag.py
[2023-09-01T10:34:16.822+0000] {processor.py:756} INFO - Processing file /home/airflow/.local/lib/python3.7/site-packages/airflow/example_dags/example_external_task_marker_dag.py for tasks to queue
[2023-09-01T10:34:16.826+0000] {logging_mixin.py:120} INFO - [2023-09-01T10:34:16.825+0000] {dagbag.py:537} INFO - Filling up the DagBag from /home/airflow/.local/lib/python3.7/site-packages/airflow/example_dags/example_external_task_marker_dag.py
[2023-09-01T10:34:16.880+0000] {processor.py:766} INFO - DAG(s) dict_keys(['example_external_task_marker_child', 'example_external_task_marker_parent']) retrieved from /home/airflow/.local/lib/python3.7/site-packages/airflow/example_dags/example_external_task_marker_dag.py
[2023-09-01T10:34:17.798+0000] {logging_mixin.py:120} INFO - [2023-09-01T10:34:17.798+0000] {dag.py:2585} INFO - Sync 2 DAGs
[2023-09-01T10:34:18.096+0000] {logging_mixin.py:120} INFO - [2023-09-01T10:34:18.096+0000] {dag.py:3340} INFO - Setting next_dagrun for example_external_task_marker_child to None, run_after=None
[2023-09-01T10:34:18.216+0000] {logging_mixin.py:120} INFO - [2023-09-01T10:34:18.215+0000] {dag.py:3340} INFO - Setting next_dagrun for example_external_task_marker_parent to None, run_after=None
[2023-09-01T10:34:18.963+0000] {processor.py:176} INFO - Processing /home/airflow/.local/lib/python3.7/site-packages/airflow/example_dags/example_external_task_marker_dag.py took 2.170 seconds
[2023-09-01T10:34:49.552+0000] {processor.py:154} INFO - Started process (PID=403) to work on /home/airflow/.local/lib/python3.7/site-packages/airflow/example_dags/example_external_task_marker_dag.py
[2023-09-01T10:34:49.556+0000] {processor.py:756} INFO - Processing file /home/airflow/.local/lib/python3.7/site-packages/airflow/example_dags/example_external_task_marker_dag.py for tasks to queue
[2023-09-01T10:34:49.560+0000] {logging_mixin.py:120} INFO - [2023-09-01T10:34:49.559+0000] {dagbag.py:537} INFO - Filling up the DagBag from /home/airflow/.local/lib/python3.7/site-packages/airflow/example_dags/example_external_task_marker_dag.py
[2023-09-01T10:34:49.624+0000] {processor.py:766} INFO - DAG(s) dict_keys(['example_external_task_marker_child', 'example_external_task_marker_parent']) retrieved from /home/airflow/.local/lib/python3.7/site-packages/airflow/example_dags/example_external_task_marker_dag.py
[2023-09-01T10:34:50.606+0000] {logging_mixin.py:120} INFO - [2023-09-01T10:34:50.606+0000] {dag.py:2585} INFO - Sync 2 DAGs
[2023-09-01T10:34:50.740+0000] {logging_mixin.py:120} INFO - [2023-09-01T10:34:50.740+0000] {dag.py:3340} INFO - Setting next_dagrun for example_external_task_marker_child to None, run_after=None
[2023-09-01T10:34:50.770+0000] {logging_mixin.py:120} INFO - [2023-09-01T10:34:50.770+0000] {dag.py:3340} INFO - Setting next_dagrun for example_external_task_marker_parent to None, run_after=None
[2023-09-01T10:34:51.011+0000] {processor.py:176} INFO - Processing /home/airflow/.local/lib/python3.7/site-packages/airflow/example_dags/example_external_task_marker_dag.py took 1.473 seconds
[2023-09-01T10:35:21.781+0000] {processor.py:154} INFO - Started process (PID=467) to work on /home/airflow/.local/lib/python3.7/site-packages/airflow/example_dags/example_external_task_marker_dag.py
[2023-09-01T10:35:21.785+0000] {processor.py:756} INFO - Processing file /home/airflow/.local/lib/python3.7/site-packages/airflow/example_dags/example_external_task_marker_dag.py for tasks to queue
[2023-09-01T10:35:21.788+0000] {logging_mixin.py:120} INFO - [2023-09-01T10:35:21.788+0000] {dagbag.py:537} INFO - Filling up the DagBag from /home/airflow/.local/lib/python3.7/site-packages/airflow/example_dags/example_external_task_marker_dag.py
[2023-09-01T10:35:21.866+0000] {processor.py:766} INFO - DAG(s) dict_keys(['example_external_task_marker_child', 'example_external_task_marker_parent']) retrieved from /home/airflow/.local/lib/python3.7/site-packages/airflow/example_dags/example_external_task_marker_dag.py
[2023-09-01T10:35:22.514+0000] {logging_mixin.py:120} INFO - [2023-09-01T10:35:22.514+0000] {dag.py:2585} INFO - Sync 2 DAGs
[2023-09-01T10:35:22.572+0000] {logging_mixin.py:120} INFO - [2023-09-01T10:35:22.571+0000] {dag.py:3340} INFO - Setting next_dagrun for example_external_task_marker_child to None, run_after=None
[2023-09-01T10:35:22.583+0000] {logging_mixin.py:120} INFO - [2023-09-01T10:35:22.583+0000] {dag.py:3340} INFO - Setting next_dagrun for example_external_task_marker_parent to None, run_after=None
[2023-09-01T10:35:22.621+0000] {processor.py:176} INFO - Processing /home/airflow/.local/lib/python3.7/site-packages/airflow/example_dags/example_external_task_marker_dag.py took 0.857 seconds
[2023-09-01T10:35:54.222+0000] {processor.py:154} INFO - Started process (PID=522) to work on /home/airflow/.local/lib/python3.7/site-packages/airflow/example_dags/example_external_task_marker_dag.py
[2023-09-01T10:35:54.232+0000] {processor.py:756} INFO - Processing file /home/airflow/.local/lib/python3.7/site-packages/airflow/example_dags/example_external_task_marker_dag.py for tasks to queue
[2023-09-01T10:35:54.242+0000] {logging_mixin.py:120} INFO - [2023-09-01T10:35:54.240+0000] {dagbag.py:537} INFO - Filling up the DagBag from /home/airflow/.local/lib/python3.7/site-packages/airflow/example_dags/example_external_task_marker_dag.py
[2023-09-01T10:35:54.371+0000] {processor.py:766} INFO - DAG(s) dict_keys(['example_external_task_marker_child', 'example_external_task_marker_parent']) retrieved from /home/airflow/.local/lib/python3.7/site-packages/airflow/example_dags/example_external_task_marker_dag.py
[2023-09-01T10:35:55.206+0000] {logging_mixin.py:120} INFO - [2023-09-01T10:35:55.205+0000] {dag.py:2585} INFO - Sync 2 DAGs
[2023-09-01T10:35:55.293+0000] {logging_mixin.py:120} INFO - [2023-09-01T10:35:55.293+0000] {dag.py:3340} INFO - Setting next_dagrun for example_external_task_marker_child to None, run_after=None
[2023-09-01T10:35:55.307+0000] {logging_mixin.py:120} INFO - [2023-09-01T10:35:55.307+0000] {dag.py:3340} INFO - Setting next_dagrun for example_external_task_marker_parent to None, run_after=None
[2023-09-01T10:35:55.372+0000] {processor.py:176} INFO - Processing /home/airflow/.local/lib/python3.7/site-packages/airflow/example_dags/example_external_task_marker_dag.py took 1.180 seconds
[2023-09-01T10:36:25.469+0000] {processor.py:154} INFO - Started process (PID=577) to work on /home/airflow/.local/lib/python3.7/site-packages/airflow/example_dags/example_external_task_marker_dag.py
[2023-09-01T10:36:25.472+0000] {processor.py:756} INFO - Processing file /home/airflow/.local/lib/python3.7/site-packages/airflow/example_dags/example_external_task_marker_dag.py for tasks to queue
[2023-09-01T10:36:25.477+0000] {logging_mixin.py:120} INFO - [2023-09-01T10:36:25.476+0000] {dagbag.py:537} INFO - Filling up the DagBag from /home/airflow/.local/lib/python3.7/site-packages/airflow/example_dags/example_external_task_marker_dag.py
[2023-09-01T10:36:25.513+0000] {processor.py:766} INFO - DAG(s) dict_keys(['example_external_task_marker_child', 'example_external_task_marker_parent']) retrieved from /home/airflow/.local/lib/python3.7/site-packages/airflow/example_dags/example_external_task_marker_dag.py
[2023-09-01T10:36:26.224+0000] {logging_mixin.py:120} INFO - [2023-09-01T10:36:26.224+0000] {dag.py:2585} INFO - Sync 2 DAGs
[2023-09-01T10:36:26.331+0000] {logging_mixin.py:120} INFO - [2023-09-01T10:36:26.331+0000] {dag.py:3340} INFO - Setting next_dagrun for example_external_task_marker_child to None, run_after=None
[2023-09-01T10:36:26.357+0000] {logging_mixin.py:120} INFO - [2023-09-01T10:36:26.356+0000] {dag.py:3340} INFO - Setting next_dagrun for example_external_task_marker_parent to None, run_after=None
[2023-09-01T10:36:26.448+0000] {processor.py:176} INFO - Processing /home/airflow/.local/lib/python3.7/site-packages/airflow/example_dags/example_external_task_marker_dag.py took 0.986 seconds
[2023-09-01T10:36:56.826+0000] {processor.py:154} INFO - Started process (PID=631) to work on /home/airflow/.local/lib/python3.7/site-packages/airflow/example_dags/example_external_task_marker_dag.py
[2023-09-01T10:36:56.834+0000] {processor.py:756} INFO - Processing file /home/airflow/.local/lib/python3.7/site-packages/airflow/example_dags/example_external_task_marker_dag.py for tasks to queue
[2023-09-01T10:36:56.845+0000] {logging_mixin.py:120} INFO - [2023-09-01T10:36:56.841+0000] {dagbag.py:537} INFO - Filling up the DagBag from /home/airflow/.local/lib/python3.7/site-packages/airflow/example_dags/example_external_task_marker_dag.py
[2023-09-01T10:36:56.985+0000] {processor.py:766} INFO - DAG(s) dict_keys(['example_external_task_marker_child', 'example_external_task_marker_parent']) retrieved from /home/airflow/.local/lib/python3.7/site-packages/airflow/example_dags/example_external_task_marker_dag.py
[2023-09-01T10:36:58.680+0000] {logging_mixin.py:120} INFO - [2023-09-01T10:36:58.680+0000] {dag.py:2585} INFO - Sync 2 DAGs
[2023-09-01T10:36:59.014+0000] {logging_mixin.py:120} INFO - [2023-09-01T10:36:59.014+0000] {dag.py:3340} INFO - Setting next_dagrun for example_external_task_marker_child to None, run_after=None
[2023-09-01T10:36:59.036+0000] {logging_mixin.py:120} INFO - [2023-09-01T10:36:59.036+0000] {dag.py:3340} INFO - Setting next_dagrun for example_external_task_marker_parent to None, run_after=None
[2023-09-01T10:36:59.252+0000] {processor.py:176} INFO - Processing /home/airflow/.local/lib/python3.7/site-packages/airflow/example_dags/example_external_task_marker_dag.py took 2.453 seconds
[2023-09-01T10:37:30.236+0000] {processor.py:154} INFO - Started process (PID=688) to work on /home/airflow/.local/lib/python3.7/site-packages/airflow/example_dags/example_external_task_marker_dag.py
[2023-09-01T10:37:30.241+0000] {processor.py:756} INFO - Processing file /home/airflow/.local/lib/python3.7/site-packages/airflow/example_dags/example_external_task_marker_dag.py for tasks to queue
[2023-09-01T10:37:30.253+0000] {logging_mixin.py:120} INFO - [2023-09-01T10:37:30.252+0000] {dagbag.py:537} INFO - Filling up the DagBag from /home/airflow/.local/lib/python3.7/site-packages/airflow/example_dags/example_external_task_marker_dag.py
[2023-09-01T10:37:30.448+0000] {processor.py:766} INFO - DAG(s) dict_keys(['example_external_task_marker_child', 'example_external_task_marker_parent']) retrieved from /home/airflow/.local/lib/python3.7/site-packages/airflow/example_dags/example_external_task_marker_dag.py
[2023-09-01T10:37:31.921+0000] {logging_mixin.py:120} INFO - [2023-09-01T10:37:31.920+0000] {dag.py:2585} INFO - Sync 2 DAGs
[2023-09-01T10:37:32.224+0000] {logging_mixin.py:120} INFO - [2023-09-01T10:37:32.224+0000] {dag.py:3340} INFO - Setting next_dagrun for example_external_task_marker_child to None, run_after=None
[2023-09-01T10:37:32.240+0000] {logging_mixin.py:120} INFO - [2023-09-01T10:37:32.240+0000] {dag.py:3340} INFO - Setting next_dagrun for example_external_task_marker_parent to None, run_after=None
[2023-09-01T10:37:32.296+0000] {processor.py:176} INFO - Processing /home/airflow/.local/lib/python3.7/site-packages/airflow/example_dags/example_external_task_marker_dag.py took 2.162 seconds
[2023-09-01T10:38:03.083+0000] {processor.py:154} INFO - Started process (PID=739) to work on /home/airflow/.local/lib/python3.7/site-packages/airflow/example_dags/example_external_task_marker_dag.py
[2023-09-01T10:38:03.087+0000] {processor.py:756} INFO - Processing file /home/airflow/.local/lib/python3.7/site-packages/airflow/example_dags/example_external_task_marker_dag.py for tasks to queue
[2023-09-01T10:38:03.103+0000] {logging_mixin.py:120} INFO - [2023-09-01T10:38:03.102+0000] {dagbag.py:537} INFO - Filling up the DagBag from /home/airflow/.local/lib/python3.7/site-packages/airflow/example_dags/example_external_task_marker_dag.py
[2023-09-01T10:38:03.343+0000] {processor.py:766} INFO - DAG(s) dict_keys(['example_external_task_marker_parent', 'example_external_task_marker_child']) retrieved from /home/airflow/.local/lib/python3.7/site-packages/airflow/example_dags/example_external_task_marker_dag.py
[2023-09-01T10:38:07.774+0000] {logging_mixin.py:120} INFO - [2023-09-01T10:38:07.774+0000] {dag.py:2585} INFO - Sync 2 DAGs
[2023-09-01T10:38:08.196+0000] {logging_mixin.py:120} INFO - [2023-09-01T10:38:08.196+0000] {dag.py:3340} INFO - Setting next_dagrun for example_external_task_marker_child to None, run_after=None
[2023-09-01T10:38:08.272+0000] {logging_mixin.py:120} INFO - [2023-09-01T10:38:08.272+0000] {dag.py:3340} INFO - Setting next_dagrun for example_external_task_marker_parent to None, run_after=None
[2023-09-01T10:38:08.530+0000] {processor.py:176} INFO - Processing /home/airflow/.local/lib/python3.7/site-packages/airflow/example_dags/example_external_task_marker_dag.py took 5.514 seconds
