[2023-09-01T10:30:40.760+0000] {processor.py:154} INFO - Started process (PID=105) to work on /home/airflow/.local/lib/python3.7/site-packages/airflow/example_dags/example_local_kubernetes_executor.py
[2023-09-01T10:30:40.774+0000] {processor.py:756} INFO - Processing file /home/airflow/.local/lib/python3.7/site-packages/airflow/example_dags/example_local_kubernetes_executor.py for tasks to queue
[2023-09-01T10:30:40.904+0000] {logging_mixin.py:120} INFO - [2023-09-01T10:30:40.904+0000] {dagbag.py:537} INFO - Filling up the DagBag from /home/airflow/.local/lib/python3.7/site-packages/airflow/example_dags/example_local_kubernetes_executor.py
[2023-09-01T10:30:41.781+0000] {processor.py:766} INFO - DAG(s) dict_keys(['example_local_kubernetes_executor']) retrieved from /home/airflow/.local/lib/python3.7/site-packages/airflow/example_dags/example_local_kubernetes_executor.py
[2023-09-01T10:30:44.421+0000] {logging_mixin.py:120} INFO - [2023-09-01T10:30:44.421+0000] {manager.py:507} INFO - Created Permission View: can delete on DAG:example_local_kubernetes_executor
[2023-09-01T10:30:44.522+0000] {logging_mixin.py:120} INFO - [2023-09-01T10:30:44.521+0000] {manager.py:507} INFO - Created Permission View: can read on DAG:example_local_kubernetes_executor
[2023-09-01T10:30:44.589+0000] {logging_mixin.py:120} INFO - [2023-09-01T10:30:44.589+0000] {manager.py:507} INFO - Created Permission View: can edit on DAG:example_local_kubernetes_executor
[2023-09-01T10:30:44.604+0000] {logging_mixin.py:120} INFO - [2023-09-01T10:30:44.592+0000] {dag.py:2585} INFO - Sync 1 DAGs
[2023-09-01T10:30:44.741+0000] {logging_mixin.py:120} INFO - [2023-09-01T10:30:44.741+0000] {dag.py:2606} INFO - Creating ORM DAG for example_local_kubernetes_executor
[2023-09-01T10:30:44.834+0000] {logging_mixin.py:120} INFO - [2023-09-01T10:30:44.834+0000] {dag.py:3340} INFO - Setting next_dagrun for example_local_kubernetes_executor to None, run_after=None
[2023-09-01T10:30:45.026+0000] {processor.py:176} INFO - Processing /home/airflow/.local/lib/python3.7/site-packages/airflow/example_dags/example_local_kubernetes_executor.py took 4.288 seconds
[2023-09-01T10:32:38.547+0000] {processor.py:154} INFO - Started process (PID=199) to work on /home/airflow/.local/lib/python3.7/site-packages/airflow/example_dags/example_local_kubernetes_executor.py
[2023-09-01T10:32:38.560+0000] {processor.py:756} INFO - Processing file /home/airflow/.local/lib/python3.7/site-packages/airflow/example_dags/example_local_kubernetes_executor.py for tasks to queue
[2023-09-01T10:32:38.565+0000] {logging_mixin.py:120} INFO - [2023-09-01T10:32:38.564+0000] {dagbag.py:537} INFO - Filling up the DagBag from /home/airflow/.local/lib/python3.7/site-packages/airflow/example_dags/example_local_kubernetes_executor.py
[2023-09-01T10:32:41.974+0000] {processor.py:766} INFO - DAG(s) dict_keys(['example_local_kubernetes_executor']) retrieved from /home/airflow/.local/lib/python3.7/site-packages/airflow/example_dags/example_local_kubernetes_executor.py
[2023-09-01T10:32:44.547+0000] {logging_mixin.py:120} INFO - [2023-09-01T10:32:44.546+0000] {dag.py:2585} INFO - Sync 1 DAGs
[2023-09-01T10:32:45.520+0000] {logging_mixin.py:120} INFO - [2023-09-01T10:32:45.520+0000] {dag.py:3340} INFO - Setting next_dagrun for example_local_kubernetes_executor to None, run_after=None
[2023-09-01T10:32:46.165+0000] {processor.py:176} INFO - Processing /home/airflow/.local/lib/python3.7/site-packages/airflow/example_dags/example_local_kubernetes_executor.py took 7.671 seconds
[2023-09-01T10:33:16.639+0000] {processor.py:154} INFO - Started process (PID=255) to work on /home/airflow/.local/lib/python3.7/site-packages/airflow/example_dags/example_local_kubernetes_executor.py
[2023-09-01T10:33:16.642+0000] {processor.py:756} INFO - Processing file /home/airflow/.local/lib/python3.7/site-packages/airflow/example_dags/example_local_kubernetes_executor.py for tasks to queue
[2023-09-01T10:33:16.644+0000] {logging_mixin.py:120} INFO - [2023-09-01T10:33:16.644+0000] {dagbag.py:537} INFO - Filling up the DagBag from /home/airflow/.local/lib/python3.7/site-packages/airflow/example_dags/example_local_kubernetes_executor.py
[2023-09-01T10:33:16.678+0000] {processor.py:766} INFO - DAG(s) dict_keys(['example_local_kubernetes_executor']) retrieved from /home/airflow/.local/lib/python3.7/site-packages/airflow/example_dags/example_local_kubernetes_executor.py
[2023-09-01T10:33:16.735+0000] {logging_mixin.py:120} INFO - [2023-09-01T10:33:16.735+0000] {dag.py:2585} INFO - Sync 1 DAGs
[2023-09-01T10:33:16.776+0000] {logging_mixin.py:120} INFO - [2023-09-01T10:33:16.776+0000] {dag.py:3340} INFO - Setting next_dagrun for example_local_kubernetes_executor to None, run_after=None
[2023-09-01T10:33:16.816+0000] {processor.py:176} INFO - Processing /home/airflow/.local/lib/python3.7/site-packages/airflow/example_dags/example_local_kubernetes_executor.py took 0.182 seconds
[2023-09-01T10:33:47.173+0000] {processor.py:154} INFO - Started process (PID=309) to work on /home/airflow/.local/lib/python3.7/site-packages/airflow/example_dags/example_local_kubernetes_executor.py
[2023-09-01T10:33:47.176+0000] {processor.py:756} INFO - Processing file /home/airflow/.local/lib/python3.7/site-packages/airflow/example_dags/example_local_kubernetes_executor.py for tasks to queue
[2023-09-01T10:33:47.178+0000] {logging_mixin.py:120} INFO - [2023-09-01T10:33:47.178+0000] {dagbag.py:537} INFO - Filling up the DagBag from /home/airflow/.local/lib/python3.7/site-packages/airflow/example_dags/example_local_kubernetes_executor.py
[2023-09-01T10:33:47.248+0000] {processor.py:766} INFO - DAG(s) dict_keys(['example_local_kubernetes_executor']) retrieved from /home/airflow/.local/lib/python3.7/site-packages/airflow/example_dags/example_local_kubernetes_executor.py
[2023-09-01T10:33:47.382+0000] {logging_mixin.py:120} INFO - [2023-09-01T10:33:47.382+0000] {dag.py:2585} INFO - Sync 1 DAGs
[2023-09-01T10:33:47.455+0000] {logging_mixin.py:120} INFO - [2023-09-01T10:33:47.455+0000] {dag.py:3340} INFO - Setting next_dagrun for example_local_kubernetes_executor to None, run_after=None
[2023-09-01T10:33:47.496+0000] {processor.py:176} INFO - Processing /home/airflow/.local/lib/python3.7/site-packages/airflow/example_dags/example_local_kubernetes_executor.py took 0.330 seconds
[2023-09-01T10:34:29.840+0000] {processor.py:154} INFO - Started process (PID=373) to work on /home/airflow/.local/lib/python3.7/site-packages/airflow/example_dags/example_local_kubernetes_executor.py
[2023-09-01T10:34:29.844+0000] {processor.py:756} INFO - Processing file /home/airflow/.local/lib/python3.7/site-packages/airflow/example_dags/example_local_kubernetes_executor.py for tasks to queue
[2023-09-01T10:34:29.847+0000] {logging_mixin.py:120} INFO - [2023-09-01T10:34:29.847+0000] {dagbag.py:537} INFO - Filling up the DagBag from /home/airflow/.local/lib/python3.7/site-packages/airflow/example_dags/example_local_kubernetes_executor.py
[2023-09-01T10:34:29.913+0000] {processor.py:766} INFO - DAG(s) dict_keys(['example_local_kubernetes_executor']) retrieved from /home/airflow/.local/lib/python3.7/site-packages/airflow/example_dags/example_local_kubernetes_executor.py
[2023-09-01T10:34:30.085+0000] {logging_mixin.py:120} INFO - [2023-09-01T10:34:30.085+0000] {dag.py:2585} INFO - Sync 1 DAGs
[2023-09-01T10:34:30.204+0000] {logging_mixin.py:120} INFO - [2023-09-01T10:34:30.204+0000] {dag.py:3340} INFO - Setting next_dagrun for example_local_kubernetes_executor to None, run_after=None
[2023-09-01T10:34:30.303+0000] {processor.py:176} INFO - Processing /home/airflow/.local/lib/python3.7/site-packages/airflow/example_dags/example_local_kubernetes_executor.py took 0.476 seconds
[2023-09-01T10:35:00.914+0000] {processor.py:154} INFO - Started process (PID=426) to work on /home/airflow/.local/lib/python3.7/site-packages/airflow/example_dags/example_local_kubernetes_executor.py
[2023-09-01T10:35:00.918+0000] {processor.py:756} INFO - Processing file /home/airflow/.local/lib/python3.7/site-packages/airflow/example_dags/example_local_kubernetes_executor.py for tasks to queue
[2023-09-01T10:35:00.920+0000] {logging_mixin.py:120} INFO - [2023-09-01T10:35:00.920+0000] {dagbag.py:537} INFO - Filling up the DagBag from /home/airflow/.local/lib/python3.7/site-packages/airflow/example_dags/example_local_kubernetes_executor.py
[2023-09-01T10:35:00.964+0000] {processor.py:766} INFO - DAG(s) dict_keys(['example_local_kubernetes_executor']) retrieved from /home/airflow/.local/lib/python3.7/site-packages/airflow/example_dags/example_local_kubernetes_executor.py
[2023-09-01T10:35:01.039+0000] {logging_mixin.py:120} INFO - [2023-09-01T10:35:01.039+0000] {dag.py:2585} INFO - Sync 1 DAGs
[2023-09-01T10:35:01.089+0000] {logging_mixin.py:120} INFO - [2023-09-01T10:35:01.089+0000] {dag.py:3340} INFO - Setting next_dagrun for example_local_kubernetes_executor to None, run_after=None
[2023-09-01T10:35:01.128+0000] {processor.py:176} INFO - Processing /home/airflow/.local/lib/python3.7/site-packages/airflow/example_dags/example_local_kubernetes_executor.py took 0.221 seconds
[2023-09-01T10:35:31.538+0000] {processor.py:154} INFO - Started process (PID=481) to work on /home/airflow/.local/lib/python3.7/site-packages/airflow/example_dags/example_local_kubernetes_executor.py
[2023-09-01T10:35:31.544+0000] {processor.py:756} INFO - Processing file /home/airflow/.local/lib/python3.7/site-packages/airflow/example_dags/example_local_kubernetes_executor.py for tasks to queue
[2023-09-01T10:35:31.555+0000] {logging_mixin.py:120} INFO - [2023-09-01T10:35:31.553+0000] {dagbag.py:537} INFO - Filling up the DagBag from /home/airflow/.local/lib/python3.7/site-packages/airflow/example_dags/example_local_kubernetes_executor.py
[2023-09-01T10:35:31.694+0000] {processor.py:766} INFO - DAG(s) dict_keys(['example_local_kubernetes_executor']) retrieved from /home/airflow/.local/lib/python3.7/site-packages/airflow/example_dags/example_local_kubernetes_executor.py
[2023-09-01T10:35:31.836+0000] {logging_mixin.py:120} INFO - [2023-09-01T10:35:31.836+0000] {dag.py:2585} INFO - Sync 1 DAGs
[2023-09-01T10:35:31.956+0000] {logging_mixin.py:120} INFO - [2023-09-01T10:35:31.956+0000] {dag.py:3340} INFO - Setting next_dagrun for example_local_kubernetes_executor to None, run_after=None
[2023-09-01T10:35:32.084+0000] {processor.py:176} INFO - Processing /home/airflow/.local/lib/python3.7/site-packages/airflow/example_dags/example_local_kubernetes_executor.py took 0.572 seconds
[2023-09-01T10:36:04.116+0000] {processor.py:154} INFO - Started process (PID=535) to work on /home/airflow/.local/lib/python3.7/site-packages/airflow/example_dags/example_local_kubernetes_executor.py
[2023-09-01T10:36:04.125+0000] {processor.py:756} INFO - Processing file /home/airflow/.local/lib/python3.7/site-packages/airflow/example_dags/example_local_kubernetes_executor.py for tasks to queue
[2023-09-01T10:36:04.132+0000] {logging_mixin.py:120} INFO - [2023-09-01T10:36:04.131+0000] {dagbag.py:537} INFO - Filling up the DagBag from /home/airflow/.local/lib/python3.7/site-packages/airflow/example_dags/example_local_kubernetes_executor.py
[2023-09-01T10:36:04.408+0000] {processor.py:766} INFO - DAG(s) dict_keys(['example_local_kubernetes_executor']) retrieved from /home/airflow/.local/lib/python3.7/site-packages/airflow/example_dags/example_local_kubernetes_executor.py
[2023-09-01T10:36:04.578+0000] {logging_mixin.py:120} INFO - [2023-09-01T10:36:04.577+0000] {dag.py:2585} INFO - Sync 1 DAGs
[2023-09-01T10:36:04.659+0000] {logging_mixin.py:120} INFO - [2023-09-01T10:36:04.659+0000] {dag.py:3340} INFO - Setting next_dagrun for example_local_kubernetes_executor to None, run_after=None
[2023-09-01T10:36:04.707+0000] {processor.py:176} INFO - Processing /home/airflow/.local/lib/python3.7/site-packages/airflow/example_dags/example_local_kubernetes_executor.py took 0.621 seconds
[2023-09-01T10:36:35.478+0000] {processor.py:154} INFO - Started process (PID=590) to work on /home/airflow/.local/lib/python3.7/site-packages/airflow/example_dags/example_local_kubernetes_executor.py
[2023-09-01T10:36:35.483+0000] {processor.py:756} INFO - Processing file /home/airflow/.local/lib/python3.7/site-packages/airflow/example_dags/example_local_kubernetes_executor.py for tasks to queue
[2023-09-01T10:36:35.486+0000] {logging_mixin.py:120} INFO - [2023-09-01T10:36:35.486+0000] {dagbag.py:537} INFO - Filling up the DagBag from /home/airflow/.local/lib/python3.7/site-packages/airflow/example_dags/example_local_kubernetes_executor.py
[2023-09-01T10:36:35.537+0000] {processor.py:766} INFO - DAG(s) dict_keys(['example_local_kubernetes_executor']) retrieved from /home/airflow/.local/lib/python3.7/site-packages/airflow/example_dags/example_local_kubernetes_executor.py
[2023-09-01T10:36:35.622+0000] {logging_mixin.py:120} INFO - [2023-09-01T10:36:35.621+0000] {dag.py:2585} INFO - Sync 1 DAGs
[2023-09-01T10:36:35.668+0000] {logging_mixin.py:120} INFO - [2023-09-01T10:36:35.668+0000] {dag.py:3340} INFO - Setting next_dagrun for example_local_kubernetes_executor to None, run_after=None
[2023-09-01T10:36:35.717+0000] {processor.py:176} INFO - Processing /home/airflow/.local/lib/python3.7/site-packages/airflow/example_dags/example_local_kubernetes_executor.py took 0.250 seconds
[2023-09-01T10:37:06.076+0000] {processor.py:154} INFO - Started process (PID=655) to work on /home/airflow/.local/lib/python3.7/site-packages/airflow/example_dags/example_local_kubernetes_executor.py
[2023-09-01T10:37:06.091+0000] {processor.py:756} INFO - Processing file /home/airflow/.local/lib/python3.7/site-packages/airflow/example_dags/example_local_kubernetes_executor.py for tasks to queue
[2023-09-01T10:37:06.106+0000] {logging_mixin.py:120} INFO - [2023-09-01T10:37:06.105+0000] {dagbag.py:537} INFO - Filling up the DagBag from /home/airflow/.local/lib/python3.7/site-packages/airflow/example_dags/example_local_kubernetes_executor.py
[2023-09-01T10:37:06.323+0000] {processor.py:766} INFO - DAG(s) dict_keys(['example_local_kubernetes_executor']) retrieved from /home/airflow/.local/lib/python3.7/site-packages/airflow/example_dags/example_local_kubernetes_executor.py
[2023-09-01T10:37:06.706+0000] {logging_mixin.py:120} INFO - [2023-09-01T10:37:06.706+0000] {dag.py:2585} INFO - Sync 1 DAGs
[2023-09-01T10:37:06.800+0000] {logging_mixin.py:120} INFO - [2023-09-01T10:37:06.799+0000] {dag.py:3340} INFO - Setting next_dagrun for example_local_kubernetes_executor to None, run_after=None
[2023-09-01T10:37:06.914+0000] {processor.py:176} INFO - Processing /home/airflow/.local/lib/python3.7/site-packages/airflow/example_dags/example_local_kubernetes_executor.py took 0.855 seconds
[2023-09-01T10:37:37.142+0000] {processor.py:154} INFO - Started process (PID=710) to work on /home/airflow/.local/lib/python3.7/site-packages/airflow/example_dags/example_local_kubernetes_executor.py
[2023-09-01T10:37:37.147+0000] {processor.py:756} INFO - Processing file /home/airflow/.local/lib/python3.7/site-packages/airflow/example_dags/example_local_kubernetes_executor.py for tasks to queue
[2023-09-01T10:37:37.171+0000] {logging_mixin.py:120} INFO - [2023-09-01T10:37:37.170+0000] {dagbag.py:537} INFO - Filling up the DagBag from /home/airflow/.local/lib/python3.7/site-packages/airflow/example_dags/example_local_kubernetes_executor.py
[2023-09-01T10:37:37.426+0000] {processor.py:766} INFO - DAG(s) dict_keys(['example_local_kubernetes_executor']) retrieved from /home/airflow/.local/lib/python3.7/site-packages/airflow/example_dags/example_local_kubernetes_executor.py
[2023-09-01T10:37:37.566+0000] {logging_mixin.py:120} INFO - [2023-09-01T10:37:37.566+0000] {dag.py:2585} INFO - Sync 1 DAGs
[2023-09-01T10:37:37.648+0000] {logging_mixin.py:120} INFO - [2023-09-01T10:37:37.648+0000] {dag.py:3340} INFO - Setting next_dagrun for example_local_kubernetes_executor to None, run_after=None
[2023-09-01T10:37:37.695+0000] {processor.py:176} INFO - Processing /home/airflow/.local/lib/python3.7/site-packages/airflow/example_dags/example_local_kubernetes_executor.py took 0.569 seconds
