[2023-09-01T10:30:12.064+0000] {processor.py:154} INFO - Started process (PID=73) to work on /home/airflow/.local/lib/python3.7/site-packages/airflow/example_dags/tutorial_taskflow_api.py
[2023-09-01T10:30:12.070+0000] {processor.py:756} INFO - Processing file /home/airflow/.local/lib/python3.7/site-packages/airflow/example_dags/tutorial_taskflow_api.py for tasks to queue
[2023-09-01T10:30:12.089+0000] {logging_mixin.py:120} INFO - [2023-09-01T10:30:12.089+0000] {dagbag.py:537} INFO - Filling up the DagBag from /home/airflow/.local/lib/python3.7/site-packages/airflow/example_dags/tutorial_taskflow_api.py
[2023-09-01T10:30:12.353+0000] {processor.py:766} INFO - DAG(s) dict_keys(['tutorial_taskflow_api']) retrieved from /home/airflow/.local/lib/python3.7/site-packages/airflow/example_dags/tutorial_taskflow_api.py
[2023-09-01T10:30:16.635+0000] {logging_mixin.py:120} INFO - [2023-09-01T10:30:16.634+0000] {manager.py:507} INFO - Created Permission View: can delete on DAG:tutorial_taskflow_api
[2023-09-01T10:30:16.804+0000] {logging_mixin.py:120} INFO - [2023-09-01T10:30:16.804+0000] {manager.py:507} INFO - Created Permission View: can read on DAG:tutorial_taskflow_api
[2023-09-01T10:30:16.998+0000] {logging_mixin.py:120} INFO - [2023-09-01T10:30:16.998+0000] {manager.py:507} INFO - Created Permission View: can edit on DAG:tutorial_taskflow_api
[2023-09-01T10:30:17.012+0000] {logging_mixin.py:120} INFO - [2023-09-01T10:30:17.001+0000] {dag.py:2585} INFO - Sync 1 DAGs
[2023-09-01T10:30:17.205+0000] {logging_mixin.py:120} INFO - [2023-09-01T10:30:17.204+0000] {dag.py:2606} INFO - Creating ORM DAG for tutorial_taskflow_api
[2023-09-01T10:30:17.344+0000] {logging_mixin.py:120} INFO - [2023-09-01T10:30:17.343+0000] {dag.py:3340} INFO - Setting next_dagrun for tutorial_taskflow_api to None, run_after=None
[2023-09-01T10:30:18.174+0000] {processor.py:176} INFO - Processing /home/airflow/.local/lib/python3.7/site-packages/airflow/example_dags/tutorial_taskflow_api.py took 6.161 seconds
[2023-09-01T10:31:01.621+0000] {processor.py:154} INFO - Started process (PID=136) to work on /home/airflow/.local/lib/python3.7/site-packages/airflow/example_dags/tutorial_taskflow_api.py
[2023-09-01T10:31:01.633+0000] {processor.py:756} INFO - Processing file /home/airflow/.local/lib/python3.7/site-packages/airflow/example_dags/tutorial_taskflow_api.py for tasks to queue
[2023-09-01T10:31:01.636+0000] {logging_mixin.py:120} INFO - [2023-09-01T10:31:01.636+0000] {dagbag.py:537} INFO - Filling up the DagBag from /home/airflow/.local/lib/python3.7/site-packages/airflow/example_dags/tutorial_taskflow_api.py
[2023-09-01T10:31:01.798+0000] {processor.py:766} INFO - DAG(s) dict_keys(['tutorial_taskflow_api']) retrieved from /home/airflow/.local/lib/python3.7/site-packages/airflow/example_dags/tutorial_taskflow_api.py
[2023-09-01T10:31:02.075+0000] {logging_mixin.py:120} INFO - [2023-09-01T10:31:02.073+0000] {dag.py:2585} INFO - Sync 1 DAGs
[2023-09-01T10:31:02.246+0000] {logging_mixin.py:120} INFO - [2023-09-01T10:31:02.244+0000] {dag.py:3340} INFO - Setting next_dagrun for tutorial_taskflow_api to None, run_after=None
[2023-09-01T10:31:02.355+0000] {processor.py:176} INFO - Processing /home/airflow/.local/lib/python3.7/site-packages/airflow/example_dags/tutorial_taskflow_api.py took 0.788 seconds
[2023-09-01T10:33:03.434+0000] {processor.py:154} INFO - Started process (PID=231) to work on /home/airflow/.local/lib/python3.7/site-packages/airflow/example_dags/tutorial_taskflow_api.py
[2023-09-01T10:33:03.446+0000] {processor.py:756} INFO - Processing file /home/airflow/.local/lib/python3.7/site-packages/airflow/example_dags/tutorial_taskflow_api.py for tasks to queue
[2023-09-01T10:33:03.463+0000] {logging_mixin.py:120} INFO - [2023-09-01T10:33:03.451+0000] {dagbag.py:537} INFO - Filling up the DagBag from /home/airflow/.local/lib/python3.7/site-packages/airflow/example_dags/tutorial_taskflow_api.py
[2023-09-01T10:33:03.529+0000] {processor.py:766} INFO - DAG(s) dict_keys(['tutorial_taskflow_api']) retrieved from /home/airflow/.local/lib/python3.7/site-packages/airflow/example_dags/tutorial_taskflow_api.py
[2023-09-01T10:33:03.814+0000] {logging_mixin.py:120} INFO - [2023-09-01T10:33:03.814+0000] {dag.py:2585} INFO - Sync 1 DAGs
[2023-09-01T10:33:03.930+0000] {logging_mixin.py:120} INFO - [2023-09-01T10:33:03.930+0000] {dag.py:3340} INFO - Setting next_dagrun for tutorial_taskflow_api to None, run_after=None
[2023-09-01T10:33:04.012+0000] {processor.py:176} INFO - Processing /home/airflow/.local/lib/python3.7/site-packages/airflow/example_dags/tutorial_taskflow_api.py took 0.593 seconds
[2023-09-01T10:33:34.990+0000] {processor.py:154} INFO - Started process (PID=285) to work on /home/airflow/.local/lib/python3.7/site-packages/airflow/example_dags/tutorial_taskflow_api.py
[2023-09-01T10:33:34.994+0000] {processor.py:756} INFO - Processing file /home/airflow/.local/lib/python3.7/site-packages/airflow/example_dags/tutorial_taskflow_api.py for tasks to queue
[2023-09-01T10:33:34.999+0000] {logging_mixin.py:120} INFO - [2023-09-01T10:33:34.999+0000] {dagbag.py:537} INFO - Filling up the DagBag from /home/airflow/.local/lib/python3.7/site-packages/airflow/example_dags/tutorial_taskflow_api.py
[2023-09-01T10:33:35.160+0000] {processor.py:766} INFO - DAG(s) dict_keys(['tutorial_taskflow_api']) retrieved from /home/airflow/.local/lib/python3.7/site-packages/airflow/example_dags/tutorial_taskflow_api.py
[2023-09-01T10:33:35.403+0000] {logging_mixin.py:120} INFO - [2023-09-01T10:33:35.403+0000] {dag.py:2585} INFO - Sync 1 DAGs
[2023-09-01T10:33:35.568+0000] {logging_mixin.py:120} INFO - [2023-09-01T10:33:35.568+0000] {dag.py:3340} INFO - Setting next_dagrun for tutorial_taskflow_api to None, run_after=None
[2023-09-01T10:33:35.669+0000] {processor.py:176} INFO - Processing /home/airflow/.local/lib/python3.7/site-packages/airflow/example_dags/tutorial_taskflow_api.py took 0.701 seconds
[2023-09-01T10:34:16.642+0000] {processor.py:154} INFO - Started process (PID=348) to work on /home/airflow/.local/lib/python3.7/site-packages/airflow/example_dags/tutorial_taskflow_api.py
[2023-09-01T10:34:16.646+0000] {processor.py:756} INFO - Processing file /home/airflow/.local/lib/python3.7/site-packages/airflow/example_dags/tutorial_taskflow_api.py for tasks to queue
[2023-09-01T10:34:16.655+0000] {logging_mixin.py:120} INFO - [2023-09-01T10:34:16.654+0000] {dagbag.py:537} INFO - Filling up the DagBag from /home/airflow/.local/lib/python3.7/site-packages/airflow/example_dags/tutorial_taskflow_api.py
[2023-09-01T10:34:16.710+0000] {processor.py:766} INFO - DAG(s) dict_keys(['tutorial_taskflow_api']) retrieved from /home/airflow/.local/lib/python3.7/site-packages/airflow/example_dags/tutorial_taskflow_api.py
[2023-09-01T10:34:16.842+0000] {logging_mixin.py:120} INFO - [2023-09-01T10:34:16.842+0000] {dag.py:2585} INFO - Sync 1 DAGs
[2023-09-01T10:34:16.973+0000] {logging_mixin.py:120} INFO - [2023-09-01T10:34:16.973+0000] {dag.py:3340} INFO - Setting next_dagrun for tutorial_taskflow_api to None, run_after=None
[2023-09-01T10:34:17.039+0000] {processor.py:176} INFO - Processing /home/airflow/.local/lib/python3.7/site-packages/airflow/example_dags/tutorial_taskflow_api.py took 0.419 seconds
[2023-09-01T10:34:47.259+0000] {processor.py:154} INFO - Started process (PID=401) to work on /home/airflow/.local/lib/python3.7/site-packages/airflow/example_dags/tutorial_taskflow_api.py
[2023-09-01T10:34:47.261+0000] {processor.py:756} INFO - Processing file /home/airflow/.local/lib/python3.7/site-packages/airflow/example_dags/tutorial_taskflow_api.py for tasks to queue
[2023-09-01T10:34:47.263+0000] {logging_mixin.py:120} INFO - [2023-09-01T10:34:47.263+0000] {dagbag.py:537} INFO - Filling up the DagBag from /home/airflow/.local/lib/python3.7/site-packages/airflow/example_dags/tutorial_taskflow_api.py
[2023-09-01T10:34:47.294+0000] {processor.py:766} INFO - DAG(s) dict_keys(['tutorial_taskflow_api']) retrieved from /home/airflow/.local/lib/python3.7/site-packages/airflow/example_dags/tutorial_taskflow_api.py
[2023-09-01T10:34:47.348+0000] {logging_mixin.py:120} INFO - [2023-09-01T10:34:47.348+0000] {dag.py:2585} INFO - Sync 1 DAGs
[2023-09-01T10:34:47.383+0000] {logging_mixin.py:120} INFO - [2023-09-01T10:34:47.383+0000] {dag.py:3340} INFO - Setting next_dagrun for tutorial_taskflow_api to None, run_after=None
[2023-09-01T10:34:47.416+0000] {processor.py:176} INFO - Processing /home/airflow/.local/lib/python3.7/site-packages/airflow/example_dags/tutorial_taskflow_api.py took 0.168 seconds
[2023-09-01T10:35:17.498+0000] {processor.py:154} INFO - Started process (PID=454) to work on /home/airflow/.local/lib/python3.7/site-packages/airflow/example_dags/tutorial_taskflow_api.py
[2023-09-01T10:35:17.500+0000] {processor.py:756} INFO - Processing file /home/airflow/.local/lib/python3.7/site-packages/airflow/example_dags/tutorial_taskflow_api.py for tasks to queue
[2023-09-01T10:35:17.501+0000] {logging_mixin.py:120} INFO - [2023-09-01T10:35:17.501+0000] {dagbag.py:537} INFO - Filling up the DagBag from /home/airflow/.local/lib/python3.7/site-packages/airflow/example_dags/tutorial_taskflow_api.py
[2023-09-01T10:35:17.545+0000] {processor.py:766} INFO - DAG(s) dict_keys(['tutorial_taskflow_api']) retrieved from /home/airflow/.local/lib/python3.7/site-packages/airflow/example_dags/tutorial_taskflow_api.py
[2023-09-01T10:35:17.602+0000] {logging_mixin.py:120} INFO - [2023-09-01T10:35:17.602+0000] {dag.py:2585} INFO - Sync 1 DAGs
[2023-09-01T10:35:17.643+0000] {logging_mixin.py:120} INFO - [2023-09-01T10:35:17.643+0000] {dag.py:3340} INFO - Setting next_dagrun for tutorial_taskflow_api to None, run_after=None
[2023-09-01T10:35:17.670+0000] {processor.py:176} INFO - Processing /home/airflow/.local/lib/python3.7/site-packages/airflow/example_dags/tutorial_taskflow_api.py took 0.177 seconds
[2023-09-01T10:35:52.049+0000] {processor.py:154} INFO - Started process (PID=518) to work on /home/airflow/.local/lib/python3.7/site-packages/airflow/example_dags/tutorial_taskflow_api.py
[2023-09-01T10:35:52.059+0000] {processor.py:756} INFO - Processing file /home/airflow/.local/lib/python3.7/site-packages/airflow/example_dags/tutorial_taskflow_api.py for tasks to queue
[2023-09-01T10:35:52.069+0000] {logging_mixin.py:120} INFO - [2023-09-01T10:35:52.066+0000] {dagbag.py:537} INFO - Filling up the DagBag from /home/airflow/.local/lib/python3.7/site-packages/airflow/example_dags/tutorial_taskflow_api.py
[2023-09-01T10:35:52.391+0000] {processor.py:766} INFO - DAG(s) dict_keys(['tutorial_taskflow_api']) retrieved from /home/airflow/.local/lib/python3.7/site-packages/airflow/example_dags/tutorial_taskflow_api.py
[2023-09-01T10:35:52.696+0000] {logging_mixin.py:120} INFO - [2023-09-01T10:35:52.696+0000] {dag.py:2585} INFO - Sync 1 DAGs
[2023-09-01T10:35:52.983+0000] {logging_mixin.py:120} INFO - [2023-09-01T10:35:52.983+0000] {dag.py:3340} INFO - Setting next_dagrun for tutorial_taskflow_api to None, run_after=None
[2023-09-01T10:35:53.064+0000] {processor.py:176} INFO - Processing /home/airflow/.local/lib/python3.7/site-packages/airflow/example_dags/tutorial_taskflow_api.py took 1.046 seconds
[2023-09-01T10:36:23.939+0000] {processor.py:154} INFO - Started process (PID=573) to work on /home/airflow/.local/lib/python3.7/site-packages/airflow/example_dags/tutorial_taskflow_api.py
[2023-09-01T10:36:23.950+0000] {processor.py:756} INFO - Processing file /home/airflow/.local/lib/python3.7/site-packages/airflow/example_dags/tutorial_taskflow_api.py for tasks to queue
[2023-09-01T10:36:23.957+0000] {logging_mixin.py:120} INFO - [2023-09-01T10:36:23.956+0000] {dagbag.py:537} INFO - Filling up the DagBag from /home/airflow/.local/lib/python3.7/site-packages/airflow/example_dags/tutorial_taskflow_api.py
[2023-09-01T10:36:24.036+0000] {processor.py:766} INFO - DAG(s) dict_keys(['tutorial_taskflow_api']) retrieved from /home/airflow/.local/lib/python3.7/site-packages/airflow/example_dags/tutorial_taskflow_api.py
[2023-09-01T10:36:24.138+0000] {logging_mixin.py:120} INFO - [2023-09-01T10:36:24.137+0000] {dag.py:2585} INFO - Sync 1 DAGs
[2023-09-01T10:36:24.210+0000] {logging_mixin.py:120} INFO - [2023-09-01T10:36:24.210+0000] {dag.py:3340} INFO - Setting next_dagrun for tutorial_taskflow_api to None, run_after=None
[2023-09-01T10:36:24.273+0000] {processor.py:176} INFO - Processing /home/airflow/.local/lib/python3.7/site-packages/airflow/example_dags/tutorial_taskflow_api.py took 0.366 seconds
[2023-09-01T10:36:54.898+0000] {processor.py:154} INFO - Started process (PID=628) to work on /home/airflow/.local/lib/python3.7/site-packages/airflow/example_dags/tutorial_taskflow_api.py
[2023-09-01T10:36:54.908+0000] {processor.py:756} INFO - Processing file /home/airflow/.local/lib/python3.7/site-packages/airflow/example_dags/tutorial_taskflow_api.py for tasks to queue
[2023-09-01T10:36:54.911+0000] {logging_mixin.py:120} INFO - [2023-09-01T10:36:54.911+0000] {dagbag.py:537} INFO - Filling up the DagBag from /home/airflow/.local/lib/python3.7/site-packages/airflow/example_dags/tutorial_taskflow_api.py
[2023-09-01T10:36:55.071+0000] {processor.py:766} INFO - DAG(s) dict_keys(['tutorial_taskflow_api']) retrieved from /home/airflow/.local/lib/python3.7/site-packages/airflow/example_dags/tutorial_taskflow_api.py
[2023-09-01T10:36:55.448+0000] {logging_mixin.py:120} INFO - [2023-09-01T10:36:55.448+0000] {dag.py:2585} INFO - Sync 1 DAGs
[2023-09-01T10:36:55.910+0000] {logging_mixin.py:120} INFO - [2023-09-01T10:36:55.909+0000] {dag.py:3340} INFO - Setting next_dagrun for tutorial_taskflow_api to None, run_after=None
[2023-09-01T10:36:55.997+0000] {processor.py:176} INFO - Processing /home/airflow/.local/lib/python3.7/site-packages/airflow/example_dags/tutorial_taskflow_api.py took 1.127 seconds
[2023-09-01T10:37:27.048+0000] {processor.py:154} INFO - Started process (PID=684) to work on /home/airflow/.local/lib/python3.7/site-packages/airflow/example_dags/tutorial_taskflow_api.py
[2023-09-01T10:37:27.051+0000] {processor.py:756} INFO - Processing file /home/airflow/.local/lib/python3.7/site-packages/airflow/example_dags/tutorial_taskflow_api.py for tasks to queue
[2023-09-01T10:37:27.054+0000] {logging_mixin.py:120} INFO - [2023-09-01T10:37:27.054+0000] {dagbag.py:537} INFO - Filling up the DagBag from /home/airflow/.local/lib/python3.7/site-packages/airflow/example_dags/tutorial_taskflow_api.py
[2023-09-01T10:37:27.246+0000] {processor.py:766} INFO - DAG(s) dict_keys(['tutorial_taskflow_api']) retrieved from /home/airflow/.local/lib/python3.7/site-packages/airflow/example_dags/tutorial_taskflow_api.py
[2023-09-01T10:37:27.857+0000] {logging_mixin.py:120} INFO - [2023-09-01T10:37:27.857+0000] {dag.py:2585} INFO - Sync 1 DAGs
[2023-09-01T10:37:28.114+0000] {logging_mixin.py:120} INFO - [2023-09-01T10:37:28.113+0000] {dag.py:3340} INFO - Setting next_dagrun for tutorial_taskflow_api to None, run_after=None
[2023-09-01T10:37:28.258+0000] {processor.py:176} INFO - Processing /home/airflow/.local/lib/python3.7/site-packages/airflow/example_dags/tutorial_taskflow_api.py took 1.253 seconds
[2023-09-01T10:38:02.806+0000] {processor.py:154} INFO - Started process (PID=738) to work on /home/airflow/.local/lib/python3.7/site-packages/airflow/example_dags/tutorial_taskflow_api.py
[2023-09-01T10:38:02.809+0000] {processor.py:756} INFO - Processing file /home/airflow/.local/lib/python3.7/site-packages/airflow/example_dags/tutorial_taskflow_api.py for tasks to queue
[2023-09-01T10:38:02.831+0000] {logging_mixin.py:120} INFO - [2023-09-01T10:38:02.831+0000] {dagbag.py:537} INFO - Filling up the DagBag from /home/airflow/.local/lib/python3.7/site-packages/airflow/example_dags/tutorial_taskflow_api.py
[2023-09-01T10:38:03.288+0000] {processor.py:766} INFO - DAG(s) dict_keys(['tutorial_taskflow_api']) retrieved from /home/airflow/.local/lib/python3.7/site-packages/airflow/example_dags/tutorial_taskflow_api.py
[2023-09-01T10:38:03.761+0000] {logging_mixin.py:120} INFO - [2023-09-01T10:38:03.760+0000] {dag.py:2585} INFO - Sync 1 DAGs
[2023-09-01T10:38:04.155+0000] {logging_mixin.py:120} INFO - [2023-09-01T10:38:04.155+0000] {dag.py:3340} INFO - Setting next_dagrun for tutorial_taskflow_api to None, run_after=None
[2023-09-01T10:38:04.499+0000] {processor.py:176} INFO - Processing /home/airflow/.local/lib/python3.7/site-packages/airflow/example_dags/tutorial_taskflow_api.py took 1.760 seconds
