[2023-09-01T10:30:07.930+0000] {processor.py:154} INFO - Started process (PID=71) to work on /home/airflow/.local/lib/python3.7/site-packages/airflow/example_dags/tutorial_dag.py
[2023-09-01T10:30:07.952+0000] {processor.py:756} INFO - Processing file /home/airflow/.local/lib/python3.7/site-packages/airflow/example_dags/tutorial_dag.py for tasks to queue
[2023-09-01T10:30:07.962+0000] {logging_mixin.py:120} INFO - [2023-09-01T10:30:07.962+0000] {dagbag.py:537} INFO - Filling up the DagBag from /home/airflow/.local/lib/python3.7/site-packages/airflow/example_dags/tutorial_dag.py
[2023-09-01T10:30:08.294+0000] {processor.py:766} INFO - DAG(s) dict_keys(['tutorial_dag']) retrieved from /home/airflow/.local/lib/python3.7/site-packages/airflow/example_dags/tutorial_dag.py
[2023-09-01T10:30:10.760+0000] {logging_mixin.py:120} INFO - [2023-09-01T10:30:10.760+0000] {manager.py:507} INFO - Created Permission View: can delete on DAG:tutorial_dag
[2023-09-01T10:30:10.865+0000] {logging_mixin.py:120} INFO - [2023-09-01T10:30:10.865+0000] {manager.py:507} INFO - Created Permission View: can read on DAG:tutorial_dag
[2023-09-01T10:30:10.943+0000] {logging_mixin.py:120} INFO - [2023-09-01T10:30:10.943+0000] {manager.py:507} INFO - Created Permission View: can edit on DAG:tutorial_dag
[2023-09-01T10:30:10.949+0000] {logging_mixin.py:120} INFO - [2023-09-01T10:30:10.949+0000] {dag.py:2585} INFO - Sync 1 DAGs
[2023-09-01T10:30:11.182+0000] {logging_mixin.py:120} INFO - [2023-09-01T10:30:11.181+0000] {dag.py:2606} INFO - Creating ORM DAG for tutorial_dag
[2023-09-01T10:30:11.399+0000] {logging_mixin.py:120} INFO - [2023-09-01T10:30:11.399+0000] {dag.py:3340} INFO - Setting next_dagrun for tutorial_dag to None, run_after=None
[2023-09-01T10:30:11.673+0000] {processor.py:176} INFO - Processing /home/airflow/.local/lib/python3.7/site-packages/airflow/example_dags/tutorial_dag.py took 3.776 seconds
[2023-09-01T10:31:00.499+0000] {processor.py:154} INFO - Started process (PID=134) to work on /home/airflow/.local/lib/python3.7/site-packages/airflow/example_dags/tutorial_dag.py
[2023-09-01T10:31:00.510+0000] {processor.py:756} INFO - Processing file /home/airflow/.local/lib/python3.7/site-packages/airflow/example_dags/tutorial_dag.py for tasks to queue
[2023-09-01T10:31:00.514+0000] {logging_mixin.py:120} INFO - [2023-09-01T10:31:00.514+0000] {dagbag.py:537} INFO - Filling up the DagBag from /home/airflow/.local/lib/python3.7/site-packages/airflow/example_dags/tutorial_dag.py
[2023-09-01T10:31:00.607+0000] {processor.py:766} INFO - DAG(s) dict_keys(['tutorial_dag']) retrieved from /home/airflow/.local/lib/python3.7/site-packages/airflow/example_dags/tutorial_dag.py
[2023-09-01T10:31:00.908+0000] {logging_mixin.py:120} INFO - [2023-09-01T10:31:00.908+0000] {dag.py:2585} INFO - Sync 1 DAGs
[2023-09-01T10:31:01.108+0000] {logging_mixin.py:120} INFO - [2023-09-01T10:31:01.107+0000] {dag.py:3340} INFO - Setting next_dagrun for tutorial_dag to None, run_after=None
[2023-09-01T10:31:01.262+0000] {processor.py:176} INFO - Processing /home/airflow/.local/lib/python3.7/site-packages/airflow/example_dags/tutorial_dag.py took 0.785 seconds
[2023-09-01T10:33:02.897+0000] {processor.py:154} INFO - Started process (PID=229) to work on /home/airflow/.local/lib/python3.7/site-packages/airflow/example_dags/tutorial_dag.py
[2023-09-01T10:33:02.901+0000] {processor.py:756} INFO - Processing file /home/airflow/.local/lib/python3.7/site-packages/airflow/example_dags/tutorial_dag.py for tasks to queue
[2023-09-01T10:33:02.907+0000] {logging_mixin.py:120} INFO - [2023-09-01T10:33:02.906+0000] {dagbag.py:537} INFO - Filling up the DagBag from /home/airflow/.local/lib/python3.7/site-packages/airflow/example_dags/tutorial_dag.py
[2023-09-01T10:33:02.949+0000] {processor.py:766} INFO - DAG(s) dict_keys(['tutorial_dag']) retrieved from /home/airflow/.local/lib/python3.7/site-packages/airflow/example_dags/tutorial_dag.py
[2023-09-01T10:33:03.129+0000] {logging_mixin.py:120} INFO - [2023-09-01T10:33:03.129+0000] {dag.py:2585} INFO - Sync 1 DAGs
[2023-09-01T10:33:03.249+0000] {logging_mixin.py:120} INFO - [2023-09-01T10:33:03.249+0000] {dag.py:3340} INFO - Setting next_dagrun for tutorial_dag to None, run_after=None
[2023-09-01T10:33:03.337+0000] {processor.py:176} INFO - Processing /home/airflow/.local/lib/python3.7/site-packages/airflow/example_dags/tutorial_dag.py took 0.454 seconds
[2023-09-01T10:33:33.761+0000] {processor.py:154} INFO - Started process (PID=283) to work on /home/airflow/.local/lib/python3.7/site-packages/airflow/example_dags/tutorial_dag.py
[2023-09-01T10:33:33.771+0000] {processor.py:756} INFO - Processing file /home/airflow/.local/lib/python3.7/site-packages/airflow/example_dags/tutorial_dag.py for tasks to queue
[2023-09-01T10:33:33.783+0000] {logging_mixin.py:120} INFO - [2023-09-01T10:33:33.782+0000] {dagbag.py:537} INFO - Filling up the DagBag from /home/airflow/.local/lib/python3.7/site-packages/airflow/example_dags/tutorial_dag.py
[2023-09-01T10:33:34.244+0000] {processor.py:766} INFO - DAG(s) dict_keys(['tutorial_dag']) retrieved from /home/airflow/.local/lib/python3.7/site-packages/airflow/example_dags/tutorial_dag.py
[2023-09-01T10:33:34.579+0000] {logging_mixin.py:120} INFO - [2023-09-01T10:33:34.579+0000] {dag.py:2585} INFO - Sync 1 DAGs
[2023-09-01T10:33:34.733+0000] {logging_mixin.py:120} INFO - [2023-09-01T10:33:34.732+0000] {dag.py:3340} INFO - Setting next_dagrun for tutorial_dag to None, run_after=None
[2023-09-01T10:33:34.864+0000] {processor.py:176} INFO - Processing /home/airflow/.local/lib/python3.7/site-packages/airflow/example_dags/tutorial_dag.py took 1.114 seconds
[2023-09-01T10:34:16.151+0000] {processor.py:154} INFO - Started process (PID=346) to work on /home/airflow/.local/lib/python3.7/site-packages/airflow/example_dags/tutorial_dag.py
[2023-09-01T10:34:16.175+0000] {processor.py:756} INFO - Processing file /home/airflow/.local/lib/python3.7/site-packages/airflow/example_dags/tutorial_dag.py for tasks to queue
[2023-09-01T10:34:16.186+0000] {logging_mixin.py:120} INFO - [2023-09-01T10:34:16.183+0000] {dagbag.py:537} INFO - Filling up the DagBag from /home/airflow/.local/lib/python3.7/site-packages/airflow/example_dags/tutorial_dag.py
[2023-09-01T10:34:16.259+0000] {processor.py:766} INFO - DAG(s) dict_keys(['tutorial_dag']) retrieved from /home/airflow/.local/lib/python3.7/site-packages/airflow/example_dags/tutorial_dag.py
[2023-09-01T10:34:16.395+0000] {logging_mixin.py:120} INFO - [2023-09-01T10:34:16.395+0000] {dag.py:2585} INFO - Sync 1 DAGs
[2023-09-01T10:34:16.462+0000] {logging_mixin.py:120} INFO - [2023-09-01T10:34:16.461+0000] {dag.py:3340} INFO - Setting next_dagrun for tutorial_dag to None, run_after=None
[2023-09-01T10:34:16.531+0000] {processor.py:176} INFO - Processing /home/airflow/.local/lib/python3.7/site-packages/airflow/example_dags/tutorial_dag.py took 0.403 seconds
[2023-09-01T10:34:46.988+0000] {processor.py:154} INFO - Started process (PID=399) to work on /home/airflow/.local/lib/python3.7/site-packages/airflow/example_dags/tutorial_dag.py
[2023-09-01T10:34:46.994+0000] {processor.py:756} INFO - Processing file /home/airflow/.local/lib/python3.7/site-packages/airflow/example_dags/tutorial_dag.py for tasks to queue
[2023-09-01T10:34:47.001+0000] {logging_mixin.py:120} INFO - [2023-09-01T10:34:47.001+0000] {dagbag.py:537} INFO - Filling up the DagBag from /home/airflow/.local/lib/python3.7/site-packages/airflow/example_dags/tutorial_dag.py
[2023-09-01T10:34:47.044+0000] {processor.py:766} INFO - DAG(s) dict_keys(['tutorial_dag']) retrieved from /home/airflow/.local/lib/python3.7/site-packages/airflow/example_dags/tutorial_dag.py
[2023-09-01T10:34:47.134+0000] {logging_mixin.py:120} INFO - [2023-09-01T10:34:47.133+0000] {dag.py:2585} INFO - Sync 1 DAGs
[2023-09-01T10:34:47.179+0000] {logging_mixin.py:120} INFO - [2023-09-01T10:34:47.179+0000] {dag.py:3340} INFO - Setting next_dagrun for tutorial_dag to None, run_after=None
[2023-09-01T10:34:47.205+0000] {processor.py:176} INFO - Processing /home/airflow/.local/lib/python3.7/site-packages/airflow/example_dags/tutorial_dag.py took 0.225 seconds
[2023-09-01T10:35:17.275+0000] {processor.py:154} INFO - Started process (PID=452) to work on /home/airflow/.local/lib/python3.7/site-packages/airflow/example_dags/tutorial_dag.py
[2023-09-01T10:35:17.277+0000] {processor.py:756} INFO - Processing file /home/airflow/.local/lib/python3.7/site-packages/airflow/example_dags/tutorial_dag.py for tasks to queue
[2023-09-01T10:35:17.280+0000] {logging_mixin.py:120} INFO - [2023-09-01T10:35:17.279+0000] {dagbag.py:537} INFO - Filling up the DagBag from /home/airflow/.local/lib/python3.7/site-packages/airflow/example_dags/tutorial_dag.py
[2023-09-01T10:35:17.306+0000] {processor.py:766} INFO - DAG(s) dict_keys(['tutorial_dag']) retrieved from /home/airflow/.local/lib/python3.7/site-packages/airflow/example_dags/tutorial_dag.py
[2023-09-01T10:35:17.375+0000] {logging_mixin.py:120} INFO - [2023-09-01T10:35:17.375+0000] {dag.py:2585} INFO - Sync 1 DAGs
[2023-09-01T10:35:17.419+0000] {logging_mixin.py:120} INFO - [2023-09-01T10:35:17.419+0000] {dag.py:3340} INFO - Setting next_dagrun for tutorial_dag to None, run_after=None
[2023-09-01T10:35:17.453+0000] {processor.py:176} INFO - Processing /home/airflow/.local/lib/python3.7/site-packages/airflow/example_dags/tutorial_dag.py took 0.186 seconds
[2023-09-01T10:35:50.980+0000] {processor.py:154} INFO - Started process (PID=516) to work on /home/airflow/.local/lib/python3.7/site-packages/airflow/example_dags/tutorial_dag.py
[2023-09-01T10:35:51.018+0000] {processor.py:756} INFO - Processing file /home/airflow/.local/lib/python3.7/site-packages/airflow/example_dags/tutorial_dag.py for tasks to queue
[2023-09-01T10:35:51.101+0000] {logging_mixin.py:120} INFO - [2023-09-01T10:35:51.100+0000] {dagbag.py:537} INFO - Filling up the DagBag from /home/airflow/.local/lib/python3.7/site-packages/airflow/example_dags/tutorial_dag.py
[2023-09-01T10:35:51.209+0000] {processor.py:766} INFO - DAG(s) dict_keys(['tutorial_dag']) retrieved from /home/airflow/.local/lib/python3.7/site-packages/airflow/example_dags/tutorial_dag.py
[2023-09-01T10:35:51.530+0000] {logging_mixin.py:120} INFO - [2023-09-01T10:35:51.529+0000] {dag.py:2585} INFO - Sync 1 DAGs
[2023-09-01T10:35:51.739+0000] {logging_mixin.py:120} INFO - [2023-09-01T10:35:51.739+0000] {dag.py:3340} INFO - Setting next_dagrun for tutorial_dag to None, run_after=None
[2023-09-01T10:35:51.869+0000] {processor.py:176} INFO - Processing /home/airflow/.local/lib/python3.7/site-packages/airflow/example_dags/tutorial_dag.py took 0.914 seconds
[2023-09-01T10:36:23.204+0000] {processor.py:154} INFO - Started process (PID=571) to work on /home/airflow/.local/lib/python3.7/site-packages/airflow/example_dags/tutorial_dag.py
[2023-09-01T10:36:23.215+0000] {processor.py:756} INFO - Processing file /home/airflow/.local/lib/python3.7/site-packages/airflow/example_dags/tutorial_dag.py for tasks to queue
[2023-09-01T10:36:23.219+0000] {logging_mixin.py:120} INFO - [2023-09-01T10:36:23.218+0000] {dagbag.py:537} INFO - Filling up the DagBag from /home/airflow/.local/lib/python3.7/site-packages/airflow/example_dags/tutorial_dag.py
[2023-09-01T10:36:23.273+0000] {processor.py:766} INFO - DAG(s) dict_keys(['tutorial_dag']) retrieved from /home/airflow/.local/lib/python3.7/site-packages/airflow/example_dags/tutorial_dag.py
[2023-09-01T10:36:23.360+0000] {logging_mixin.py:120} INFO - [2023-09-01T10:36:23.359+0000] {dag.py:2585} INFO - Sync 1 DAGs
[2023-09-01T10:36:23.524+0000] {logging_mixin.py:120} INFO - [2023-09-01T10:36:23.522+0000] {dag.py:3340} INFO - Setting next_dagrun for tutorial_dag to None, run_after=None
[2023-09-01T10:36:23.695+0000] {processor.py:176} INFO - Processing /home/airflow/.local/lib/python3.7/site-packages/airflow/example_dags/tutorial_dag.py took 0.498 seconds
[2023-09-01T10:36:53.912+0000] {processor.py:154} INFO - Started process (PID=626) to work on /home/airflow/.local/lib/python3.7/site-packages/airflow/example_dags/tutorial_dag.py
[2023-09-01T10:36:53.921+0000] {processor.py:756} INFO - Processing file /home/airflow/.local/lib/python3.7/site-packages/airflow/example_dags/tutorial_dag.py for tasks to queue
[2023-09-01T10:36:53.927+0000] {logging_mixin.py:120} INFO - [2023-09-01T10:36:53.926+0000] {dagbag.py:537} INFO - Filling up the DagBag from /home/airflow/.local/lib/python3.7/site-packages/airflow/example_dags/tutorial_dag.py
[2023-09-01T10:36:53.991+0000] {processor.py:766} INFO - DAG(s) dict_keys(['tutorial_dag']) retrieved from /home/airflow/.local/lib/python3.7/site-packages/airflow/example_dags/tutorial_dag.py
[2023-09-01T10:36:54.118+0000] {logging_mixin.py:120} INFO - [2023-09-01T10:36:54.115+0000] {dag.py:2585} INFO - Sync 1 DAGs
[2023-09-01T10:36:54.249+0000] {logging_mixin.py:120} INFO - [2023-09-01T10:36:54.249+0000] {dag.py:3340} INFO - Setting next_dagrun for tutorial_dag to None, run_after=None
[2023-09-01T10:36:54.340+0000] {processor.py:176} INFO - Processing /home/airflow/.local/lib/python3.7/site-packages/airflow/example_dags/tutorial_dag.py took 0.443 seconds
[2023-09-01T10:37:25.621+0000] {processor.py:154} INFO - Started process (PID=681) to work on /home/airflow/.local/lib/python3.7/site-packages/airflow/example_dags/tutorial_dag.py
[2023-09-01T10:37:25.627+0000] {processor.py:756} INFO - Processing file /home/airflow/.local/lib/python3.7/site-packages/airflow/example_dags/tutorial_dag.py for tasks to queue
[2023-09-01T10:37:25.629+0000] {logging_mixin.py:120} INFO - [2023-09-01T10:37:25.629+0000] {dagbag.py:537} INFO - Filling up the DagBag from /home/airflow/.local/lib/python3.7/site-packages/airflow/example_dags/tutorial_dag.py
[2023-09-01T10:37:25.700+0000] {processor.py:766} INFO - DAG(s) dict_keys(['tutorial_dag']) retrieved from /home/airflow/.local/lib/python3.7/site-packages/airflow/example_dags/tutorial_dag.py
[2023-09-01T10:37:25.838+0000] {logging_mixin.py:120} INFO - [2023-09-01T10:37:25.838+0000] {dag.py:2585} INFO - Sync 1 DAGs
[2023-09-01T10:37:25.976+0000] {logging_mixin.py:120} INFO - [2023-09-01T10:37:25.976+0000] {dag.py:3340} INFO - Setting next_dagrun for tutorial_dag to None, run_after=None
[2023-09-01T10:37:26.192+0000] {processor.py:176} INFO - Processing /home/airflow/.local/lib/python3.7/site-packages/airflow/example_dags/tutorial_dag.py took 0.585 seconds
[2023-09-01T10:37:59.269+0000] {processor.py:154} INFO - Started process (PID=735) to work on /home/airflow/.local/lib/python3.7/site-packages/airflow/example_dags/tutorial_dag.py
[2023-09-01T10:37:59.285+0000] {processor.py:756} INFO - Processing file /home/airflow/.local/lib/python3.7/site-packages/airflow/example_dags/tutorial_dag.py for tasks to queue
[2023-09-01T10:37:59.289+0000] {logging_mixin.py:120} INFO - [2023-09-01T10:37:59.289+0000] {dagbag.py:537} INFO - Filling up the DagBag from /home/airflow/.local/lib/python3.7/site-packages/airflow/example_dags/tutorial_dag.py
[2023-09-01T10:37:59.454+0000] {processor.py:766} INFO - DAG(s) dict_keys(['tutorial_dag']) retrieved from /home/airflow/.local/lib/python3.7/site-packages/airflow/example_dags/tutorial_dag.py
[2023-09-01T10:37:59.718+0000] {logging_mixin.py:120} INFO - [2023-09-01T10:37:59.717+0000] {dag.py:2585} INFO - Sync 1 DAGs
[2023-09-01T10:37:59.949+0000] {logging_mixin.py:120} INFO - [2023-09-01T10:37:59.949+0000] {dag.py:3340} INFO - Setting next_dagrun for tutorial_dag to None, run_after=None
[2023-09-01T10:38:00.122+0000] {processor.py:176} INFO - Processing /home/airflow/.local/lib/python3.7/site-packages/airflow/example_dags/tutorial_dag.py took 0.911 seconds
